OpenROAD f9c91ab39bdd6c7c9d36e563fd398e544eaf48d7 
Features included (+) or not (-): +GPU +GUI +Python
This program is licensed under the BSD-3 license. See the LICENSE file for details.
Components of this program may be licensed under more restrictive licenses which must be honored.
[INFO ORD-0030] Using 28 thread(s).
read_liberty /home/nanocoh/dev/ORFS-K/OpenROAD-flow-scripts-KF/flow/platforms/nangate45/lib/NangateOpenCellLibrary_typical.lib
read_liberty /home/nanocoh/dev/ORFS-K/OpenROAD-flow-scripts-KF/flow/platforms/nangate45/lib/fakeram45_256x32.lib
read_liberty /home/nanocoh/dev/ORFS-K/OpenROAD-flow-scripts-KF/flow/platforms/nangate45/lib/fakeram45_64x64.lib
read_db ./results/nangate45/mempool_group/base/2_floorplan.odb
source /home/nanocoh/dev/ORFS-K/OpenROAD-flow-scripts-KF/flow/platforms/nangate45/setRC.tcl
global_placement -skip_io -density 0.3 -pad_left 0 -pad_right 0
[INFO GPL-0001] ---- Initialize GPL Main Data Structures
[INFO GPL-0002] DBU: 2000
[INFO GPL-0003] SiteSize: (  0.190  1.400 ) um
[INFO GPL-0004] CoreBBox: ( 10.070 12.600 ) ( 1089.840 1089.200 ) um
[INFO GPL-0036] Movable instances area:     242862.256 um^2
[INFO GPL-0037] Total instances area:       244092.240 um^2
[INFO GPL-0035] Pin density area adjust:     17333.935 um^2
[INFO GPL-0032] ---- Initialize Region: Top-level
[INFO GPL-0006] Number of instances:            138613
[INFO GPL-0007] Movable instances:              133989
[INFO GPL-0008] Fixed instances:                  4624
[INFO GPL-0009] Dummy instances:                     0
[INFO GPL-0010] Number of nets:                 152560
[INFO GPL-0011] Number of pins:                 491033
[INFO GPL-0012] Die BBox:  (  0.000  0.000 ) ( 1100.000 1100.000 ) um
[INFO GPL-0013] Core BBox: ( 10.070 12.600 ) ( 1089.840 1089.200 ) um
[INFO GPL-0016] Core area:                  1162480.382 um^2
[INFO GPL-0014] Region name: top-level.
[INFO GPL-0015] Region area:                1162480.382 um^2
[INFO GPL-0017] Fixed instances area:         1229.984 um^2
[INFO GPL-0018] Movable instances area:     260196.191 um^2
[INFO GPL-0019] Utilization:                    22.407 %
[INFO GPL-0020] Standard cells area:        260196.191 um^2
[INFO GPL-0021] Large instances area:            0.000 um^2
[INFO GPL-0005] ---- Execute Conjugate Gradient Initial Placement.
[INFO GPL-0051] Source of initial instance position counters:
	Odb location = 1246	Core center = 132743	Region center = 0
[INFO GPL-0033] ---- Initialize Nesterov Region: Top-level
[INFO GPL-0023] Placement target density:       0.3000
[INFO GPL-0024] Movable insts average area:      1.942 um^2
[INFO GPL-0025] Ideal bin area:                  6.473 um^2
[INFO GPL-0026] Ideal bin count:                179587
[INFO GPL-0027] Total bin area:             1162480.382 um^2
[INFO GPL-0028] Bin count (X, Y):         256 ,    256
[INFO GPL-0029] Bin size (W * H):       4.218 *  4.205 um
[INFO GPL-0030] Number of bins:                  65536
[INFO GPL-0007] ---- Execute Nesterov Global Placement.
[INFO GPL-0031] HPWL: Half-Perimeter Wirelength
Iteration | Overflow |     HPWL (um) |  HPWL(%) |   Penalty | Group
---------------------------------------------------------------
        0 |   0.9990 |  7.120053e+05 |   +0.00% |  4.60e-16 |      
       10 |   0.9986 |  1.740184e+05 |  -75.56% |  7.49e-16 |      
       20 |   0.9991 |  1.188259e+05 |  -31.72% |  1.22e-15 |      
       30 |   0.9992 |  1.032082e+05 |  -13.14% |  1.99e-15 |      
       40 |   0.9992 |  9.793720e+04 |   -5.11% |  3.24e-15 |      
       50 |   0.9992 |  9.548718e+04 |   -2.50% |  5.27e-15 |      
       60 |   0.9992 |  9.518645e+04 |   -0.31% |  8.59e-15 |      
       70 |   0.9992 |  9.570836e+04 |   +0.55% |  1.40e-14 |      
       80 |   0.9990 |  9.867815e+04 |   +3.10% |  2.28e-14 |      
       90 |   0.9990 |  1.066611e+05 |   +8.09% |  3.70e-14 |      
      100 |   0.9986 |  1.220883e+05 |  +14.46% |  6.02e-14 |      
      110 |   0.9981 |  1.482063e+05 |  +21.39% |  9.75e-14 |      
      120 |   0.9970 |  1.887525e+05 |  +27.36% |  1.57e-13 |      
      130 |   0.9955 |  2.418469e+05 |  +28.13% |  2.53e-13 |      
      140 |   0.9935 |  3.039983e+05 |  +25.70% |  4.07e-13 |      
      150 |   0.9902 |  3.763196e+05 |  +23.79% |  6.53e-13 |      
      160 |   0.9854 |  4.595082e+05 |  +22.11% |  1.05e-12 |      
      170 |   0.9781 |  5.613005e+05 |  +22.15% |  1.67e-12 |      
      180 |   0.9686 |  6.874610e+05 |  +22.48% |  2.64e-12 |      
      190 |   0.9561 |  8.407035e+05 |  +22.29% |  4.16e-12 |      
      200 |   0.9399 |  1.017894e+06 |  +21.08% |  6.53e-12 |      
      210 |   0.9208 |  1.216792e+06 |  +19.54% |  1.02e-11 |      
      220 |   0.8982 |  1.429190e+06 |  +17.46% |  1.58e-11 |      
      230 |   0.8755 |  1.637391e+06 |  +14.57% |  2.47e-11 |      
      240 |   0.8509 |  1.843592e+06 |  +12.59% |  3.84e-11 |      
      250 |   0.8245 |  2.040116e+06 |  +10.66% |  5.99e-11 |      
      260 |   0.7960 |  2.228986e+06 |   +9.26% |  9.36e-11 |      
      270 |   0.7689 |  2.393988e+06 |   +7.40% |  1.47e-10 |      
      280 |   0.7410 |  2.520942e+06 |   +5.30% |  2.32e-10 |      
      290 |   0.7117 |  2.616048e+06 |   +3.77% |  3.70e-10 |      
      300 |   0.6761 |  2.679865e+06 |   +2.44% |  5.95e-10 |      
      310 |   0.6383 |  2.770226e+06 |   +3.37% |  9.51e-10 |      
      320 |   0.5997 |  2.824771e+06 |   +1.97% |  1.53e-09 |      
      330 |   0.5537 |  2.900111e+06 |   +2.67% |  2.45e-09 |      
      340 |   0.5062 |  2.956624e+06 |   +1.95% |  3.94e-09 |      
      350 |   0.4584 |  3.003834e+06 |   +1.60% |  6.35e-09 |      
      360 |   0.4108 |  3.053850e+06 |   +1.67% |  1.02e-08 |      
      370 |   0.3634 |  3.083748e+06 |   +0.98% |  1.66e-08 |      
      380 |   0.3237 |  3.101952e+06 |   +0.59% |  2.56e-08 |      
      390 |   0.2911 |  3.112731e+06 |   +0.35% |  3.76e-08 |      
      400 |   0.2581 |  3.119567e+06 |   +0.22% |  5.53e-08 |      
      410 |   0.2282 |  3.123612e+06 |   +0.13% |  8.14e-08 |      
      420 |   0.2002 |  3.126592e+06 |   +0.10% |  1.20e-07 |      
      430 |   0.1744 |  3.129188e+06 |   +0.08% |  1.76e-07 |      
      440 |   0.1506 |  3.132367e+06 |   +0.10% |  2.60e-07 |      
      450 |   0.1291 |  3.135106e+06 |   +0.09% |  3.82e-07 |      
      460 |   0.1098 |  3.137707e+06 |   +0.08% |  5.63e-07 |      
      467 |   0.0992 |  3.140289e+06 |          |  7.67e-07 |      
---------------------------------------------------------------
[INFO GPL-1001] Global placement finished at iteration 467
[INFO GPL-1002] Placed Cell Area            260196.1909
[INFO GPL-1003] Available Free Area         1161250.3980
[INFO GPL-1004] Minimum Feasible Density        0.2300 (cell_area / free_area)
[INFO GPL-1006]   Suggested Target Densities:
[INFO GPL-1007]     - For 90% usage of free space: 0.2490
[INFO GPL-1008]     - For 80% usage of free space: 0.2801
[INFO GPL-1009]     - For 50% usage of free space: 0.4481
[INFO GPL-1014] Final placement area: 260196.19 (+0.00%)
Took 21 seconds: global_placement -skip_io -density 0.3 -pad_left 0 -pad_right 0
write_db ./results/nangate45/mempool_group/base/3_1_place_gp_skip_io.odb
Elapsed time: 0:21.54[h:]min:sec. CPU time: user 291.20 sys 0.53 (1354%). Peak memory: 554312KB.
Log                        Elapsed/s Peak Memory/MB  sha1sum .odb [0:20)
3_1_place_gp_skip_io              21            541 077b08c2fa61c007f465
