OpenROAD f9c91ab39bdd6c7c9d36e563fd398e544eaf48d7 
Features included (+) or not (-): +GPU +GUI +Python
This program is licensed under the BSD-3 license. See the LICENSE file for details.
Components of this program may be licensed under more restrictive licenses which must be honored.
[INFO ORD-0030] Using 28 thread(s).
read_liberty /home/nanocoh/dev/ORFS-K/OpenROAD-flow-scripts-KF/flow/platforms/nangate45/lib/NangateOpenCellLibrary_typical.lib
read_liberty /home/nanocoh/dev/ORFS-K/OpenROAD-flow-scripts-KF/flow/platforms/nangate45/lib/fakeram45_256x32.lib
read_liberty /home/nanocoh/dev/ORFS-K/OpenROAD-flow-scripts-KF/flow/platforms/nangate45/lib/fakeram45_64x64.lib
read_db ./results/nangate45/mempool_group/base/3_3_place_gp.odb
source /home/nanocoh/dev/ORFS-K/OpenROAD-flow-scripts-KF/flow/platforms/nangate45/setRC.tcl
estimate_parasitics -placement
Perform buffer insertion and gate resizing...
repair_design -verbose
Iteration |   Area    | Resized | Buffers | Nets repaired | Remaining
---------------------------------------------------------------------
        0 |     +0.0% |       0 |       0 |             0 |    165745
     1000 |     +0.0% |       0 |       0 |             0 |    164745
     2000 |     +0.0% |       0 |       0 |             0 |    163745
     3000 |     +0.0% |       0 |       0 |             0 |    162745
     4000 |     +0.0% |       0 |       0 |             0 |    161745
     5000 |     +0.0% |       0 |       0 |             0 |    160745
     6000 |     +0.0% |       0 |       0 |             0 |    159745
     7000 |     +0.0% |       0 |       0 |             0 |    158745
     8000 |     +0.0% |       0 |       0 |             0 |    157745
     9000 |     +0.0% |       0 |       0 |             0 |    156745
    10000 |     +0.0% |       0 |       0 |             0 |    155745
    11000 |     +0.0% |       0 |       0 |             0 |    154745
    12000 |     +0.0% |       0 |       1 |             1 |    153745
    13000 |     +0.0% |       0 |       2 |             2 |    152745
    14000 |     +0.0% |       0 |       2 |             2 |    151745
    15000 |     +0.0% |       0 |       2 |             2 |    150745
    16000 |     +0.0% |       0 |       2 |             2 |    149745
    17000 |     +0.0% |       0 |       2 |             2 |    148745
    18000 |     +0.0% |       0 |       3 |             3 |    147745
    19000 |     +0.0% |       0 |       3 |             3 |    146745
    20000 |     +0.0% |       0 |       3 |             3 |    145745
    21000 |     +0.0% |       0 |       3 |             3 |    144745
    22000 |     +0.0% |       0 |       3 |             3 |    143745
    23000 |     +0.0% |       0 |       3 |             3 |    142745
    24000 |     +0.0% |       0 |       3 |             3 |    141745
    25000 |     +0.0% |       0 |       3 |             3 |    140745
    26000 |     +0.0% |       0 |       3 |             3 |    139745
    27000 |     +0.0% |       0 |       6 |             6 |    138745
    28000 |     +0.0% |       0 |       8 |             8 |    137745
    29000 |     +0.0% |       0 |       8 |             8 |    136745
    30000 |     +0.0% |       0 |       8 |             8 |    135745
    31000 |     +0.0% |       0 |       8 |             8 |    134745
    32000 |     +0.0% |       0 |       9 |             9 |    133745
    33000 |     +0.0% |       0 |       9 |             9 |    132745
    34000 |     +0.0% |       0 |      10 |            10 |    131745
    35000 |     +0.0% |       0 |      10 |            10 |    130745
    36000 |     +0.0% |       0 |      10 |            10 |    129745
    37000 |     +0.0% |       0 |      10 |            10 |    128745
    38000 |     +0.0% |       0 |      11 |            11 |    127745
    39000 |     +0.0% |       0 |      11 |            11 |    126745
    40000 |     +0.0% |       0 |      11 |            11 |    125745
    41000 |     +0.0% |       0 |      11 |            11 |    124745
    42000 |     +0.0% |       0 |      11 |            11 |    123745
    43000 |     +0.0% |       0 |      11 |            11 |    122745
    44000 |     +0.0% |       0 |      11 |            11 |    121745
    45000 |     +0.0% |       0 |      11 |            11 |    120745
    46000 |     +0.0% |       0 |      11 |            11 |    119745
    47000 |     +0.0% |       0 |      11 |            11 |    118745
    48000 |     +0.0% |       0 |      11 |            11 |    117745
    49000 |     +0.0% |       0 |      11 |            11 |    116745
    50000 |     +0.0% |       0 |      11 |            11 |    115745
    51000 |     +0.0% |       0 |      11 |            11 |    114745
    52000 |     +0.0% |       0 |      11 |            11 |    113745
    53000 |     +0.0% |       0 |      11 |            11 |    112745
    54000 |     +0.0% |       0 |      11 |            11 |    111745
    55000 |     +0.0% |       0 |      11 |            11 |    110745
    56000 |     +0.0% |       0 |      11 |            11 |    109745
    57000 |     +0.0% |       0 |      11 |            11 |    108745
    58000 |     +0.0% |       0 |      11 |            11 |    107745
    59000 |     +0.0% |       0 |      11 |            11 |    106745
    60000 |     +0.0% |       0 |      11 |            11 |    105745
    61000 |     +0.0% |       0 |      11 |            11 |    104745
    62000 |     +0.0% |       0 |      11 |            11 |    103745
    63000 |     +0.0% |       0 |      11 |            11 |    102745
    64000 |     +0.0% |       0 |      11 |            11 |    101745
    65000 |     +0.0% |       0 |      11 |            11 |    100745
    66000 |     +0.0% |       0 |      11 |            11 |     99745
    67000 |     +0.0% |       0 |      11 |            11 |     98745
    68000 |     +0.0% |       0 |      11 |            11 |     97745
    69000 |     +0.0% |       0 |      12 |            12 |     96745
    70000 |     +0.0% |       0 |      12 |            12 |     95745
    71000 |     +0.0% |       0 |      12 |            12 |     94745
    72000 |     +0.0% |       0 |      12 |            12 |     93745
    73000 |     +0.0% |       0 |      12 |            12 |     92745
    74000 |     +0.0% |       0 |      12 |            12 |     91745
    75000 |     +0.0% |       0 |      12 |            12 |     90745
    76000 |     +0.0% |       0 |      12 |            12 |     89745
    77000 |     +0.0% |       0 |      12 |            12 |     88745
    78000 |     +0.0% |       0 |      12 |            12 |     87745
    79000 |     +0.0% |       0 |      12 |            12 |     86745
    80000 |     +0.0% |       0 |      12 |            12 |     85745
    81000 |     +0.0% |       0 |      13 |            13 |     84745
    82000 |     +0.0% |       0 |      13 |            13 |     83745
    83000 |     +0.0% |       0 |      13 |            13 |     82745
    84000 |     +0.0% |       0 |      13 |            13 |     81745
    85000 |     +0.0% |       0 |      13 |            13 |     80745
    86000 |     +0.0% |       0 |      13 |            13 |     79745
    87000 |     +0.0% |       0 |      13 |            13 |     78745
    88000 |     +0.0% |       0 |      13 |            13 |     77745
    89000 |     +0.0% |       0 |      13 |            13 |     76745
    90000 |     +0.0% |       0 |      13 |            13 |     75745
    91000 |     +0.0% |       0 |      13 |            13 |     74745
    92000 |     +0.0% |       0 |      13 |            13 |     73745
    93000 |     +0.0% |       0 |      13 |            13 |     72745
    94000 |     +0.0% |       0 |      13 |            13 |     71745
    95000 |     +0.0% |       0 |      13 |            13 |     70745
    96000 |     +0.0% |       0 |      13 |            13 |     69745
    97000 |     +0.0% |       0 |      13 |            13 |     68745
    98000 |     +0.0% |       0 |      13 |            13 |     67745
    99000 |     +0.0% |       0 |      13 |            13 |     66745
   100000 |     +0.0% |       0 |      13 |            13 |     65745
   101000 |     +0.0% |       0 |      13 |            13 |     64745
   102000 |     +0.0% |       0 |      13 |            13 |     63745
   103000 |     +0.0% |       0 |      13 |            13 |     62745
   104000 |     +0.0% |       0 |      13 |            13 |     61745
   105000 |     +0.0% |       0 |      13 |            13 |     60745
   106000 |     +0.0% |       0 |      13 |            13 |     59745
   107000 |     +0.0% |       0 |      13 |            13 |     58745
   108000 |     +0.0% |       0 |      13 |            13 |     57745
   109000 |     +0.0% |       0 |      13 |            13 |     56745
   110000 |     +0.0% |       0 |      13 |            13 |     55745
   111000 |     +0.0% |       0 |      13 |            13 |     54745
   112000 |     +0.0% |       0 |      13 |            13 |     53745
   113000 |     +0.0% |       0 |      13 |            13 |     52745
   114000 |     +0.0% |       0 |      15 |            15 |     51745
   115000 |     +0.0% |       0 |      15 |            15 |     50745
   116000 |     +0.0% |       0 |      15 |            15 |     49745
   117000 |     +0.0% |       0 |      15 |            15 |     48745
   118000 |     +0.0% |       0 |      15 |            15 |     47745
   119000 |     +0.0% |       0 |      15 |            15 |     46745
   120000 |     +0.0% |       0 |      15 |            15 |     45745
   121000 |     +0.0% |       0 |      15 |            15 |     44745
   122000 |     +0.0% |       0 |      15 |            15 |     43745
   123000 |     +0.0% |       0 |      15 |            15 |     42745
   124000 |     +0.0% |       0 |      15 |            15 |     41745
   125000 |     +0.0% |       0 |      16 |            16 |     40745
   126000 |     +0.0% |       0 |      16 |            16 |     39745
   127000 |     +0.0% |       0 |      16 |            16 |     38745
   128000 |     +0.0% |       0 |      16 |            16 |     37745
   129000 |     +0.0% |       0 |      16 |            16 |     36745
   130000 |     +0.0% |       0 |      16 |            16 |     35745
   131000 |     +0.0% |       0 |      16 |            16 |     34745
   132000 |     +0.0% |       0 |      16 |            16 |     33745
   133000 |     +0.0% |       0 |      17 |            17 |     32745
   134000 |     +0.0% |       0 |      17 |            17 |     31745
   135000 |     +0.0% |       0 |      17 |            17 |     30745
   136000 |     +0.0% |       0 |      17 |            17 |     29745
   137000 |     +0.0% |       0 |      17 |            17 |     28745
   138000 |     +0.0% |       0 |      17 |            17 |     27745
   139000 |     +0.0% |       0 |      17 |            17 |     26745
   140000 |     +0.0% |       0 |      17 |            17 |     25745
   141000 |     +0.0% |       0 |      17 |            17 |     24745
   142000 |     +0.0% |       0 |      17 |            17 |     23745
   143000 |     +0.0% |       0 |      17 |            17 |     22745
   144000 |     +0.0% |       0 |      17 |            17 |     21745
   145000 |     +0.0% |       0 |      17 |            17 |     20745
   146000 |     +0.0% |       0 |      18 |            18 |     19745
   147000 |     +0.0% |       0 |      18 |            18 |     18745
   148000 |     +0.0% |       0 |      18 |            18 |     17745
   149000 |     +0.0% |       0 |      18 |            18 |     16745
   150000 |     +0.0% |       0 |      18 |            18 |     15745
   151000 |     +0.0% |       0 |      18 |            18 |     14745
   152000 |     +0.0% |       0 |      18 |            18 |     13745
   153000 |     +0.0% |       0 |      18 |            18 |     12745
   154000 |     +0.0% |       0 |      18 |            18 |     11745
   155000 |     +0.0% |       0 |      18 |            18 |     10745
   156000 |     +0.0% |       0 |      18 |            18 |      9745
   157000 |     +0.0% |       0 |      18 |            18 |      8745
   158000 |     +0.0% |       0 |      18 |            18 |      7745
   159000 |     +0.0% |       0 |      18 |            18 |      6745
   160000 |     +0.0% |       0 |      18 |            18 |      5745
   161000 |     +0.0% |       0 |      18 |            18 |      4745
   162000 |     +0.0% |       0 |      18 |            18 |      3745
   163000 |     +0.0% |       0 |      18 |            18 |      2745
   164000 |     +0.0% |       0 |      18 |            18 |      1745
   165000 |     +0.0% |       0 |      18 |            18 |       745
    final |     +0.0% |       0 |      18 |            18 |         0
---------------------------------------------------------------------
[INFO RSZ-0035] Found 3 fanout violations.
[INFO RSZ-0036] Found 15 capacitance violations.
[INFO RSZ-0038] Inserted 18 buffers in 18 nets.
Took 9 seconds: repair_design -verbose
Floating nets: 
Report metrics stage 3, resizer...

==========================================================================
resizer report_design_area
--------------------------------------------------------------------------
Design area 258494 um^2 22% utilization.
Instance count before 151798, after 151816
Pin count before 517403, after 517439
write_db ./results/nangate45/mempool_group/base/3_4_place_resized.odb
Elapsed time: 0:38.55[h:]min:sec. CPU time: user 74.12 sys 40.42 (297%). Peak memory: 958668KB.
Log                        Elapsed/s Peak Memory/MB  sha1sum .odb [0:20)
3_4_place_resized                 38            936 ba816f94566bcbdc1ea0
