
==========================================================================
global place report_tns
--------------------------------------------------------------------------
tns max 0.00

==========================================================================
global place report_wns
--------------------------------------------------------------------------
wns max 0.00

==========================================================================
global place report_worst_slack
--------------------------------------------------------------------------
worst slack max 7.93

==========================================================================
global place report_clock_min_period
--------------------------------------------------------------------------
clk_core period_min = 12.07 fmax = 82.86

==========================================================================
global place report_checks -path_delay min
--------------------------------------------------------------------------
Startpoint: system_expander.gpioCtrl_1.io_gpio_pins_read_buffercc/buffers_0[0]$_DFF_P_
            (rising edge-triggered flip-flop clocked by clk_core)
Endpoint: system_expander.gpioCtrl_1.last[0]$_DFF_P_
          (rising edge-triggered flip-flop clocked by clk_core)
Path Group: clk_core
Path Type: min
Corner: fast

Fanout     Cap    Slew   Delay    Time   Description
-----------------------------------------------------------------------------
                  0.25    0.00    0.00   clock clk_core (rise edge)
                          0.00    0.00   clock network delay (ideal)
                  0.25    0.00    0.00 ^ system_expander.gpioCtrl_1.io_gpio_pins_read_buffercc/buffers_0[0]$_DFF_P_/CLK (sg13g2_dfrbpq_1)
     6    0.03    0.06    0.21    0.21 v system_expander.gpioCtrl_1.io_gpio_pins_read_buffercc/buffers_0[0]$_DFF_P_/Q (sg13g2_dfrbpq_1)
                                         system_expander.gpioCtrl_1.io_gpio_pins_read_buffercc_io_dataOut[0] (net)
                  0.06    0.00    0.21 v system_expander.gpioCtrl_1.last[0]$_DFF_P_/D (sg13g2_dfrbpq_1)
                                  0.21   data arrival time

                  0.25    0.00    0.00   clock clk_core (rise edge)
                          0.00    0.00   clock network delay (ideal)
                          0.15    0.15   clock uncertainty
                          0.00    0.15   clock reconvergence pessimism
                                  0.15 ^ system_expander.gpioCtrl_1.last[0]$_DFF_P_/CLK (sg13g2_dfrbpq_1)
                          0.00    0.15   library hold time
                                  0.15   data required time
-----------------------------------------------------------------------------
                                  0.15   data required time
                                 -0.21   data arrival time
-----------------------------------------------------------------------------
                                  0.06   slack (MET)



==========================================================================
global place report_checks -path_delay max
--------------------------------------------------------------------------
Startpoint: io_i2c_sda_PAD (input port clocked by clk_core)
Endpoint: system_expander.i2cCtrl
          (rising edge-triggered flip-flop clocked by clk_core)
Path Group: clk_core
Path Type: max
Corner: slow

Fanout     Cap    Slew   Delay    Time   Description
-----------------------------------------------------------------------------
                  0.25    0.00    0.00   clock clk_core (rise edge)
                          0.00    0.00   clock network delay (ideal)
                          4.00    4.00 v input external delay
     2    5.20    7.13    3.45    7.45 v io_i2c_sda_PAD (inout)
                                         io_i2c_sda_PAD (net)
                  7.13    0.00    7.45 v sg13g2_IOPad_io_i2c_sda/pad (sg13g2_IOPadInOut4mA)
     1    0.08    0.30    4.38   11.83 v sg13g2_IOPad_io_i2c_sda/p2c (sg13g2_IOPadInOut4mA)
                                         sg13g2_IOPad_io_i2c_sda_p2c (net)
                  0.24    0.03   11.86 v system_expander.i2cCtrl/io_i2c_sda_read (I2cDeviceCtrl)
                                 11.86   data arrival time

                  0.25   20.00   20.00   clock clk_core (rise edge)
                          0.00   20.00   clock network delay (ideal)
                         -0.15   19.85   clock uncertainty
                          0.00   19.85   clock reconvergence pessimism
                                 19.85 ^ system_expander.i2cCtrl/clock (I2cDeviceCtrl)
                         -0.22   19.63   macro clock tree delay
                          0.16   19.79   library setup time
                                 19.79   data required time
-----------------------------------------------------------------------------
                                 19.79   data required time
                                -11.86   data arrival time
-----------------------------------------------------------------------------
                                  7.93   slack (MET)



==========================================================================
global place report_checks -unconstrained
--------------------------------------------------------------------------
Startpoint: io_i2c_sda_PAD (input port clocked by clk_core)
Endpoint: system_expander.i2cCtrl
          (rising edge-triggered flip-flop clocked by clk_core)
Path Group: clk_core
Path Type: max
Corner: slow

Fanout     Cap    Slew   Delay    Time   Description
-----------------------------------------------------------------------------
                  0.25    0.00    0.00   clock clk_core (rise edge)
                          0.00    0.00   clock network delay (ideal)
                          4.00    4.00 v input external delay
     2    5.20    7.13    3.45    7.45 v io_i2c_sda_PAD (inout)
                                         io_i2c_sda_PAD (net)
                  7.13    0.00    7.45 v sg13g2_IOPad_io_i2c_sda/pad (sg13g2_IOPadInOut4mA)
     1    0.08    0.30    4.38   11.83 v sg13g2_IOPad_io_i2c_sda/p2c (sg13g2_IOPadInOut4mA)
                                         sg13g2_IOPad_io_i2c_sda_p2c (net)
                  0.24    0.03   11.86 v system_expander.i2cCtrl/io_i2c_sda_read (I2cDeviceCtrl)
                                 11.86   data arrival time

                  0.25   20.00   20.00   clock clk_core (rise edge)
                          0.00   20.00   clock network delay (ideal)
                         -0.15   19.85   clock uncertainty
                          0.00   19.85   clock reconvergence pessimism
                                 19.85 ^ system_expander.i2cCtrl/clock (I2cDeviceCtrl)
                         -0.22   19.63   macro clock tree delay
                          0.16   19.79   library setup time
                                 19.79   data required time
-----------------------------------------------------------------------------
                                 19.79   data required time
                                -11.86   data arrival time
-----------------------------------------------------------------------------
                                  7.93   slack (MET)



==========================================================================
global place report_power
--------------------------------------------------------------------------
Corner: slow
Group                  Internal  Switching    Leakage      Total
                          Power      Power      Power      Power (Watts)
----------------------------------------------------------------
Sequential             1.33e-05   2.83e-07   2.58e-07   1.38e-05  63.6%
Combinational          6.51e-07   1.64e-06   2.34e-07   2.52e-06  11.6%
Clock                  0.00e+00   0.00e+00   0.00e+00   0.00e+00   0.0%
Macro                  0.00e+00   0.00e+00   0.00e+00   0.00e+00   0.0%
Pad                    3.48e-06   1.76e-06   1.59e-07   5.39e-06  24.8%
----------------------------------------------------------------
Total                  1.74e-05   3.68e-06   6.52e-07   2.17e-05 100.0%
                          80.1%      16.9%       3.0%
Corner: fast
Group                  Internal  Switching    Leakage      Total
                          Power      Power      Power      Power (Watts)
----------------------------------------------------------------
Sequential             2.22e-05   4.49e-07   1.26e-07   2.28e-05  66.3%
Combinational          1.05e-06   2.63e-06   1.55e-07   3.84e-06  11.2%
Clock                  0.00e+00   0.00e+00   0.00e+00   0.00e+00   0.0%
Macro                  0.00e+00   0.00e+00   0.00e+00   0.00e+00   0.0%
Pad                    4.81e-06   2.85e-06   5.93e-08   7.72e-06  22.5%
----------------------------------------------------------------
Total                  2.81e-05   5.94e-06   3.40e-07   3.43e-05 100.0%
                          81.7%      17.3%       1.0%
