OpenROAD 701085d1e57df45a6aee387c04309628e0233ba8 
Features included (+) or not (-): +GPU +GUI +Python
This program is licensed under the BSD-3 license. See the LICENSE file for details.
Components of this program may be licensed under more restrictive licenses which must be honored.
[INFO ORD-0030] Using 28 thread(s).
read_liberty /home/nanocoh/dev/ORFS-K/try/OpenROAD-flow-scripts-KF/flow/platforms/ihp-sg13g2/lib/sg13g2_stdcell_typ_1p20V_25C.lib
read_db -hier ./results/ihp-sg13g2/ibex/base/3_2_place_iop.odb
[WARNING ORD-0012] Hierarchical flow (-hier) is currently in development and may cause multiple issues. Do not use in production environments.
source /home/nanocoh/dev/ORFS-K/try/OpenROAD-flow-scripts-KF/flow/platforms/ihp-sg13g2/setRC.tcl
[INFO RSZ-0026] Removed 6 buffers.
Perform port buffering...
[INFO RSZ-0027] Inserted 149 sg13g2_buf_1 input buffers.
[INFO RSZ-0028] Inserted 100 sg13g2_buf_1 output buffers.
[INFO GPL-0022] Initialize gpl and calculate uniform density.
Placement density is 0.8659999942779542, computed from PLACE_DENSITY_LB_ADDON  0.2 and lower bound 0.8199999928474426
global_placement -density 0.8659999942779542 -pad_left 0 -pad_right 0 -routability_driven -timing_driven -min_phi_coef 0.95 -max_phi_coef 1.05
[INFO GPL-0005] Execute conjugate gradient initial placement.
[INFO GPL-0002] DBU: 1000
[INFO GPL-0003] SiteSize: (  0.480  3.780 ) um
[INFO GPL-0004] CoreBBox: ( 17.760 18.900 ) ( 606.720 604.800 ) um
[INFO GPL-0032] Initializing region: Top-level
[INFO GPL-0006] Number of instances:             16855
[INFO GPL-0007] Movable instances:               16855
[INFO GPL-0008] Fixed instances:                     0
[INFO GPL-0009] Dummy instances:                     0
[INFO GPL-0010] Number of nets:                  16945
[INFO GPL-0011] Number of pins:                  62110
[INFO GPL-0012] Die BBox:  (  0.000  0.000 ) ( 624.575 624.575 ) um
[INFO GPL-0013] Core BBox: ( 17.760 18.900 ) ( 606.720 604.800 ) um
[INFO GPL-0016] Core area:                  345071.664 um^2
[INFO GPL-0014] Region name: top-level.
[INFO GPL-0015] Region area:                345071.664 um^2
[INFO GPL-0017] Fixed instances area:            0.000 um^2
[INFO GPL-0018] Movable instances area:     279913.075 um^2
[INFO GPL-0019] Utilization:                    81.117 %
[INFO GPL-0020] Standard cells area:        279913.075 um^2
[INFO GPL-0021] Large instances area:            0.000 um^2
[InitialPlace]  Iter: 1 conjugate gradient residual: 0.00102976 HPWL: 610995202
[InitialPlace]  Iter: 2 conjugate gradient residual: 0.00008257 HPWL: 265584717
[InitialPlace]  Iter: 3 conjugate gradient residual: 0.00007300 HPWL: 256158777
[InitialPlace]  Iter: 4 conjugate gradient residual: 0.00007635 HPWL: 252893529
[InitialPlace]  Iter: 5 conjugate gradient residual: 0.00004833 HPWL: 249598051
[InitialPlace]  Iter: 6 conjugate gradient residual: 0.00004936 HPWL: 247595896
[InitialPlace]  Iter: 7 conjugate gradient residual: 0.00010755 HPWL: 245678570
[InitialPlace]  Iter: 8 conjugate gradient residual: 0.00001371 HPWL: 244237066
[InitialPlace]  Iter: 9 conjugate gradient residual: 0.00001746 HPWL: 242841589
[InitialPlace]  Iter: 10 conjugate gradient residual: 0.00001909 HPWL: 241903246
[InitialPlace]  Iter: 11 conjugate gradient residual: 0.00003836 HPWL: 239349793
[InitialPlace]  Iter: 12 conjugate gradient residual: 0.00003393 HPWL: 239441497
[InitialPlace]  Iter: 13 conjugate gradient residual: 0.00001927 HPWL: 239391880
[InitialPlace]  Iter: 14 conjugate gradient residual: 0.00003418 HPWL: 239504913
[InitialPlace]  Iter: 15 conjugate gradient residual: 0.00002223 HPWL: 239424729
[InitialPlace]  Iter: 16 conjugate gradient residual: 0.00001454 HPWL: 239524248
[InitialPlace]  Iter: 17 conjugate gradient residual: 0.00002242 HPWL: 239437913
[InitialPlace]  Iter: 18 conjugate gradient residual: 0.00001447 HPWL: 239546386
[InitialPlace]  Iter: 19 conjugate gradient residual: 0.00007737 HPWL: 239477769
[InitialPlace]  Iter: 20 conjugate gradient residual: 0.00004687 HPWL: 239585175
[INFO GPL-0033] Initializing Nesterov region: Top-level
[INFO GPL-0023] Placement target density:       0.8660
[INFO GPL-0024] Movable insts average area:     16.607 um^2
[INFO GPL-0025] Ideal bin area:                 19.177 um^2
[INFO GPL-0026] Ideal bin count:                 17994
[INFO GPL-0027] Total bin area:             345071.664 um^2
[INFO GPL-0028] Bin count (X, Y):         128 ,    128
[INFO GPL-0029] Bin size (W * H):       4.601 *  4.577 um
[INFO GPL-0030] Number of bins:                  16384
[INFO GPL-0007] Execute nesterov global placement.
[INFO GPL-0031] HPWL: Half-Perimeter Wirelength
Iteration | Overflow |     HPWL (um) |  HPWL(%) |   Penalty | Group
---------------------------------------------------------------
        0 |   0.9921 |  1.111710e+05 |   +0.00% |  6.68e-17 |      
       10 |   0.9711 |  1.483281e+05 |  +33.42% |  1.08e-16 |      
       20 |   0.9621 |  1.616398e+05 |   +8.97% |  1.76e-16 |      
       30 |   0.9579 |  1.660602e+05 |   +2.73% |  2.87e-16 |      
       40 |   0.9538 |  1.683489e+05 |   +1.38% |  4.68e-16 |      
       50 |   0.9512 |  1.689831e+05 |   +0.38% |  7.62e-16 |      
       60 |   0.9487 |  1.699199e+05 |   +0.55% |  1.24e-15 |      
       70 |   0.9460 |  1.706980e+05 |   +0.46% |  2.02e-15 |      
       80 |   0.9439 |  1.708473e+05 |   +0.09% |  3.29e-15 |      
       90 |   0.9423 |  1.705761e+05 |   -0.16% |  5.36e-15 |      
      100 |   0.9414 |  1.703164e+05 |   -0.15% |  8.73e-15 |      
      110 |   0.9398 |  1.704101e+05 |   +0.06% |  1.42e-14 |      
      120 |   0.9382 |  1.708191e+05 |   +0.24% |  2.32e-14 |      
      130 |   0.9365 |  1.714940e+05 |   +0.40% |  3.77e-14 |      
      140 |   0.9353 |  1.725017e+05 |   +0.59% |  6.14e-14 |      
      150 |   0.9340 |  1.737363e+05 |   +0.72% |  1.00e-13 |      
      160 |   0.9326 |  1.751368e+05 |   +0.81% |  1.63e-13 |      
      170 |   0.9312 |  1.768150e+05 |   +0.96% |  2.65e-13 |      
      180 |   0.9297 |  1.790859e+05 |   +1.28% |  4.32e-13 |      
      190 |   0.9277 |  1.824408e+05 |   +1.87% |  7.04e-13 |      
      200 |   0.9244 |  1.875361e+05 |   +2.79% |  1.15e-12 |      
      210 |   0.9194 |  1.950203e+05 |   +3.99% |  1.87e-12 |      
      220 |   0.9123 |  2.055548e+05 |   +5.40% |  3.03e-12 |      
      230 |   0.9021 |  2.197067e+05 |   +6.88% |  4.94e-12 |      
      240 |   0.8871 |  2.380652e+05 |   +8.36% |  8.02e-12 |      
      250 |   0.8671 |  2.615767e+05 |   +9.88% |  1.30e-11 |      
      260 |   0.8428 |  2.884493e+05 |  +10.27% |  2.12e-11 |      
      270 |   0.8149 |  3.172197e+05 |   +9.97% |  3.44e-11 |      
      280 |   0.7829 |  3.436489e+05 |   +8.33% |  5.58e-11 |      
      290 |   0.7477 |  3.622393e+05 |   +5.41% |  9.08e-11 |      
      300 |   0.7091 |  3.770542e+05 |   +4.09% |  1.48e-10 |      
      310 |   0.6671 |  3.916183e+05 |   +3.86% |  2.40e-10 |      
[INFO GPL-0100] Timing-driven iteration 1/2, virtual: false.
[INFO GPL-0101]    Iter: 319, overflow: 0.633, keep resizer changes at: 1, HPWL: 402601857
Iteration |   Area    | Resized | Buffers | Nets repaired | Remaining
---------------------------------------------------------------------
        0 |     +0.0% |       0 |       0 |             0 |     17013
    final |     +7.5% |       0 |    2572 |           535 |         0
---------------------------------------------------------------------
[INFO RSZ-0034] Found 31 slew violations.
[INFO RSZ-0035] Found 535 fanout violations.
[INFO RSZ-0038] Inserted 2572 buffers in 535 nets.
   Iter   |    Area   | Removed | Inserted |   Pins
          |           | Buffers | Buffers  | Remaining
-------------------------------------------------------
        0 |     +0.0% |       0 |        0 |     16483
     1600 |     +0.7% |     164 |      238 |     14883
     3200 |     +0.9% |     299 |      397 |     13283
     4800 |     +1.2% |     752 |      916 |     11683
     6400 |     +1.4% |     859 |     1085 |     10083
     8000 |     +1.4% |    1003 |     1225 |      8483
     9600 |     +1.3% |    1124 |     1338 |      6883
    11200 |     +1.4% |    1434 |     1649 |      5283
    12800 |     +1.3% |    1602 |     1811 |      3683
    14400 |     +1.3% |    1835 |     2005 |      2083
    16000 |     +1.1% |    2270 |     2380 |       483
    final |     +1.0% |    2572 |     2649 |         0
-------------------------------------------------------
[INFO GPL-0106] Timing-driven: worst slack -1.6e-09
[INFO GPL-0107] Timing-driven: repair_design delta area: 21415.363 um^2 (+7.65%)
[INFO GPL-0108] Timing-driven: repair_design, gpl delta gcells: 2649 (+15.72%)
[INFO GPL-0109] Timing-driven: repair_design, gcells created: 5221, deleted: 2572
[INFO GPL-0110] Timing-driven: new target density: 0.9280606
Iteration | Overflow |     HPWL (um) |  HPWL(%) |   Penalty | Group
---------------------------------------------------------------
      320 |   0.6195 |  4.904578e+05 |  +25.24% |  3.86e-10 |      
[INFO GPL-0038] Routability snapshot saved at iter = 328
      327 |   0.5984 |  5.109166e+05 |          |           |      
      330 |   0.5907 |  5.152565e+05 |   +5.06% |  6.27e-10 |      
      340 |   0.5446 |  5.353455e+05 |   +3.90% |  1.02e-09 |      
      350 |   0.5072 |  5.501664e+05 |   +2.77% |  1.66e-09 |      
      360 |   0.4704 |  5.666223e+05 |   +2.99% |  2.70e-09 |      
      370 |   0.4324 |  5.750857e+05 |   +1.49% |  4.39e-09 |      
      380 |   0.3908 |  5.844169e+05 |   +1.62% |  7.14e-09 |      
      390 |   0.3525 |  5.901985e+05 |   +0.99% |  1.16e-08 |      
      400 |   0.3175 |  5.939115e+05 |   +0.63% |  1.75e-08 |      
[INFO GPL-0040] Routability iteration: 1
[INFO GPL-0041] Total routing overflow: 0.0000
[INFO GPL-0042] Number of overflowed tiles: 0 (0.00%)
[INFO GPL-0043] Average top 0.5% routing congestion: 0.8642
[INFO GPL-0044] Average top 1.0% routing congestion: 0.8156
[INFO GPL-0045] Average top 2.0% routing congestion: 0.7626
[INFO GPL-0046] Average top 5.0% routing congestion: 0.6885
[INFO GPL-0047] Routability iteration weighted routing congestion: 0.8399
[INFO GPL-0050] Weighted routing congestion is lower than target routing congestion(1.0100), end routability optimization.
[INFO GPL-0090] Routability finished. Target routing congestion achieved succesfully.
Iteration | Overflow |     HPWL (um) |  HPWL(%) |   Penalty | Group
---------------------------------------------------------------
      410 |   0.2833 |  5.968523e+05 |   +0.50% |  2.57e-08 |      
      420 |   0.2511 |  5.995292e+05 |   +0.45% |  3.79e-08 |      
      430 |   0.2224 |  6.017322e+05 |   +0.37% |  5.58e-08 |      
      440 |   0.1943 |  6.034299e+05 |   +0.28% |  8.22e-08 |      
[INFO GPL-0100] Timing-driven iteration 2/2, virtual: false.
[INFO GPL-0101]    Iter: 441, overflow: 0.194, keep resizer changes at: 1, HPWL: 603429940
Iteration |   Area    | Resized | Buffers | Nets repaired | Remaining
---------------------------------------------------------------------
        0 |     +0.0% |       0 |       0 |             0 |     19662
    final |     +0.0% |       0 |       1 |             1 |         0
---------------------------------------------------------------------
[INFO RSZ-0035] Found 1 fanout violations.
[INFO RSZ-0038] Inserted 1 buffers in 1 nets.
   Iter   |    Area   | Removed | Inserted |   Pins
          |           | Buffers | Buffers  | Remaining
-------------------------------------------------------
        0 |     +0.0% |       0 |        0 |     16483
     1600 |     -0.3% |     239 |      196 |     14883
     3200 |     -0.5% |     398 |      334 |     13283
     4800 |     -0.7% |     917 |      792 |     11683
     6400 |     -0.8% |    1086 |      934 |     10083
     8000 |     -0.8% |    1226 |     1071 |      8483
     9600 |     -0.8% |    1339 |     1187 |      6883
    11200 |     -0.7% |    1650 |     1514 |      5283
    12800 |     -0.7% |    1812 |     1681 |      3683
    14400 |     -0.7% |    2006 |     1880 |      2083
    16000 |     -0.7% |    2381 |     2262 |       483
    final |     -0.7% |    2650 |     2525 |         0
-------------------------------------------------------
[INFO GPL-0106] Timing-driven: worst slack -1.6e-09
[INFO GPL-0107] Timing-driven: repair_design delta area: -1847.059 um^2 (-0.61%)
[INFO GPL-0108] Timing-driven: repair_design, gpl delta gcells: -124 (-0.64%)
[INFO GPL-0109] Timing-driven: repair_design, gcells created: 2526, deleted: 2650
[INFO GPL-0110] Timing-driven: new target density: 0.9227079
Iteration | Overflow |     HPWL (um) |  HPWL(%) |   Penalty | Group
---------------------------------------------------------------
      450 |   0.1770 |  6.142295e+05 |   +1.79% |  1.21e-07 |      
      460 |   0.1530 |  6.018418e+05 |   -2.02% |  1.78e-07 |      
      470 |   0.1315 |  5.979147e+05 |   -0.65% |  2.62e-07 |      
      480 |   0.1135 |  5.965347e+05 |   -0.23% |  3.86e-07 |      
      489 |   0.0998 |  5.962786e+05 |          |  5.68e-07 |      
---------------------------------------------------------------
[INFO GPL-1001] Global placement finished at iteration 489
[INFO GPL-1003] Routability mode iteration count: 78
[INFO GPL-1005] Routability final weighted congestion: 0.7590
[INFO GPL-1002] Placed Cell Area            299481.3788
[INFO GPL-1003] Available Free Area         345071.6640
[INFO GPL-1004] Minimum Feasible Density        0.8200 (cell_area / free_area)
[INFO GPL-1006]   Suggested Target Densities:
[INFO GPL-1007]     - For 90% usage of free space: 0.9643
[INFO GPL-1008]     - For 80% usage of free space: 1.0849
[INFO GPL-1011] Original area (um^2): 279913.07
[INFO GPL-1012] Total routability artificial inflation: 21415.36 (+7.65%)
[INFO GPL-1013] Total timing-driven delta area: 19568.30 (+6.99%)
[INFO GPL-1014] Final placement area: 299481.38 (+6.99%)
Took 14 seconds: global_placement -density 0.8659999942779542 -pad_left 0 -pad_right 0 -routability_driven -timing_driven -min_phi_coef 0.95 -max_phi_coef 1.05
estimate_parasitics -placement
Report metrics stage 3, global place...

==========================================================================
global place report_design_area
--------------------------------------------------------------------------
Design area 268542 um^2 78% utilization.
write_db ./results/ihp-sg13g2/ibex/base/3_3_place_gp.odb
Elapsed time: 0:18.01[h:]min:sec. CPU time: user 119.93 sys 16.83 (759%). Peak memory: 449864KB.
Log                        Elapsed/s Peak Memory/MB  sha1sum .odb [0:20)
3_3_place_gp                      18            439 ca7b3a8400f9387b68f8
