OpenROAD 701085d1e57df45a6aee387c04309628e0233ba8 
Features included (+) or not (-): +GPU +GUI +Python
This program is licensed under the BSD-3 license. See the LICENSE file for details.
Components of this program may be licensed under more restrictive licenses which must be honored.
[INFO ORD-0030] Using 28 thread(s).
read_liberty /home/nanocoh/dev/ORFS-K/try/OpenROAD-flow-scripts-KF/flow/platforms/ihp-sg13g2/lib/sg13g2_stdcell_typ_1p20V_25C.lib
read_db -hier ./results/ihp-sg13g2/ibex/base/3_3_place_gp.odb
[WARNING ORD-0012] Hierarchical flow (-hier) is currently in development and may cause multiple issues. Do not use in production environments.
source /home/nanocoh/dev/ORFS-K/try/OpenROAD-flow-scripts-KF/flow/platforms/ihp-sg13g2/setRC.tcl
estimate_parasitics -placement
replace_arith_module -path_count 1000 -target setup -slack_margin 0.0
[INFO RSZ-0151] Starting arithmetic module replacement to optimize 'setup' target
[INFO RSZ-0152] Analyzing 1000 critical paths with slack < 0.00
[INFO RSZ-0153] Identified 0 violating endpoints
[INFO RSZ-0154] Identified 0 critical arithmetic instances
Perform buffer insertion and gate resizing...
repair_design -verbose -match_cell_footprint
Iteration |   Area    | Resized | Buffers | Nets repaired | Remaining
---------------------------------------------------------------------
        0 |     +0.0% |       0 |       0 |             0 |     19538
     1000 |     +0.0% |       0 |       2 |             1 |     18538
     2000 |     +0.0% |       0 |       2 |             1 |     17538
     3000 |     +0.0% |       0 |       2 |             1 |     16538
     4000 |     +0.0% |       0 |       2 |             1 |     15538
     5000 |     +0.0% |       0 |       2 |             1 |     14538
     6000 |     +0.0% |       0 |       2 |             1 |     13538
     7000 |     +0.0% |       0 |       2 |             1 |     12538
     8000 |     +0.0% |       0 |       2 |             1 |     11538
     9000 |     +0.0% |       0 |       2 |             1 |     10538
    10000 |     +0.0% |       0 |       2 |             1 |      9538
    11000 |     +0.0% |       0 |       2 |             1 |      8538
    12000 |     +0.0% |       0 |       2 |             1 |      7538
    13000 |     +0.0% |       0 |       2 |             1 |      6538
    14000 |     +0.0% |       0 |       2 |             1 |      5538
    15000 |     +0.0% |       0 |       2 |             1 |      4538
    16000 |     +0.0% |       0 |       2 |             1 |      3538
    17000 |     +0.0% |       0 |       2 |             1 |      2538
    18000 |     +0.0% |       0 |       2 |             1 |      1538
    19000 |     +0.0% |       0 |       2 |             1 |       538
    final |     +0.0% |       0 |       2 |             1 |         0
---------------------------------------------------------------------
[INFO RSZ-0035] Found 1 fanout violations.
[INFO RSZ-0038] Inserted 2 buffers in 1 nets.
Floating nets: 
Report metrics stage 3, resizer...

==========================================================================
resizer report_design_area
--------------------------------------------------------------------------
Design area 268557 um^2 78% utilization.
Instance count before 19380, after 19382
Pin count before 67025, after 67029
write_db ./results/ihp-sg13g2/ibex/base/3_4_place_resized.odb
Elapsed time: 0:07.01[h:]min:sec. CPU time: user 11.89 sys 5.71 (250%). Peak memory: 189788KB.
Log                        Elapsed/s Peak Memory/MB  sha1sum .odb [0:20)
3_4_place_resized                  7            185 da7cee99bd8afe6ed034
