OpenROAD 701085d1e57df45a6aee387c04309628e0233ba8 
Features included (+) or not (-): +GPU +GUI +Python
This program is licensed under the BSD-3 license. See the LICENSE file for details.
Components of this program may be licensed under more restrictive licenses which must be honored.
[INFO ORD-0030] Using 28 thread(s).
read_liberty /home/nanocoh/dev/ORFS-K/try/OpenROAD-flow-scripts-KF/flow/platforms/ihp-sg13g2/lib/sg13g2_stdcell_typ_1p20V_25C.lib
read_db -hier ./results/ihp-sg13g2/ibex/base/3_4_place_resized.odb
[WARNING ORD-0012] Hierarchical flow (-hier) is currently in development and may cause multiple issues. Do not use in production environments.
source /home/nanocoh/dev/ORFS-K/try/OpenROAD-flow-scripts-KF/flow/platforms/ihp-sg13g2/setRC.tcl
Placement Analysis
---------------------------------
total displacement      58372.0 u
average displacement        3.0 u
max displacement           45.5 u
original HPWL          597356.9 u
legalized HPWL         649886.3 u
delta HPWL                    9 %

Detailed placement improvement.
[INFO DPL-0401] Setting random seed to 1.
[INFO DPL-0402] Setting maximum displacement 5 1 to 18900 3780 units.
[INFO DPL-0320] Collected 264 fixed cells.
[INFO DPL-0318] Collected 19382 single height cells.
[INFO DPL-0321] Collected 0 wide cells.
[INFO DPL-0322] Image (17760, 18900) - (606720, 604800)
[INFO DPL-0310] Assigned 19382 cells into segments.  Movement in X-direction is 0.000000, movement in Y-direction is 0.000000.
[INFO DPL-0313] Found 0 cells in wrong regions.
[INFO DPL-0315] Found 0 row alignment problems.
[INFO DPL-0314] Found 0 site alignment problems.
[INFO DPL-0311] Found 0 overlaps between adjacent cells.
[INFO DPL-0312] Found 0 edge spacing violations and 0 padding violations.
[INFO DPL-0303] Running algorithm for independent set matching.
[INFO DPL-0300] Set matching objective is wirelength.
[INFO DPL-0301] Pass   1 of matching; objective is 6.499056e+08.
[INFO DPL-0302] End of matching; objective is 6.493231e+08, improvement is 0.09 percent.
[INFO DPL-0303] Running algorithm for global swaps.
[INFO DPL-0306] Pass   1 of global swaps; hpwl is 6.432875e+08.
[INFO DPL-0307] End of global swaps; objective is 6.432875e+08, improvement is 0.93 percent.
[INFO DPL-0303] Running algorithm for vertical swaps.
[INFO DPL-0308] Pass   1 of vertical swaps; hpwl is 6.419660e+08.
[INFO DPL-0309] End of vertical swaps; objective is 6.419660e+08, improvement is 0.21 percent.
[INFO DPL-0303] Running algorithm for reordering.
[INFO DPL-0304] Pass   1 of reordering; objective is 6.384276e+08.
[INFO DPL-0305] End of reordering; objective is 6.384276e+08, improvement is 0.55 percent.
[INFO DPL-0303] Running algorithm for random improvement.
[INFO DPL-0324] Random improver is using random generator.
[INFO DPL-0325] Random improver is using hpwl objective.
[INFO DPL-0326] Random improver cost string is (a).
[INFO DPL-0332] End of pass, Generator random called 387640 times.
[INFO DPL-0335] Generator random, Cumulative attempts 387640, swaps 93741, moves 39361 since last reset.
[INFO DPL-0333] End of pass, Objective hpwl, Initial cost 6.365820e+08, Scratch cost 6.325061e+08, Incremental cost 6.325061e+08, Mismatch? N
[INFO DPL-0338] End of pass, Total cost is 6.325061e+08.
[INFO DPL-0327] Pass   1 of random improver; improvement in cost is 0.64 percent.
[INFO DPL-0328] End of random improver; improvement is 0.640285 percent.
[INFO DPL-0380] Cell flipping.
[INFO DPL-0382] Changed 0 cell orientations for row compatibility.
[INFO DPL-0383] Performed 5383 cell flips.
[INFO DPL-0384] End of flipping; objective is 6.271330e+08, improvement is 1.14 percent.
[INFO DPL-0313] Found 0 cells in wrong regions.
[INFO DPL-0315] Found 0 row alignment problems.
[INFO DPL-0314] Found 0 site alignment problems.
[INFO DPL-0311] Found 0 overlaps between adjacent cells.
[INFO DPL-0312] Found 0 edge spacing violations and 0 padding violations.
Detailed Improvement Results
------------------------------------------
Original HPWL           649886.3 u (  318956.4,   330929.8)
Final HPWL              626919.4 u (  303854.9,   323064.4)
Delta HPWL                  -3.5 % (      -4.7,       -2.4)

[INFO DPL-0020] Mirrored 1227 instances
[INFO DPL-0021] HPWL before          626919.4 u
[INFO DPL-0022] HPWL after           626769.0 u
[INFO DPL-0023] HPWL delta               -0.0 %
[INFO FLW-0012] Placement violations .
estimate_parasitics -placement
Report metrics stage 3, detailed place...

==========================================================================
detailed place report_design_area
--------------------------------------------------------------------------
Design area 268557 um^2 78% utilization.
write_db ./results/ihp-sg13g2/ibex/base/3_5_place_dp.odb
Elapsed time: 0:07.55[h:]min:sec. CPU time: user 11.25 sys 4.07 (202%). Peak memory: 216032KB.
Log                        Elapsed/s Peak Memory/MB  sha1sum .odb [0:20)
3_5_place_dp                       7            210 c1e79ca9dd2b65284e78
