
==========================================================================
global route report_tns
--------------------------------------------------------------------------
tns max -102.19

==========================================================================
global route report_wns
--------------------------------------------------------------------------
wns max -2.42

==========================================================================
global route report_worst_slack
--------------------------------------------------------------------------
worst slack max -2.42

==========================================================================
global route report_clock_min_period
--------------------------------------------------------------------------
core_clock period_min = 3.52 fmax = 283.90

==========================================================================
global route report_clock_skew
--------------------------------------------------------------------------
Clock core_clock
   0.31 source latency dpath.a_reg.out[1]$_DFFE_PP_/CLK ^
  -0.30 target latency dpath.b_reg.out[12]$_DFFE_PP_/CLK ^
   0.00 CRPR
--------------
   0.02 setup skew


==========================================================================
global route report_checks -path_delay min
--------------------------------------------------------------------------
Startpoint: ctrl.state.out[1]$_DFF_P_
            (rising edge-triggered flip-flop clocked by core_clock)
Endpoint: ctrl.state.out[1]$_DFF_P_
          (rising edge-triggered flip-flop clocked by core_clock)
Path Group: core_clock
Path Type: min

Fanout     Cap    Slew   Delay    Time   Description
-----------------------------------------------------------------------------
                          0.00    0.00   clock core_clock (rise edge)
                          0.00    0.00   clock source latency
     1    0.02    0.00    0.00    0.00 ^ clk (in)
                                         clk (net)
                  0.00    0.00    0.00 ^ clkbuf_0_clk/A (sky130_fd_sc_hd__clkbuf_8)
     4    0.03    0.07    0.13    0.13 ^ clkbuf_0_clk/X (sky130_fd_sc_hd__clkbuf_8)
                                         clknet_0_clk (net)
                  0.07    0.00    0.13 ^ clkbuf_2_0__f_clk/A (sky130_fd_sc_hd__clkbuf_8)
    11    0.05    0.09    0.17    0.31 ^ clkbuf_2_0__f_clk/X (sky130_fd_sc_hd__clkbuf_8)
                                         clknet_2_0__leaf_clk (net)
                  0.09    0.00    0.31 ^ ctrl.state.out[1]$_DFF_P_/CLK (sky130_fd_sc_hd__dfxtp_1)
     2    0.01    0.05    0.33    0.64 v ctrl.state.out[1]$_DFF_P_/Q (sky130_fd_sc_hd__dfxtp_1)
                                         ctrl.state.out[1] (net)
                  0.05    0.00    0.64 v _168_/B1 (sky130_fd_sc_hd__o21ai_0)
     1    0.01    0.12    0.11    0.74 ^ _168_/Y (sky130_fd_sc_hd__o21ai_0)
                                         _012_ (net)
                  0.12    0.00    0.74 ^ _170_/A1 (sky130_fd_sc_hd__a21oi_2)
     1    0.01    0.02    0.07    0.82 v _170_/Y (sky130_fd_sc_hd__a21oi_2)
                                         _001_ (net)
                  0.02    0.00    0.82 v ctrl.state.out[1]$_DFF_P_/D (sky130_fd_sc_hd__dfxtp_1)
                                  0.82   data arrival time

                          0.00    0.00   clock core_clock (rise edge)
                          0.00    0.00   clock source latency
     1    0.02    0.00    0.00    0.00 ^ clk (in)
                                         clk (net)
                  0.00    0.00    0.00 ^ clkbuf_0_clk/A (sky130_fd_sc_hd__clkbuf_8)
     4    0.03    0.07    0.13    0.13 ^ clkbuf_0_clk/X (sky130_fd_sc_hd__clkbuf_8)
                                         clknet_0_clk (net)
                  0.07    0.00    0.13 ^ clkbuf_2_0__f_clk/A (sky130_fd_sc_hd__clkbuf_8)
    11    0.05    0.09    0.17    0.31 ^ clkbuf_2_0__f_clk/X (sky130_fd_sc_hd__clkbuf_8)
                                         clknet_2_0__leaf_clk (net)
                  0.09    0.00    0.31 ^ ctrl.state.out[1]$_DFF_P_/CLK (sky130_fd_sc_hd__dfxtp_1)
                          0.00    0.31   clock reconvergence pessimism
                         -0.03    0.28   library hold time
                                  0.28   data required time
-----------------------------------------------------------------------------
                                  0.28   data required time
                                 -0.82   data arrival time
-----------------------------------------------------------------------------
                                  0.54   slack (MET)



==========================================================================
global route report_checks -path_delay max
--------------------------------------------------------------------------
Startpoint: dpath.b_reg.out[0]$_DFFE_PP_
            (rising edge-triggered flip-flop clocked by core_clock)
Endpoint: dpath.a_reg.out[13]$_DFFE_PP_
          (rising edge-triggered flip-flop clocked by core_clock)
Path Group: core_clock
Path Type: max

Fanout     Cap    Slew   Delay    Time   Description
-----------------------------------------------------------------------------
                          0.00    0.00   clock core_clock (rise edge)
                          0.00    0.00   clock source latency
     1    0.02    0.00    0.00    0.00 ^ clk (in)
                                         clk (net)
                  0.00    0.00    0.00 ^ clkbuf_0_clk/A (sky130_fd_sc_hd__clkbuf_8)
     4    0.03    0.07    0.13    0.13 ^ clkbuf_0_clk/X (sky130_fd_sc_hd__clkbuf_8)
                                         clknet_0_clk (net)
                  0.07    0.00    0.13 ^ clkbuf_2_0__f_clk/A (sky130_fd_sc_hd__clkbuf_8)
    11    0.05    0.09    0.17    0.31 ^ clkbuf_2_0__f_clk/X (sky130_fd_sc_hd__clkbuf_8)
                                         clknet_2_0__leaf_clk (net)
                  0.09    0.00    0.31 ^ dpath.b_reg.out[0]$_DFFE_PP_/CLK (sky130_fd_sc_hd__edfxtp_1)
     2    0.01    0.10    0.42    0.73 v dpath.b_reg.out[0]$_DFFE_PP_/Q (sky130_fd_sc_hd__edfxtp_1)
                                         dpath.a_lt_b$in1[0] (net)
                  0.10    0.00    0.73 v _174_/B_N (sky130_fd_sc_hd__nor2b_4)
     2    0.01    0.05    0.16    0.89 v _174_/Y (sky130_fd_sc_hd__nor2b_4)
                                         _015_ (net)
                  0.05    0.00    0.89 v _178_/A (sky130_fd_sc_hd__maj3_2)
     2    0.01    0.08    0.33    1.22 v _178_/X (sky130_fd_sc_hd__maj3_2)
                                         _018_ (net)
                  0.08    0.00    1.22 v _185_/A (sky130_fd_sc_hd__maj3_4)
     2    0.01    0.07    0.37    1.59 v _185_/X (sky130_fd_sc_hd__maj3_4)
                                         _024_ (net)
                  0.07    0.00    1.59 v _187_/A1 (sky130_fd_sc_hd__a21oi_4)
     2    0.01    0.15    0.17    1.76 ^ _187_/Y (sky130_fd_sc_hd__a21oi_4)
                                         _025_ (net)
                  0.15    0.00    1.76 ^ _207_/A1 (sky130_fd_sc_hd__a21oi_4)
     2    0.02    0.11    0.09    1.85 v _207_/Y (sky130_fd_sc_hd__a21oi_4)
                                         _042_ (net)
                  0.11    0.00    1.85 v _254_/D1 (sky130_fd_sc_hd__a2111oi_4)
     2    0.01    0.31    0.26    2.11 ^ _254_/Y (sky130_fd_sc_hd__a2111oi_4)
                                         _082_ (net)
                  0.31    0.00    2.11 ^ rebuffer382/A (sky130_fd_sc_hd__buf_4)
     1    0.01    0.05    0.19    2.30 ^ rebuffer382/X (sky130_fd_sc_hd__buf_4)
                                         net382 (net)
                  0.05    0.00    2.30 ^ _257_/D1 (sky130_fd_sc_hd__a2111oi_4)
     2    0.02    0.12    0.05    2.35 v _257_/Y (sky130_fd_sc_hd__a2111oi_4)
                                         _085_ (net)
                  0.12    0.00    2.35 v _271_/B1 (sky130_fd_sc_hd__a2111oi_4)
     2    0.01    0.32    0.39    2.74 ^ _271_/Y (sky130_fd_sc_hd__a2111oi_4)
                                         _098_ (net)
                  0.32    0.00    2.74 ^ rebuffer208/A (sky130_fd_sc_hd__buf_4)
     3    0.02    0.07    0.21    2.95 ^ rebuffer208/X (sky130_fd_sc_hd__buf_4)
                                         net208 (net)
                  0.07    0.00    2.95 ^ _274_/A2 (sky130_fd_sc_hd__o31ai_4)
     7    0.05    0.18    0.14    3.09 v _274_/Y (sky130_fd_sc_hd__o31ai_4)
                                         _100_ (net)
                  0.18    0.00    3.10 v _299_/C (sky130_fd_sc_hd__or3_1)
     1    0.01    0.08    0.38    3.47 v _299_/X (sky130_fd_sc_hd__or3_1)
                                         _120_ (net)
                  0.08    0.00    3.47 v _301_/A1 (sky130_fd_sc_hd__a31oi_1)
     1    0.01    0.18    0.18    3.65 ^ _301_/Y (sky130_fd_sc_hd__a31oi_1)
                                         dpath.a_mux$out[13] (net)
                  0.18    0.00    3.65 ^ dpath.a_reg.out[13]$_DFFE_PP_/D (sky130_fd_sc_hd__edfxtp_1)
                                  3.65   data arrival time

                          1.10    1.10   clock core_clock (rise edge)
                          0.00    1.10   clock source latency
     1    0.02    0.00    0.00    1.10 ^ clk (in)
                                         clk (net)
                  0.00    0.00    1.10 ^ clkbuf_0_clk/A (sky130_fd_sc_hd__clkbuf_8)
     4    0.03    0.07    0.13    1.23 ^ clkbuf_0_clk/X (sky130_fd_sc_hd__clkbuf_8)
                                         clknet_0_clk (net)
                  0.07    0.00    1.23 ^ clkbuf_2_3__f_clk/A (sky130_fd_sc_hd__clkbuf_8)
     7    0.04    0.07    0.16    1.39 ^ clkbuf_2_3__f_clk/X (sky130_fd_sc_hd__clkbuf_8)
                                         clknet_2_3__leaf_clk (net)
                  0.07    0.00    1.40 ^ dpath.a_reg.out[13]$_DFFE_PP_/CLK (sky130_fd_sc_hd__edfxtp_1)
                          0.00    1.40   clock reconvergence pessimism
                         -0.16    1.23   library setup time
                                  1.23   data required time
-----------------------------------------------------------------------------
                                  1.23   data required time
                                 -3.65   data arrival time
-----------------------------------------------------------------------------
                                 -2.42   slack (VIOLATED)



==========================================================================
global route report_checks -unconstrained
--------------------------------------------------------------------------
Startpoint: dpath.b_reg.out[0]$_DFFE_PP_
            (rising edge-triggered flip-flop clocked by core_clock)
Endpoint: dpath.a_reg.out[13]$_DFFE_PP_
          (rising edge-triggered flip-flop clocked by core_clock)
Path Group: core_clock
Path Type: max

Fanout     Cap    Slew   Delay    Time   Description
-----------------------------------------------------------------------------
                          0.00    0.00   clock core_clock (rise edge)
                          0.00    0.00   clock source latency
     1    0.02    0.00    0.00    0.00 ^ clk (in)
                                         clk (net)
                  0.00    0.00    0.00 ^ clkbuf_0_clk/A (sky130_fd_sc_hd__clkbuf_8)
     4    0.03    0.07    0.13    0.13 ^ clkbuf_0_clk/X (sky130_fd_sc_hd__clkbuf_8)
                                         clknet_0_clk (net)
                  0.07    0.00    0.13 ^ clkbuf_2_0__f_clk/A (sky130_fd_sc_hd__clkbuf_8)
    11    0.05    0.09    0.17    0.31 ^ clkbuf_2_0__f_clk/X (sky130_fd_sc_hd__clkbuf_8)
                                         clknet_2_0__leaf_clk (net)
                  0.09    0.00    0.31 ^ dpath.b_reg.out[0]$_DFFE_PP_/CLK (sky130_fd_sc_hd__edfxtp_1)
     2    0.01    0.10    0.42    0.73 v dpath.b_reg.out[0]$_DFFE_PP_/Q (sky130_fd_sc_hd__edfxtp_1)
                                         dpath.a_lt_b$in1[0] (net)
                  0.10    0.00    0.73 v _174_/B_N (sky130_fd_sc_hd__nor2b_4)
     2    0.01    0.05    0.16    0.89 v _174_/Y (sky130_fd_sc_hd__nor2b_4)
                                         _015_ (net)
                  0.05    0.00    0.89 v _178_/A (sky130_fd_sc_hd__maj3_2)
     2    0.01    0.08    0.33    1.22 v _178_/X (sky130_fd_sc_hd__maj3_2)
                                         _018_ (net)
                  0.08    0.00    1.22 v _185_/A (sky130_fd_sc_hd__maj3_4)
     2    0.01    0.07    0.37    1.59 v _185_/X (sky130_fd_sc_hd__maj3_4)
                                         _024_ (net)
                  0.07    0.00    1.59 v _187_/A1 (sky130_fd_sc_hd__a21oi_4)
     2    0.01    0.15    0.17    1.76 ^ _187_/Y (sky130_fd_sc_hd__a21oi_4)
                                         _025_ (net)
                  0.15    0.00    1.76 ^ _207_/A1 (sky130_fd_sc_hd__a21oi_4)
     2    0.02    0.11    0.09    1.85 v _207_/Y (sky130_fd_sc_hd__a21oi_4)
                                         _042_ (net)
                  0.11    0.00    1.85 v _254_/D1 (sky130_fd_sc_hd__a2111oi_4)
     2    0.01    0.31    0.26    2.11 ^ _254_/Y (sky130_fd_sc_hd__a2111oi_4)
                                         _082_ (net)
                  0.31    0.00    2.11 ^ rebuffer382/A (sky130_fd_sc_hd__buf_4)
     1    0.01    0.05    0.19    2.30 ^ rebuffer382/X (sky130_fd_sc_hd__buf_4)
                                         net382 (net)
                  0.05    0.00    2.30 ^ _257_/D1 (sky130_fd_sc_hd__a2111oi_4)
     2    0.02    0.12    0.05    2.35 v _257_/Y (sky130_fd_sc_hd__a2111oi_4)
                                         _085_ (net)
                  0.12    0.00    2.35 v _271_/B1 (sky130_fd_sc_hd__a2111oi_4)
     2    0.01    0.32    0.39    2.74 ^ _271_/Y (sky130_fd_sc_hd__a2111oi_4)
                                         _098_ (net)
                  0.32    0.00    2.74 ^ rebuffer208/A (sky130_fd_sc_hd__buf_4)
     3    0.02    0.07    0.21    2.95 ^ rebuffer208/X (sky130_fd_sc_hd__buf_4)
                                         net208 (net)
                  0.07    0.00    2.95 ^ _274_/A2 (sky130_fd_sc_hd__o31ai_4)
     7    0.05    0.18    0.14    3.09 v _274_/Y (sky130_fd_sc_hd__o31ai_4)
                                         _100_ (net)
                  0.18    0.00    3.10 v _299_/C (sky130_fd_sc_hd__or3_1)
     1    0.01    0.08    0.38    3.47 v _299_/X (sky130_fd_sc_hd__or3_1)
                                         _120_ (net)
                  0.08    0.00    3.47 v _301_/A1 (sky130_fd_sc_hd__a31oi_1)
     1    0.01    0.18    0.18    3.65 ^ _301_/Y (sky130_fd_sc_hd__a31oi_1)
                                         dpath.a_mux$out[13] (net)
                  0.18    0.00    3.65 ^ dpath.a_reg.out[13]$_DFFE_PP_/D (sky130_fd_sc_hd__edfxtp_1)
                                  3.65   data arrival time

                          1.10    1.10   clock core_clock (rise edge)
                          0.00    1.10   clock source latency
     1    0.02    0.00    0.00    1.10 ^ clk (in)
                                         clk (net)
                  0.00    0.00    1.10 ^ clkbuf_0_clk/A (sky130_fd_sc_hd__clkbuf_8)
     4    0.03    0.07    0.13    1.23 ^ clkbuf_0_clk/X (sky130_fd_sc_hd__clkbuf_8)
                                         clknet_0_clk (net)
                  0.07    0.00    1.23 ^ clkbuf_2_3__f_clk/A (sky130_fd_sc_hd__clkbuf_8)
     7    0.04    0.07    0.16    1.39 ^ clkbuf_2_3__f_clk/X (sky130_fd_sc_hd__clkbuf_8)
                                         clknet_2_3__leaf_clk (net)
                  0.07    0.00    1.40 ^ dpath.a_reg.out[13]$_DFFE_PP_/CLK (sky130_fd_sc_hd__edfxtp_1)
                          0.00    1.40   clock reconvergence pessimism
                         -0.16    1.23   library setup time
                                  1.23   data required time
-----------------------------------------------------------------------------
                                  1.23   data required time
                                 -3.65   data arrival time
-----------------------------------------------------------------------------
                                 -2.42   slack (VIOLATED)



==========================================================================
global route report_check_types -max_slew -max_cap -max_fanout -violators
--------------------------------------------------------------------------

==========================================================================
global route max_slew_check_slack
--------------------------------------------------------------------------
0.9325198531150818

==========================================================================
global route max_slew_check_limit
--------------------------------------------------------------------------
1.5

==========================================================================
global route max_slew_check_slack_limit
--------------------------------------------------------------------------
0.6217

==========================================================================
global route max_fanout_check_slack
--------------------------------------------------------------------------
1.0000000150474662e+30

==========================================================================
global route max_fanout_check_limit
--------------------------------------------------------------------------
1.0000000150474662e+30

==========================================================================
global route max_capacitance_check_slack
--------------------------------------------------------------------------
0.03373894467949867

==========================================================================
global route max_capacitance_check_limit
--------------------------------------------------------------------------
0.04578600078821182

==========================================================================
global route max_capacitance_check_slack_limit
--------------------------------------------------------------------------
0.7369

==========================================================================
global route max_slew_violation_count
--------------------------------------------------------------------------
max slew violation count 0

==========================================================================
global route max_fanout_violation_count
--------------------------------------------------------------------------
max fanout violation count 0

==========================================================================
global route max_cap_violation_count
--------------------------------------------------------------------------
max cap violation count 0

==========================================================================
global route setup_violation_count
--------------------------------------------------------------------------
setup violation count 63

==========================================================================
global route hold_violation_count
--------------------------------------------------------------------------
hold violation count 0

==========================================================================
global route report_checks -path_delay max reg to reg
--------------------------------------------------------------------------
Startpoint: dpath.b_reg.out[0]$_DFFE_PP_
            (rising edge-triggered flip-flop clocked by core_clock)
Endpoint: dpath.a_reg.out[13]$_DFFE_PP_
          (rising edge-triggered flip-flop clocked by core_clock)
Path Group: core_clock
Path Type: max

  Delay    Time   Description
---------------------------------------------------------
   0.00    0.00   clock core_clock (rise edge)
   0.00    0.00   clock source latency
   0.00    0.00 ^ clk (in)
   0.13    0.13 ^ clkbuf_0_clk/X (sky130_fd_sc_hd__clkbuf_8)
   0.18    0.31 ^ clkbuf_2_0__f_clk/X (sky130_fd_sc_hd__clkbuf_8)
   0.00    0.31 ^ dpath.b_reg.out[0]$_DFFE_PP_/CLK (sky130_fd_sc_hd__edfxtp_1)
   0.42    0.73 v dpath.b_reg.out[0]$_DFFE_PP_/Q (sky130_fd_sc_hd__edfxtp_1)
   0.16    0.89 v _174_/Y (sky130_fd_sc_hd__nor2b_4)
   0.33    1.22 v _178_/X (sky130_fd_sc_hd__maj3_2)
   0.37    1.59 v _185_/X (sky130_fd_sc_hd__maj3_4)
   0.17    1.76 ^ _187_/Y (sky130_fd_sc_hd__a21oi_4)
   0.09    1.85 v _207_/Y (sky130_fd_sc_hd__a21oi_4)
   0.26    2.11 ^ _254_/Y (sky130_fd_sc_hd__a2111oi_4)
   0.19    2.30 ^ rebuffer382/X (sky130_fd_sc_hd__buf_4)
   0.05    2.35 v _257_/Y (sky130_fd_sc_hd__a2111oi_4)
   0.40    2.74 ^ _271_/Y (sky130_fd_sc_hd__a2111oi_4)
   0.21    2.95 ^ rebuffer208/X (sky130_fd_sc_hd__buf_4)
   0.14    3.09 v _274_/Y (sky130_fd_sc_hd__o31ai_4)
   0.38    3.47 v _299_/X (sky130_fd_sc_hd__or3_1)
   0.18    3.65 ^ _301_/Y (sky130_fd_sc_hd__a31oi_1)
   0.00    3.65 ^ dpath.a_reg.out[13]$_DFFE_PP_/D (sky130_fd_sc_hd__edfxtp_1)
           3.65   data arrival time

   1.10    1.10   clock core_clock (rise edge)
   0.00    1.10   clock source latency
   0.00    1.10 ^ clk (in)
   0.13    1.23 ^ clkbuf_0_clk/X (sky130_fd_sc_hd__clkbuf_8)
   0.16    1.39 ^ clkbuf_2_3__f_clk/X (sky130_fd_sc_hd__clkbuf_8)
   0.00    1.40 ^ dpath.a_reg.out[13]$_DFFE_PP_/CLK (sky130_fd_sc_hd__edfxtp_1)
   0.00    1.40   clock reconvergence pessimism
  -0.16    1.23   library setup time
           1.23   data required time
---------------------------------------------------------
           1.23   data required time
          -3.65   data arrival time
---------------------------------------------------------
          -2.42   slack (VIOLATED)



==========================================================================
global route report_checks -path_delay min reg to reg
--------------------------------------------------------------------------
Startpoint: ctrl.state.out[1]$_DFF_P_
            (rising edge-triggered flip-flop clocked by core_clock)
Endpoint: ctrl.state.out[1]$_DFF_P_
          (rising edge-triggered flip-flop clocked by core_clock)
Path Group: core_clock
Path Type: min

  Delay    Time   Description
---------------------------------------------------------
   0.00    0.00   clock core_clock (rise edge)
   0.00    0.00   clock source latency
   0.00    0.00 ^ clk (in)
   0.13    0.13 ^ clkbuf_0_clk/X (sky130_fd_sc_hd__clkbuf_8)
   0.18    0.31 ^ clkbuf_2_0__f_clk/X (sky130_fd_sc_hd__clkbuf_8)
   0.00    0.31 ^ ctrl.state.out[1]$_DFF_P_/CLK (sky130_fd_sc_hd__dfxtp_1)
   0.33    0.64 v ctrl.state.out[1]$_DFF_P_/Q (sky130_fd_sc_hd__dfxtp_1)
   0.11    0.74 ^ _168_/Y (sky130_fd_sc_hd__o21ai_0)
   0.07    0.82 v _170_/Y (sky130_fd_sc_hd__a21oi_2)
   0.00    0.82 v ctrl.state.out[1]$_DFF_P_/D (sky130_fd_sc_hd__dfxtp_1)
           0.82   data arrival time

   0.00    0.00   clock core_clock (rise edge)
   0.00    0.00   clock source latency
   0.00    0.00 ^ clk (in)
   0.13    0.13 ^ clkbuf_0_clk/X (sky130_fd_sc_hd__clkbuf_8)
   0.18    0.31 ^ clkbuf_2_0__f_clk/X (sky130_fd_sc_hd__clkbuf_8)
   0.00    0.31 ^ ctrl.state.out[1]$_DFF_P_/CLK (sky130_fd_sc_hd__dfxtp_1)
   0.00    0.31   clock reconvergence pessimism
  -0.03    0.28   library hold time
           0.28   data required time
---------------------------------------------------------
           0.28   data required time
          -0.82   data arrival time
---------------------------------------------------------
           0.54   slack (MET)



==========================================================================
global route critical path target clock latency max path
--------------------------------------------------------------------------
0.3104

==========================================================================
global route critical path target clock latency min path
--------------------------------------------------------------------------
0.3104

==========================================================================
global route critical path source clock latency min path
--------------------------------------------------------------------------
0.0000

==========================================================================
global route critical path delay
--------------------------------------------------------------------------
3.6542

==========================================================================
global route critical path slack
--------------------------------------------------------------------------
-2.4224

==========================================================================
global route slack div critical path delay
--------------------------------------------------------------------------
-66.290843

==========================================================================
global route report_power
--------------------------------------------------------------------------
Group                  Internal  Switching    Leakage      Total
                          Power      Power      Power      Power (Watts)
----------------------------------------------------------------
Sequential             1.65e-03   1.40e-04   3.52e-10   1.79e-03  25.5%
Combinational          2.37e-03   1.85e-03   1.48e-09   4.21e-03  59.9%
Clock                  4.45e-04   5.80e-04   4.12e-11   1.02e-03  14.6%
Macro                  0.00e+00   0.00e+00   0.00e+00   0.00e+00   0.0%
Pad                    0.00e+00   0.00e+00   0.00e+00   0.00e+00   0.0%
----------------------------------------------------------------
Total                  4.46e-03   2.57e-03   1.87e-09   7.03e-03 100.0%
                          63.5%      36.5%       0.0%
