OpenROAD v2.0-28015-g701085d1e5 
Features included (+) or not (-): +GPU +GUI +Python
This program is licensed under the BSD-3 license. See the LICENSE file for details.
Components of this program may be licensed under more restrictive licenses which must be honored.
[INFO ORD-0030] Using 64 thread(s).
source ./platforms/asap7/liberty_suppressions.tcl
read_liberty ./platforms/asap7/lib/NLDM/asap7sc7p5t_AO_RVT_FF_nldm_211120.lib.gz
read_liberty ./platforms/asap7/lib/NLDM/asap7sc7p5t_INVBUF_RVT_FF_nldm_220122.lib.gz
read_liberty ./platforms/asap7/lib/NLDM/asap7sc7p5t_OA_RVT_FF_nldm_211120.lib.gz
read_liberty ./platforms/asap7/lib/NLDM/asap7sc7p5t_SIMPLE_RVT_FF_nldm_211120.lib.gz
read_liberty ./platforms/asap7/lib/NLDM/asap7sc7p5t_SEQ_RVT_FF_nldm_220123.lib
[INFO ODB-0227] LEF file: ./platforms/asap7/lef/asap7_tech_1x_201209.lef, created 30 layers, 9 vias
[INFO ODB-0227] LEF file: ./platforms/asap7/lef/asap7sc7p5t_28_R_1x_220121a.lef, created 212 library cells
link_design aes_cipher_top
source ./platforms/asap7/setRC.tcl
write_db ./results/asap7/aes/base/1_synth.odb
write_sdc -no_timestamp ./results/asap7/aes/base/1_synth.sdc
Elapsed time: 0:01.03[h:]min:sec. CPU time: user 0.97 sys 0.07 (100%). Peak memory: 233700KB.
Log                        Elapsed/s Peak Memory/MB  sha1sum .odb [0:20)
1_synth                            1            228 b589bb813a92f804a524
