OpenROAD v2.0-28015-g701085d1e5 
Features included (+) or not (-): +GPU +GUI +Python
This program is licensed under the BSD-3 license. See the LICENSE file for details.
Components of this program may be licensed under more restrictive licenses which must be honored.
[INFO ORD-0030] Using 64 thread(s).
source ./platforms/asap7/liberty_suppressions.tcl
read_liberty ./platforms/asap7/lib/NLDM/asap7sc7p5t_AO_RVT_FF_nldm_211120.lib.gz
read_liberty ./platforms/asap7/lib/NLDM/asap7sc7p5t_INVBUF_RVT_FF_nldm_220122.lib.gz
read_liberty ./platforms/asap7/lib/NLDM/asap7sc7p5t_OA_RVT_FF_nldm_211120.lib.gz
read_liberty ./platforms/asap7/lib/NLDM/asap7sc7p5t_SIMPLE_RVT_FF_nldm_211120.lib.gz
read_liberty ./platforms/asap7/lib/NLDM/asap7sc7p5t_SEQ_RVT_FF_nldm_220123.lib
read_db ./results/asap7/aes/base/3_4_place_resized.odb
source ./platforms/asap7/setRC.tcl
Placement Analysis
---------------------------------
total displacement       3448.0 u
average displacement        0.2 u
max displacement            0.9 u
original HPWL           52831.6 u
legalized HPWL          55411.6 u
delta HPWL                    5 %

Detailed placement improvement.
[INFO DPL-0401] Setting random seed to 1.
[INFO DPL-0402] Setting maximum displacement 5 1 to 1350 270 units.
[INFO DPL-0320] Collected 1107 fixed cells.
[INFO DPL-0318] Collected 17218 single height cells.
[INFO DPL-0321] Collected 0 wide cells.
[INFO DPL-0322] Image (2052, 2160) - (66852, 66690)
[INFO DPL-0310] Assigned 17218 cells into segments.  Movement in X-direction is 0.000000, movement in Y-direction is 0.000000.
[INFO DPL-0313] Found 0 cells in wrong regions.
[INFO DPL-0315] Found 0 row alignment problems.
[INFO DPL-0314] Found 0 site alignment problems.
[INFO DPL-0311] Found 0 overlaps between adjacent cells.
[INFO DPL-0312] Found 0 edge spacing violations and 0 padding violations.
[INFO DPL-0303] Running algorithm for independent set matching.
[INFO DPL-0300] Set matching objective is wirelength.
[INFO DPL-0301] Pass   1 of matching; objective is 5.539574e+07.
[INFO DPL-0302] End of matching; objective is 5.536625e+07, improvement is 0.05 percent.
[INFO DPL-0303] Running algorithm for global swaps.
[INFO DPL-0306] Pass   1 of global swaps; hpwl is 5.479866e+07.
[INFO DPL-0306] Pass   2 of global swaps; hpwl is 5.465855e+07.
[INFO DPL-0307] End of global swaps; objective is 5.465855e+07, improvement is 1.28 percent.
[INFO DPL-0303] Running algorithm for vertical swaps.
[INFO DPL-0308] Pass   1 of vertical swaps; hpwl is 5.451150e+07.
[INFO DPL-0309] End of vertical swaps; objective is 5.451150e+07, improvement is 0.27 percent.
[INFO DPL-0303] Running algorithm for reordering.
[INFO DPL-0304] Pass   1 of reordering; objective is 5.438110e+07.
[INFO DPL-0305] End of reordering; objective is 5.438110e+07, improvement is 0.24 percent.
[INFO DPL-0303] Running algorithm for random improvement.
[INFO DPL-0324] Random improver is using random generator.
[INFO DPL-0325] Random improver is using hpwl objective.
[INFO DPL-0326] Random improver cost string is (a).
[INFO DPL-0332] End of pass, Generator random called 344360 times.
[INFO DPL-0335] Generator random, Cumulative attempts 344360, swaps 70741, moves 71230 since last reset.
[INFO DPL-0333] End of pass, Objective hpwl, Initial cost 5.422612e+07, Scratch cost 5.372295e+07, Incremental cost 5.372295e+07, Mismatch? N
[INFO DPL-0338] End of pass, Total cost is 5.372295e+07.
[INFO DPL-0327] Pass   1 of random improver; improvement in cost is 0.93 percent.
[INFO DPL-0328] End of random improver; improvement is 0.927905 percent.
[INFO DPL-0380] Cell flipping.
[INFO DPL-0382] Changed 0 cell orientations for row compatibility.
[INFO DPL-0383] Performed 5201 cell flips.
[INFO DPL-0384] End of flipping; objective is 5.315831e+07, improvement is 1.34 percent.
[INFO DPL-0313] Found 0 cells in wrong regions.
[INFO DPL-0315] Found 0 row alignment problems.
[INFO DPL-0314] Found 0 site alignment problems.
[INFO DPL-0311] Found 0 overlaps between adjacent cells.
[INFO DPL-0312] Found 0 edge spacing violations and 0 padding violations.
Detailed Improvement Results
------------------------------------------
Original HPWL            55411.6 u (   27747.8,    27663.9)
Final HPWL               53096.2 u (   26369.8,    26726.4)
Delta HPWL                  -4.2 % (      -5.0,       -3.4)

[INFO DPL-0020] Mirrored 5727 instances
[INFO DPL-0021] HPWL before           53096.2 u
[INFO DPL-0022] HPWL after            53059.0 u
[INFO DPL-0023] HPWL delta               -0.1 %
[INFO FLW-0012] Placement violations .
estimate_parasitics -placement
Report metrics stage 3, detailed place...

==========================================================================
detailed place report_design_area
--------------------------------------------------------------------------
Design area 1859 um^2 44% utilization.
write_db ./results/asap7/aes/base/3_5_place_dp.odb
Elapsed time: 0:06.34[h:]min:sec. CPU time: user 8.20 sys 9.50 (278%). Peak memory: 294672KB.
Log                        Elapsed/s Peak Memory/MB  sha1sum .odb [0:20)
3_5_place_dp                       6            287 a27cdfe8184bc093b366
