OpenROAD v2.0-28015-g701085d1e5 
Features included (+) or not (-): +GPU +GUI +Python
This program is licensed under the BSD-3 license. See the LICENSE file for details.
Components of this program may be licensed under more restrictive licenses which must be honored.
[INFO ORD-0030] Using 64 thread(s).
source ./platforms/asap7/liberty_suppressions.tcl
read_liberty ./platforms/asap7/lib/NLDM/asap7sc7p5t_AO_RVT_FF_nldm_211120.lib.gz
read_liberty ./platforms/asap7/lib/NLDM/asap7sc7p5t_INVBUF_RVT_FF_nldm_220122.lib.gz
read_liberty ./platforms/asap7/lib/NLDM/asap7sc7p5t_OA_RVT_FF_nldm_211120.lib.gz
read_liberty ./platforms/asap7/lib/NLDM/asap7sc7p5t_SIMPLE_RVT_FF_nldm_211120.lib.gz
read_liberty ./platforms/asap7/lib/NLDM/asap7sc7p5t_SEQ_RVT_FF_nldm_220123.lib
read_db ./results/asap7/aes/base/3_place.odb
source ./platforms/asap7/setRC.tcl
clock_tree_synthesis -sink_clustering_enable -repair_clock_nets
[INFO CTS-0050] Root buffer is BUFx16f_ASAP7_75t_R.
[INFO CTS-0051] Sink buffer is BUFx24_ASAP7_75t_R.
[INFO CTS-0052] The following clock buffers will be used for CTS:
                    BUFx16f_ASAP7_75t_R
                    BUFx24_ASAP7_75t_R
[INFO CTS-0049] Characterization buffer is BUFx24_ASAP7_75t_R.
[INFO CTS-0007] Net "clk" found for clock "clk".
[INFO CTS-0010]  Clock net "clk" has 562 sinks.
[INFO CTS-0008] TritonCTS found 1 clock nets.
[INFO CTS-0097] Characterization used 2 buffer(s) types.
[INFO CTS-0201] 0 blockages from hard placement blockages and placed macros will be used.
[INFO CTS-0027] Generating H-Tree topology for net clk.
[INFO CTS-0028]  Total number of sinks: 562.
[INFO CTS-0090]  Sinks will be clustered based on buffer max cap.
[INFO CTS-0030]  Number of static layers: 0.
[INFO CTS-0020]  Wire segment unit: 1350  dbu (1 um).
[INFO CTS-0206] Best clustering solution was found from clustering size of 10 and clustering diameter of 50.
[INFO CTS-0019]  Total number of sinks after clustering: 35.
[INFO CTS-0024]  Normalized sink region: [(3.49111, 3.87778), (48.4845, 46.9222)].
[INFO CTS-0025]     Width:  44.9934.
[INFO CTS-0026]     Height: 43.0444.
 Level 1
    Direction: Horizontal
    Sinks per sub-region: 18
    Sub-region size: 22.4967 X 43.0444
[INFO CTS-0034]     Segment length (rounded): 12.
 Level 2
    Direction: Vertical
    Sinks per sub-region: 9
    Sub-region size: 22.4967 X 21.5222
[INFO CTS-0034]     Segment length (rounded): 10.
[INFO CTS-0032]  Stop criterion found. Max number of sinks is 15.
[INFO CTS-0035]  Number of sinks covered: 35.
[INFO CTS-0018]     Created 40 clock buffers.
[INFO CTS-0012]     Minimum number of buffers in the clock path: 3.
[INFO CTS-0013]     Maximum number of buffers in the clock path: 3.
[INFO CTS-0015]     Created 40 clock nets.
[INFO CTS-0016]     Fanout distribution for the current clock = 8:1, 9:3, 10:1, 11:4, 13:6, 14:1, 15:5, 16:2, 17:3, 18:5, 19:2, 20:1, 21:2, 22:2, 24:1..
[INFO CTS-0017]     Max level of the clock tree: 2.
[INFO CTS-0098] Clock net "clk"
[INFO CTS-0099]  Sinks 594
[INFO CTS-0100]  Leaf buffers 35
[INFO CTS-0101]  Average sink wire length 95.32 um
[INFO CTS-0102]  Path depth 2 - 3
[INFO CTS-0207]  Dummy loads inserted 32
estimate_parasitics -placement
Placement Analysis
---------------------------------
total displacement        154.5 u
average displacement        0.0 u
max displacement            1.2 u
original HPWL           53859.8 u
legalized HPWL          54821.6 u
delta HPWL                    2 %

estimate_parasitics -placement
repair_timing -setup_margin 0 -hold_margin 0 -repair_tns 100 -verbose
[INFO RSZ-0100] Repair move sequence: UnbufferMove SizeUpMove SwapPinsMove BufferMove CloneMove SplitLoadMove 
[INFO RSZ-0094] Found 146 endpoints with setup violations.
[INFO RSZ-0099] Repairing 146 out of 146 (100.00%) violating endpoints...
   Iter   | Removed | Resized | Inserted | Cloned |  Pin  |   Area   |    WNS   |   TNS      |  Viol  | Worst
          | Buffers |  Gates  | Buffers  |  Gates | Swaps |          |          |            | Endpts | Endpt
--------------------------------------------------------------------------------------------------------------
        0 |       0 |       0 |        0 |      0 |     0 |    +0.0% |  -49.099 |    -2321.4 |    146 | sa12_sr[0]$_DFF_P_/D
       10 |       0 |       4 |        2 |      0 |     3 |    +0.0% |  -32.055 |    -2230.1 |    146 | sa12_sr[1]$_DFF_P_/D
       20 |       0 |       8 |        6 |      0 |     6 |    +0.0% |  -27.679 |    -2011.9 |    146 | sa31_sr[1]$_DFF_P_/D
       30 |       0 |      12 |        9 |      1 |     8 |    +0.1% |  -26.378 |    -1966.7 |    146 | sa10_sr[0]$_DFF_P_/D
       40 |       0 |      14 |       10 |      1 |    15 |    +0.1% |  -25.021 |    -1904.7 |    146 | sa22_sr[0]$_DFF_P_/D
       47 |       0 |      16 |       11 |      1 |    16 |    +0.1% |  -24.530 |    -1868.0 |    146 | sa31_sr[1]$_DFF_P_/D
       48 |       0 |      16 |       11 |      1 |    16 |    +0.1% |  -24.530 |    -1868.0 |    146 | sa31_sr[1]$_DFF_P_/D
       50 |       0 |      17 |       11 |      1 |    16 |    +0.1% |  -24.530 |    -1864.7 |    146 | sa31_sr[1]$_DFF_P_/D
       60 |       0 |      22 |       15 |      1 |    18 |    +0.1% |  -24.530 |    -1852.9 |    145 | sa31_sr[1]$_DFF_P_/D
       60 |       0 |      22 |       15 |      1 |    18 |    +0.1% |  -24.530 |    -1852.9 |    144 | sa31_sr[1]$_DFF_P_/D
       65 |       0 |      22 |       15 |      1 |    18 |    +0.1% |  -24.530 |    -1852.9 |    144 | sa31_sr[1]$_DFF_P_/D
       70 |       0 |      25 |       16 |      1 |    18 |    +0.1% |  -24.530 |    -1762.3 |    144 | sa31_sr[1]$_DFF_P_/D
       72 |       0 |      25 |       18 |      1 |    19 |    +0.1% |  -24.530 |    -1726.7 |    142 | sa31_sr[1]$_DFF_P_/D
       80 |       0 |      28 |       21 |      1 |    21 |    +0.2% |  -26.152 |    -1730.9 |    142 | sa31_sr[1]$_DFF_P_/D
       90 |       1 |      29 |       22 |      1 |    28 |    +0.2% |  -26.152 |    -1729.1 |    142 | sa31_sr[1]$_DFF_P_/D
       96 |       0 |      26 |       21 |      1 |    19 |    +0.1% |  -24.530 |    -1707.6 |    142 | sa31_sr[1]$_DFF_P_/D
      100 |       0 |      28 |       22 |      1 |    19 |    +0.2% |  -25.870 |    -1709.3 |    142 | sa31_sr[1]$_DFF_P_/D
      110 |       0 |      29 |       24 |      1 |    27 |    +0.2% |  -30.248 |    -1727.9 |    142 | sa31_sr[1]$_DFF_P_/D
      114 |       0 |      26 |       22 |      1 |    19 |    +0.2% |  -24.530 |    -1709.3 |    142 | sa31_sr[1]$_DFF_P_/D
      120 |       0 |      29 |       23 |      1 |    20 |    +0.2% |  -24.530 |    -1686.8 |    142 | sa31_sr[1]$_DFF_P_/D
      130 |       0 |      33 |       24 |      1 |    25 |    +0.2% |  -24.530 |    -1686.7 |    142 | sa31_sr[1]$_DFF_P_/D
      140 |       0 |      37 |       24 |      1 |    31 |    +0.2% |  -24.530 |    -1681.7 |    142 | sa31_sr[1]$_DFF_P_/D
      145 |       0 |      31 |       23 |      1 |    22 |    +0.2% |  -24.530 |    -1656.2 |    142 | sa31_sr[1]$_DFF_P_/D
      150 |       0 |      34 |       24 |      1 |    22 |    +0.2% |  -24.530 |    -1652.9 |    142 | sa31_sr[1]$_DFF_P_/D
      160 |       0 |      34 |       29 |      1 |    29 |    +0.2% |  -24.530 |    -1652.3 |    142 | sa31_sr[1]$_DFF_P_/D
      164 |       0 |      34 |       28 |      1 |    22 |    +0.2% |  -24.530 |    -1651.1 |    142 | sa31_sr[1]$_DFF_P_/D
      170 |       0 |      35 |       30 |      1 |    25 |    +0.2% |  -24.530 |    -1632.9 |    142 | sa31_sr[1]$_DFF_P_/D
      180 |       0 |      38 |       34 |      1 |    29 |    +0.2% |  -24.530 |    -1631.5 |    142 | sa31_sr[1]$_DFF_P_/D
      188 |       0 |      39 |       36 |      1 |    30 |    +0.2% |  -24.219 |    -1621.9 |    142 | sa21_sr[0]$_DFF_P_/D
      190 |       0 |      40 |       36 |      1 |    30 |    +0.2% |  -24.219 |    -1587.4 |    142 | sa21_sr[0]$_DFF_P_/D
      200 |       0 |      45 |       40 |      1 |    32 |    +0.3% |  -24.219 |    -1546.5 |    142 | sa21_sr[0]$_DFF_P_/D
      210 |       0 |      49 |       42 |      1 |    36 |    +0.3% |  -24.219 |    -1538.2 |    142 | sa21_sr[0]$_DFF_P_/D
      220 |       0 |      51 |       44 |      1 |    42 |    +0.3% |  -24.219 |    -1531.9 |    142 | sa21_sr[0]$_DFF_P_/D
      222 |       0 |      52 |       44 |      1 |    43 |    +0.3% |  -24.219 |    -1531.4 |    142 | sa21_sr[0]$_DFF_P_/D
      230 |       0 |      56 |       47 |      1 |    44 |    +0.3% |  -24.219 |    -1512.1 |    142 | sa21_sr[0]$_DFF_P_/D
      240 |       0 |      58 |       49 |      1 |    50 |    +0.4% |  -24.219 |    -1517.7 |    142 | sa21_sr[0]$_DFF_P_/D
      249 |       0 |      60 |       51 |      1 |    55 |    +0.4% |  -24.219 |    -1513.3 |    142 | sa21_sr[0]$_DFF_P_/D
      250 |       0 |      60 |       51 |      1 |    55 |    +0.4% |  -24.219 |    -1513.3 |    142 | sa21_sr[0]$_DFF_P_/D
      260 |       0 |      67 |       53 |      1 |    56 |    +0.4% |  -24.219 |    -1496.9 |    142 | sa21_sr[0]$_DFF_P_/D
      270 |       0 |      71 |       60 |      1 |    57 |    +0.4% |  -24.219 |    -1494.8 |    142 | sa21_sr[0]$_DFF_P_/D
      280 |       0 |      73 |       64 |      1 |    62 |    +0.4% |  -24.219 |    -1485.3 |    142 | sa21_sr[0]$_DFF_P_/D
      283 |       0 |      73 |       65 |      1 |    63 |    +0.5% |  -24.219 |    -1486.1 |    142 | sa21_sr[0]$_DFF_P_/D
      285 |       0 |      74 |       65 |      1 |    63 |    +0.5% |  -24.219 |    -1482.9 |    140 | sa21_sr[0]$_DFF_P_/D
      290 |       0 |      76 |       66 |      1 |    64 |    +0.5% |  -25.702 |    -1507.0 |    140 | sa31_sr[1]$_DFF_P_/D
      300 |       1 |      81 |       67 |      1 |    67 |    +0.5% |  -25.702 |    -1488.3 |    140 | sa31_sr[1]$_DFF_P_/D
      310 |       1 |      84 |       71 |      1 |    70 |    +0.5% |  -25.702 |    -1477.0 |    140 | sa31_sr[1]$_DFF_P_/D
      320 |       2 |      89 |       71 |      1 |    74 |    +0.5% |  -25.702 |    -1452.3 |    140 | sa31_sr[1]$_DFF_P_/D
      330 |       2 |      90 |       74 |      1 |    80 |    +0.5% |  -25.702 |    -1457.1 |    140 | sa31_sr[1]$_DFF_P_/D
      331 |       0 |      74 |       65 |      1 |    63 |    +0.5% |  -24.219 |    -1482.9 |    140 | sa21_sr[0]$_DFF_P_/D
      332 |       0 |      74 |       65 |      1 |    63 |    +0.5% |  -24.219 |    -1482.9 |    139 | sa21_sr[0]$_DFF_P_/D
      333 |       0 |      74 |       65 |      1 |    63 |    +0.5% |  -24.219 |    -1482.9 |    138 | sa21_sr[0]$_DFF_P_/D
      340 |       0 |      76 |       66 |      1 |    66 |    +0.5% |  -24.219 |    -1441.7 |    138 | sa21_sr[0]$_DFF_P_/D
      350 |       0 |      80 |       67 |      1 |    71 |    +0.5% |  -24.219 |    -1399.9 |    138 | sa21_sr[0]$_DFF_P_/D
      355 |       0 |      80 |       67 |      1 |    69 |    +0.5% |  -24.219 |    -1395.6 |    138 | sa21_sr[0]$_DFF_P_/D
      360 |       0 |      81 |       69 |      1 |    70 |    +0.5% |  -24.219 |    -1389.4 |    138 | sa21_sr[0]$_DFF_P_/D
      370 |       1 |      83 |       70 |      1 |    76 |    +0.5% |  -24.219 |    -1355.5 |    138 | sa21_sr[0]$_DFF_P_/D
      371 |       0 |      81 |       69 |      1 |    69 |    +0.5% |  -24.219 |    -1386.5 |    138 | sa21_sr[0]$_DFF_P_/D
      380 |       1 |      83 |       70 |      1 |    73 |    +0.5% |  -24.219 |    -1363.7 |    138 | sa21_sr[0]$_DFF_P_/D
      383 |       1 |      84 |       72 |      1 |    73 |    +0.5% |  -24.219 |    -1355.2 |    138 | sa21_sr[0]$_DFF_P_/D
      390 |       1 |      87 |       73 |      1 |    75 |    +0.5% |  -23.906 |    -1254.1 |    138 | u0.u1.d[1]$_DFF_P_/D
      400 |       1 |      92 |       76 |      1 |    77 |    +0.5% |  -23.906 |    -1246.2 |    138 | u0.u1.d[1]$_DFF_P_/D
      410 |       1 |      98 |       76 |      2 |    80 |    +0.6% |  -23.906 |    -1245.6 |    138 | u0.u1.d[1]$_DFF_P_/D
      420 |       1 |     102 |       81 |      3 |    82 |    +0.6% |  -23.906 |    -1254.0 |    138 | u0.u1.d[1]$_DFF_P_/D
      425 |       1 |     103 |       82 |      3 |    85 |    +0.6% |  -23.906 |    -1246.7 |    136 | u0.u1.d[1]$_DFF_P_/D
      430 |       1 |     107 |       82 |      3 |    85 |    +0.6% |  -23.212 |    -1149.0 |    136 | sa03_sr[7]$_DFF_P_/D
      440 |       1 |     110 |       87 |      3 |    87 |    +0.6% |  -23.212 |    -1140.6 |    136 | sa03_sr[7]$_DFF_P_/D
      441 |       1 |     110 |       88 |      3 |    87 |    +0.6% |  -23.212 |    -1138.5 |    134 | sa03_sr[7]$_DFF_P_/D
      450 |       1 |     112 |       90 |      3 |    91 |    +0.7% |  -23.212 |    -1196.4 |    134 | sa03_sr[7]$_DFF_P_/D
      451 |       1 |     112 |       90 |      3 |    89 |    +0.7% |  -23.212 |    -1195.8 |    134 | sa03_sr[7]$_DFF_P_/D
      460 |       1 |     116 |       92 |      3 |    91 |    +0.7% |  -23.212 |    -1172.6 |    133 | sa03_sr[7]$_DFF_P_/D
      460 |       1 |     116 |       92 |      3 |    91 |    +0.7% |  -23.212 |    -1172.6 |    132 | sa03_sr[7]$_DFF_P_/D
      468 |       1 |     116 |       93 |      3 |    96 |    +0.7% |  -23.212 |    -1174.0 |    132 | sa03_sr[7]$_DFF_P_/D
      469 |       1 |     116 |       93 |      3 |    96 |    +0.7% |  -23.212 |    -1174.0 |    131 | sa03_sr[7]$_DFF_P_/D
      470 |       1 |     116 |       93 |      3 |    96 |    +0.7% |  -23.212 |    -1174.0 |    131 | sa03_sr[7]$_DFF_P_/D
      480 |       1 |     123 |       93 |      3 |    99 |    +0.7% |  -22.279 |    -1082.3 |    131 | sa31_sr[1]$_DFF_P_/D
      490 |       1 |     125 |       94 |      3 |   106 |    +0.7% |  -22.279 |    -1088.6 |    131 | sa31_sr[1]$_DFF_P_/D
      500 |       1 |     129 |       96 |      4 |   109 |    +0.7% |  -22.279 |    -1085.0 |    130 | sa31_sr[1]$_DFF_P_/D
      500 |       1 |     129 |       96 |      4 |   109 |    +0.7% |  -22.279 |    -1085.0 |    129 | sa31_sr[1]$_DFF_P_/D
      510 |       1 |     131 |       98 |      4 |   114 |    +0.7% |  -22.921 |    -1087.1 |    129 | sa31_sr[1]$_DFF_P_/D
      511 |       1 |     129 |       98 |      4 |   112 |    +0.7% |  -21.801 |    -1087.3 |    129 | sa31_sr[1]$_DFF_P_/D
      519 |       1 |     132 |       98 |      4 |   114 |    +0.7% |  -21.801 |    -1078.9 |    129 | sa31_sr[1]$_DFF_P_/D
      520 |       1 |     132 |       98 |      4 |   114 |    +0.7% |  -21.801 |    -1078.9 |    129 | sa31_sr[1]$_DFF_P_/D
      524 |       1 |     132 |       98 |      4 |   114 |    +0.7% |  -21.801 |    -1078.9 |    129 | sa31_sr[1]$_DFF_P_/D
      530 |       1 |     133 |      104 |      4 |   116 |    +0.8% |  -21.801 |    -1069.7 |    129 | sa31_sr[1]$_DFF_P_/D
      538 |       1 |     134 |      107 |      4 |   121 |    +0.8% |  -21.801 |    -1070.6 |    129 | sa31_sr[1]$_DFF_P_/D
      540 |       1 |     135 |      107 |      4 |   121 |    +0.8% |  -21.801 |    -1071.0 |    129 | sa31_sr[1]$_DFF_P_/D
      550 |       1 |     140 |      107 |      4 |   126 |    +0.8% |  -21.801 |    -1037.6 |    129 | sa31_sr[1]$_DFF_P_/D
      551 |       1 |     141 |      107 |      4 |   126 |    +0.8% |  -21.801 |    -1033.2 |    129 | sa31_sr[1]$_DFF_P_/D
      560 |       1 |     144 |      108 |      4 |   130 |    +0.8% |  -21.801 |    -1039.7 |    129 | sa31_sr[1]$_DFF_P_/D
      569 |       2 |     146 |      109 |      5 |   130 |    +0.8% |  -21.801 |    -1043.4 |    129 | sa31_sr[1]$_DFF_P_/D
      570 |       2 |     146 |      109 |      5 |   130 |    +0.8% |  -21.801 |    -1043.4 |    129 | sa31_sr[1]$_DFF_P_/D
      580 |       2 |     146 |      113 |      5 |   136 |    +0.8% |  -21.801 |    -1047.1 |    129 | sa31_sr[1]$_DFF_P_/D
      588 |       2 |     146 |      113 |      5 |   134 |    +0.8% |  -21.801 |    -1041.0 |    129 | sa31_sr[1]$_DFF_P_/D
      590 |       2 |     147 |      113 |      5 |   134 |    +0.8% |  -22.448 |    -1039.7 |    129 | sa01_sr[1]$_DFF_P_/D
      600 |       2 |     151 |      119 |      5 |   137 |    +0.9% |  -21.801 |    -1014.0 |    129 | sa31_sr[1]$_DFF_P_/D
      610 |       2 |     152 |      124 |      5 |   142 |    +0.9% |  -21.801 |    -1012.1 |    129 | sa31_sr[1]$_DFF_P_/D
      620 |       2 |     154 |      125 |      5 |   149 |    +0.9% |  -21.801 |    -1013.5 |    129 | sa31_sr[1]$_DFF_P_/D
      621 |       2 |     152 |      121 |      5 |   138 |    +0.9% |  -21.801 |    -1004.7 |    129 | sa31_sr[1]$_DFF_P_/D
      622 |       2 |     152 |      121 |      5 |   138 |    +0.9% |  -21.801 |    -1004.7 |    128 | sa31_sr[1]$_DFF_P_/D
      630 |       2 |     153 |      123 |      5 |   142 |    +0.9% |  -21.801 |    -1009.5 |    128 | sa31_sr[1]$_DFF_P_/D
      634 |       2 |     153 |      126 |      5 |   143 |    +0.9% |  -21.801 |    -1006.4 |    128 | sa31_sr[1]$_DFF_P_/D
      640 |       2 |     154 |      128 |      5 |   145 |    +0.9% |  -21.801 |    -1002.3 |    128 | sa31_sr[1]$_DFF_P_/D
      645 |       2 |     156 |      128 |      5 |   148 |    +0.9% |  -21.801 |    -1003.3 |    128 | sa31_sr[1]$_DFF_P_/D
      648 |       2 |     156 |      129 |      5 |   149 |    +0.9% |  -21.801 |     -911.0 |    126 | sa31_sr[1]$_DFF_P_/D
      650 |       2 |     157 |      129 |      5 |   149 |    +0.9% |  -21.801 |     -911.5 |    126 | sa31_sr[1]$_DFF_P_/D
      656 |       2 |     158 |      129 |      5 |   152 |    +0.9% |  -21.801 |     -907.9 |    126 | sa31_sr[1]$_DFF_P_/D
      658 |       2 |     159 |      129 |      5 |   152 |    +0.9% |  -21.801 |     -904.0 |    124 | sa31_sr[1]$_DFF_P_/D
      660 |       2 |     159 |      129 |      5 |   153 |    +0.9% |  -21.801 |     -898.2 |    124 | sa31_sr[1]$_DFF_P_/D
      663 |       2 |     160 |      130 |      5 |   153 |    +1.0% |  -21.801 |     -892.2 |    123 | sa31_sr[1]$_DFF_P_/D
      668 |       2 |     160 |      133 |      5 |   155 |    +1.0% |  -21.801 |     -819.8 |    121 | sa31_sr[1]$_DFF_P_/D
      670 |       2 |     160 |      133 |      5 |   156 |    +1.0% |  -21.801 |     -831.2 |    121 | sa31_sr[1]$_DFF_P_/D
      679 |       2 |     163 |      137 |      5 |   158 |    +1.0% |  -21.801 |     -752.0 |    119 | sa31_sr[1]$_DFF_P_/D
      680 |       2 |     163 |      137 |      5 |   158 |    +1.0% |  -21.801 |     -752.0 |    119 | sa31_sr[1]$_DFF_P_/D
      683 |       2 |     163 |      137 |      5 |   158 |    +1.0% |  -21.801 |     -752.0 |    118 | sa31_sr[1]$_DFF_P_/D
      684 |       2 |     163 |      137 |      5 |   158 |    +1.0% |  -21.801 |     -752.0 |    117 | sa31_sr[1]$_DFF_P_/D
      690 |       2 |     163 |      138 |      5 |   162 |    +1.0% |  -21.801 |     -752.4 |    117 | sa31_sr[1]$_DFF_P_/D
      693 |       2 |     163 |      138 |      5 |   159 |    +1.0% |  -21.801 |     -749.8 |    117 | sa31_sr[1]$_DFF_P_/D
      700 |       2 |     163 |      141 |      5 |   162 |    +1.0% |  -21.801 |     -758.4 |    117 | sa31_sr[1]$_DFF_P_/D
      710 |       2 |     165 |      144 |      5 |   167 |    +1.0% |  -21.801 |     -758.1 |    117 | sa31_sr[1]$_DFF_P_/D
      710 |       2 |     163 |      141 |      5 |   160 |    +1.0% |  -21.801 |     -753.5 |    117 | sa31_sr[1]$_DFF_P_/D
      715 |       2 |     163 |      141 |      5 |   160 |    +1.0% |  -21.801 |     -753.5 |    116 | sa31_sr[1]$_DFF_P_/D
      718 |       2 |     163 |      141 |      5 |   160 |    +1.0% |  -21.801 |     -753.5 |    115 | sa31_sr[1]$_DFF_P_/D
      720 |       2 |     164 |      141 |      5 |   160 |    +1.0% |  -21.801 |     -748.9 |    115 | sa31_sr[1]$_DFF_P_/D
      730 |       2 |     168 |      142 |      5 |   165 |    +1.0% |  -21.801 |     -750.3 |    115 | sa31_sr[1]$_DFF_P_/D
      732 |       2 |     168 |      143 |      5 |   166 |    +1.0% |  -21.801 |     -749.0 |    115 | sa31_sr[1]$_DFF_P_/D
      737 |       2 |     168 |      143 |      5 |   166 |    +1.0% |  -21.801 |     -749.0 |    115 | sa31_sr[1]$_DFF_P_/D
      740 |       2 |     169 |      143 |      5 |   167 |    +1.0% |  -21.801 |     -752.4 |    115 | sa31_sr[1]$_DFF_P_/D
      741 |       2 |     169 |      144 |      5 |   167 |    +1.0% |  -21.801 |     -750.3 |    113 | sa31_sr[1]$_DFF_P_/D
      747 |       2 |     171 |      147 |      5 |   168 |    +1.1% |  -21.801 |     -748.1 |    111 | sa31_sr[1]$_DFF_P_/D
      749 |       2 |     171 |      147 |      5 |   169 |    +1.1% |  -21.801 |     -746.6 |    109 | sa31_sr[1]$_DFF_P_/D
      750 |       2 |     171 |      147 |      5 |   169 |    +1.1% |  -21.801 |     -746.6 |    109 | sa31_sr[1]$_DFF_P_/D
      752 |       2 |     173 |      147 |      5 |   169 |    +1.1% |  -21.801 |     -745.1 |    107 | sa31_sr[1]$_DFF_P_/D
      754 |       2 |     174 |      147 |      5 |   169 |    +1.1% |  -21.801 |     -740.1 |    105 | sa31_sr[1]$_DFF_P_/D
      760 |       2 |     177 |      148 |      5 |   170 |    +1.1% |  -21.801 |     -714.5 |    105 | sa31_sr[1]$_DFF_P_/D
      763 |       2 |     177 |      148 |      5 |   170 |    +1.1% |  -21.801 |     -714.5 |    105 | sa31_sr[1]$_DFF_P_/D
      766 |       2 |     179 |      148 |      5 |   170 |    +1.1% |  -21.801 |     -710.3 |    103 | sa31_sr[1]$_DFF_P_/D
      770 |       2 |     179 |      148 |      5 |   173 |    +1.1% |  -21.801 |     -714.7 |    103 | sa31_sr[1]$_DFF_P_/D
      771 |       2 |     179 |      148 |      5 |   171 |    +1.1% |  -21.801 |     -710.1 |    103 | sa31_sr[1]$_DFF_P_/D
      773 |       2 |     180 |      148 |      5 |   171 |    +1.1% |  -21.801 |     -709.7 |    101 | sa31_sr[1]$_DFF_P_/D
      774 |       2 |     180 |      148 |      5 |   171 |    +1.1% |  -21.801 |     -709.7 |    100 | sa31_sr[1]$_DFF_P_/D
      775 |       2 |     180 |      148 |      5 |   171 |    +1.1% |  -21.801 |     -709.7 |     99 | sa31_sr[1]$_DFF_P_/D
      778 |       2 |     180 |      148 |      5 |   171 |    +1.1% |  -21.801 |     -709.7 |     98 | sa31_sr[1]$_DFF_P_/D
      779 |       2 |     180 |      148 |      5 |   171 |    +1.1% |  -21.801 |     -709.7 |     97 | sa31_sr[1]$_DFF_P_/D
      780 |       2 |     180 |      148 |      5 |   171 |    +1.1% |  -21.801 |     -709.7 |     97 | sa31_sr[1]$_DFF_P_/D
      789 |       2 |     181 |      149 |      5 |   175 |    +1.1% |  -21.801 |     -735.5 |     97 | sa31_sr[1]$_DFF_P_/D
      790 |       2 |     181 |      149 |      5 |   175 |    +1.1% |  -21.801 |     -735.5 |     97 | sa31_sr[1]$_DFF_P_/D
      790 |       2 |     181 |      149 |      5 |   175 |    +1.1% |  -21.801 |     -735.5 |     96 | sa31_sr[1]$_DFF_P_/D
      791 |       2 |     181 |      149 |      5 |   175 |    +1.1% |  -21.801 |     -735.5 |     95 | sa31_sr[1]$_DFF_P_/D
      795 |       2 |     181 |      149 |      5 |   175 |    +1.1% |  -21.801 |     -735.5 |     94 | sa31_sr[1]$_DFF_P_/D
      799 |       2 |     181 |      149 |      5 |   175 |    +1.1% |  -21.801 |     -735.5 |     94 | sa31_sr[1]$_DFF_P_/D
      800 |       2 |     181 |      149 |      5 |   175 |    +1.1% |  -21.801 |     -735.5 |     94 | sa31_sr[1]$_DFF_P_/D
      807 |       2 |     182 |      150 |      5 |   180 |    +1.1% |  -21.801 |     -722.3 |     92 | sa31_sr[1]$_DFF_P_/D
      810 |       2 |     183 |      150 |      5 |   181 |    +1.1% |  -21.801 |     -719.5 |     91 | sa31_sr[1]$_DFF_P_/D
      810 |       2 |     183 |      150 |      5 |   181 |    +1.1% |  -21.801 |     -719.5 |     90 | sa31_sr[1]$_DFF_P_/D
      811 |       2 |     183 |      150 |      5 |   181 |    +1.1% |  -21.801 |     -719.5 |     89 | sa31_sr[1]$_DFF_P_/D
      816 |       2 |     183 |      150 |      5 |   181 |    +1.1% |  -21.801 |     -719.5 |     89 | sa31_sr[1]$_DFF_P_/D
      818 |       2 |     183 |      152 |      5 |   181 |    +1.1% |  -21.801 |     -712.5 |     87 | sa31_sr[1]$_DFF_P_/D
      820 |       2 |     183 |      153 |      5 |   181 |    +1.1% |  -21.801 |     -712.5 |     87 | sa31_sr[1]$_DFF_P_/D
      830 |       2 |     187 |      153 |      5 |   187 |    +1.1% |  -21.801 |     -709.0 |     87 | sa31_sr[1]$_DFF_P_/D
      831 |       2 |     185 |      153 |      5 |   183 |    +1.1% |  -21.801 |     -703.5 |     87 | sa31_sr[1]$_DFF_P_/D
      833 |       2 |     185 |      154 |      5 |   183 |    +1.1% |  -21.801 |     -696.2 |     85 | sa31_sr[1]$_DFF_P_/D
      834 |       2 |     185 |      154 |      5 |   183 |    +1.1% |  -21.801 |     -696.2 |     84 | sa31_sr[1]$_DFF_P_/D
      840 |       2 |     187 |      157 |      5 |   183 |    +1.1% |  -21.801 |     -691.2 |     84 | sa31_sr[1]$_DFF_P_/D
      843 |       2 |     187 |      157 |      5 |   184 |    +1.1% |  -21.801 |     -690.6 |     84 | sa31_sr[1]$_DFF_P_/D
      847 |       2 |     189 |      157 |      5 |   185 |    +1.1% |  -21.801 |     -691.3 |     82 | sa31_sr[1]$_DFF_P_/D
      848 |       2 |     189 |      157 |      5 |   185 |    +1.1% |  -21.801 |     -691.3 |     81 | sa31_sr[1]$_DFF_P_/D
      850 |       2 |     189 |      157 |      5 |   186 |    +1.1% |  -21.801 |     -689.7 |     81 | sa31_sr[1]$_DFF_P_/D
      860 |       2 |     192 |      158 |      5 |   192 |    +1.1% |  -21.801 |     -679.5 |     81 | sa31_sr[1]$_DFF_P_/D
      860 |       2 |     192 |      158 |      5 |   192 |    +1.1% |  -21.801 |     -679.5 |     81 | sa31_sr[1]$_DFF_P_/D
      861 |       2 |     192 |      158 |      5 |   192 |    +1.1% |  -21.801 |     -679.5 |     80 | sa31_sr[1]$_DFF_P_/D
      862 |       2 |     192 |      158 |      5 |   192 |    +1.1% |  -21.801 |     -679.5 |     79 | sa31_sr[1]$_DFF_P_/D
      864 |       2 |     193 |      158 |      5 |   192 |    +1.1% |  -21.801 |     -680.0 |     77 | sa31_sr[1]$_DFF_P_/D
      865 |       2 |     193 |      158 |      5 |   192 |    +1.1% |  -21.801 |     -680.0 |     76 | sa31_sr[1]$_DFF_P_/D
      869 |       2 |     193 |      158 |      5 |   193 |    +1.1% |  -21.801 |     -679.2 |     76 | sa31_sr[1]$_DFF_P_/D
      870 |       2 |     193 |      158 |      5 |   193 |    +1.1% |  -21.801 |     -679.2 |     76 | sa31_sr[1]$_DFF_P_/D
      870 |       2 |     193 |      158 |      5 |   193 |    +1.1% |  -21.801 |     -679.2 |     75 | sa31_sr[1]$_DFF_P_/D
      875 |       2 |     193 |      158 |      5 |   197 |    +1.1% |  -21.801 |     -676.4 |     75 | sa31_sr[1]$_DFF_P_/D
      880 |       2 |     193 |      158 |      5 |   201 |    +1.1% |  -21.801 |     -673.5 |     74 | sa31_sr[1]$_DFF_P_/D
      880 |       2 |     193 |      158 |      5 |   201 |    +1.1% |  -21.801 |     -673.5 |     73 | sa31_sr[1]$_DFF_P_/D
      881 |       2 |     193 |      158 |      5 |   201 |    +1.1% |  -21.801 |     -673.5 |     72 | sa31_sr[1]$_DFF_P_/D
      882 |       2 |     193 |      158 |      5 |   201 |    +1.1% |  -21.801 |     -673.5 |     71 | sa31_sr[1]$_DFF_P_/D
      884 |       2 |     194 |      158 |      5 |   201 |    +1.1% |  -21.801 |     -672.4 |     69 | sa31_sr[1]$_DFF_P_/D
      885 |       2 |     194 |      158 |      5 |   201 |    +1.1% |  -21.801 |     -672.4 |     68 | sa31_sr[1]$_DFF_P_/D
      886 |       2 |     194 |      158 |      5 |   201 |    +1.1% |  -21.801 |     -672.4 |     67 | sa31_sr[1]$_DFF_P_/D
      887 |       2 |     194 |      158 |      5 |   201 |    +1.1% |  -21.801 |     -672.4 |     66 | sa31_sr[1]$_DFF_P_/D
      890 |       2 |     194 |      158 |      5 |   203 |    +1.1% |  -21.801 |     -674.8 |     66 | sa31_sr[1]$_DFF_P_/D
      891 |       2 |     194 |      158 |      5 |   201 |    +1.1% |  -21.801 |     -672.4 |     66 | sa31_sr[1]$_DFF_P_/D
      900 |       2 |     196 |      161 |      5 |   204 |    +1.2% |  -21.801 |     -626.4 |     66 | sa31_sr[1]$_DFF_P_/D
      910 |       2 |     197 |      162 |      5 |   212 |    +1.2% |  -21.801 |     -621.4 |     66 | sa31_sr[1]$_DFF_P_/D
      910 |       2 |     194 |      159 |      5 |   201 |    +1.1% |  -21.801 |     -668.5 |     66 | sa31_sr[1]$_DFF_P_/D
      913 |       2 |     194 |      160 |      5 |   202 |    +1.2% |  -21.801 |     -610.3 |     64 | sa31_sr[1]$_DFF_P_/D
      920 |       2 |     195 |      163 |      5 |   204 |    +1.2% |  -21.801 |     -606.0 |     64 | sa31_sr[1]$_DFF_P_/D
      922 |       2 |     195 |      165 |      5 |   205 |    +1.2% |  -21.801 |     -597.6 |     64 | sa31_sr[1]$_DFF_P_/D
      923 |       2 |     195 |      165 |      5 |   205 |    +1.2% |  -21.801 |     -597.6 |     63 | sa31_sr[1]$_DFF_P_/D
      924 |       2 |     195 |      165 |      5 |   205 |    +1.2% |  -21.801 |     -597.6 |     62 | sa31_sr[1]$_DFF_P_/D
      925 |       2 |     195 |      165 |      5 |   205 |    +1.2% |  -21.801 |     -597.6 |     61 | sa31_sr[1]$_DFF_P_/D
      926 |       2 |     195 |      165 |      5 |   205 |    +1.2% |  -21.801 |     -597.6 |     60 | sa31_sr[1]$_DFF_P_/D
      929 |       2 |     195 |      166 |      5 |   206 |    +1.2% |  -21.801 |     -592.4 |     58 | sa31_sr[1]$_DFF_P_/D
      930 |       2 |     195 |      166 |      5 |   206 |    +1.2% |  -21.801 |     -592.4 |     58 | sa31_sr[1]$_DFF_P_/D
      940 |       2 |     198 |      169 |      5 |   210 |    +1.2% |  -21.801 |     -545.9 |     58 | sa31_sr[1]$_DFF_P_/D
      945 |       2 |     196 |      166 |      5 |   206 |    +1.2% |  -21.801 |     -581.1 |     58 | sa31_sr[1]$_DFF_P_/D
      946 |       2 |     196 |      166 |      5 |   206 |    +1.2% |  -21.801 |     -581.1 |     57 | sa31_sr[1]$_DFF_P_/D
      947 |       2 |     196 |      166 |      5 |   206 |    +1.2% |  -21.801 |     -581.1 |     56 | sa31_sr[1]$_DFF_P_/D
      948 |       2 |     196 |      166 |      5 |   206 |    +1.2% |  -21.801 |     -581.1 |     55 | sa31_sr[1]$_DFF_P_/D
      949 |       2 |     196 |      166 |      5 |   206 |    +1.2% |  -21.801 |     -581.1 |     54 | sa31_sr[1]$_DFF_P_/D
      950 |       2 |     196 |      166 |      5 |   206 |    +1.2% |  -21.801 |     -581.1 |     54 | sa31_sr[1]$_DFF_P_/D
      950 |       2 |     196 |      166 |      5 |   206 |    +1.2% |  -21.801 |     -581.1 |     53 | sa31_sr[1]$_DFF_P_/D
      955 |       2 |     197 |      166 |      5 |   207 |    +1.2% |  -21.801 |     -582.7 |     53 | sa31_sr[1]$_DFF_P_/D
      958 |       2 |     197 |      166 |      5 |   209 |    +1.2% |  -21.801 |     -581.6 |     51 | sa31_sr[1]$_DFF_P_/D
      960 |       2 |     198 |      166 |      5 |   209 |    +1.2% |  -21.801 |     -581.0 |     50 | sa31_sr[1]$_DFF_P_/D
      960 |       2 |     198 |      166 |      5 |   209 |    +1.2% |  -21.801 |     -581.0 |     49 | sa31_sr[1]$_DFF_P_/D
      961 |       2 |     198 |      166 |      5 |   209 |    +1.2% |  -21.801 |     -581.0 |     48 | sa31_sr[1]$_DFF_P_/D
      966 |       2 |     198 |      166 |      5 |   209 |    +1.2% |  -21.801 |     -581.0 |     48 | sa31_sr[1]$_DFF_P_/D
      969 |       2 |     199 |      167 |      5 |   209 |    +1.2% |  -21.801 |     -579.7 |     46 | sa31_sr[1]$_DFF_P_/D
      970 |       2 |     199 |      167 |      5 |   209 |    +1.2% |  -21.801 |     -579.7 |     46 | sa31_sr[1]$_DFF_P_/D
      970 |       2 |     199 |      167 |      5 |   209 |    +1.2% |  -21.801 |     -579.7 |     45 | sa31_sr[1]$_DFF_P_/D
      971 |       2 |     199 |      167 |      5 |   209 |    +1.2% |  -21.801 |     -579.7 |     44 | sa31_sr[1]$_DFF_P_/D
      972 |       2 |     199 |      167 |      5 |   209 |    +1.2% |  -21.801 |     -579.7 |     43 | sa31_sr[1]$_DFF_P_/D
      979 |       2 |     199 |      167 |      5 |   210 |    +1.2% |  -21.801 |     -578.9 |     43 | sa31_sr[1]$_DFF_P_/D
      980 |       2 |     199 |      167 |      5 |   210 |    +1.2% |  -21.801 |     -578.9 |     43 | sa31_sr[1]$_DFF_P_/D
      985 |       2 |     199 |      167 |      5 |   210 |    +1.2% |  -21.801 |     -578.9 |     42 | sa31_sr[1]$_DFF_P_/D
      986 |       2 |     199 |      167 |      5 |   210 |    +1.2% |  -21.801 |     -578.9 |     41 | sa31_sr[1]$_DFF_P_/D
      987 |       2 |     199 |      167 |      5 |   210 |    +1.2% |  -21.801 |     -578.9 |     40 | sa31_sr[1]$_DFF_P_/D
      990 |       2 |     200 |      168 |      5 |   210 |    +1.2% |  -21.801 |     -576.3 |     40 | sa31_sr[1]$_DFF_P_/D
     1000 |       2 |     203 |      173 |      5 |   214 |    +1.2% |  -21.801 |     -571.5 |     40 | sa31_sr[1]$_DFF_P_/D
     1000 |       2 |     203 |      173 |      5 |   214 |    +1.2% |  -21.801 |     -571.5 |     40 | sa31_sr[1]$_DFF_P_/D
     1003 |       2 |     204 |      173 |      5 |   215 |    +1.2% |  -21.801 |     -568.3 |     38 | sa31_sr[1]$_DFF_P_/D
     1010 |       2 |     206 |      174 |      5 |   218 |    +1.2% |  -21.801 |     -569.1 |     38 | sa31_sr[1]$_DFF_P_/D
     1014 |       2 |     206 |      174 |      5 |   218 |    +1.2% |  -21.801 |     -569.1 |     38 | sa31_sr[1]$_DFF_P_/D
     1017 |       2 |     207 |      174 |      5 |   219 |    +1.2% |  -21.801 |     -565.5 |     36 | sa31_sr[1]$_DFF_P_/D
     1020 |       2 |     208 |      175 |      5 |   219 |    +1.3% |  -21.801 |     -530.9 |     36 | sa31_sr[1]$_DFF_P_/D
     1028 |       2 |     207 |      174 |      5 |   219 |    +1.2% |  -21.801 |     -565.5 |     36 | sa31_sr[1]$_DFF_P_/D
     1030 |       2 |     207 |      174 |      5 |   220 |    +1.2% |  -21.801 |     -566.3 |     36 | sa31_sr[1]$_DFF_P_/D
     1030 |       2 |     207 |      174 |      5 |   219 |    +1.2% |  -21.801 |     -565.5 |     36 | sa31_sr[1]$_DFF_P_/D
     1034 |       2 |     208 |      176 |      5 |   219 |    +1.3% |  -21.801 |     -558.8 |     35 | sa31_sr[1]$_DFF_P_/D
     1035 |       2 |     208 |      176 |      5 |   219 |    +1.3% |  -21.801 |     -558.8 |     34 | sa31_sr[1]$_DFF_P_/D
     1036 |       2 |     208 |      176 |      5 |   219 |    +1.3% |  -21.801 |     -558.8 |     33 | sa31_sr[1]$_DFF_P_/D
     1037 |       2 |     208 |      176 |      5 |   219 |    +1.3% |  -21.801 |     -558.8 |     32 | sa31_sr[1]$_DFF_P_/D
     1038 |       2 |     208 |      176 |      5 |   219 |    +1.3% |  -21.801 |     -558.8 |     31 | sa31_sr[1]$_DFF_P_/D
     1039 |       2 |     208 |      176 |      5 |   219 |    +1.3% |  -21.801 |     -558.8 |     30 | sa31_sr[1]$_DFF_P_/D
     1040 |       2 |     208 |      176 |      5 |   219 |    +1.3% |  -21.801 |     -558.8 |     30 | sa31_sr[1]$_DFF_P_/D
     1043 |       2 |     209 |      176 |      5 |   221 |    +1.3% |  -21.801 |     -558.4 |     30 | sa31_sr[1]$_DFF_P_/D
     1050 |       2 |     213 |      176 |      5 |   223 |    +1.3% |  -21.801 |     -519.5 |     30 | sa31_sr[1]$_DFF_P_/D
     1050 |       2 |     209 |      176 |      5 |   221 |    +1.3% |  -21.801 |     -558.4 |     30 | sa31_sr[1]$_DFF_P_/D
     1051 |       2 |     209 |      176 |      5 |   221 |    +1.3% |  -21.801 |     -558.4 |     29 | sa31_sr[1]$_DFF_P_/D
     1059 |       2 |     209 |      176 |      5 |   221 |    +1.3% |  -21.801 |     -558.4 |     29 | sa31_sr[1]$_DFF_P_/D
     1060 |       2 |     209 |      176 |      5 |   221 |    +1.3% |  -21.801 |     -558.4 |     29 | sa31_sr[1]$_DFF_P_/D
     1064 |       2 |     209 |      176 |      5 |   221 |    +1.3% |  -21.801 |     -558.4 |     29 | sa31_sr[1]$_DFF_P_/D
     1066 |       2 |     210 |      176 |      5 |   221 |    +1.3% |  -21.801 |     -557.7 |     27 | sa31_sr[1]$_DFF_P_/D
     1067 |       2 |     210 |      176 |      5 |   221 |    +1.3% |  -21.801 |     -557.7 |     26 | sa31_sr[1]$_DFF_P_/D
     1069 |       2 |     210 |      176 |      5 |   221 |    +1.3% |  -21.801 |     -557.7 |     25 | sa31_sr[1]$_DFF_P_/D
     1070 |       2 |     210 |      176 |      5 |   221 |    +1.3% |  -21.801 |     -557.7 |     25 | sa31_sr[1]$_DFF_P_/D
     1070 |       2 |     210 |      176 |      5 |   221 |    +1.3% |  -21.801 |     -557.7 |     24 | sa31_sr[1]$_DFF_P_/D
     1071 |       2 |     210 |      176 |      5 |   221 |    +1.3% |  -21.801 |     -557.7 |     23 | sa31_sr[1]$_DFF_P_/D
    1072* |       2 |     210 |      176 |      5 |   221 |    +1.3% |  -21.801 |     -557.7 |     72 | sa31_sr[1]$_DFF_P_/D
    1074* |       2 |     211 |      176 |      5 |   221 |    +1.3% |  -21.801 |     -555.5 |     72 | sa31_sr[1]$_DFF_P_/D
    1075* |       2 |     211 |      176 |      5 |   221 |    +1.3% |  -21.801 |     -555.5 |     72 | sa31_sr[1]$_DFF_P_/D
    1076* |       2 |     211 |      176 |      5 |   221 |    +1.3% |  -21.801 |     -555.5 |     72 | sa31_sr[1]$_DFF_P_/D
    1078* |       2 |     212 |      176 |      5 |   221 |    +1.3% |  -21.801 |     -554.9 |     72 | sa31_sr[1]$_DFF_P_/D
    1079* |       2 |     212 |      176 |      5 |   221 |    +1.3% |  -21.801 |     -554.9 |     72 | sa31_sr[1]$_DFF_P_/D
    1080* |       2 |     212 |      176 |      5 |   221 |    +1.3% |  -21.801 |     -554.9 |     72 | sa31_sr[1]$_DFF_P_/D
    1081* |       2 |     213 |      176 |      5 |   221 |    +1.3% |  -21.801 |     -543.4 |     72 | sa31_sr[1]$_DFF_P_/D
    1082* |       2 |     213 |      176 |      5 |   221 |    +1.3% |  -21.801 |     -543.4 |     72 | sa31_sr[1]$_DFF_P_/D
    1083* |       2 |     213 |      176 |      5 |   221 |    +1.3% |  -21.801 |     -543.4 |     72 | sa31_sr[1]$_DFF_P_/D
    1084* |       2 |     213 |      176 |      5 |   221 |    +1.3% |  -21.801 |     -543.4 |     72 | sa31_sr[1]$_DFF_P_/D
    1085* |       2 |     213 |      176 |      5 |   221 |    +1.3% |  -21.801 |     -543.4 |     72 | sa31_sr[1]$_DFF_P_/D
    1087* |       2 |     213 |      176 |      5 |   222 |    +1.3% |  -21.801 |     -543.0 |     72 | sa31_sr[1]$_DFF_P_/D
    1088* |       2 |     213 |      176 |      5 |   222 |    +1.3% |  -21.801 |     -543.0 |     72 | sa31_sr[1]$_DFF_P_/D
    1089* |       2 |     213 |      176 |      5 |   222 |    +1.3% |  -21.801 |     -543.0 |     72 | sa31_sr[1]$_DFF_P_/D
    1090* |       2 |     213 |      176 |      5 |   222 |    +1.3% |  -21.801 |     -543.0 |     72 | sa31_sr[1]$_DFF_P_/D
    1090* |       2 |     213 |      176 |      5 |   222 |    +1.3% |  -21.801 |     -543.0 |     72 | sa31_sr[1]$_DFF_P_/D
    1092* |       2 |     214 |      176 |      5 |   222 |    +1.3% |  -21.801 |     -539.0 |     72 | sa31_sr[1]$_DFF_P_/D
    1094* |       2 |     214 |      176 |      5 |   223 |    +1.3% |  -21.801 |     -538.8 |     72 | sa31_sr[1]$_DFF_P_/D
    1095* |       2 |     214 |      176 |      5 |   223 |    +1.3% |  -21.801 |     -538.8 |     72 | sa31_sr[1]$_DFF_P_/D
    1096* |       2 |     214 |      176 |      5 |   223 |    +1.3% |  -21.801 |     -538.8 |     72 | sa31_sr[1]$_DFF_P_/D
    1097* |       2 |     214 |      176 |      5 |   223 |    +1.3% |  -21.801 |     -538.8 |     72 | sa31_sr[1]$_DFF_P_/D
    1098* |       2 |     214 |      176 |      5 |   223 |    +1.3% |  -21.801 |     -538.8 |     72 | sa31_sr[1]$_DFF_P_/D
    1099* |       2 |     214 |      176 |      5 |   223 |    +1.3% |  -21.801 |     -538.8 |     72 | sa31_sr[1]$_DFF_P_/D
    1100* |       2 |     214 |      176 |      5 |   223 |    +1.3% |  -21.801 |     -538.8 |     72 | sa31_sr[1]$_DFF_P_/D
    1103* |       2 |     215 |      176 |      5 |   224 |    +1.3% |  -21.801 |     -536.6 |     72 | sa31_sr[1]$_DFF_P_/D
    1104* |       2 |     215 |      176 |      5 |   224 |    +1.3% |  -21.801 |     -536.6 |     72 | sa31_sr[1]$_DFF_P_/D
    1105* |       2 |     215 |      176 |      5 |   224 |    +1.3% |  -21.801 |     -536.6 |     72 | sa31_sr[1]$_DFF_P_/D
    1106* |       2 |     215 |      176 |      5 |   224 |    +1.3% |  -21.801 |     -536.6 |     72 | sa31_sr[1]$_DFF_P_/D
    1107* |       2 |     215 |      176 |      5 |   224 |    +1.3% |  -21.801 |     -536.6 |     72 | sa31_sr[1]$_DFF_P_/D
    1108* |       2 |     215 |      176 |      5 |   224 |    +1.3% |  -21.801 |     -536.6 |     72 | sa31_sr[1]$_DFF_P_/D
    1109* |       2 |     215 |      176 |      5 |   224 |    +1.3% |  -21.801 |     -536.6 |     72 | sa31_sr[1]$_DFF_P_/D
    1110* |       2 |     215 |      176 |      5 |   224 |    +1.3% |  -21.801 |     -536.6 |     72 | sa31_sr[1]$_DFF_P_/D
    1110* |       2 |     215 |      176 |      5 |   224 |    +1.3% |  -21.801 |     -536.6 |     72 | sa31_sr[1]$_DFF_P_/D
    1111* |       2 |     215 |      176 |      5 |   224 |    +1.3% |  -21.801 |     -536.6 |     72 | sa31_sr[1]$_DFF_P_/D
    1112* |       2 |     215 |      176 |      5 |   224 |    +1.3% |  -21.801 |     -536.6 |     72 | sa31_sr[1]$_DFF_P_/D
    1113* |       2 |     215 |      176 |      5 |   224 |    +1.3% |  -21.801 |     -536.6 |     72 | sa31_sr[1]$_DFF_P_/D
    1114* |       2 |     215 |      176 |      5 |   224 |    +1.3% |  -21.801 |     -536.6 |     72 | sa31_sr[1]$_DFF_P_/D
    1115* |       2 |     215 |      176 |      5 |   224 |    +1.3% |  -21.801 |     -536.6 |     72 | sa31_sr[1]$_DFF_P_/D
    1116* |       2 |     215 |      176 |      5 |   224 |    +1.3% |  -21.801 |     -536.6 |     72 | sa31_sr[1]$_DFF_P_/D
    1117* |       2 |     215 |      176 |      5 |   224 |    +1.3% |  -21.801 |     -536.6 |     72 | sa31_sr[1]$_DFF_P_/D
    1118* |       2 |     215 |      176 |      5 |   224 |    +1.3% |  -21.801 |     -536.6 |     72 | sa31_sr[1]$_DFF_P_/D
    1119* |       2 |     215 |      176 |      5 |   224 |    +1.3% |  -21.801 |     -536.6 |     72 | sa31_sr[1]$_DFF_P_/D
    1120* |       2 |     215 |      176 |      5 |   224 |    +1.3% |  -21.801 |     -536.6 |     72 | sa31_sr[1]$_DFF_P_/D
    1120* |       2 |     215 |      176 |      5 |   224 |    +1.3% |  -21.801 |     -536.6 |     72 | sa31_sr[1]$_DFF_P_/D
    1121* |       2 |     215 |      176 |      5 |   224 |    +1.3% |  -21.801 |     -536.6 |     72 | sa31_sr[1]$_DFF_P_/D
    1123* |       2 |     215 |      176 |      5 |   225 |    +1.3% |  -21.801 |     -535.5 |     72 | sa31_sr[1]$_DFF_P_/D
    1124* |       2 |     215 |      176 |      5 |   225 |    +1.3% |  -21.801 |     -535.5 |     72 | sa31_sr[1]$_DFF_P_/D
    1125* |       2 |     215 |      176 |      5 |   225 |    +1.3% |  -21.801 |     -535.5 |     72 | sa31_sr[1]$_DFF_P_/D
    1126* |       2 |     215 |      176 |      5 |   225 |    +1.3% |  -21.801 |     -535.5 |     72 | sa31_sr[1]$_DFF_P_/D
    1127* |       2 |     215 |      176 |      5 |   225 |    +1.3% |  -21.801 |     -535.5 |     72 | sa31_sr[1]$_DFF_P_/D
    1128* |       2 |     215 |      176 |      5 |   225 |    +1.3% |  -21.801 |     -535.5 |     72 | sa31_sr[1]$_DFF_P_/D
    1129* |       2 |     215 |      176 |      5 |   225 |    +1.3% |  -21.801 |     -535.5 |     72 | sa31_sr[1]$_DFF_P_/D
    1130* |       2 |     215 |      176 |      5 |   225 |    +1.3% |  -21.801 |     -535.5 |     72 | sa31_sr[1]$_DFF_P_/D
    1132* |       2 |     216 |      176 |      5 |   226 |    +1.3% |  -21.801 |     -533.6 |     72 | sa31_sr[1]$_DFF_P_/D
    1133* |       2 |     216 |      176 |      5 |   226 |    +1.3% |  -21.801 |     -533.6 |     72 | sa31_sr[1]$_DFF_P_/D
    1135* |       2 |     217 |      176 |      5 |   226 |    +1.3% |  -21.801 |     -533.5 |     72 | sa31_sr[1]$_DFF_P_/D
    1136* |       2 |     217 |      176 |      5 |   226 |    +1.3% |  -21.801 |     -533.5 |     72 | sa31_sr[1]$_DFF_P_/D
    1137* |       2 |     217 |      176 |      5 |   226 |    +1.3% |  -21.801 |     -533.5 |     72 | sa31_sr[1]$_DFF_P_/D
    1138* |       2 |     217 |      176 |      5 |   226 |    +1.3% |  -21.801 |     -533.5 |     72 | sa31_sr[1]$_DFF_P_/D
    1139* |       2 |     217 |      176 |      5 |   226 |    +1.3% |  -21.801 |     -533.5 |     72 | sa31_sr[1]$_DFF_P_/D
    1140* |       2 |     217 |      176 |      5 |   226 |    +1.3% |  -21.801 |     -533.5 |     72 | sa31_sr[1]$_DFF_P_/D
    1140* |       2 |     217 |      176 |      5 |   226 |    +1.3% |  -21.801 |     -533.5 |     72 | sa31_sr[1]$_DFF_P_/D
    1141* |       2 |     217 |      176 |      5 |   226 |    +1.3% |  -21.801 |     -533.5 |     72 | sa31_sr[1]$_DFF_P_/D
    1142* |       2 |     217 |      176 |      5 |   226 |    +1.3% |  -21.801 |     -533.5 |     72 | sa31_sr[1]$_DFF_P_/D
    1143* |       2 |     217 |      176 |      5 |   226 |    +1.3% |  -21.801 |     -533.5 |     72 | sa31_sr[1]$_DFF_P_/D
    1144* |       2 |     217 |      176 |      5 |   226 |    +1.3% |  -21.801 |     -533.5 |     72 | sa31_sr[1]$_DFF_P_/D
    1145* |       2 |     217 |      176 |      5 |   226 |    +1.3% |  -21.801 |     -533.5 |     72 | sa31_sr[1]$_DFF_P_/D
    1146* |       2 |     217 |      176 |      5 |   226 |    +1.3% |  -21.801 |     -533.5 |     72 | sa31_sr[1]$_DFF_P_/D
    1147* |       2 |     217 |      176 |      5 |   226 |    +1.3% |  -21.801 |     -533.5 |     72 | sa31_sr[1]$_DFF_P_/D
    1148* |       2 |     217 |      176 |      5 |   226 |    +1.3% |  -21.801 |     -533.5 |     72 | sa31_sr[1]$_DFF_P_/D
    1149* |       2 |     217 |      176 |      5 |   226 |    +1.3% |  -21.801 |     -533.5 |     72 | sa31_sr[1]$_DFF_P_/D
    1150* |       2 |     217 |      176 |      5 |   226 |    +1.3% |  -21.801 |     -533.5 |     72 | sa31_sr[1]$_DFF_P_/D
    1151* |       2 |     217 |      176 |      5 |   227 |    +1.3% |  -21.801 |     -532.2 |     70 | sa31_sr[1]$_DFF_P_/D
    1152* |       2 |     217 |      176 |      5 |   227 |    +1.3% |  -21.801 |     -532.2 |     70 | sa31_sr[1]$_DFF_P_/D
    1154* |       2 |     218 |      176 |      5 |   227 |    +1.3% |  -21.801 |     -531.4 |     68 | sa31_sr[1]$_DFF_P_/D
    1155* |       2 |     218 |      176 |      5 |   227 |    +1.3% |  -21.801 |     -531.4 |     68 | sa31_sr[1]$_DFF_P_/D
    1156* |       2 |     218 |      176 |      5 |   227 |    +1.3% |  -21.801 |     -531.4 |     68 | sa31_sr[1]$_DFF_P_/D
    1157* |       2 |     218 |      176 |      5 |   227 |    +1.3% |  -21.801 |     -531.4 |     68 | sa31_sr[1]$_DFF_P_/D
    final |       2 |     218 |      176 |      5 |   227 |    +1.3% |  -21.801 |     -531.4 |     68 | sa31_sr[1]$_DFF_P_/D
--------------------------------------------------------------------------------------------------------------
[INFO RSZ-0059] Removed 2 buffers.
[INFO RSZ-0040] Inserted 176 buffers.
[INFO RSZ-0051] Resized 218 instances: 218 up, 0 up match, 0 down, 0 VT
[INFO RSZ-0043] Swapped pins on 227 instances.
[INFO RSZ-0049] Cloned 5 instances.
[WARNING RSZ-0062] Unable to repair all setup violations.
[INFO RSZ-0046] Found 184 endpoints with hold violations.
Iteration | Resized | Buffers | Cloned Gates |   Area   |   WNS   |   TNS   | Endpoint
--------------------------------------------------------------------------------------
        0 |       0 |       0 |            0 |    +0.0% | -21.065 | -2200.284 | u0.w[1][23]$_DFF_P_/D
       10 |       0 |      18 |            0 |    +0.1% | -20.454 | -2014.109 | text_in_r[103]$_DFFE_PP_/D
       20 |       0 |      38 |            0 |    +0.1% | -19.167 | -1813.951 | text_in_r[43]$_DFFE_PP_/D
       30 |       0 |      58 |            0 |    +0.2% | -18.059 | -1628.069 | text_in_r[60]$_DFFE_PP_/D
       40 |       0 |      78 |            0 |    +0.3% | -17.603 | -1420.605 | text_in_r[28]$_DFFE_PP_/D
       50 |       0 |      98 |            0 |    +0.4% | -16.337 | -1249.762 | text_in_r[42]$_DFFE_PP_/D
       60 |       0 |     118 |            0 |    +0.5% | -15.330 | -1092.170 | text_in_r[20]$_DFFE_PP_/D
       70 |       0 |     134 |            0 |    +0.5% | -13.774 | -974.294 | text_in_r[10]$_DFFE_PP_/D
       80 |       0 |     154 |            0 |    +0.6% | -12.743 | -843.370 | text_in_r[126]$_DFFE_PP_/D
       90 |       0 |     174 |            0 |    +0.7% | -12.501 | -716.601 | text_in_r[97]$_DFFE_PP_/D
      100 |       0 |     187 |            0 |    +0.7% | -12.122 | -593.217 | text_in_r[96]$_DFFE_PP_/D
      110 |       0 |     197 |            0 |    +0.8% | -11.340 | -474.212 | u0.w[0][19]$_DFF_P_/D
      120 |       0 |     207 |            0 |    +0.8% | -10.505 | -366.506 | text_in_r[91]$_DFFE_PP_/D
      130 |       0 |     217 |            0 |    +0.8% |  -9.528 | -264.786 | text_in_r[2]$_DFFE_PP_/D
      140 |       0 |     227 |            0 |    +0.9% |  -7.552 | -178.155 | u0.w[1][21]$_DFF_P_/D
      150 |       0 |     237 |            0 |    +0.9% |  -6.111 | -109.286 | text_in_r[106]$_DFFE_PP_/D
      160 |       0 |     247 |            0 |    +0.9% |  -4.090 | -56.667 | u0.w[1][22]$_DFF_P_/D
      170 |       0 |     257 |            0 |    +1.0% |  -2.498 | -23.702 | u0.w[2][7]$_DFF_P_/D
      180 |       0 |     267 |            0 |    +1.0% |  -1.261 |  -4.515 | text_in_r[113]$_DFFE_PP_/D
    final |       0 |     272 |            0 |    +1.0% |   0.009 |   0.000 | text_in_r[79]$_DFFE_PP_/D
--------------------------------------------------------------------------------------
[INFO RSZ-0032] Inserted 272 hold buffers.
Took 17 seconds: repair_timing -setup_margin 0 -hold_margin 0 -repair_tns 100 -verbose
Error: cts.tcl, 85 Repair timing output failed lec test
Command exited with non-zero status 1
Elapsed time: 0:27.28[h:]min:sec. CPU time: user 53.48 sys 39.30 (340%). Peak memory: 299280KB.
