Yosys 0.61+0 (git sha1 77005b69a, g++ 11.4.0-1ubuntu1~22.04 -fPIC -O3)
Using ABC area script.
Extracting clock period from SDC file: ./results/nangate45/bp/base/clock_period.txt
Setting clock period to 6.0
1. Executing Liberty frontend: /home/nanocoh/dev/ORFS-K/try/OpenROAD-flow-scripts-KF/flow/platforms/nangate45/lib/NangateOpenCellLibrary_typical.lib
2. Executing Liberty frontend: /home/nanocoh/dev/ORFS-K/try/OpenROAD-flow-scripts-KF/flow/platforms/nangate45/lib/fakeram45_512x64.lib
3. Executing Liberty frontend: /home/nanocoh/dev/ORFS-K/try/OpenROAD-flow-scripts-KF/flow/platforms/nangate45/lib/fakeram45_256x95.lib
4. Executing Liberty frontend: /home/nanocoh/dev/ORFS-K/try/OpenROAD-flow-scripts-KF/flow/platforms/nangate45/lib/fakeram45_64x7.lib
5. Executing Liberty frontend: /home/nanocoh/dev/ORFS-K/try/OpenROAD-flow-scripts-KF/flow/platforms/nangate45/lib/fakeram45_64x15.lib
6. Executing Liberty frontend: /home/nanocoh/dev/ORFS-K/try/OpenROAD-flow-scripts-KF/flow/platforms/nangate45/lib/fakeram45_64x96.lib
7. Executing Liberty frontend: /home/nanocoh/dev/ORFS-K/try/OpenROAD-flow-scripts-KF/flow/platforms/nangate45/lib/NangateOpenCellLibrary_typical.lib
8. Executing Liberty frontend: /home/nanocoh/dev/ORFS-K/try/OpenROAD-flow-scripts-KF/flow/platforms/nangate45/lib/fakeram45_512x64.lib
9. Executing Liberty frontend: /home/nanocoh/dev/ORFS-K/try/OpenROAD-flow-scripts-KF/flow/platforms/nangate45/lib/fakeram45_256x95.lib
10. Executing Liberty frontend: /home/nanocoh/dev/ORFS-K/try/OpenROAD-flow-scripts-KF/flow/platforms/nangate45/lib/fakeram45_64x7.lib
11. Executing Liberty frontend: /home/nanocoh/dev/ORFS-K/try/OpenROAD-flow-scripts-KF/flow/platforms/nangate45/lib/fakeram45_64x15.lib
12. Executing Liberty frontend: /home/nanocoh/dev/ORFS-K/try/OpenROAD-flow-scripts-KF/flow/platforms/nangate45/lib/fakeram45_64x96.lib
13. Executing Verilog-2005 frontend: /home/nanocoh/dev/ORFS-K/try/OpenROAD-flow-scripts-KF/flow/designs/src/black_parrot/pickled.v
14. Executing Verilog-2005 frontend: /home/nanocoh/dev/ORFS-K/try/OpenROAD-flow-scripts-KF/flow/designs/nangate45/black_parrot/macros.v
15. Executing Verilog-2005 frontend: /home/nanocoh/dev/ORFS-K/try/OpenROAD-flow-scripts-KF/flow/platforms/nangate45/cells_clkgate.v
16. Executing HIERARCHY pass (managing design hierarchy).
17. Executing AST frontend in derive mode using pre-parsed AST for module `\black_parrot'.
17.1. Analyzing design hierarchy..
17.2. Executing AST frontend in derive mode using pre-parsed AST for module `\bp_cce_inst_rom_width_p95_addr_width_p8'.
17.3. Executing AST frontend in derive mode using pre-parsed AST for module `\bp_multi_top_core_els_p1_vaddr_width_p56_paddr_width_p22_asid_width_p10_branch_metadata_fwd_width_p36_btb_indx_width_p9_bht_indx_width_p5_ras_addr_width_p22_num_cce_p1_num_lce_p2_lce_assoc_p8_lce_sets_p64_cce_block_size_in_bytes_p64_cce_num_inst_ram_els_p256'.
17.4. Analyzing design hierarchy..
17.5. Executing AST frontend in derive mode using pre-parsed AST for module `\bp_me_top_num_lce_p2_num_cce_p1_paddr_width_p22_lce_assoc_p8_lce_sets_p64_block_size_in_bytes_p64_num_inst_ram_els_p256'.
17.6. Executing AST frontend in derive mode using pre-parsed AST for module `\bp_core_core_els_p1_num_lce_p2_num_cce_p1_lce_assoc_p8_lce_sets_p64_cce_block_size_in_bytes_p64_vaddr_width_p56_paddr_width_p22_branch_metadata_fwd_width_p36_asid_width_p10_btb_indx_width_p9_bht_indx_width_p5_ras_addr_width_p22'.
17.7. Analyzing design hierarchy..
17.8. Executing AST frontend in derive mode using pre-parsed AST for module `\bp_be_top_vaddr_width_p56_paddr_width_p22_asid_width_p10_branch_metadata_fwd_width_p36_core_els_p1_num_cce_p1_num_lce_p2_lce_assoc_p8_lce_sets_p64_cce_block_size_in_bytes_p64'.
17.9. Executing AST frontend in derive mode using pre-parsed AST for module `\bsg_fifo_1r1w_small_width_p109_els_p8_ready_THEN_valid_p1'.
17.10. Executing AST frontend in derive mode using pre-parsed AST for module `\bsg_fifo_1r1w_rolly_width_p134_els_p16_ready_THEN_valid_p1'.
17.11. Executing AST frontend in derive mode using pre-parsed AST for module `\bp_fe_top_56_22_1_2_8_64_64_9_5_22_10_80000124'.
17.12. Executing AST frontend in derive mode using pre-parsed AST for module `\bp_cce_top_num_lce_p2_num_cce_p1_paddr_width_p22_lce_assoc_p8_lce_sets_p64_block_size_in_bytes_p64_num_cce_inst_ram_els_p256'.
17.13. Executing AST frontend in derive mode using pre-parsed AST for module `\bp_coherence_network_num_lce_p2_num_cce_p1_paddr_width_p22_lce_assoc_p8_block_size_in_bytes_p64'.
17.14. Analyzing design hierarchy..
17.15. Executing AST frontend in derive mode using pre-parsed AST for module `\bp_coherence_network_channel_539_2_2_0_00'.
17.16. Executing AST frontend in derive mode using pre-parsed AST for module `\bp_coherence_network_channel_537_2_1_0_00'.
17.17. Executing AST frontend in derive mode using pre-parsed AST for module `\bp_coherence_network_channel_26_2_1_0_00'.
17.18. Executing AST frontend in derive mode using pre-parsed AST for module `\bp_coherence_network_channel_30_2_1_0_00'.
17.19. Executing AST frontend in derive mode using pre-parsed AST for module `\bp_coherence_network_channel_540_1_2_0_00'.
17.20. Executing AST frontend in derive mode using pre-parsed AST for module `\bp_coherence_network_channel_36_1_2_0_00'.
17.21. Executing AST frontend in derive mode using pre-parsed AST for module `\bp_cce_num_lce_p2_num_cce_p1_paddr_width_p22_lce_assoc_p8_lce_sets_p64_block_size_in_bytes_p64_num_cce_inst_ram_els_p256'.
17.22. Executing AST frontend in derive mode using pre-parsed AST for module `\bsg_two_fifo_width_p567'.
17.23. Executing AST frontend in derive mode using pre-parsed AST for module `\bsg_two_fifo_width_p27'.
17.24. Executing AST frontend in derive mode using pre-parsed AST for module `\bsg_two_fifo_width_p539'.
17.25. Executing AST frontend in derive mode using pre-parsed AST for module `\bsg_two_fifo_width_p55'.
17.26. Executing AST frontend in derive mode using pre-parsed AST for module `\bsg_two_fifo_width_p537'.
17.27. Executing AST frontend in derive mode using pre-parsed AST for module `\bsg_two_fifo_width_p26'.
17.28. Executing AST frontend in derive mode using pre-parsed AST for module `\bsg_two_fifo_width_p30'.
17.29. Executing AST frontend in derive mode using pre-parsed AST for module `\itlb_vaddr_width_p56_paddr_width_p22_eaddr_width_p64_btb_indx_width_p9_bht_indx_width_p5_ras_addr_width_p22_asid_width_p10_ppn_start_bit_p12_tag_width_p10'.
17.30. Executing AST frontend in derive mode using pre-parsed AST for module `\icache_eaddr_width_p64_data_width_p64_inst_width_p32_tag_width_p10_num_cce_p1_num_lce_p2_ways_p8_lce_sets_p64_block_size_in_bytes_p8'.
Warning: reg '\icache_pc_gen_data_o' is assigned in a continuous assignment at /home/nanocoh/dev/ORFS-K/try/OpenROAD-flow-scripts-KF/flow/designs/src/black_parrot/pickled.v:13381.10-13382.77.
17.31. Executing AST frontend in derive mode using pre-parsed AST for module `\bp_fe_pc_gen_56_22_64_9_5_22_32_10_80000124_1'.
17.32. Executing AST frontend in derive mode using pre-parsed AST for module `\bsg_mem_1r1w_width_p134_els_p16'.
17.33. Executing AST frontend in derive mode using pre-parsed AST for module `\bsg_circular_ptr_slots_p32_max_add_p31'.
17.34. Executing AST frontend in derive mode using pre-parsed AST for module `\bsg_circular_ptr_slots_p32_max_add_p1'.
17.35. Executing AST frontend in derive mode using pre-parsed AST for module `\bsg_mem_1r1w_width_p109_els_p8_read_write_same_addr_p0'.
17.36. Executing AST frontend in derive mode using pre-parsed AST for module `\bsg_fifo_tracker_els_p8'.
17.37. Executing AST frontend in derive mode using pre-parsed AST for module `\bp_be_mmu_top_vaddr_width_p56_paddr_width_p22_asid_width_p10_branch_metadata_fwd_width_p36_num_cce_p1_num_lce_p2_cce_block_size_in_bytes_p64_lce_assoc_p8_lce_sets_p64'.
17.38. Executing AST frontend in derive mode using pre-parsed AST for module `\bp_be_calculator_top_vaddr_width_p56_paddr_width_p22_asid_width_p10_branch_metadata_fwd_width_p36_core_els_p1_num_lce_p2_lce_sets_p64_cce_block_size_in_bytes_p64'.
17.39. Executing AST frontend in derive mode using pre-parsed AST for module `\bp_be_checker_top_vaddr_width_p56_paddr_width_p22_asid_width_p10_branch_metadata_fwd_width_p36'.
17.40. Analyzing design hierarchy..
17.41. Executing AST frontend in derive mode using pre-parsed AST for module `\bp_be_scheduler_vaddr_width_p56_paddr_width_p22_asid_width_p10_branch_metadata_fwd_width_p36'.
17.42. Executing AST frontend in derive mode using pre-parsed AST for module `\bp_be_detector_vaddr_width_p56_paddr_width_p22_asid_width_p10_branch_metadata_fwd_width_p36'.
17.43. Executing AST frontend in derive mode using pre-parsed AST for module `\bp_be_director_vaddr_width_p56_paddr_width_p22_asid_width_p10_branch_metadata_fwd_width_p36'.
17.44. Executing AST frontend in derive mode using pre-parsed AST for module `\bsg_dff_width_p35'.
17.45. Executing AST frontend in derive mode using pre-parsed AST for module `\bsg_dff_width_p640'.
17.46. Executing AST frontend in derive mode using pre-parsed AST for module `\bsg_mux_segmented_segments_p5_segment_width_p128'.
17.47. Executing AST frontend in derive mode using pre-parsed AST for module `\bsg_dff_width_p1890'.
17.48. Executing AST frontend in derive mode using pre-parsed AST for module `\bp_be_pipe_fp'.
17.49. Executing AST frontend in derive mode using pre-parsed AST for module `\bp_be_pipe_mem_vaddr_width_p56_lce_sets_p64_cce_block_size_in_bytes_p64'.
17.50. Executing AST frontend in derive mode using pre-parsed AST for module `\bp_be_pipe_mul'.
17.51. Executing AST frontend in derive mode using pre-parsed AST for module `\bp_be_pipe_int_core_els_p1'.
17.52. Executing AST frontend in derive mode using pre-parsed AST for module `\bsg_mux_width_p64_els_p2'.
17.53. Executing AST frontend in derive mode using pre-parsed AST for module `\bp_be_bypass_fwd_els_p4'.
17.54. Executing AST frontend in derive mode using pre-parsed AST for module `\bp_be_instr_decoder'.
17.55. Executing AST frontend in derive mode using pre-parsed AST for module `\bsg_dff_reset_en_width_p1'.
17.56. Executing AST frontend in derive mode using pre-parsed AST for module `\bsg_dff_reset_en_width_p221'.
17.57. Executing AST frontend in derive mode using pre-parsed AST for module `\bp_be_regfile'.
17.58. Executing AST frontend in derive mode using pre-parsed AST for module `\bp_be_dcache_data_width_p64_paddr_width_p22_sets_p64_ways_p8_num_cce_p1_num_lce_p2'.
17.59. Executing AST frontend in derive mode using pre-parsed AST for module `\bsg_circular_ptr_slots_p8_max_add_p1'.
17.60. Executing AST frontend in derive mode using pre-parsed AST for module `\bsg_mem_1r1w_synth_width_p109_els_p8_read_write_same_addr_p0_harden_p0'.
17.61. Executing AST frontend in derive mode using pre-parsed AST for module `\bsg_mem_1r1w_synth_width_p134_els_p16_read_write_same_addr_p0_harden_p0'.
17.62. Executing AST frontend in derive mode using pre-parsed AST for module `\bp_fe_branch_predictor_eaddr_width_p64_btb_indx_width_p9_bht_indx_width_p5_ras_addr_width_p22'.
17.63. Executing AST frontend in derive mode using pre-parsed AST for module `\instr_scan_eaddr_width_p64_instr_width_p32'.
17.64. Executing AST frontend in derive mode using pre-parsed AST for module `\bsg_mux_width_p64_els_p8'.
17.65. Executing AST frontend in derive mode using pre-parsed AST for module `\bp_be_dcache_lru_decode_ways_p8'.
17.66. Executing AST frontend in derive mode using pre-parsed AST for module `\bp_fe_lce_data_width_p64_lce_data_width_p512_lce_addr_width_p22_lce_sets_p64_ways_p8_tag_width_p10_num_cce_p1_num_lce_p2_block_size_in_bytes_p8'.
17.67. Executing AST frontend in derive mode using pre-parsed AST for module `\bsg_priority_encode_width_p8_lo_to_hi_p1'.
17.68. Executing AST frontend in derive mode using pre-parsed AST for module `\bp_be_dcache_lru_encode_ways_p8'.
17.69. Executing AST frontend in derive mode using pre-parsed AST for module `\bsg_mem_1rw_sync_mask_write_bit_width_p7_els_p64'.
17.70. Executing AST frontend in derive mode using pre-parsed AST for module `\bsg_mem_1rw_sync_mask_write_byte_els_p512_data_width_p64'.
17.71. Executing AST frontend in derive mode using pre-parsed AST for module `\bsg_mem_1rw_sync_mask_write_bit_width_p96_els_p64'.
17.72. Executing AST frontend in derive mode using pre-parsed AST for module `\bsg_mem_1r1w_width_p30_els_p2_read_write_same_addr_p0'.
17.73. Executing AST frontend in derive mode using pre-parsed AST for module `\bsg_mem_1r1w_width_p26_els_p2_read_write_same_addr_p0'.
17.74. Executing AST frontend in derive mode using pre-parsed AST for module `\bsg_mem_1r1w_width_p537_els_p2_read_write_same_addr_p0'.
17.75. Executing AST frontend in derive mode using pre-parsed AST for module `\bsg_mem_1r1w_width_p55_els_p2_read_write_same_addr_p0'.
17.76. Executing AST frontend in derive mode using pre-parsed AST for module `\bsg_mem_1r1w_width_p539_els_p2_read_write_same_addr_p0'.
17.77. Executing AST frontend in derive mode using pre-parsed AST for module `\bsg_mem_1r1w_width_p27_els_p2_read_write_same_addr_p0'.
17.78. Executing AST frontend in derive mode using pre-parsed AST for module `\bsg_mem_1r1w_width_p567_els_p2_read_write_same_addr_p0'.
17.79. Executing AST frontend in derive mode using pre-parsed AST for module `\bp_cce_reg_num_lce_p2_num_cce_p1_addr_width_p22_lce_assoc_p8_lce_sets_p64_block_size_in_bytes_p64'.
17.80. Executing AST frontend in derive mode using pre-parsed AST for module `\bp_cce_gad_num_way_groups_p64_num_lce_p2_lce_assoc_p8_tag_width_p10_harden_p0'.
17.81. Executing AST frontend in derive mode using pre-parsed AST for module `\bp_cce_dir_num_way_groups_p64_num_lce_p2_lce_assoc_p8_tag_width_p10_harden_p0'.
17.82. Executing AST frontend in derive mode using pre-parsed AST for module `\bp_cce_alu_width_p16'.
17.83. Executing AST frontend in derive mode using pre-parsed AST for module `\bp_cce_inst_decode_inst_width_p95_inst_addr_width_p8'.
17.84. Executing AST frontend in derive mode using pre-parsed AST for module `\bp_cce_pc_inst_ram_els_p256_harden_p0'.
17.85. Executing AST frontend in derive mode using pre-parsed AST for module `\bsg_mesh_router_buffered_38_1_1_0_5_1c_0_40_00'.
17.86. Executing AST frontend in derive mode using pre-parsed AST for module `\bsg_mesh_router_buffered_38_1_1_0_5_0a_0_40_00'.
17.87. Executing AST frontend in derive mode using pre-parsed AST for module `\bsg_mesh_router_buffered_542_1_1_0_5_1c_0_544_00'.
17.88. Executing AST frontend in derive mode using pre-parsed AST for module `\bsg_mesh_router_buffered_542_1_1_0_5_0a_0_544_00'.
17.89. Executing AST frontend in derive mode using pre-parsed AST for module `\bsg_mesh_router_buffered_32_1_1_0_5_0d_0_34_00'.
17.90. Executing AST frontend in derive mode using pre-parsed AST for module `\bsg_mesh_router_buffered_32_1_1_0_5_0a_0_34_00'.
17.91. Executing AST frontend in derive mode using pre-parsed AST for module `\bsg_mesh_router_buffered_28_1_1_0_5_0d_0_30_00'.
17.92. Executing AST frontend in derive mode using pre-parsed AST for module `\bsg_mesh_router_buffered_28_1_1_0_5_0a_0_30_00'.
17.93. Executing AST frontend in derive mode using pre-parsed AST for module `\bsg_mesh_router_buffered_539_1_1_0_5_0d_0_541_00'.
17.94. Executing AST frontend in derive mode using pre-parsed AST for module `\bsg_mesh_router_buffered_539_1_1_0_5_0a_0_541_00'.
17.95. Executing AST frontend in derive mode using pre-parsed AST for module `\bsg_mesh_router_buffered_541_1_1_0_5_0c_0_543_00'.
17.96. Executing AST frontend in derive mode using pre-parsed AST for module `\bsg_mesh_router_buffered_541_1_1_0_5_0a_0_543_00'.
17.97. Analyzing design hierarchy..
17.98. Executing AST frontend in derive mode using pre-parsed AST for module `\bsg_mesh_router_541_1_1_0_0a_0'.
17.99. Executing AST frontend in derive mode using pre-parsed AST for module `\bsg_two_fifo_width_p541'.
17.100. Executing AST frontend in derive mode using pre-parsed AST for module `\bsg_mesh_router_541_1_1_0_0c_0'.
17.101. Executing AST frontend in derive mode using pre-parsed AST for module `\bsg_mesh_router_539_1_1_0_0a_0'.
17.102. Executing AST frontend in derive mode using pre-parsed AST for module `\bsg_mesh_router_539_1_1_0_0d_0'.
17.103. Executing AST frontend in derive mode using pre-parsed AST for module `\bsg_mesh_router_28_1_1_0_0a_0'.
17.104. Executing AST frontend in derive mode using pre-parsed AST for module `\bsg_two_fifo_width_p28'.
17.105. Executing AST frontend in derive mode using pre-parsed AST for module `\bsg_mesh_router_28_1_1_0_0d_0'.
17.106. Executing AST frontend in derive mode using pre-parsed AST for module `\bsg_mesh_router_32_1_1_0_0a_0'.
17.107. Executing AST frontend in derive mode using pre-parsed AST for module `\bsg_two_fifo_width_p32'.
17.108. Executing AST frontend in derive mode using pre-parsed AST for module `\bsg_mesh_router_32_1_1_0_0d_0'.
17.109. Executing AST frontend in derive mode using pre-parsed AST for module `\bsg_mesh_router_542_1_1_0_0a_0'.
17.110. Executing AST frontend in derive mode using pre-parsed AST for module `\bsg_two_fifo_width_p542'.
17.111. Executing AST frontend in derive mode using pre-parsed AST for module `\bsg_mesh_router_542_1_1_0_1c_0'.
17.112. Executing AST frontend in derive mode using pre-parsed AST for module `\bsg_mesh_router_38_1_1_0_0a_0'.
17.113. Executing AST frontend in derive mode using pre-parsed AST for module `\bsg_two_fifo_width_p38'.
17.114. Executing AST frontend in derive mode using pre-parsed AST for module `\bsg_mesh_router_38_1_1_0_1c_0'.
17.115. Executing AST frontend in derive mode using pre-parsed AST for module `\bsg_mem_1rw_sync_width_p95_els_p256'.
17.116. Executing AST frontend in derive mode using pre-parsed AST for module `\bsg_mem_1rw_sync_mask_write_bit_width_p192_els_p64'.
17.117. Executing AST frontend in derive mode using pre-parsed AST for module `\bsg_encode_one_hot_width_p2'.
17.118. Executing AST frontend in derive mode using pre-parsed AST for module `\bsg_encode_one_hot_width_p8'.
17.119. Executing AST frontend in derive mode using pre-parsed AST for module `\bsg_decode_num_out_p2'.
17.120. Executing AST frontend in derive mode using pre-parsed AST for module `\bsg_mem_1r1w_synth_width_p567_els_p2_read_write_same_addr_p0_harden_p0'.
17.121. Executing AST frontend in derive mode using pre-parsed AST for module `\bsg_mem_1r1w_synth_width_p27_els_p2_read_write_same_addr_p0_harden_p0'.
17.122. Executing AST frontend in derive mode using pre-parsed AST for module `\bsg_mem_1r1w_synth_width_p539_els_p2_read_write_same_addr_p0_harden_p0'.
17.123. Executing AST frontend in derive mode using pre-parsed AST for module `\bsg_mem_1r1w_synth_width_p55_els_p2_read_write_same_addr_p0_harden_p0'.
17.124. Executing AST frontend in derive mode using pre-parsed AST for module `\bsg_mem_1r1w_synth_width_p537_els_p2_read_write_same_addr_p0_harden_p0'.
17.125. Executing AST frontend in derive mode using pre-parsed AST for module `\bsg_mem_1r1w_synth_width_p26_els_p2_read_write_same_addr_p0_harden_p0'.
17.126. Executing AST frontend in derive mode using pre-parsed AST for module `\bsg_mem_1r1w_synth_width_p30_els_p2_read_write_same_addr_p0_harden_p0'.
17.127. Executing AST frontend in derive mode using pre-parsed AST for module `\hard_mem_1rw_bit_mask_d64_w96_wrapper'.
17.128. Executing AST frontend in derive mode using pre-parsed AST for module `\hard_mem_1rw_byte_mask_d512_w64_wrapper'.
17.129. Executing AST frontend in derive mode using pre-parsed AST for module `\bsg_encode_one_hot_width_p8_lo_to_hi_p1'.
17.130. Executing AST frontend in derive mode using pre-parsed AST for module `\bsg_priority_encode_one_hot_out_width_p8_lo_to_hi_p1'.
17.131. Executing AST frontend in derive mode using pre-parsed AST for module `\hard_mem_1rw_bit_mask_d64_w7_wrapper'.
17.132. Executing AST frontend in derive mode using pre-parsed AST for module `\bp_fe_lce_tr_resp_in_data_width_p64_lce_data_width_p512_lce_addr_width_p22_lce_sets_p64_ways_p8_num_cce_p1_num_lce_p2_block_size_in_bytes_p8'.
17.133. Executing AST frontend in derive mode using pre-parsed AST for module `\bp_fe_lce_data_cmd_data_width_p64_lce_addr_width_p22_lce_data_width_p512_num_cce_p1_num_lce_p2_lce_sets_p64_ways_p8_block_size_in_bytes_p8'.
17.134. Executing AST frontend in derive mode using pre-parsed AST for module `\bsg_two_fifo_width_p540'.
17.135. Executing AST frontend in derive mode using pre-parsed AST for module `\bp_fe_lce_cmd_data_width_p64_lce_data_width_p512_lce_addr_width_p22_lce_sets_p64_ways_p8_tag_width_p10_num_cce_p1_num_lce_p2_block_size_in_bytes_p8'.
17.136. Executing AST frontend in derive mode using pre-parsed AST for module `\bsg_two_fifo_width_p36'.
17.137. Executing AST frontend in derive mode using pre-parsed AST for module `\bp_fe_lce_req_data_width_p64_lce_addr_width_p22_num_cce_p1_num_lce_p2_lce_sets_p64_ways_p8_block_size_in_bytes_p8'.
Warning: reg '\lce_resp_o' is assigned in a continuous assignment at /home/nanocoh/dev/ORFS-K/try/OpenROAD-flow-scripts-KF/flow/designs/src/black_parrot/pickled.v:6042.10-6042.31.
Warning: reg '\lce_req_o' is assigned in a continuous assignment at /home/nanocoh/dev/ORFS-K/try/OpenROAD-flow-scripts-KF/flow/designs/src/black_parrot/pickled.v:6043.10-6043.40.
Warning: reg '\lce_req_o' is assigned in a continuous assignment at /home/nanocoh/dev/ORFS-K/try/OpenROAD-flow-scripts-KF/flow/designs/src/black_parrot/pickled.v:6044.10-6044.40.
Warning: reg '\lce_req_o' is assigned in a continuous assignment at /home/nanocoh/dev/ORFS-K/try/OpenROAD-flow-scripts-KF/flow/designs/src/black_parrot/pickled.v:6045.10-6045.40.
Warning: reg '\lce_req_o' is assigned in a continuous assignment at /home/nanocoh/dev/ORFS-K/try/OpenROAD-flow-scripts-KF/flow/designs/src/black_parrot/pickled.v:6046.10-6046.40.
Warning: reg '\lce_req_o' is assigned in a continuous assignment at /home/nanocoh/dev/ORFS-K/try/OpenROAD-flow-scripts-KF/flow/designs/src/black_parrot/pickled.v:6047.10-6047.40.
Warning: reg '\lce_req_o' is assigned in a continuous assignment at /home/nanocoh/dev/ORFS-K/try/OpenROAD-flow-scripts-KF/flow/designs/src/black_parrot/pickled.v:6048.10-6048.40.
Warning: reg '\lce_req_o' is assigned in a continuous assignment at /home/nanocoh/dev/ORFS-K/try/OpenROAD-flow-scripts-KF/flow/designs/src/black_parrot/pickled.v:6049.10-6049.40.
Warning: reg '\lce_req_o' is assigned in a continuous assignment at /home/nanocoh/dev/ORFS-K/try/OpenROAD-flow-scripts-KF/flow/designs/src/black_parrot/pickled.v:6050.10-6050.40.
Warning: reg '\lce_req_o' is assigned in a continuous assignment at /home/nanocoh/dev/ORFS-K/try/OpenROAD-flow-scripts-KF/flow/designs/src/black_parrot/pickled.v:6051.10-6051.40.
Warning: reg '\lce_req_o' is assigned in a continuous assignment at /home/nanocoh/dev/ORFS-K/try/OpenROAD-flow-scripts-KF/flow/designs/src/black_parrot/pickled.v:6052.10-6052.40.
Warning: reg '\lce_req_o' is assigned in a continuous assignment at /home/nanocoh/dev/ORFS-K/try/OpenROAD-flow-scripts-KF/flow/designs/src/black_parrot/pickled.v:6053.10-6053.40.
Warning: reg '\lce_req_o' is assigned in a continuous assignment at /home/nanocoh/dev/ORFS-K/try/OpenROAD-flow-scripts-KF/flow/designs/src/black_parrot/pickled.v:6054.10-6054.40.
Warning: reg '\lce_req_o' is assigned in a continuous assignment at /home/nanocoh/dev/ORFS-K/try/OpenROAD-flow-scripts-KF/flow/designs/src/black_parrot/pickled.v:6055.10-6055.40.
Warning: reg '\lce_req_o' is assigned in a continuous assignment at /home/nanocoh/dev/ORFS-K/try/OpenROAD-flow-scripts-KF/flow/designs/src/black_parrot/pickled.v:6056.10-6056.39.
Warning: reg '\lce_req_o' is assigned in a continuous assignment at /home/nanocoh/dev/ORFS-K/try/OpenROAD-flow-scripts-KF/flow/designs/src/black_parrot/pickled.v:6057.10-6057.39.
Warning: reg '\lce_req_o' is assigned in a continuous assignment at /home/nanocoh/dev/ORFS-K/try/OpenROAD-flow-scripts-KF/flow/designs/src/black_parrot/pickled.v:6058.10-6058.39.
Warning: reg '\lce_req_o' is assigned in a continuous assignment at /home/nanocoh/dev/ORFS-K/try/OpenROAD-flow-scripts-KF/flow/designs/src/black_parrot/pickled.v:6059.10-6059.39.
Warning: reg '\lce_req_o' is assigned in a continuous assignment at /home/nanocoh/dev/ORFS-K/try/OpenROAD-flow-scripts-KF/flow/designs/src/black_parrot/pickled.v:6060.10-6060.38.
Warning: reg '\lce_req_o' is assigned in a continuous assignment at /home/nanocoh/dev/ORFS-K/try/OpenROAD-flow-scripts-KF/flow/designs/src/black_parrot/pickled.v:6061.10-6061.38.
Warning: reg '\lce_req_o' is assigned in a continuous assignment at /home/nanocoh/dev/ORFS-K/try/OpenROAD-flow-scripts-KF/flow/designs/src/black_parrot/pickled.v:6062.10-6062.38.
Warning: reg '\lce_req_o' is assigned in a continuous assignment at /home/nanocoh/dev/ORFS-K/try/OpenROAD-flow-scripts-KF/flow/designs/src/black_parrot/pickled.v:6063.10-6063.38.
Warning: reg '\lce_req_o' is assigned in a continuous assignment at /home/nanocoh/dev/ORFS-K/try/OpenROAD-flow-scripts-KF/flow/designs/src/black_parrot/pickled.v:6064.10-6064.38.
Warning: reg '\lce_req_o' is assigned in a continuous assignment at /home/nanocoh/dev/ORFS-K/try/OpenROAD-flow-scripts-KF/flow/designs/src/black_parrot/pickled.v:6065.10-6065.38.
Warning: reg '\lce_req_o' is assigned in a continuous assignment at /home/nanocoh/dev/ORFS-K/try/OpenROAD-flow-scripts-KF/flow/designs/src/black_parrot/pickled.v:6066.10-6066.29.
Warning: reg '\lce_req_o' is assigned in a continuous assignment at /home/nanocoh/dev/ORFS-K/try/OpenROAD-flow-scripts-KF/flow/designs/src/black_parrot/pickled.v:6067.10-6067.30.
Warning: reg '\lce_req_o' is assigned in a continuous assignment at /home/nanocoh/dev/ORFS-K/try/OpenROAD-flow-scripts-KF/flow/designs/src/black_parrot/pickled.v:6068.10-6068.30.
Warning: reg '\lce_req_o' is assigned in a continuous assignment at /home/nanocoh/dev/ORFS-K/try/OpenROAD-flow-scripts-KF/flow/designs/src/black_parrot/pickled.v:6069.10-6069.33.
Warning: reg '\lce_resp_o' is assigned in a continuous assignment at /home/nanocoh/dev/ORFS-K/try/OpenROAD-flow-scripts-KF/flow/designs/src/black_parrot/pickled.v:6070.10-6070.34.
Warning: reg '\lce_resp_o' is assigned in a continuous assignment at /home/nanocoh/dev/ORFS-K/try/OpenROAD-flow-scripts-KF/flow/designs/src/black_parrot/pickled.v:6131.10-6136.45.
17.138. Executing AST frontend in derive mode using pre-parsed AST for module `\bp_fe_btb_bp_fe_pc_gen_btb_idx_width_lp9_eaddr_width_p64'.
17.139. Executing AST frontend in derive mode using pre-parsed AST for module `\bp_fe_bht_bht_indx_width_p5'.
17.140. Executing AST frontend in derive mode using pre-parsed AST for module `\bsg_decode_with_v_num_out_p8'.
17.141. Executing AST frontend in derive mode using pre-parsed AST for module `\bsg_decode_num_out_p8'.
17.142. Executing AST frontend in derive mode using pre-parsed AST for module `\bsg_mux_width_p8_els_p8'.
17.143. Executing AST frontend in derive mode using pre-parsed AST for module `\bsg_mux_width_p16_els_p4'.
17.144. Executing AST frontend in derive mode using pre-parsed AST for module `\bsg_mux_width_p32_els_p2'.
17.145. Executing AST frontend in derive mode using pre-parsed AST for module `\bsg_mux_segmented_segments_p8_segment_width_p8'.
17.146. Executing AST frontend in derive mode using pre-parsed AST for module `\bp_be_dcache_lce_data_width_p64_paddr_width_p22_lce_data_width_p512_sets_p64_ways_p8_num_cce_p1_num_lce_p2'.
17.147. Executing AST frontend in derive mode using pre-parsed AST for module `\bsg_mem_1rw_sync_mask_write_bit_width_p15_els_p64'.
17.148. Executing AST frontend in derive mode using pre-parsed AST for module `\bp_be_dcache_wbuf_data_width_p64_paddr_width_p22_ways_p8_sets_p64'.
17.149. Executing AST frontend in derive mode using pre-parsed AST for module `\bsg_dff_en_width_p5'.
17.150. Executing AST frontend in derive mode using pre-parsed AST for module `\bsg_mem_2r1w_sync_width_p64_els_p32_read_write_same_addr_p1'.
17.151. Executing AST frontend in derive mode using pre-parsed AST for module `\bsg_crossbar_o_by_i_i_els_p5_o_els_p1_width_p64'.
17.152. Executing AST frontend in derive mode using pre-parsed AST for module `\bsg_priority_encode_one_hot_out_width_p5_lo_to_hi_p1'.
17.153. Executing AST frontend in derive mode using pre-parsed AST for module `\bp_be_int_alu'.
17.154. Executing AST frontend in derive mode using pre-parsed AST for module `\bsg_dff_en_width_p36'.
17.155. Executing AST frontend in derive mode using pre-parsed AST for module `\bsg_dff_reset_en_64_80000124'.
17.156. Executing AST frontend in derive mode using pre-parsed AST for module `\bsg_dff_reset_en_width_p8'.
17.157. Analyzing design hierarchy..
17.158. Executing AST frontend in derive mode using pre-parsed AST for module `\bsg_scan_width_p5_or_p1_lo_to_hi_p1'.
17.159. Executing AST frontend in derive mode using pre-parsed AST for module `\bsg_mux_one_hot_width_p64_els_p5'.
17.160. Executing AST frontend in derive mode using pre-parsed AST for module `\bsg_mem_2r1w_sync_synth_width_p64_els_p32_read_write_same_addr_p1_harden_p0'.
17.161. Executing AST frontend in derive mode using pre-parsed AST for module `\bp_be_dcache_wbuf_queue_width_p97'.
17.162. Executing AST frontend in derive mode using pre-parsed AST for module `\hard_mem_1rw_bit_mask_d64_w15_wrapper'.
17.163. Executing AST frontend in derive mode using pre-parsed AST for module `\bp_be_dcache_lce_tr_num_lce_p2_num_cce_p1_data_width_p64_paddr_width_p22_lce_data_width_p512_ways_p8_sets_p64'.
17.164. Executing AST frontend in derive mode using pre-parsed AST for module `\bp_be_dcache_lce_data_cmd_num_cce_p1_num_lce_p2_data_width_p64_paddr_width_p22_lce_data_width_p512_ways_p8_sets_p64'.
17.165. Executing AST frontend in derive mode using pre-parsed AST for module `\bp_be_dcache_lce_cmd_num_cce_p1_num_lce_p2_paddr_width_p22_lce_data_width_p512_sets_p64_ways_p8_data_width_p64'.
17.166. Executing AST frontend in derive mode using pre-parsed AST for module `\bp_be_dcache_lce_req_data_width_p64_paddr_width_p22_num_cce_p1_num_lce_p2_ways_p8_sets_p64'.
Warning: reg '\lce_req_o' is assigned in a continuous assignment at /home/nanocoh/dev/ORFS-K/try/OpenROAD-flow-scripts-KF/flow/designs/src/black_parrot/pickled.v:27724.10-27724.30.
Warning: reg '\lce_req_o' is assigned in a continuous assignment at /home/nanocoh/dev/ORFS-K/try/OpenROAD-flow-scripts-KF/flow/designs/src/black_parrot/pickled.v:27725.10-27725.30.
Warning: reg '\lce_req_o' is assigned in a continuous assignment at /home/nanocoh/dev/ORFS-K/try/OpenROAD-flow-scripts-KF/flow/designs/src/black_parrot/pickled.v:27749.10-27749.37.
Warning: reg '\lce_req_o' is assigned in a continuous assignment at /home/nanocoh/dev/ORFS-K/try/OpenROAD-flow-scripts-KF/flow/designs/src/black_parrot/pickled.v:27770.10-27771.49.
Warning: reg '\lce_req_o' is assigned in a continuous assignment at /home/nanocoh/dev/ORFS-K/try/OpenROAD-flow-scripts-KF/flow/designs/src/black_parrot/pickled.v:27774.10-27775.41.
Warning: reg '\lce_req_o' is assigned in a continuous assignment at /home/nanocoh/dev/ORFS-K/try/OpenROAD-flow-scripts-KF/flow/designs/src/black_parrot/pickled.v:27833.10-27833.29.
17.167. Executing AST frontend in derive mode using pre-parsed AST for module `\bsg_mem_1rw_sync_width_p64_els_p512_addr_width_lp9'.
17.168. Executing AST frontend in derive mode using pre-parsed AST for module `\bsg_mem_1r1w_width_p36_els_p2_read_write_same_addr_p0'.
17.169. Executing AST frontend in derive mode using pre-parsed AST for module `\bsg_mem_1r1w_width_p540_els_p2_read_write_same_addr_p0'.
17.170. Executing AST frontend in derive mode using pre-parsed AST for module `\bsg_scan_width_p8_or_p1_lo_to_hi_p1'.
17.171. Executing AST frontend in derive mode using pre-parsed AST for module `\bsg_encode_one_hot_width_p4'.
17.172. Executing AST frontend in derive mode using pre-parsed AST for module `\bsg_encode_one_hot_width_p1'.
17.173. Executing AST frontend in derive mode using pre-parsed AST for module `\hard_mem_1rw_d256_w95_wrapper'.
17.174. Executing AST frontend in derive mode using pre-parsed AST for module `\bsg_mem_1r1w_width_p38_els_p2_read_write_same_addr_p0'.
17.175. Executing AST frontend in derive mode using pre-parsed AST for module `\bsg_mux_one_hot_width_p38_els_p5'.
17.176. Executing AST frontend in derive mode using pre-parsed AST for module `\bsg_round_robin_arb_inputs_p5'.
17.177. Executing AST frontend in derive mode using pre-parsed AST for module `\bsg_mux_one_hot_width_p38_els_p2'.
17.178. Executing AST frontend in derive mode using pre-parsed AST for module `\bsg_round_robin_arb_inputs_p2'.
17.179. Executing AST frontend in derive mode using pre-parsed AST for module `\bsg_mux_one_hot_width_p38_els_p4'.
17.180. Executing AST frontend in derive mode using pre-parsed AST for module `\bsg_round_robin_arb_inputs_p4'.
17.181. Executing AST frontend in derive mode using pre-parsed AST for module `\bsg_mesh_router_dor_decoder_x_cord_width_p1_y_cord_width_p1_dirs_lp5_XY_order_p0'.
17.182. Executing AST frontend in derive mode using pre-parsed AST for module `\bsg_mem_1r1w_width_p542_els_p2_read_write_same_addr_p0'.
17.183. Executing AST frontend in derive mode using pre-parsed AST for module `\bsg_mux_one_hot_width_p542_els_p5'.
17.184. Executing AST frontend in derive mode using pre-parsed AST for module `\bsg_mux_one_hot_width_p542_els_p2'.
17.185. Executing AST frontend in derive mode using pre-parsed AST for module `\bsg_mux_one_hot_width_p542_els_p4'.
17.186. Executing AST frontend in derive mode using pre-parsed AST for module `\bsg_mem_1r1w_width_p32_els_p2_read_write_same_addr_p0'.
17.187. Executing AST frontend in derive mode using pre-parsed AST for module `\bsg_mux_one_hot_width_p32_els_p5'.
17.188. Executing AST frontend in derive mode using pre-parsed AST for module `\bsg_mux_one_hot_width_p32_els_p2'.
17.189. Executing AST frontend in derive mode using pre-parsed AST for module `\bsg_mux_one_hot_width_p32_els_p4'.
17.190. Executing AST frontend in derive mode using pre-parsed AST for module `\bsg_mem_1r1w_width_p28_els_p2_read_write_same_addr_p0'.
17.191. Executing AST frontend in derive mode using pre-parsed AST for module `\bsg_mux_one_hot_width_p28_els_p5'.
17.192. Executing AST frontend in derive mode using pre-parsed AST for module `\bsg_mux_one_hot_width_p28_els_p2'.
17.193. Executing AST frontend in derive mode using pre-parsed AST for module `\bsg_mux_one_hot_width_p28_els_p4'.
17.194. Executing AST frontend in derive mode using pre-parsed AST for module `\bsg_mux_one_hot_width_p539_els_p5'.
17.195. Executing AST frontend in derive mode using pre-parsed AST for module `\bsg_mux_one_hot_width_p539_els_p2'.
17.196. Executing AST frontend in derive mode using pre-parsed AST for module `\bsg_mux_one_hot_width_p539_els_p4'.
17.197. Executing AST frontend in derive mode using pre-parsed AST for module `\bsg_mem_1r1w_width_p541_els_p2_read_write_same_addr_p0'.
17.198. Executing AST frontend in derive mode using pre-parsed AST for module `\bsg_mux_one_hot_width_p541_els_p5'.
17.199. Executing AST frontend in derive mode using pre-parsed AST for module `\bsg_mux_one_hot_width_p541_els_p2'.
17.200. Executing AST frontend in derive mode using pre-parsed AST for module `\bsg_mux_one_hot_width_p541_els_p4'.
17.201. Analyzing design hierarchy..
17.202. Executing AST frontend in derive mode using pre-parsed AST for module `\bsg_mem_1r1w_synth_width_p541_els_p2_read_write_same_addr_p0_harden_p0'.
17.203. Executing AST frontend in derive mode using pre-parsed AST for module `\bsg_mem_1r1w_synth_width_p28_els_p2_read_write_same_addr_p0_harden_p0'.
17.204. Executing AST frontend in derive mode using pre-parsed AST for module `\bsg_mem_1r1w_synth_width_p32_els_p2_read_write_same_addr_p0_harden_p0'.
17.205. Executing AST frontend in derive mode using pre-parsed AST for module `\bsg_mem_1r1w_synth_width_p542_els_p2_read_write_same_addr_p0_harden_p0'.
17.206. Executing AST frontend in derive mode using pre-parsed AST for module `\bsg_mem_1r1w_synth_width_p38_els_p2_read_write_same_addr_p0_harden_p0'.
17.207. Executing AST frontend in derive mode using pre-parsed AST for module `\bsg_mem_1r1w_synth_width_p540_els_p2_read_write_same_addr_p0_harden_p0'.
17.208. Executing AST frontend in derive mode using pre-parsed AST for module `\bsg_mem_1r1w_synth_width_p36_els_p2_read_write_same_addr_p0_harden_p0'.
17.209. Executing AST frontend in derive mode using pre-parsed AST for module `\hard_mem_1rw_d512_w64_wrapper'.
17.210. Analyzing design hierarchy..
17.211. Analyzing design hierarchy..
18. Executing OPT_CLEAN pass (remove unused cells and wires).
Warning: Ignoring module bsg_mem_1r1w_synth_width_p36_els_p2_read_write_same_addr_p0_harden_p0 because it contains processes (run 'proc' command first).
Warning: Ignoring module bsg_mem_1r1w_synth_width_p540_els_p2_read_write_same_addr_p0_harden_p0 because it contains processes (run 'proc' command first).
Warning: Ignoring module bsg_mem_1r1w_synth_width_p38_els_p2_read_write_same_addr_p0_harden_p0 because it contains processes (run 'proc' command first).
Warning: Ignoring module bsg_mem_1r1w_synth_width_p542_els_p2_read_write_same_addr_p0_harden_p0 because it contains processes (run 'proc' command first).
Warning: Ignoring module bsg_mem_1r1w_synth_width_p32_els_p2_read_write_same_addr_p0_harden_p0 because it contains processes (run 'proc' command first).
Warning: Ignoring module bsg_mem_1r1w_synth_width_p28_els_p2_read_write_same_addr_p0_harden_p0 because it contains processes (run 'proc' command first).
Warning: Ignoring module bsg_mem_1r1w_synth_width_p541_els_p2_read_write_same_addr_p0_harden_p0 because it contains processes (run 'proc' command first).
Warning: Ignoring module bsg_round_robin_arb_inputs_p4 because it contains processes (run 'proc' command first).
Warning: Ignoring module bsg_round_robin_arb_inputs_p2 because it contains processes (run 'proc' command first).
Warning: Ignoring module bsg_round_robin_arb_inputs_p5 because it contains processes (run 'proc' command first).
Warning: Ignoring module bp_be_dcache_lce_req_data_width_p64_paddr_width_p22_num_cce_p1_num_lce_p2_ways_p8_sets_p64 because it contains processes (run 'proc' command first).
Warning: Ignoring module bp_be_dcache_lce_cmd_num_cce_p1_num_lce_p2_paddr_width_p22_lce_data_width_p512_sets_p64_ways_p8_data_width_p64 because it contains processes (run 'proc' command first).
Warning: Ignoring module bp_be_dcache_wbuf_queue_width_p97 because it contains processes (run 'proc' command first).
Warning: Ignoring module bsg_mem_2r1w_sync_synth_width_p64_els_p32_read_write_same_addr_p1_harden_p0 because it contains processes (run 'proc' command first).
Warning: Ignoring module bsg_dff_reset_en_width_p8 because it contains processes (run 'proc' command first).
Warning: Ignoring module bsg_dff_reset_en_64_80000124 because it contains processes (run 'proc' command first).
Warning: Ignoring module bsg_dff_en_width_p36 because it contains processes (run 'proc' command first).
Warning: Ignoring module bsg_dff_en_width_p5 because it contains processes (run 'proc' command first).
Warning: Ignoring module bp_be_dcache_wbuf_data_width_p64_paddr_width_p22_ways_p8_sets_p64 because it contains processes (run 'proc' command first).
Warning: Ignoring module bp_be_dcache_lce_data_width_p64_paddr_width_p22_lce_data_width_p512_sets_p64_ways_p8_num_cce_p1_num_lce_p2 because it contains processes (run 'proc' command first).
Warning: Ignoring module bp_fe_bht_bht_indx_width_p5 because it contains processes (run 'proc' command first).
Warning: Ignoring module bp_fe_btb_bp_fe_pc_gen_btb_idx_width_lp9_eaddr_width_p64 because it contains processes (run 'proc' command first).
Warning: Ignoring module bp_fe_lce_req_data_width_p64_lce_addr_width_p22_num_cce_p1_num_lce_p2_lce_sets_p64_ways_p8_block_size_in_bytes_p8 because it contains processes (run 'proc' command first).
Warning: Ignoring module bsg_two_fifo_width_p36 because it contains processes (run 'proc' command first).
Warning: Ignoring module bp_fe_lce_cmd_data_width_p64_lce_data_width_p512_lce_addr_width_p22_lce_sets_p64_ways_p8_tag_width_p10_num_cce_p1_num_lce_p2_block_size_in_bytes_p8 because it contains processes (run 'proc' command first).
Warning: Ignoring module bsg_two_fifo_width_p540 because it contains processes (run 'proc' command first).
Warning: Ignoring module bsg_mem_1r1w_synth_width_p30_els_p2_read_write_same_addr_p0_harden_p0 because it contains processes (run 'proc' command first).
Warning: Ignoring module bsg_mem_1r1w_synth_width_p26_els_p2_read_write_same_addr_p0_harden_p0 because it contains processes (run 'proc' command first).
Warning: Ignoring module bsg_mem_1r1w_synth_width_p537_els_p2_read_write_same_addr_p0_harden_p0 because it contains processes (run 'proc' command first).
Warning: Ignoring module bsg_mem_1r1w_synth_width_p55_els_p2_read_write_same_addr_p0_harden_p0 because it contains processes (run 'proc' command first).
Warning: Ignoring module bsg_mem_1r1w_synth_width_p539_els_p2_read_write_same_addr_p0_harden_p0 because it contains processes (run 'proc' command first).
Warning: Ignoring module bsg_mem_1r1w_synth_width_p27_els_p2_read_write_same_addr_p0_harden_p0 because it contains processes (run 'proc' command first).
Warning: Ignoring module bsg_mem_1r1w_synth_width_p567_els_p2_read_write_same_addr_p0_harden_p0 because it contains processes (run 'proc' command first).
Warning: Ignoring module bsg_two_fifo_width_p38 because it contains processes (run 'proc' command first).
Warning: Ignoring module bsg_two_fifo_width_p542 because it contains processes (run 'proc' command first).
Warning: Ignoring module bsg_two_fifo_width_p32 because it contains processes (run 'proc' command first).
Warning: Ignoring module bsg_two_fifo_width_p28 because it contains processes (run 'proc' command first).
Warning: Ignoring module bsg_two_fifo_width_p541 because it contains processes (run 'proc' command first).
Warning: Ignoring module bp_cce_pc_inst_ram_els_p256_harden_p0 because it contains processes (run 'proc' command first).
Warning: Ignoring module bp_cce_dir_num_way_groups_p64_num_lce_p2_lce_assoc_p8_tag_width_p10_harden_p0 because it contains processes (run 'proc' command first).
Warning: Ignoring module bp_cce_reg_num_lce_p2_num_cce_p1_addr_width_p22_lce_assoc_p8_lce_sets_p64_block_size_in_bytes_p64 because it contains processes (run 'proc' command first).
Warning: Ignoring module bsg_mem_1r1w_synth_width_p134_els_p16_read_write_same_addr_p0_harden_p0 because it contains processes (run 'proc' command first).
Warning: Ignoring module bsg_mem_1r1w_synth_width_p109_els_p8_read_write_same_addr_p0_harden_p0 because it contains processes (run 'proc' command first).
Warning: Ignoring module bsg_circular_ptr_slots_p8_max_add_p1 because it contains processes (run 'proc' command first).
Warning: Ignoring module bp_be_dcache_data_width_p64_paddr_width_p22_sets_p64_ways_p8_num_cce_p1_num_lce_p2 because it contains processes (run 'proc' command first).
Warning: Ignoring module bsg_dff_reset_en_width_p221 because it contains processes (run 'proc' command first).
Warning: Ignoring module bsg_dff_reset_en_width_p1 because it contains processes (run 'proc' command first).
Warning: Ignoring module bsg_dff_width_p1890 because it contains processes (run 'proc' command first).
Warning: Ignoring module bsg_dff_width_p640 because it contains processes (run 'proc' command first).
Warning: Ignoring module bsg_dff_width_p35 because it contains processes (run 'proc' command first).
Warning: Ignoring module bp_be_mmu_top_vaddr_width_p56_paddr_width_p22_asid_width_p10_branch_metadata_fwd_width_p36_num_cce_p1_num_lce_p2_cce_block_size_in_bytes_p64_lce_assoc_p8_lce_sets_p64 because it contains processes (run 'proc' command first).
Warning: Ignoring module bsg_fifo_tracker_els_p8 because it contains processes (run 'proc' command first).
Warning: Ignoring module bsg_circular_ptr_slots_p32_max_add_p1 because it contains processes (run 'proc' command first).
Warning: Ignoring module bsg_circular_ptr_slots_p32_max_add_p31 because it contains processes (run 'proc' command first).
Warning: Ignoring module bp_fe_pc_gen_56_22_64_9_5_22_32_10_80000124_1 because it contains processes (run 'proc' command first).
Warning: Ignoring module icache_eaddr_width_p64_data_width_p64_inst_width_p32_tag_width_p10_num_cce_p1_num_lce_p2_ways_p8_lce_sets_p64_block_size_in_bytes_p8 because it contains processes (run 'proc' command first).
Warning: Ignoring module itlb_vaddr_width_p56_paddr_width_p22_eaddr_width_p64_btb_indx_width_p9_bht_indx_width_p5_ras_addr_width_p22_asid_width_p10_ppn_start_bit_p12_tag_width_p10 because it contains processes (run 'proc' command first).
Warning: Ignoring module bsg_two_fifo_width_p30 because it contains processes (run 'proc' command first).
Warning: Ignoring module bsg_two_fifo_width_p26 because it contains processes (run 'proc' command first).
Warning: Ignoring module bsg_two_fifo_width_p537 because it contains processes (run 'proc' command first).
Warning: Ignoring module bsg_two_fifo_width_p55 because it contains processes (run 'proc' command first).
Warning: Ignoring module bsg_two_fifo_width_p539 because it contains processes (run 'proc' command first).
Warning: Ignoring module bsg_two_fifo_width_p27 because it contains processes (run 'proc' command first).
Warning: Ignoring module bsg_two_fifo_width_p567 because it contains processes (run 'proc' command first).
Warning: Ignoring module bp_be_top_vaddr_width_p56_paddr_width_p22_asid_width_p10_branch_metadata_fwd_width_p36_core_els_p1_num_cce_p1_num_lce_p2_lce_assoc_p8_lce_sets_p64_cce_block_size_in_bytes_p64 because it contains processes (run 'proc' command first).
19. Executing RTLIL backend.
Warnings: 102 unique messages, 102 total
End of script. Logfile hash: 203b8991fc, CPU: user 4.19s system 0.14s, MEM: 666.95 MB peak
Yosys 0.61+0 (git sha1 77005b69a, g++ 11.4.0-1ubuntu1~22.04 -fPIC -O3)
Time spent: 64% 1x hierarchy (2 sec), 19% 6x read_verilog (0 sec), ...
Elapsed time: 0:04.52[h:]min:sec. CPU time: user 4.32 sys 0.17 (99%). Peak memory: 687212KB.
