OpenROAD 701085d1e57df45a6aee387c04309628e0233ba8 
Features included (+) or not (-): +GPU +GUI +Python
This program is licensed under the BSD-3 license. See the LICENSE file for details.
Components of this program may be licensed under more restrictive licenses which must be honored.
[INFO ORD-0030] Using 28 thread(s).
read_liberty /home/nanocoh/dev/ORFS-K/try/OpenROAD-flow-scripts-KF/flow/platforms/nangate45/lib/NangateOpenCellLibrary_typical.lib
read_liberty /home/nanocoh/dev/ORFS-K/try/OpenROAD-flow-scripts-KF/flow/platforms/nangate45/lib/fakeram45_512x64.lib
read_liberty /home/nanocoh/dev/ORFS-K/try/OpenROAD-flow-scripts-KF/flow/platforms/nangate45/lib/fakeram45_256x95.lib
read_liberty /home/nanocoh/dev/ORFS-K/try/OpenROAD-flow-scripts-KF/flow/platforms/nangate45/lib/fakeram45_64x7.lib
read_liberty /home/nanocoh/dev/ORFS-K/try/OpenROAD-flow-scripts-KF/flow/platforms/nangate45/lib/fakeram45_64x15.lib
read_liberty /home/nanocoh/dev/ORFS-K/try/OpenROAD-flow-scripts-KF/flow/platforms/nangate45/lib/fakeram45_64x96.lib
read_db ./results/nangate45/bp/base/2_1_floorplan.odb
source /home/nanocoh/dev/ORFS-K/try/OpenROAD-flow-scripts-KF/flow/platforms/nangate45/setRC.tcl
source /home/nanocoh/dev/ORFS-K/try/OpenROAD-flow-scripts-KF/flow/designs/nangate45/black_parrot/macro_placement.tcl
[INFO MPL-0035] Macro multi_top.me.genblk1_0__bp_cce_top.bp_cce/directory.wg_ram/macro_mem0.mem placed. Bounding box (20.070um, 355.915um), (74.600um, 445.315um). Orientation MY
[INFO MPL-0035] Macro multi_top.me.genblk1_0__bp_cce_top.bp_cce/directory.wg_ram/macro_mem1.mem placed. Bounding box (94.600um, 355.915um), (149.130um, 445.315um). Orientation MY
[INFO MPL-0035] Macro multi_top.rof1_0__core/fe.icache_1/metadata_mem.macro_mem.mem placed. Bounding box (20.070um, 245.105um), (30.710um, 281.505um). Orientation R180
[INFO MPL-0035] Macro multi_top.rof1_0__core/be.be_mmu.dcache/data_mem_0__data_mem.macro_mem/mem placed. Bounding box (1177.310um, 1165.115um), (1329.880um, 1278.515um). Orientation R0
[INFO MPL-0035] Macro multi_top.rof1_0__core/be.be_mmu.dcache/data_mem_1__data_mem.macro_mem/mem placed. Bounding box (659.600um, 1165.115um), (812.170um, 1278.515um). Orientation MY
[INFO MPL-0035] Macro multi_top.rof1_0__core/be.be_mmu.dcache/data_mem_2__data_mem.macro_mem/mem placed. Bounding box (1177.310um, 1031.625um), (1329.880um, 1145.025um). Orientation MX
[INFO MPL-0035] Macro multi_top.rof1_0__core/be.be_mmu.dcache/data_mem_3__data_mem.macro_mem/mem placed. Bounding box (832.170um, 1165.115um), (984.740um, 1278.515um). Orientation R0
[INFO MPL-0035] Macro multi_top.rof1_0__core/be.be_mmu.dcache/data_mem_4__data_mem.macro_mem/mem placed. Bounding box (1004.740um, 1031.625um), (1157.310um, 1145.025um). Orientation MX
[INFO MPL-0035] Macro multi_top.rof1_0__core/be.be_mmu.dcache/data_mem_5__data_mem.macro_mem/mem placed. Bounding box (832.170um, 1031.625um), (984.740um, 1145.025um). Orientation MX
[INFO MPL-0035] Macro multi_top.rof1_0__core/be.be_mmu.dcache/data_mem_6__data_mem.macro_mem/mem placed. Bounding box (1004.740um, 1165.115um), (1157.310um, 1278.515um). Orientation R0
[INFO MPL-0035] Macro multi_top.rof1_0__core/be.be_mmu.dcache/data_mem_7__data_mem.macro_mem/mem placed. Bounding box (659.600um, 1031.625um), (812.170um, 1145.025um). Orientation R180
[INFO GPL-0022] Initialize gpl and calculate uniform density.
Placement density is 0.38300000339746476, computed from PLACE_DENSITY_LB_ADDON  0.05 and lower bound 0.3400000035762787
rtl_macro_placer -max_num_level 2 -halo_width 10 -halo_height 10 -min_ar 0.33 -area_weight 0.1 -wirelength_weight 100.0 -outline_weight 100.0 -boundary_weight 50.0 -notch_weight 10.0 -report_directory ./objects/nangate45/bp/base/rtlmp -fence_lx 0.0 -fence_ly 0.0 -fence_ux 0.0 -fence_uy 0.0 -target_util 0.38300000339746476 -data_flow_driven
[INFO MPL-0062] Found fixed macro multi_top.me.genblk1_0__bp_cce_top.bp_cce/directory.wg_ram/macro_mem0.mem.
[INFO MPL-0062] Found fixed macro multi_top.me.genblk1_0__bp_cce_top.bp_cce/directory.wg_ram/macro_mem1.mem.
[INFO MPL-0062] Found fixed macro multi_top.rof1_0__core/be.be_mmu.dcache/data_mem_0__data_mem.macro_mem/mem.
[INFO MPL-0062] Found fixed macro multi_top.rof1_0__core/be.be_mmu.dcache/data_mem_1__data_mem.macro_mem/mem.
[INFO MPL-0062] Found fixed macro multi_top.rof1_0__core/be.be_mmu.dcache/data_mem_2__data_mem.macro_mem/mem.
[INFO MPL-0062] Found fixed macro multi_top.rof1_0__core/be.be_mmu.dcache/data_mem_3__data_mem.macro_mem/mem.
[INFO MPL-0062] Found fixed macro multi_top.rof1_0__core/be.be_mmu.dcache/data_mem_4__data_mem.macro_mem/mem.
[INFO MPL-0062] Found fixed macro multi_top.rof1_0__core/be.be_mmu.dcache/data_mem_5__data_mem.macro_mem/mem.
[INFO MPL-0062] Found fixed macro multi_top.rof1_0__core/be.be_mmu.dcache/data_mem_6__data_mem.macro_mem/mem.
[INFO MPL-0062] Found fixed macro multi_top.rof1_0__core/be.be_mmu.dcache/data_mem_7__data_mem.macro_mem/mem.
[INFO MPL-0062] Found fixed macro multi_top.rof1_0__core/fe.icache_1/metadata_mem.macro_mem.mem.
Die Area: (0.00, 0.00) (1350.00, 1300.00),  Floorplan Area: (10.07, 11.20) (1339.88, 1289.40)
	Number of std cell instances: 248343
	Area of std cell instances: 352158.73
	Number of macros: 24
	Area of macros: 328372.48
	Halo width: 10.00
	Halo height: 10.00
	Area of macros with halos: 244738.51
	Area of std cell instances + Area of macros: 680531.21
	Floorplan area: 1699763.14
	Design Utilization: 0.40
	Floorplan Utilization: 0.26
	Manufacturing Grid: 10

Took 11 seconds: rtl_macro_placer -max_num_level 2 -halo_width 10 -halo_height 10 -min_ar 0.33 -area_weight 0.1 -wirelength_weight 100.0 -outline_weight 100.0 -boundary_weight 50.0 -notch_weight 10.0 -report_directory ./objects/nangate45/bp/base/rtlmp -fence_lx 0.0 -fence_ly 0.0 -fence_ux 0.0 -fence_uy 0.0 -target_util 0.38300000339746476 -data_flow_driven
write_db ./results/nangate45/bp/base/2_2_floorplan_macro.odb
Elapsed time: 0:13.95[h:]min:sec. CPU time: user 65.54 sys 0.34 (472%). Peak memory: 1090768KB.
Log                        Elapsed/s Peak Memory/MB  sha1sum .odb [0:20)
2_2_floorplan_macro               13           1065 40e4d9446f7979819c60
