OpenROAD 701085d1e57df45a6aee387c04309628e0233ba8 
Features included (+) or not (-): +GPU +GUI +Python
This program is licensed under the BSD-3 license. See the LICENSE file for details.
Components of this program may be licensed under more restrictive licenses which must be honored.
[INFO ORD-0030] Using 28 thread(s).
read_liberty /home/nanocoh/dev/ORFS-K/try/OpenROAD-flow-scripts-KF/flow/platforms/nangate45/lib/NangateOpenCellLibrary_typical.lib
read_liberty /home/nanocoh/dev/ORFS-K/try/OpenROAD-flow-scripts-KF/flow/platforms/nangate45/lib/fakeram45_512x64.lib
read_liberty /home/nanocoh/dev/ORFS-K/try/OpenROAD-flow-scripts-KF/flow/platforms/nangate45/lib/fakeram45_256x95.lib
read_liberty /home/nanocoh/dev/ORFS-K/try/OpenROAD-flow-scripts-KF/flow/platforms/nangate45/lib/fakeram45_64x7.lib
read_liberty /home/nanocoh/dev/ORFS-K/try/OpenROAD-flow-scripts-KF/flow/platforms/nangate45/lib/fakeram45_64x15.lib
read_liberty /home/nanocoh/dev/ORFS-K/try/OpenROAD-flow-scripts-KF/flow/platforms/nangate45/lib/fakeram45_64x96.lib
read_db ./results/nangate45/bp/base/2_3_floorplan_tapcell.odb
source /home/nanocoh/dev/ORFS-K/try/OpenROAD-flow-scripts-KF/flow/platforms/nangate45/setRC.tcl
[INFO PDN-0001] Inserting grid: grid
[INFO PDN-0001] Inserting grid: CORE_macro_grid_1 - multi_top.me.genblk1_0__bp_cce_top.bp_cce/pc_inst_ram.cce_inst_ram.macro_mem/mem
[INFO PDN-0001] Inserting grid: CORE_macro_grid_1 - multi_top.rof1_0__core/be.be_mmu.dcache/data_mem_0__data_mem.macro_mem/mem
[INFO PDN-0001] Inserting grid: CORE_macro_grid_1 - multi_top.rof1_0__core/be.be_mmu.dcache/data_mem_1__data_mem.macro_mem/mem
[INFO PDN-0001] Inserting grid: CORE_macro_grid_1 - multi_top.rof1_0__core/be.be_mmu.dcache/data_mem_2__data_mem.macro_mem/mem
[INFO PDN-0001] Inserting grid: CORE_macro_grid_1 - multi_top.rof1_0__core/be.be_mmu.dcache/data_mem_3__data_mem.macro_mem/mem
[INFO PDN-0001] Inserting grid: CORE_macro_grid_1 - multi_top.rof1_0__core/be.be_mmu.dcache/data_mem_4__data_mem.macro_mem/mem
[INFO PDN-0001] Inserting grid: CORE_macro_grid_1 - multi_top.rof1_0__core/be.be_mmu.dcache/data_mem_5__data_mem.macro_mem/mem
[INFO PDN-0001] Inserting grid: CORE_macro_grid_1 - multi_top.rof1_0__core/be.be_mmu.dcache/data_mem_6__data_mem.macro_mem/mem
[INFO PDN-0001] Inserting grid: CORE_macro_grid_1 - multi_top.rof1_0__core/be.be_mmu.dcache/data_mem_7__data_mem.macro_mem/mem
[INFO PDN-0001] Inserting grid: CORE_macro_grid_1 - multi_top.rof1_0__core/fe.bp_fe_pc_gen_1.genblk1_branch_prediction_1.btb_1.btb_mem.macro_mem/mem
[INFO PDN-0001] Inserting grid: CORE_macro_grid_1 - multi_top.rof1_0__core/fe.icache_1/data_mem_banks_0__data_mem_bank.macro_mem/mem
[INFO PDN-0001] Inserting grid: CORE_macro_grid_1 - multi_top.rof1_0__core/fe.icache_1/data_mem_banks_1__data_mem_bank.macro_mem/mem
[INFO PDN-0001] Inserting grid: CORE_macro_grid_1 - multi_top.rof1_0__core/fe.icache_1/data_mem_banks_2__data_mem_bank.macro_mem/mem
[INFO PDN-0001] Inserting grid: CORE_macro_grid_1 - multi_top.rof1_0__core/fe.icache_1/data_mem_banks_3__data_mem_bank.macro_mem/mem
[INFO PDN-0001] Inserting grid: CORE_macro_grid_1 - multi_top.rof1_0__core/fe.icache_1/data_mem_banks_4__data_mem_bank.macro_mem/mem
[INFO PDN-0001] Inserting grid: CORE_macro_grid_1 - multi_top.rof1_0__core/fe.icache_1/data_mem_banks_5__data_mem_bank.macro_mem/mem
[INFO PDN-0001] Inserting grid: CORE_macro_grid_1 - multi_top.rof1_0__core/fe.icache_1/data_mem_banks_6__data_mem_bank.macro_mem/mem
[INFO PDN-0001] Inserting grid: CORE_macro_grid_1 - multi_top.rof1_0__core/fe.icache_1/data_mem_banks_7__data_mem_bank.macro_mem/mem
[INFO PDN-0001] Inserting grid: CORE_macro_grid_1 - multi_top.rof1_0__core/be.be_mmu.dcache/stat_mem.macro_mem.mem
[INFO PDN-0001] Inserting grid: CORE_macro_grid_1 - multi_top.rof1_0__core/fe.icache_1/metadata_mem.macro_mem.mem
[INFO PDN-0001] Inserting grid: CORE_macro_grid_1 - multi_top.me.genblk1_0__bp_cce_top.bp_cce/directory.wg_ram/macro_mem0.mem
[INFO PDN-0001] Inserting grid: CORE_macro_grid_1 - multi_top.me.genblk1_0__bp_cce_top.bp_cce/directory.wg_ram/macro_mem1.mem
[INFO PDN-0001] Inserting grid: CORE_macro_grid_1 - multi_top.rof1_0__core/be.be_mmu.dcache/tag_mem.macro_mem.mem
[INFO PDN-0001] Inserting grid: CORE_macro_grid_1 - multi_top.rof1_0__core/fe.icache_1/tag_mem.macro_mem.mem
[WARNING PDN-0195] Removing 1 via(s) between metal4 and metal5 at (24.7600 um, 442.4800 um) for VDD
[WARNING PDN-0195] Removing 1 via(s) between metal4 and metal5 at (29.2400 um, 442.4800 um) for VDD
[WARNING PDN-0195] Removing 1 via(s) between metal4 and metal5 at (33.7200 um, 442.4800 um) for VDD
[WARNING PDN-0195] Removing 1 via(s) between metal4 and metal5 at (38.2000 um, 442.4800 um) for VDD
[WARNING PDN-0195] Removing 1 via(s) between metal4 and metal5 at (42.6800 um, 442.4800 um) for VDD
[WARNING PDN-0195] Removing 1 via(s) between metal4 and metal5 at (47.1600 um, 442.4800 um) for VDD
[WARNING PDN-0195] Removing 1 via(s) between metal4 and metal5 at (51.6400 um, 442.4800 um) for VDD
[WARNING PDN-0195] Removing 1 via(s) between metal4 and metal5 at (56.1200 um, 442.4800 um) for VDD
[WARNING PDN-0195] Removing 1 via(s) between metal4 and metal5 at (60.6000 um, 442.4800 um) for VDD
[WARNING PDN-0195] Removing 1 via(s) between metal4 and metal5 at (65.0800 um, 442.4800 um) for VDD
[WARNING PDN-0195] Removing 1 via(s) between metal4 and metal5 at (69.5600 um, 442.4800 um) for VDD
[WARNING PDN-0195] Removing 1 via(s) between metal4 and metal5 at (99.2900 um, 442.4800 um) for VDD
[WARNING PDN-0195] Removing 1 via(s) between metal4 and metal5 at (103.7700 um, 442.4800 um) for VDD
[WARNING PDN-0195] Removing 1 via(s) between metal4 and metal5 at (108.2500 um, 442.4800 um) for VDD
[WARNING PDN-0195] Removing 1 via(s) between metal4 and metal5 at (112.7300 um, 442.4800 um) for VDD
[WARNING PDN-0195] Removing 1 via(s) between metal4 and metal5 at (117.2100 um, 442.4800 um) for VDD
[WARNING PDN-0195] Removing 1 via(s) between metal4 and metal5 at (121.6900 um, 442.4800 um) for VDD
[WARNING PDN-0195] Removing 1 via(s) between metal4 and metal5 at (126.1700 um, 442.4800 um) for VDD
[WARNING PDN-0195] Removing 1 via(s) between metal4 and metal5 at (130.6500 um, 442.4800 um) for VDD
[WARNING PDN-0195] Removing 1 via(s) between metal4 and metal5 at (135.1300 um, 442.4800 um) for VDD
[WARNING PDN-0195] Removing 1 via(s) between metal4 and metal5 at (139.6100 um, 442.4800 um) for VDD
[WARNING PDN-0195] Removing 1 via(s) between metal4 and metal5 at (144.0900 um, 442.4800 um) for VDD
[WARNING PDN-0195] Removing 1 via(s) between metal4 and metal5 at (24.7600 um, 1276.6000 um) for VDD
[WARNING PDN-0195] Removing 1 via(s) between metal4 and metal5 at (29.2400 um, 1276.6000 um) for VDD
[WARNING PDN-0195] Removing 1 via(s) between metal4 and metal5 at (33.7200 um, 1276.6000 um) for VDD
[WARNING PDN-0195] Removing 1 via(s) between metal4 and metal5 at (38.2000 um, 1276.6000 um) for VDD
[WARNING PDN-0195] Removing 1 via(s) between metal4 and metal5 at (42.6800 um, 1276.6000 um) for VDD
[WARNING PDN-0195] Removing 1 via(s) between metal4 and metal5 at (47.1600 um, 1276.6000 um) for VDD
[WARNING PDN-0195] Removing 1 via(s) between metal4 and metal5 at (51.6400 um, 1276.6000 um) for VDD
[WARNING PDN-0195] Removing 1 via(s) between metal4 and metal5 at (56.1200 um, 1276.6000 um) for VDD
[WARNING PDN-0195] Removing 1 via(s) between metal4 and metal5 at (60.6000 um, 1276.6000 um) for VDD
[WARNING PDN-0195] Removing 1 via(s) between metal4 and metal5 at (65.0800 um, 1276.6000 um) for VDD
[WARNING PDN-0195] Removing 1 via(s) between metal4 and metal5 at (69.5600 um, 1276.6000 um) for VDD
[WARNING PDN-0195] Removing 1 via(s) between metal4 and metal5 at (1280.3900 um, 107.8700 um) for VDD
[WARNING PDN-0195] Removing 1 via(s) between metal4 and metal5 at (1284.8700 um, 107.8700 um) for VDD
[WARNING PDN-0195] Removing 1 via(s) between metal4 and metal5 at (1289.3500 um, 107.8700 um) for VDD
[WARNING PDN-0195] Removing 1 via(s) between metal4 and metal5 at (1293.8300 um, 107.8700 um) for VDD
[WARNING PDN-0195] Removing 1 via(s) between metal4 and metal5 at (1298.3100 um, 107.8700 um) for VDD
[WARNING PDN-0195] Removing 1 via(s) between metal4 and metal5 at (1302.7900 um, 107.8700 um) for VDD
[WARNING PDN-0195] Removing 1 via(s) between metal4 and metal5 at (1307.2700 um, 107.8700 um) for VDD
[WARNING PDN-0195] Removing 1 via(s) between metal4 and metal5 at (1311.7500 um, 107.8700 um) for VDD
[WARNING PDN-0195] Removing 1 via(s) between metal4 and metal5 at (1316.2300 um, 107.8700 um) for VDD
[WARNING PDN-0195] Removing 1 via(s) between metal4 and metal5 at (1320.7100 um, 107.8700 um) for VDD
[WARNING PDN-0195] Removing 1 via(s) between metal4 and metal5 at (1325.1900 um, 107.8700 um) for VDD
write_db ./results/nangate45/bp/base/2_4_floorplan_pdn.odb
Elapsed time: 0:05.07[h:]min:sec. CPU time: user 4.84 sys 0.22 (99%). Peak memory: 676296KB.
Log                        Elapsed/s Peak Memory/MB  sha1sum .odb [0:20)
2_4_floorplan_pdn                  5            660 618a2868cb49f7cfa7ac
