OpenROAD 701085d1e57df45a6aee387c04309628e0233ba8 
Features included (+) or not (-): +GPU +GUI +Python
This program is licensed under the BSD-3 license. See the LICENSE file for details.
Components of this program may be licensed under more restrictive licenses which must be honored.
[INFO ORD-0030] Using 28 thread(s).
read_liberty /home/nanocoh/dev/ORFS-K/try/OpenROAD-flow-scripts-KF/flow/platforms/nangate45/lib/NangateOpenCellLibrary_typical.lib
read_liberty /home/nanocoh/dev/ORFS-K/try/OpenROAD-flow-scripts-KF/flow/platforms/nangate45/lib/fakeram45_512x64.lib
read_liberty /home/nanocoh/dev/ORFS-K/try/OpenROAD-flow-scripts-KF/flow/platforms/nangate45/lib/fakeram45_256x95.lib
read_liberty /home/nanocoh/dev/ORFS-K/try/OpenROAD-flow-scripts-KF/flow/platforms/nangate45/lib/fakeram45_64x7.lib
read_liberty /home/nanocoh/dev/ORFS-K/try/OpenROAD-flow-scripts-KF/flow/platforms/nangate45/lib/fakeram45_64x15.lib
read_liberty /home/nanocoh/dev/ORFS-K/try/OpenROAD-flow-scripts-KF/flow/platforms/nangate45/lib/fakeram45_64x96.lib
read_db ./results/nangate45/bp/base/2_floorplan.odb
source /home/nanocoh/dev/ORFS-K/try/OpenROAD-flow-scripts-KF/flow/platforms/nangate45/setRC.tcl
[INFO GPL-0022] Initialize gpl and calculate uniform density.
Placement density is 0.3639999932050705, computed from PLACE_DENSITY_LB_ADDON  0.05 and lower bound 0.3199999928474426
global_placement -skip_io -density 0.3639999932050705 -pad_left 0 -pad_right 0
[INFO GPL-0005] Execute conjugate gradient initial placement.
[INFO GPL-0002] DBU: 2000
[INFO GPL-0003] SiteSize: (  0.190  1.400 ) um
[INFO GPL-0004] CoreBBox: ( 10.070 11.200 ) ( 1339.880 1289.400 ) um
[INFO GPL-0032] Initializing region: Top-level
[INFO GPL-0006] Number of instances:            264427
[INFO GPL-0007] Movable instances:              248343
[INFO GPL-0008] Fixed instances:                  9482
[INFO GPL-0009] Dummy instances:                  6602
[INFO GPL-0010] Number of nets:                 283292
[INFO GPL-0011] Number of pins:                 811352
[INFO GPL-0012] Die BBox:  (  0.000  0.000 ) ( 1350.000 1300.000 ) um
[INFO GPL-0013] Core BBox: ( 10.070 11.200 ) ( 1339.880 1289.400 ) um
[INFO GPL-0016] Core area:                  1699763.142 um^2
[INFO GPL-0014] Region name: top-level.
[INFO GPL-0015] Region area:                1699763.142 um^2
[INFO GPL-0017] Fixed instances area:       452107.964 um^2
[INFO GPL-0018] Movable instances area:     394268.733 um^2
[INFO GPL-0019] Utilization:                    31.601 %
[INFO GPL-0020] Standard cells area:        394268.733 um^2
[INFO GPL-0021] Large instances area:            0.000 um^2
[INFO GPL-0033] Initializing Nesterov region: Top-level
[INFO GPL-0023] Placement target density:       0.3640
[INFO GPL-0024] Movable insts average area:      1.588 um^2
[INFO GPL-0025] Ideal bin area:                  4.362 um^2
[INFO GPL-0026] Ideal bin count:                389717
[INFO GPL-0027] Total bin area:             1699763.142 um^2
[INFO GPL-0028] Bin count (X, Y):         512 ,    512
[INFO GPL-0029] Bin size (W * H):       2.597 *  2.496 um
[INFO GPL-0030] Number of bins:                 262144
[INFO GPL-0007] Execute nesterov global placement.
[INFO GPL-0031] HPWL: Half-Perimeter Wirelength
Iteration | Overflow |     HPWL (um) |  HPWL(%) |   Penalty | Group
---------------------------------------------------------------
        0 |   0.9936 |  6.954141e+06 |   +0.00% |  8.60e-16 |      
       10 |   0.9479 |  7.366892e+06 |   +5.94% |  1.11e-15 |      
       20 |   0.9209 |  6.758376e+06 |   -8.26% |  1.81e-15 |      
       30 |   0.9112 |  5.972773e+06 |  -11.62% |  2.95e-15 |      
       40 |   0.9123 |  5.408050e+06 |   -9.45% |  4.80e-15 |      
       50 |   0.9149 |  5.078876e+06 |   -6.09% |  7.82e-15 |      
       60 |   0.9143 |  4.885103e+06 |   -3.82% |  1.27e-14 |      
       70 |   0.9149 |  4.794083e+06 |   -1.86% |  2.07e-14 |      
       80 |   0.9141 |  4.734661e+06 |   -1.24% |  3.38e-14 |      
       90 |   0.9113 |  4.656089e+06 |   -1.66% |  5.50e-14 |      
      100 |   0.9084 |  4.544924e+06 |   -2.39% |  8.97e-14 |      
      110 |   0.9069 |  4.428175e+06 |   -2.57% |  1.46e-13 |      
      120 |   0.9076 |  4.337280e+06 |   -2.05% |  2.38e-13 |      
      130 |   0.9094 |  4.268345e+06 |   -1.59% |  3.88e-13 |      
      140 |   0.9117 |  4.207700e+06 |   -1.42% |  6.31e-13 |      
      150 |   0.9116 |  4.155873e+06 |   -1.23% |  1.03e-12 |      
      160 |   0.9112 |  4.115769e+06 |   -0.97% |  1.67e-12 |      
      170 |   0.9086 |  4.083615e+06 |   -0.78% |  2.73e-12 |      
      180 |   0.9049 |  4.070247e+06 |   -0.33% |  4.44e-12 |      
      190 |   0.8960 |  4.103557e+06 |   +0.82% |  7.20e-12 |      
      200 |   0.8820 |  4.208300e+06 |   +2.55% |  1.15e-11 |      
      210 |   0.8617 |  4.402663e+06 |   +4.62% |  1.79e-11 |      
      220 |   0.8359 |  4.672320e+06 |   +6.12% |  2.76e-11 |      
      230 |   0.8069 |  5.009396e+06 |   +7.21% |  4.18e-11 |      
      240 |   0.7762 |  5.362171e+06 |   +7.04% |  6.31e-11 |      
      250 |   0.7502 |  5.636686e+06 |   +5.12% |  9.63e-11 |      
      260 |   0.7302 |  5.846635e+06 |   +3.72% |  1.50e-10 |      
      270 |   0.6999 |  6.023909e+06 |   +3.03% |  2.35e-10 |      
      280 |   0.6712 |  6.154682e+06 |   +2.17% |  3.72e-10 |      
      290 |   0.6346 |  6.481086e+06 |   +5.30% |  5.67e-10 |      
      300 |   0.5925 |  6.818141e+06 |   +5.20% |  8.54e-10 |      
      310 |   0.5638 |  6.765478e+06 |   -0.77% |  1.37e-09 |      
      320 |   0.5322 |  6.713182e+06 |   -0.77% |  2.22e-09 |      
      330 |   0.4959 |  6.929241e+06 |   +3.22% |  3.44e-09 |      
      340 |   0.4603 |  6.896044e+06 |   -0.48% |  5.58e-09 |      
      350 |   0.4233 |  7.013563e+06 |   +1.70% |  8.82e-09 |      
      360 |   0.3832 |  7.070858e+06 |   +0.82% |  1.42e-08 |      
      370 |   0.3428 |  7.013207e+06 |   -0.82% |  2.31e-08 |      
      380 |   0.3137 |  6.902310e+06 |   -1.58% |  3.40e-08 |      
      390 |   0.2860 |  6.823498e+06 |   -1.14% |  5.01e-08 |      
      400 |   0.2600 |  6.742891e+06 |   -1.18% |  7.38e-08 |      
      410 |   0.2353 |  6.679148e+06 |   -0.95% |  1.09e-07 |      
      420 |   0.2114 |  6.619210e+06 |   -0.90% |  1.60e-07 |      
      430 |   0.1891 |  6.572459e+06 |   -0.71% |  2.36e-07 |      
      440 |   0.1677 |  6.539385e+06 |   -0.50% |  3.47e-07 |      
      450 |   0.1478 |  6.515441e+06 |   -0.37% |  5.12e-07 |      
      460 |   0.1311 |  6.500433e+06 |   -0.23% |  7.54e-07 |      
      470 |   0.1159 |  6.493514e+06 |   -0.11% |  1.11e-06 |      
      480 |   0.1026 |  6.489001e+06 |   -0.07% |  1.64e-06 |      
      484 |   0.0995 |  6.479919e+06 |          |  1.99e-06 |      
---------------------------------------------------------------
[INFO GPL-1001] Global placement finished at iteration 484
[INFO GPL-1002] Placed Cell Area            394268.7332
[INFO GPL-1003] Available Free Area         1247655.1780
[INFO GPL-1004] Minimum Feasible Density        0.3200 (cell_area / free_area)
[INFO GPL-1006]   Suggested Target Densities:
[INFO GPL-1007]     - For 90% usage of free space: 0.3511
[INFO GPL-1008]     - For 80% usage of free space: 0.3950
[INFO GPL-1009]     - For 50% usage of free space: 0.6320
[INFO GPL-1014] Final placement area: 394268.73 (+0.00%)
Took 48 seconds: global_placement -skip_io -density 0.3639999932050705 -pad_left 0 -pad_right 0
write_db ./results/nangate45/bp/base/3_1_place_gp_skip_io.odb
Elapsed time: 0:50.18[h:]min:sec. CPU time: user 505.05 sys 0.66 (1007%). Peak memory: 957720KB.
Log                        Elapsed/s Peak Memory/MB  sha1sum .odb [0:20)
3_1_place_gp_skip_io              50            935 ddfaf7c4e28d8d724bee
