OpenROAD 701085d1e57df45a6aee387c04309628e0233ba8 
Features included (+) or not (-): +GPU +GUI +Python
This program is licensed under the BSD-3 license. See the LICENSE file for details.
Components of this program may be licensed under more restrictive licenses which must be honored.
[INFO ORD-0030] Using 28 thread(s).
read_liberty /home/nanocoh/dev/ORFS-K/try/OpenROAD-flow-scripts-KF/flow/platforms/nangate45/lib/NangateOpenCellLibrary_typical.lib
read_liberty /home/nanocoh/dev/ORFS-K/try/OpenROAD-flow-scripts-KF/flow/platforms/nangate45/lib/fakeram45_512x64.lib
read_liberty /home/nanocoh/dev/ORFS-K/try/OpenROAD-flow-scripts-KF/flow/platforms/nangate45/lib/fakeram45_256x95.lib
read_liberty /home/nanocoh/dev/ORFS-K/try/OpenROAD-flow-scripts-KF/flow/platforms/nangate45/lib/fakeram45_64x7.lib
read_liberty /home/nanocoh/dev/ORFS-K/try/OpenROAD-flow-scripts-KF/flow/platforms/nangate45/lib/fakeram45_64x15.lib
read_liberty /home/nanocoh/dev/ORFS-K/try/OpenROAD-flow-scripts-KF/flow/platforms/nangate45/lib/fakeram45_64x96.lib
read_db ./results/nangate45/bp/base/3_3_place_gp.odb
source /home/nanocoh/dev/ORFS-K/try/OpenROAD-flow-scripts-KF/flow/platforms/nangate45/setRC.tcl
estimate_parasitics -placement
Took 7 seconds: estimate_parasitics -placement
Perform buffer insertion and gate resizing...
repair_design -verbose
Iteration |   Area    | Resized | Buffers | Nets repaired | Remaining
---------------------------------------------------------------------
        0 |     +0.0% |       0 |       0 |             0 |    274803
     1000 |     +0.0% |       0 |       0 |             0 |    273803
     2000 |     +0.0% |       0 |       0 |             0 |    272803
     3000 |     +0.0% |       0 |       0 |             0 |    271803
     4000 |     +0.0% |       0 |       0 |             0 |    270803
     5000 |     +0.0% |       0 |       0 |             0 |    269803
     6000 |     +0.0% |       0 |       0 |             0 |    268803
     7000 |     +0.0% |       0 |       0 |             0 |    267803
     8000 |     +0.0% |       0 |       0 |             0 |    266803
     9000 |     +0.0% |       0 |       0 |             0 |    265803
    10000 |     +0.0% |       0 |       0 |             0 |    264803
    11000 |     +0.0% |       0 |       0 |             0 |    263803
    12000 |     +0.0% |       0 |       0 |             0 |    262803
    13000 |     +0.0% |       0 |       0 |             0 |    261803
    14000 |     +0.0% |       0 |       0 |             2 |    260803
    15000 |     +0.0% |       0 |       0 |             2 |    259803
    16000 |     +0.0% |       0 |       0 |             2 |    258803
    17000 |     +0.0% |       0 |       0 |             2 |    257803
    18000 |     +0.0% |       0 |       0 |             2 |    256803
    19000 |     +0.0% |       0 |       0 |             2 |    255803
    20000 |     +0.0% |       0 |       0 |             2 |    254803
    21000 |     +0.0% |       0 |       1 |             3 |    253803
    22000 |     +0.0% |       0 |       1 |             3 |    252803
    23000 |     +0.0% |       0 |       1 |             3 |    251803
    24000 |     +0.0% |       0 |       1 |             3 |    250803
    25000 |     +0.0% |       0 |       1 |             3 |    249803
    26000 |     +0.0% |       0 |       1 |             3 |    248803
    27000 |     +0.0% |       0 |       1 |             3 |    247803
    28000 |     +0.0% |       0 |       1 |             3 |    246803
    29000 |     +0.0% |       0 |       1 |             3 |    245803
    30000 |     +0.0% |       0 |       1 |             3 |    244803
    31000 |     +0.0% |       0 |       1 |             3 |    243803
    32000 |     +0.0% |       0 |       1 |             3 |    242803
    33000 |     +0.0% |       0 |       1 |             3 |    241803
    34000 |     +0.0% |       0 |       1 |             3 |    240803
    35000 |     +0.0% |       0 |       1 |             3 |    239803
    36000 |     +0.0% |       0 |       1 |             3 |    238803
    37000 |     +0.0% |       0 |       1 |             3 |    237803
    38000 |     +0.0% |       0 |       2 |             4 |    236803
    39000 |     +0.0% |       0 |       2 |             4 |    235803
    40000 |     +0.0% |       0 |       2 |             4 |    234803
    41000 |     +0.0% |       0 |       2 |             4 |    233803
    42000 |     +0.0% |       0 |       2 |             4 |    232803
    43000 |     +0.0% |       0 |       2 |             4 |    231803
    44000 |     +0.0% |       0 |       2 |             4 |    230803
    45000 |     +0.0% |       0 |       2 |             4 |    229803
    46000 |     +0.0% |       0 |       2 |             4 |    228803
    47000 |     +0.0% |       0 |       2 |             4 |    227803
    48000 |     +0.0% |       0 |       2 |             4 |    226803
    49000 |     +0.0% |       0 |       2 |             4 |    225803
    50000 |     +0.0% |       0 |       2 |             4 |    224803
    51000 |     +0.0% |       0 |       2 |             4 |    223803
    52000 |     +0.0% |       0 |       2 |             4 |    222803
    53000 |     +0.0% |       0 |       2 |             4 |    221803
    54000 |     +0.0% |       0 |       2 |             4 |    220803
    55000 |     +0.0% |       0 |       2 |             4 |    219803
    56000 |     +0.0% |       0 |       2 |             4 |    218803
    57000 |     +0.0% |       0 |       2 |             4 |    217803
    58000 |     +0.0% |       0 |       4 |            11 |    216803
    59000 |     +0.0% |       0 |       4 |            11 |    215803
    60000 |     +0.0% |       0 |       4 |            11 |    214803
    61000 |     +0.0% |       0 |       4 |            11 |    213803
    62000 |     +0.0% |       0 |       7 |            14 |    212803
    63000 |     +0.0% |       0 |       7 |            14 |    211803
    64000 |     +0.0% |       0 |       7 |            14 |    210803
    65000 |     +0.0% |       0 |       7 |            14 |    209803
    66000 |     +0.0% |       0 |       7 |            17 |    208803
    67000 |     +0.0% |       0 |       7 |            17 |    207803
    68000 |     +0.0% |       0 |       9 |            19 |    206803
    69000 |     +0.0% |       0 |       9 |            19 |    205803
    70000 |     +0.0% |       0 |      12 |            22 |    204803
    71000 |     +0.0% |       0 |      12 |            22 |    203803
    72000 |     +0.0% |       0 |      12 |            22 |    202803
    73000 |     +0.0% |       0 |      13 |            23 |    201803
    74000 |     +0.0% |       0 |      13 |            23 |    200803
    75000 |     +0.0% |       0 |      13 |            23 |    199803
    76000 |     +0.0% |       0 |      13 |            23 |    198803
    77000 |     +0.0% |       0 |      13 |            23 |    197803
    78000 |     +0.0% |       0 |      13 |            23 |    196803
    79000 |     +0.0% |       0 |      13 |            23 |    195803
    80000 |     +0.0% |       0 |      13 |            23 |    194803
    81000 |     +0.0% |       0 |      13 |            23 |    193803
    82000 |     +0.0% |       0 |      13 |            23 |    192803
    83000 |     +0.0% |       0 |      13 |            23 |    191803
    84000 |     +0.0% |       0 |      20 |            30 |    190803
    85000 |     +0.0% |       0 |      20 |            30 |    189803
    86000 |     +0.0% |       0 |      20 |            30 |    188803
    87000 |     +0.0% |       0 |      20 |            30 |    187803
    88000 |     +0.0% |       0 |      20 |            30 |    186803
    89000 |     +0.0% |       0 |      20 |            30 |    185803
    90000 |     +0.0% |       0 |      23 |            33 |    184803
    91000 |     +0.0% |       0 |      23 |            33 |    183803
    92000 |     +0.0% |       0 |      23 |            33 |    182803
    93000 |     +0.0% |       0 |      23 |            33 |    181803
    94000 |     +0.0% |       0 |      23 |            33 |    180803
    95000 |     +0.0% |       0 |      23 |            33 |    179803
    96000 |     +0.0% |       0 |      23 |            33 |    178803
    97000 |     +0.0% |       0 |      23 |            33 |    177803
    98000 |     +0.0% |       0 |      27 |            37 |    176803
    99000 |     +0.0% |       0 |      31 |            41 |    175803
   100000 |     +0.0% |       0 |      31 |            41 |    174803
   101000 |     +0.0% |       0 |      31 |            41 |    173803
   102000 |     +0.0% |       0 |      31 |            41 |    172803
   103000 |     +0.0% |       0 |      31 |            41 |    171803
   104000 |     +0.0% |       0 |      31 |            41 |    170803
   105000 |     +0.0% |       0 |      31 |            41 |    169803
   106000 |     +0.0% |       0 |      31 |            41 |    168803
   107000 |     +0.0% |       0 |      31 |            41 |    167803
   108000 |     +0.0% |       0 |      32 |            42 |    166803
   109000 |     +0.0% |       0 |      32 |            43 |    165803
   110000 |     +0.0% |       0 |      32 |            43 |    164803
   111000 |     +0.0% |       0 |      32 |            43 |    163803
   112000 |     +0.0% |       0 |      32 |            43 |    162803
   113000 |     +0.0% |       0 |      32 |            43 |    161803
   114000 |     +0.0% |       0 |      32 |            43 |    160803
   115000 |     +0.0% |       0 |      33 |            44 |    159803
   116000 |     +0.0% |       0 |      33 |            44 |    158803
   117000 |     +0.0% |       0 |      33 |            44 |    157803
   118000 |     +0.0% |       0 |      33 |            44 |    156803
   119000 |     +0.0% |       0 |      33 |            44 |    155803
   120000 |     +0.0% |       0 |      33 |            44 |    154803
   121000 |     +0.0% |       0 |      33 |            44 |    153803
   122000 |     +0.0% |       0 |      33 |            44 |    152803
   123000 |     +0.0% |       0 |      33 |            44 |    151803
   124000 |     +0.0% |       0 |      33 |            44 |    150803
   125000 |     +0.0% |       0 |      33 |            44 |    149803
   126000 |     +0.0% |       0 |      34 |            45 |    148803
   127000 |     +0.0% |       0 |      34 |            45 |    147803
   128000 |     +0.0% |       0 |      34 |            45 |    146803
   129000 |     +0.0% |       0 |      34 |            45 |    145803
   130000 |     +0.0% |       0 |      34 |            45 |    144803
   131000 |     +0.0% |       0 |      34 |            45 |    143803
   132000 |     +0.0% |       0 |      34 |            45 |    142803
   133000 |     +0.0% |       0 |      34 |            45 |    141803
   134000 |     +0.0% |       1 |      38 |            50 |    140803
   135000 |     +0.0% |       1 |      39 |            51 |    139803
   136000 |     +0.0% |       1 |      39 |            51 |    138803
   137000 |     +0.0% |       1 |      39 |            51 |    137803
   138000 |     +0.0% |       1 |      39 |            51 |    136803
   139000 |     +0.0% |       1 |      39 |            51 |    135803
   140000 |     +0.0% |       1 |      40 |            52 |    134803
   141000 |     +0.0% |       1 |      40 |            52 |    133803
   142000 |     +0.0% |       1 |      40 |            53 |    132803
   143000 |     +0.0% |       1 |      40 |            53 |    131803
   144000 |     +0.0% |       1 |      40 |            53 |    130803
   145000 |     +0.0% |       1 |      40 |            53 |    129803
   146000 |     +0.0% |       1 |      40 |            53 |    128803
   147000 |     +0.0% |       1 |      40 |            53 |    127803
   148000 |     +0.0% |       1 |      40 |            53 |    126803
   149000 |     +0.0% |       1 |      40 |            53 |    125803
   150000 |     +0.0% |       1 |      40 |            53 |    124803
   151000 |     +0.0% |       1 |      40 |            53 |    123803
   152000 |     +0.0% |       1 |      40 |            53 |    122803
   153000 |     +0.0% |       1 |      40 |            53 |    121803
   154000 |     +0.0% |       1 |      40 |            53 |    120803
   155000 |     +0.0% |       1 |      40 |            53 |    119803
   156000 |     +0.0% |       1 |      40 |            53 |    118803
   157000 |     +0.0% |       1 |      40 |            53 |    117803
   158000 |     +0.0% |       1 |      40 |            53 |    116803
   159000 |     +0.0% |       1 |      40 |            53 |    115803
   160000 |     +0.0% |       1 |      40 |            53 |    114803
   161000 |     +0.0% |       1 |      40 |            53 |    113803
   162000 |     +0.0% |       1 |      40 |            53 |    112803
   163000 |     +0.0% |       1 |      40 |            53 |    111803
   164000 |     +0.0% |       1 |      40 |            53 |    110803
   165000 |     +0.0% |       1 |      40 |            53 |    109803
   166000 |     +0.0% |       1 |      40 |            53 |    108803
   167000 |     +0.0% |       1 |      40 |            53 |    107803
   168000 |     +0.0% |       1 |      40 |            53 |    106803
   169000 |     +0.0% |       1 |      40 |            53 |    105803
   170000 |     +0.0% |       1 |      40 |            53 |    104803
   171000 |     +0.0% |       1 |      40 |            53 |    103803
   172000 |     +0.0% |       1 |      40 |            53 |    102803
   173000 |     +0.0% |       1 |      40 |            53 |    101803
   174000 |     +0.0% |       1 |      40 |            53 |    100803
   175000 |     +0.0% |       1 |      40 |            53 |     99803
   176000 |     +0.0% |       1 |      40 |            53 |     98803
   177000 |     +0.0% |       1 |      40 |            53 |     97803
   178000 |     +0.0% |       1 |      40 |            53 |     96803
   179000 |     +0.0% |       1 |      40 |            53 |     95803
   180000 |     +0.0% |       1 |      40 |            53 |     94803
   181000 |     +0.0% |       1 |      40 |            53 |     93803
   182000 |     +0.0% |       1 |      40 |            53 |     92803
   183000 |     +0.0% |       1 |      40 |            53 |     91803
   184000 |     +0.0% |       1 |      40 |            53 |     90803
   185000 |     +0.0% |       1 |      40 |            53 |     89803
   186000 |     +0.0% |       1 |      40 |            53 |     88803
   187000 |     +0.0% |       1 |      40 |            53 |     87803
   188000 |     +0.0% |       1 |      40 |            53 |     86803
   189000 |     +0.0% |       1 |      40 |            53 |     85803
   190000 |     +0.0% |       1 |      40 |            53 |     84803
   191000 |     +0.0% |       1 |      40 |            53 |     83803
   192000 |     +0.0% |       1 |      40 |            53 |     82803
   193000 |     +0.0% |       1 |      40 |            53 |     81803
   194000 |     +0.0% |       1 |      40 |            53 |     80803
   195000 |     +0.0% |       1 |      40 |            53 |     79803
   196000 |     +0.0% |       1 |      40 |            53 |     78803
   197000 |     +0.0% |       1 |      40 |            53 |     77803
   198000 |     +0.0% |       1 |      40 |            53 |     76803
   199000 |     +0.0% |       1 |      40 |            53 |     75803
   200000 |     +0.0% |       1 |      40 |            53 |     74803
   201000 |     +0.0% |       1 |      40 |            53 |     73803
   202000 |     +0.0% |       1 |      40 |            53 |     72803
   203000 |     +0.0% |       1 |      40 |            53 |     71803
   204000 |     +0.0% |       1 |      40 |            53 |     70803
   205000 |     +0.0% |       1 |      40 |            53 |     69803
   206000 |     +0.0% |       1 |      40 |            53 |     68803
   207000 |     +0.0% |       1 |      40 |            53 |     67803
   208000 |     +0.0% |       1 |      40 |            53 |     66803
   209000 |     +0.0% |       1 |      40 |            53 |     65803
   210000 |     +0.0% |       1 |      40 |            53 |     64803
   211000 |     +0.0% |       1 |      40 |            53 |     63803
   212000 |     +0.0% |       1 |      40 |            53 |     62803
   213000 |     +0.0% |       1 |      40 |            53 |     61803
   214000 |     +0.0% |       1 |      40 |            53 |     60803
   215000 |     +0.0% |       1 |      40 |            53 |     59803
   216000 |     +0.0% |       1 |      40 |            53 |     58803
   217000 |     +0.0% |       1 |      40 |            53 |     57803
   218000 |     +0.0% |       1 |      40 |            53 |     56803
   219000 |     +0.0% |       1 |      40 |            53 |     55803
   220000 |     +0.0% |       1 |      40 |            53 |     54803
   221000 |     +0.0% |       1 |      40 |            53 |     53803
   222000 |     +0.0% |       1 |      40 |            53 |     52803
   223000 |     +0.0% |       1 |      40 |            53 |     51803
   224000 |     +0.0% |       1 |      40 |            53 |     50803
   225000 |     +0.0% |       1 |      40 |            53 |     49803
   226000 |     +0.0% |       1 |      40 |            53 |     48803
   227000 |     +0.0% |       1 |      40 |            53 |     47803
   228000 |     +0.0% |       1 |      40 |            53 |     46803
   229000 |     +0.0% |       1 |      40 |            53 |     45803
   230000 |     +0.0% |       1 |      40 |            53 |     44803
   231000 |     +0.0% |       1 |      40 |            53 |     43803
   232000 |     +0.0% |       1 |      40 |            53 |     42803
   233000 |     +0.0% |       1 |      40 |            53 |     41803
   234000 |     +0.0% |       1 |      40 |            53 |     40803
   235000 |     +0.0% |       1 |      40 |            53 |     39803
   236000 |     +0.0% |       1 |      40 |            53 |     38803
   237000 |     +0.0% |       1 |      40 |            53 |     37803
   238000 |     +0.0% |       1 |      40 |            53 |     36803
   239000 |     +0.0% |       1 |      40 |            53 |     35803
   240000 |     +0.0% |       1 |      40 |            53 |     34803
   241000 |     +0.0% |       1 |      40 |            53 |     33803
   242000 |     +0.0% |       1 |      40 |            53 |     32803
   243000 |     +0.0% |       1 |      40 |            53 |     31803
   244000 |     +0.0% |       1 |      40 |            53 |     30803
   245000 |     +0.0% |       1 |      40 |            53 |     29803
   246000 |     +0.0% |       1 |      40 |            53 |     28803
   247000 |     +0.0% |       1 |      40 |            53 |     27803
   248000 |     +0.0% |       1 |      40 |            53 |     26803
   249000 |     +0.0% |       1 |      40 |            53 |     25803
   250000 |     +0.0% |       1 |      40 |            53 |     24803
   251000 |     +0.0% |       1 |      40 |            53 |     23803
   252000 |     +0.0% |       1 |      40 |            53 |     22803
   253000 |     +0.0% |       1 |      40 |            53 |     21803
   254000 |     +0.0% |       1 |      40 |            53 |     20803
   255000 |     +0.0% |       1 |      40 |            53 |     19803
   256000 |     +0.0% |       1 |      40 |            53 |     18803
   257000 |     +0.0% |       1 |      40 |            53 |     17803
   258000 |     +0.0% |       1 |      40 |            53 |     16803
   259000 |     +0.0% |       1 |      40 |            53 |     15803
   260000 |     +0.0% |       1 |      40 |            53 |     14803
   261000 |     +0.0% |       1 |      40 |            53 |     13803
   262000 |     +0.0% |       1 |      40 |            53 |     12803
   263000 |     +0.0% |       1 |      40 |            53 |     11803
   264000 |     +0.0% |       1 |      40 |            53 |     10803
   265000 |     +0.0% |       1 |      40 |            53 |      9803
   266000 |     +0.0% |       1 |      40 |            53 |      8803
   267000 |     +0.0% |       1 |      40 |            53 |      7803
   268000 |     +0.0% |       1 |      40 |            53 |      6803
   269000 |     +0.0% |       1 |      40 |            53 |      5803
   270000 |     +0.0% |       1 |      40 |            53 |      4803
   271000 |     +0.0% |       1 |      40 |            53 |      3803
   272000 |     +0.0% |       1 |      40 |            53 |      2803
   273000 |     +0.0% |       1 |      40 |            53 |      1803
   274000 |     +0.0% |       1 |      40 |            53 |       803
    final |     +0.0% |       1 |      40 |            53 |         0
---------------------------------------------------------------------
[INFO RSZ-0034] Found 14 slew violations.
[INFO RSZ-0036] Found 40 capacitance violations.
[INFO RSZ-0039] Resized 1 instances.
[INFO RSZ-0038] Inserted 40 buffers in 53 nets.
Took 13 seconds: repair_design -verbose
Floating nets: 
Report metrics stage 3, resizer...

==========================================================================
resizer report_design_area
--------------------------------------------------------------------------
Design area 673853 um^2 40% utilization.
Instance count before 249336, after 249376
Pin count before 794374, after 794454
write_db ./results/nangate45/bp/base/3_4_place_resized.odb
Elapsed time: 1:17.07[h:]min:sec. CPU time: user 112.68 sys 64.35 (229%). Peak memory: 1207424KB.
Log                        Elapsed/s Peak Memory/MB  sha1sum .odb [0:20)
3_4_place_resized                 77           1179 d329bda6e5d9acf4d079
