OpenROAD 701085d1e57df45a6aee387c04309628e0233ba8 
Features included (+) or not (-): +GPU +GUI +Python
This program is licensed under the BSD-3 license. See the LICENSE file for details.
Components of this program may be licensed under more restrictive licenses which must be honored.
[INFO ORD-0030] Using 28 thread(s).
read_liberty /home/nanocoh/dev/ORFS-K/try/OpenROAD-flow-scripts-KF/flow/platforms/nangate45/lib/NangateOpenCellLibrary_typical.lib
read_liberty /home/nanocoh/dev/ORFS-K/try/OpenROAD-flow-scripts-KF/flow/platforms/nangate45/lib/fakeram45_512x64.lib
read_liberty /home/nanocoh/dev/ORFS-K/try/OpenROAD-flow-scripts-KF/flow/platforms/nangate45/lib/fakeram45_256x95.lib
read_liberty /home/nanocoh/dev/ORFS-K/try/OpenROAD-flow-scripts-KF/flow/platforms/nangate45/lib/fakeram45_64x7.lib
read_liberty /home/nanocoh/dev/ORFS-K/try/OpenROAD-flow-scripts-KF/flow/platforms/nangate45/lib/fakeram45_64x15.lib
read_liberty /home/nanocoh/dev/ORFS-K/try/OpenROAD-flow-scripts-KF/flow/platforms/nangate45/lib/fakeram45_64x96.lib
read_db ./results/nangate45/bp/base/3_4_place_resized.odb
source /home/nanocoh/dev/ORFS-K/try/OpenROAD-flow-scripts-KF/flow/platforms/nangate45/setRC.tcl
Placement Analysis
---------------------------------
total displacement     173120.8 u
average displacement        0.7 u
max displacement           47.9 u
original HPWL         5524531.8 u
legalized HPWL        5632058.0 u
delta HPWL                    2 %

Detailed placement improvement.
[INFO DPL-0401] Setting random seed to 1.
[INFO DPL-0402] Setting maximum displacement 5 1 to 14000 2800 units.
[INFO DPL-0320] Collected 12562 fixed cells.
[INFO DPL-0318] Collected 239894 single height cells.
[INFO DPL-0321] Collected 0 wide cells.
[INFO DPL-0322] Image (20140, 22400) - (2679760, 2578800)
[INFO DPL-0310] Assigned 239894 cells into segments.  Movement in X-direction is 0.000000, movement in Y-direction is 0.000000.
[INFO DPL-0313] Found 0 cells in wrong regions.
[INFO DPL-0315] Found 0 row alignment problems.
[INFO DPL-0314] Found 0 site alignment problems.
[INFO DPL-0311] Found 0 overlaps between adjacent cells.
[INFO DPL-0312] Found 0 edge spacing violations and 0 padding violations.
[INFO DPL-0303] Running algorithm for independent set matching.
[INFO DPL-0300] Set matching objective is wirelength.
[INFO DPL-0301] Pass   1 of matching; objective is 1.165708e+10.
[INFO DPL-0302] End of matching; objective is 1.165394e+10, improvement is 0.03 percent.
[INFO DPL-0303] Running algorithm for global swaps.
[INFO DPL-0306] Pass   1 of global swaps; hpwl is 1.156878e+10.
[INFO DPL-0307] End of global swaps; objective is 1.156878e+10, improvement is 0.73 percent.
[INFO DPL-0303] Running algorithm for vertical swaps.
[INFO DPL-0308] Pass   1 of vertical swaps; hpwl is 1.155047e+10.
[INFO DPL-0309] End of vertical swaps; objective is 1.155047e+10, improvement is 0.16 percent.
[INFO DPL-0303] Running algorithm for reordering.
[INFO DPL-0304] Pass   1 of reordering; objective is 1.154645e+10.
[INFO DPL-0305] End of reordering; objective is 1.154645e+10, improvement is 0.03 percent.
[INFO DPL-0303] Running algorithm for random improvement.
[INFO DPL-0324] Random improver is using random generator.
[INFO DPL-0325] Random improver is using hpwl objective.
[INFO DPL-0326] Random improver cost string is (a).
[INFO DPL-0332] End of pass, Generator random called 4797880 times.
[INFO DPL-0335] Generator random, Cumulative attempts 4797880, swaps 279865, moves 2148811 since last reset.
[INFO DPL-0333] End of pass, Objective hpwl, Initial cost 1.143806e+10, Scratch cost 1.138627e+10, Incremental cost 1.138627e+10, Mismatch? N
[INFO DPL-0338] End of pass, Total cost is 1.138627e+10.
[INFO DPL-0327] Pass   1 of random improver; improvement in cost is 0.45 percent.
[INFO DPL-0328] End of random improver; improvement is 0.452730 percent.
[INFO DPL-0380] Cell flipping.
[INFO DPL-0382] Changed 0 cell orientations for row compatibility.
[INFO DPL-0383] Performed 82766 cell flips.
[INFO DPL-0384] End of flipping; objective is 1.142061e+10, improvement is 0.64 percent.
[INFO DPL-0313] Found 0 cells in wrong regions.
[INFO DPL-0315] Found 0 row alignment problems.
[INFO DPL-0314] Found 0 site alignment problems.
[INFO DPL-0311] Found 0 overlaps between adjacent cells.
[INFO DPL-0312] Found 0 edge spacing violations and 0 padding violations.
Detailed Improvement Results
------------------------------------------
Original HPWL          5632058.0 u ( 2678771.5,  2953286.5)
Final HPWL             5519186.8 u ( 2615933.4,  2903253.3)
Delta HPWL                  -2.0 % (      -2.3,       -1.7)

[INFO DPL-0020] Mirrored 14687 instances
[INFO DPL-0021] HPWL before          5519186.8 u
[INFO DPL-0022] HPWL after           5518545.3 u
[INFO DPL-0023] HPWL delta               -0.0 %
[INFO FLW-0012] Placement violations .
estimate_parasitics -placement
Took 7 seconds: estimate_parasitics -placement
Report metrics stage 3, detailed place...

==========================================================================
detailed place report_design_area
--------------------------------------------------------------------------
Design area 673853 um^2 40% utilization.
write_db ./results/nangate45/bp/base/3_5_place_dp.odb
Elapsed time: 1:49.91[h:]min:sec. CPU time: user 135.83 sys 44.16 (163%). Peak memory: 1763580KB.
Log                        Elapsed/s Peak Memory/MB  sha1sum .odb [0:20)
3_5_place_dp                     109           1722 d88d0d994d63787f5f73
