OpenROAD 701085d1e57df45a6aee387c04309628e0233ba8 
Features included (+) or not (-): +GPU +GUI +Python
This program is licensed under the BSD-3 license. See the LICENSE file for details.
Components of this program may be licensed under more restrictive licenses which must be honored.
[INFO ORD-0030] Using 28 thread(s).
read_liberty /home/nanocoh/dev/ORFS-K/try/OpenROAD-flow-scripts-KF/flow/platforms/nangate45/lib/NangateOpenCellLibrary_typical.lib
read_liberty /home/nanocoh/dev/ORFS-K/try/OpenROAD-flow-scripts-KF/flow/platforms/nangate45/lib/fakeram45_512x64.lib
read_liberty /home/nanocoh/dev/ORFS-K/try/OpenROAD-flow-scripts-KF/flow/platforms/nangate45/lib/fakeram45_256x95.lib
read_liberty /home/nanocoh/dev/ORFS-K/try/OpenROAD-flow-scripts-KF/flow/platforms/nangate45/lib/fakeram45_64x7.lib
read_liberty /home/nanocoh/dev/ORFS-K/try/OpenROAD-flow-scripts-KF/flow/platforms/nangate45/lib/fakeram45_64x15.lib
read_liberty /home/nanocoh/dev/ORFS-K/try/OpenROAD-flow-scripts-KF/flow/platforms/nangate45/lib/fakeram45_64x96.lib
read_db ./results/nangate45/bp/base/3_place.odb
source /home/nanocoh/dev/ORFS-K/try/OpenROAD-flow-scripts-KF/flow/platforms/nangate45/setRC.tcl
clock_tree_synthesis -sink_clustering_enable -repair_clock_nets
[INFO CTS-0050] Root buffer is CLKBUF_X3.
[INFO CTS-0051] Sink buffer is CLKBUF_X3.
[INFO CTS-0052] The following clock buffers will be used for CTS:
                    CLKBUF_X3
[INFO CTS-0049] Characterization buffer is CLKBUF_X3.
[INFO CTS-0007] Net "clk_i" found for clock "CLK".
[INFO CTS-0011]  Clock net "clk_i" for macros has 24 sinks.
[INFO CTS-0011]  Clock net "clk_i_regs" for registers has 32217 sinks.
[INFO CTS-0008] TritonCTS found 2 clock nets.
[INFO CTS-0097] Characterization used 1 buffer(s) types.
[INFO CTS-0201] 24 blockages from hard placement blockages and placed macros will be used.
[INFO CTS-0027] Generating H-Tree topology for net clk_i.
[INFO CTS-0028]  Total number of sinks: 24.
[INFO CTS-0029]  Macro  sinks will be clustered in groups of up to 4 and with maximum cluster diameter of 305.1 um.
[INFO CTS-0030]  Number of static layers: 0.
[INFO CTS-0020]  Wire segment unit: 14000  dbu (7 um).
[INFO CTS-0204] A clustering solution was found from clustering size of 4 and clustering diameter of 305.
[INFO CTS-0205] Better solution may be possible if either -sink_clustering_size, -sink_clustering_max_diameter, or both options are omitted to enable automatic clustering.
[INFO CTS-0019]  Total number of sinks after clustering: 11.
[INFO CTS-0024]  Normalized sink region: [(4.46357, 3.57), (182.198, 174.73)].
[INFO CTS-0025]     Width:  177.7343.
[INFO CTS-0026]     Height: 171.1600.
 Level 1
    Direction: Horizontal
    Sinks per sub-region: 6
    Sub-region size: 88.8671 X 171.1600
[INFO CTS-0034]     Segment length (rounded): 44.
[INFO CTS-0032]  Stop criterion found. Max number of sinks is 15.
[INFO CTS-0035]  Number of sinks covered: 11.
[INFO CTS-0201] 24 blockages from hard placement blockages and placed macros will be used.
[INFO CTS-0027] Generating H-Tree topology for net clk_i_regs.
[INFO CTS-0028]  Total number of sinks: 32217.
[INFO CTS-0090]  Sinks will be clustered based on buffer max cap.
[INFO CTS-0030]  Number of static layers: 0.
[INFO CTS-0020]  Wire segment unit: 14000  dbu (7 um).
[INFO CTS-0206] Best clustering solution was found from clustering size of 10 and clustering diameter of 50.
[INFO CTS-0019]  Total number of sinks after clustering: 5306.
[INFO CTS-0024]  Normalized sink region: [(2.14622, 2.2), (184.538, 182.984)].
[INFO CTS-0025]     Width:  182.3922.
[INFO CTS-0026]     Height: 180.7840.
 Level 1
    Direction: Horizontal
    Sinks per sub-region: 2653
    Sub-region size: 91.1961 X 180.7840
[INFO CTS-0034]     Segment length (rounded): 46.
 Level 2
    Direction: Vertical
    Sinks per sub-region: 1327
    Sub-region size: 91.1961 X 90.3920
[INFO CTS-0034]     Segment length (rounded): 46.
 Level 3
    Direction: Horizontal
    Sinks per sub-region: 664
    Sub-region size: 45.5981 X 90.3920
[INFO CTS-0034]     Segment length (rounded): 22.
 Level 4
    Direction: Vertical
    Sinks per sub-region: 332
    Sub-region size: 45.5981 X 45.1960
[INFO CTS-0034]     Segment length (rounded): 22.
 Level 5
    Direction: Horizontal
    Sinks per sub-region: 166
    Sub-region size: 22.7990 X 45.1960
[INFO CTS-0034]     Segment length (rounded): 12.
 Level 6
    Direction: Vertical
    Sinks per sub-region: 83
    Sub-region size: 22.7990 X 22.5980
[INFO CTS-0034]     Segment length (rounded): 12.
 Level 7
    Direction: Horizontal
    Sinks per sub-region: 42
    Sub-region size: 11.3995 X 22.5980
[INFO CTS-0034]     Segment length (rounded): 6.
 Level 8
    Direction: Vertical
    Sinks per sub-region: 21
    Sub-region size: 11.3995 X 11.2990
[INFO CTS-0034]     Segment length (rounded): 6.
 Level 9
    Direction: Horizontal
    Sinks per sub-region: 11
    Sub-region size: 5.6998 X 11.2990
[INFO CTS-0034]     Segment length (rounded): 2.
[INFO CTS-0032]  Stop criterion found. Max number of sinks is 15.
[INFO CTS-0035]  Number of sinks covered: 5306.
[INFO CTS-0018]     Created 12 clock buffers.
[INFO CTS-0012]     Minimum number of buffers in the clock path: 2.
[INFO CTS-0013]     Maximum number of buffers in the clock path: 3.
[INFO CTS-0015]     Created 12 clock nets.
[INFO CTS-0016]     Fanout distribution for the current clock = 2:7, 4:2, 5:1, 6:1..
[INFO CTS-0017]     Max level of the clock tree: 1.
[INFO CTS-0018]     Created 6130 clock buffers.
[INFO CTS-0012]     Minimum number of buffers in the clock path: 8.
[INFO CTS-0013]     Maximum number of buffers in the clock path: 9.
[INFO CTS-0015]     Created 6130 clock nets.
[INFO CTS-0016]     Fanout distribution for the current clock = 1:1, 2:8, 3:32, 4:157, 5:953, 6:2702, 7:1421, 8:193, 9:51, 10:47, 11:63, 12:37, 13:45, 14:34, 15:23, 16:13, 17:15, 18:9, 19:7, 20:3, 21:1..
[INFO CTS-0017]     Max level of the clock tree: 9.
[INFO CTS-0098] Clock net "clk_i"
[INFO CTS-0099]  Sinks 24
[INFO CTS-0100]  Leaf buffers 9
[INFO CTS-0101]  Average sink wire length 2180.34 um
[INFO CTS-0102]  Path depth 2 - 3
[INFO CTS-0207]  Dummy loads inserted 8
[INFO CTS-0098] Clock net "clk_i_regs"
[INFO CTS-0099]  Sinks 36204
[INFO CTS-0100]  Leaf buffers 5303
[INFO CTS-0101]  Average sink wire length 1124.76 um
[INFO CTS-0102]  Path depth 8 - 9
[INFO CTS-0207]  Dummy loads inserted 3987
[INFO RSZ-0047] Found 3 long wires.
[INFO RSZ-0048] Inserted 9 buffers in 3 nets.
[INFO CTS-0033] Balancing latency for clock CLK
[INFO CTS-0036]  inserted 6 delay buffers
[INFO CTS-0037] Total number of delay buffers: 6
Took 20 seconds: clock_tree_synthesis -sink_clustering_enable -repair_clock_nets
estimate_parasitics -placement
Took 6 seconds: estimate_parasitics -placement
Placement Analysis
---------------------------------
total displacement      10412.6 u
average displacement        0.0 u
max displacement           19.4 u
original HPWL         5723990.7 u
legalized HPWL        5763245.1 u
delta HPWL                    1 %

estimate_parasitics -placement
Took 7 seconds: estimate_parasitics -placement
repair_timing -setup_margin 0 -hold_margin 0.03 -repair_tns 100 -verbose
[INFO RSZ-0100] Repair move sequence: UnbufferMove SizeUpMove SwapPinsMove BufferMove CloneMove SplitLoadMove 
[INFO RSZ-0094] Found 1 endpoints with setup violations.
[INFO RSZ-0099] Repairing 1 out of 1 (100.00%) violating endpoints...
   Iter   | Removed | Resized | Inserted | Cloned |  Pin  |   Area   |    WNS   |   TNS      |  Viol  | Worst
          | Buffers |  Gates  | Buffers  |  Gates | Swaps |          |          |            | Endpts | Endpt
--------------------------------------------------------------------------------------------------------------
        0 |       0 |       0 |        0 |      0 |     0 |    +0.0% |   -4.054 |       -4.1 |      1 | multi_top.rof1_0__core/fe.bp_fe_pc_gen_1.genblk1_branch_prediction_1.btb_1.read_valid_o$_DFF_P_/D
       10 |       0 |       7 |        0 |      0 |     2 |    +0.0% |   -4.044 |       -4.0 |      1 | multi_top.rof1_0__core/fe.bp_fe_pc_gen_1.genblk1_branch_prediction_1.btb_1.read_valid_o$_DFF_P_/D
       20 |       0 |      17 |        0 |      0 |     2 |    +0.0% |   -4.016 |       -4.0 |      1 | multi_top.rof1_0__core/fe.bp_fe_pc_gen_1.genblk1_branch_prediction_1.btb_1.read_valid_o$_DFF_P_/D
       30 |       0 |      27 |        0 |      0 |     2 |    +0.0% |   -3.994 |       -4.0 |      1 | multi_top.rof1_0__core/fe.bp_fe_pc_gen_1.genblk1_branch_prediction_1.btb_1.read_valid_o$_DFF_P_/D
       40 |       0 |      37 |        0 |      0 |     2 |    +0.0% |   -3.968 |       -4.0 |      1 | multi_top.rof1_0__core/fe.bp_fe_pc_gen_1.genblk1_branch_prediction_1.btb_1.read_valid_o$_DFF_P_/D
       50 |       0 |      47 |        0 |      0 |     2 |    +0.0% |   -3.945 |       -3.9 |      1 | multi_top.rof1_0__core/fe.bp_fe_pc_gen_1.genblk1_branch_prediction_1.btb_1.read_valid_o$_DFF_P_/D
       60 |       0 |      57 |        0 |      0 |     2 |    +0.0% |   -3.923 |       -3.9 |      1 | multi_top.rof1_0__core/fe.bp_fe_pc_gen_1.genblk1_branch_prediction_1.btb_1.read_valid_o$_DFF_P_/D
       70 |       0 |      67 |        0 |      0 |     2 |    +0.0% |   -3.908 |       -3.9 |      1 | multi_top.rof1_0__core/fe.bp_fe_pc_gen_1.genblk1_branch_prediction_1.btb_1.read_valid_o$_DFF_P_/D
       80 |       0 |      76 |        1 |      0 |     2 |    +0.0% |   -3.889 |       -3.9 |      1 | multi_top.rof1_0__core/fe.bp_fe_pc_gen_1.genblk1_branch_prediction_1.btb_1.read_valid_o$_DFF_P_/D
       90 |       0 |      86 |        1 |      0 |     2 |    +0.0% |   -3.871 |       -3.9 |      1 | multi_top.rof1_0__core/fe.bp_fe_pc_gen_1.genblk1_branch_prediction_1.btb_1.read_valid_o$_DFF_P_/D
      100 |       0 |      96 |        1 |      0 |     2 |    +0.0% |   -3.852 |       -3.9 |      1 | multi_top.rof1_0__core/fe.bp_fe_pc_gen_1.genblk1_branch_prediction_1.btb_1.read_valid_o$_DFF_P_/D
      110 |       0 |     106 |        1 |      0 |     2 |    +0.0% |   -3.836 |       -3.8 |      1 | multi_top.rof1_0__core/fe.bp_fe_pc_gen_1.genblk1_branch_prediction_1.btb_1.read_valid_o$_DFF_P_/D
      120 |       0 |     116 |        1 |      0 |     2 |    +0.0% |   -3.821 |       -3.8 |      1 | multi_top.rof1_0__core/fe.bp_fe_pc_gen_1.genblk1_branch_prediction_1.btb_1.read_valid_o$_DFF_P_/D
      130 |       0 |     126 |        1 |      0 |     2 |    +0.0% |   -3.807 |       -3.8 |      1 | multi_top.rof1_0__core/fe.bp_fe_pc_gen_1.genblk1_branch_prediction_1.btb_1.read_valid_o$_DFF_P_/D
      140 |       0 |     136 |        1 |      0 |     2 |    +0.0% |   -3.789 |       -3.8 |      1 | multi_top.rof1_0__core/fe.bp_fe_pc_gen_1.genblk1_branch_prediction_1.btb_1.read_valid_o$_DFF_P_/D
      150 |       0 |     146 |        1 |      0 |     2 |    +0.0% |   -3.770 |       -3.8 |      1 | multi_top.rof1_0__core/fe.bp_fe_pc_gen_1.genblk1_branch_prediction_1.btb_1.read_valid_o$_DFF_P_/D
      160 |       0 |     156 |        1 |      0 |     2 |    +0.0% |   -3.752 |       -3.8 |      1 | multi_top.rof1_0__core/fe.bp_fe_pc_gen_1.genblk1_branch_prediction_1.btb_1.read_valid_o$_DFF_P_/D
      170 |       0 |     166 |        1 |      0 |     2 |    +0.0% |   -3.733 |       -3.7 |      1 | multi_top.rof1_0__core/fe.bp_fe_pc_gen_1.genblk1_branch_prediction_1.btb_1.read_valid_o$_DFF_P_/D
      180 |       0 |     176 |        1 |      0 |     2 |    +0.0% |   -3.715 |       -3.7 |      1 | multi_top.rof1_0__core/fe.bp_fe_pc_gen_1.genblk1_branch_prediction_1.btb_1.read_valid_o$_DFF_P_/D
      190 |       0 |     186 |        1 |      0 |     2 |    +0.0% |   -3.694 |       -3.7 |      1 | multi_top.rof1_0__core/fe.bp_fe_pc_gen_1.genblk1_branch_prediction_1.btb_1.read_valid_o$_DFF_P_/D
      200 |       0 |     196 |        1 |      0 |     2 |    +0.0% |   -3.678 |       -3.7 |      1 | multi_top.rof1_0__core/fe.bp_fe_pc_gen_1.genblk1_branch_prediction_1.btb_1.read_valid_o$_DFF_P_/D
      210 |       0 |     206 |        1 |      0 |     2 |    +0.0% |   -3.662 |       -3.7 |      1 | multi_top.rof1_0__core/fe.bp_fe_pc_gen_1.genblk1_branch_prediction_1.btb_1.read_valid_o$_DFF_P_/D
      220 |       0 |     216 |        1 |      0 |     2 |    +0.0% |   -3.649 |       -3.6 |      1 | multi_top.rof1_0__core/fe.bp_fe_pc_gen_1.genblk1_branch_prediction_1.btb_1.read_valid_o$_DFF_P_/D
      230 |       0 |     226 |        1 |      0 |     2 |    +0.0% |   -3.631 |       -3.6 |      1 | multi_top.rof1_0__core/fe.bp_fe_pc_gen_1.genblk1_branch_prediction_1.btb_1.read_valid_o$_DFF_P_/D
      240 |       0 |     236 |        1 |      0 |     2 |    +0.0% |   -3.618 |       -3.6 |      1 | multi_top.rof1_0__core/fe.bp_fe_pc_gen_1.genblk1_branch_prediction_1.btb_1.read_valid_o$_DFF_P_/D
      250 |       0 |     246 |        1 |      0 |     2 |    +0.0% |   -3.603 |       -3.6 |      1 | multi_top.rof1_0__core/fe.bp_fe_pc_gen_1.genblk1_branch_prediction_1.btb_1.read_valid_o$_DFF_P_/D
      260 |       0 |     255 |        1 |      0 |     3 |    +0.0% |   -3.606 |       -3.6 |      1 | multi_top.rof1_0__core/fe.bp_fe_pc_gen_1.genblk1_branch_prediction_1.btb_1.read_valid_o$_DFF_P_/D
      270 |       0 |     265 |        1 |      0 |     3 |    +0.0% |   -3.594 |       -3.6 |      1 | multi_top.rof1_0__core/fe.bp_fe_pc_gen_1.genblk1_branch_prediction_1.btb_1.read_valid_o$_DFF_P_/D
      280 |       0 |     275 |        1 |      0 |     3 |    +0.0% |   -3.579 |       -3.6 |      1 | multi_top.rof1_0__core/fe.bp_fe_pc_gen_1.genblk1_branch_prediction_1.btb_1.read_valid_o$_DFF_P_/D
      290 |       0 |     285 |        1 |      0 |     3 |    +0.0% |   -3.565 |       -3.6 |      1 | multi_top.rof1_0__core/fe.bp_fe_pc_gen_1.genblk1_branch_prediction_1.btb_1.read_valid_o$_DFF_P_/D
      300 |       0 |     295 |        1 |      0 |     3 |    +0.0% |   -3.549 |       -3.5 |      1 | multi_top.rof1_0__core/fe.bp_fe_pc_gen_1.genblk1_branch_prediction_1.btb_1.read_valid_o$_DFF_P_/D
      310 |       0 |     305 |        1 |      0 |     3 |    +0.0% |   -3.535 |       -3.5 |      1 | multi_top.rof1_0__core/fe.bp_fe_pc_gen_1.genblk1_branch_prediction_1.btb_1.read_valid_o$_DFF_P_/D
      320 |       0 |     315 |        1 |      0 |     3 |    +0.0% |   -3.521 |       -3.5 |      1 | multi_top.rof1_0__core/fe.bp_fe_pc_gen_1.genblk1_branch_prediction_1.btb_1.read_valid_o$_DFF_P_/D
      330 |       0 |     323 |        1 |      0 |     5 |    +0.0% |   -3.508 |       -3.5 |      1 | multi_top.rof1_0__core/fe.bp_fe_pc_gen_1.genblk1_branch_prediction_1.btb_1.read_valid_o$_DFF_P_/D
      340 |       0 |     333 |        1 |      0 |     5 |    +0.0% |   -3.497 |       -3.5 |      1 | multi_top.rof1_0__core/fe.bp_fe_pc_gen_1.genblk1_branch_prediction_1.btb_1.read_valid_o$_DFF_P_/D
      350 |       0 |     342 |        1 |      0 |     6 |    +0.0% |   -3.486 |       -3.5 |      1 | multi_top.rof1_0__core/fe.bp_fe_pc_gen_1.genblk1_branch_prediction_1.btb_1.read_valid_o$_DFF_P_/D
      360 |       0 |     352 |        1 |      0 |     6 |    +0.0% |   -3.477 |       -3.5 |      1 | multi_top.rof1_0__core/fe.bp_fe_pc_gen_1.genblk1_branch_prediction_1.btb_1.read_valid_o$_DFF_P_/D
      370 |       0 |     362 |        1 |      0 |     6 |    +0.0% |   -3.466 |       -3.5 |      1 | multi_top.rof1_0__core/fe.bp_fe_pc_gen_1.genblk1_branch_prediction_1.btb_1.read_valid_o$_DFF_P_/D
      380 |       0 |     370 |        2 |      0 |     7 |    +0.0% |   -3.450 |       -3.4 |      1 | multi_top.rof1_0__core/fe.bp_fe_pc_gen_1.genblk1_branch_prediction_1.btb_1.read_valid_o$_DFF_P_/D
      390 |       0 |     380 |        2 |      0 |     7 |    +0.0% |   -3.434 |       -3.4 |      1 | multi_top.rof1_0__core/fe.bp_fe_pc_gen_1.genblk1_branch_prediction_1.btb_1.read_valid_o$_DFF_P_/D
      400 |       0 |     390 |        2 |      0 |     7 |    +0.0% |   -3.416 |       -3.4 |      1 | multi_top.rof1_0__core/fe.bp_fe_pc_gen_1.genblk1_branch_prediction_1.btb_1.read_valid_o$_DFF_P_/D
      410 |       0 |     400 |        2 |      0 |     7 |    +0.0% |   -3.400 |       -3.4 |      1 | multi_top.rof1_0__core/fe.bp_fe_pc_gen_1.genblk1_branch_prediction_1.btb_1.read_valid_o$_DFF_P_/D
      420 |       0 |     409 |        2 |      0 |     8 |    +0.0% |   -3.386 |       -3.4 |      1 | multi_top.rof1_0__core/fe.bp_fe_pc_gen_1.genblk1_branch_prediction_1.btb_1.read_valid_o$_DFF_P_/D
      430 |       0 |     419 |        2 |      0 |     8 |    +0.0% |   -3.373 |       -3.4 |      1 | multi_top.rof1_0__core/fe.bp_fe_pc_gen_1.genblk1_branch_prediction_1.btb_1.read_valid_o$_DFF_P_/D
      440 |       0 |     429 |        2 |      0 |     8 |    +0.0% |   -3.353 |       -3.4 |      1 | multi_top.rof1_0__core/fe.bp_fe_pc_gen_1.genblk1_branch_prediction_1.btb_1.read_valid_o$_DFF_P_/D
      450 |       0 |     437 |        2 |      0 |    10 |    +0.0% |   -3.346 |       -3.3 |      1 | multi_top.rof1_0__core/fe.bp_fe_pc_gen_1.genblk1_branch_prediction_1.btb_1.read_valid_o$_DFF_P_/D
      460 |       0 |     446 |        2 |      0 |    11 |    +0.0% |   -3.336 |       -3.3 |      1 | multi_top.rof1_0__core/fe.bp_fe_pc_gen_1.genblk1_branch_prediction_1.btb_1.read_valid_o$_DFF_P_/D
      470 |       0 |     456 |        2 |      0 |    11 |    +0.0% |   -3.328 |       -3.3 |      1 | multi_top.rof1_0__core/fe.bp_fe_pc_gen_1.genblk1_branch_prediction_1.btb_1.read_valid_o$_DFF_P_/D
      480 |       0 |     466 |        2 |      0 |    11 |    +0.0% |   -3.316 |       -3.3 |      1 | multi_top.rof1_0__core/fe.bp_fe_pc_gen_1.genblk1_branch_prediction_1.btb_1.read_valid_o$_DFF_P_/D
      490 |       0 |     476 |        2 |      0 |    11 |    +0.0% |   -3.307 |       -3.3 |      1 | multi_top.rof1_0__core/fe.bp_fe_pc_gen_1.genblk1_branch_prediction_1.btb_1.read_valid_o$_DFF_P_/D
      500 |       0 |     486 |        2 |      0 |    11 |    +0.0% |   -3.291 |       -3.3 |      1 | multi_top.rof1_0__core/fe.bp_fe_pc_gen_1.genblk1_branch_prediction_1.btb_1.read_valid_o$_DFF_P_/D
      510 |       0 |     496 |        2 |      0 |    11 |    +0.0% |   -3.283 |       -3.3 |      1 | multi_top.rof1_0__core/fe.bp_fe_pc_gen_1.genblk1_branch_prediction_1.btb_1.read_valid_o$_DFF_P_/D
      520 |       0 |     506 |        2 |      0 |    11 |    +0.0% |   -3.268 |       -3.3 |      1 | multi_top.rof1_0__core/fe.bp_fe_pc_gen_1.genblk1_branch_prediction_1.btb_1.read_valid_o$_DFF_P_/D
      530 |       0 |     516 |        2 |      0 |    11 |    +0.0% |   -3.251 |       -3.3 |      1 | multi_top.rof1_0__core/fe.bp_fe_pc_gen_1.genblk1_branch_prediction_1.btb_1.read_valid_o$_DFF_P_/D
      540 |       0 |     526 |        2 |      0 |    11 |    +0.0% |   -3.233 |       -3.2 |      1 | multi_top.rof1_0__core/fe.bp_fe_pc_gen_1.genblk1_branch_prediction_1.btb_1.read_valid_o$_DFF_P_/D
      550 |       0 |     535 |        2 |      0 |    12 |    +0.0% |   -3.221 |       -3.2 |      1 | multi_top.rof1_0__core/fe.bp_fe_pc_gen_1.genblk1_branch_prediction_1.btb_1.read_valid_o$_DFF_P_/D
      560 |       0 |     544 |        2 |      0 |    13 |    +0.0% |   -3.213 |       -3.2 |      1 | multi_top.rof1_0__core/fe.bp_fe_pc_gen_1.genblk1_branch_prediction_1.btb_1.read_valid_o$_DFF_P_/D
      570 |       0 |     554 |        2 |      0 |    13 |    +0.0% |   -3.203 |       -3.2 |      1 | multi_top.rof1_0__core/fe.bp_fe_pc_gen_1.genblk1_branch_prediction_1.btb_1.read_valid_o$_DFF_P_/D
      580 |       0 |     564 |        2 |      0 |    13 |    +0.0% |   -3.191 |       -3.2 |      1 | multi_top.rof1_0__core/fe.bp_fe_pc_gen_1.genblk1_branch_prediction_1.btb_1.read_valid_o$_DFF_P_/D
      590 |       0 |     574 |        2 |      0 |    13 |    +0.0% |   -3.177 |       -3.2 |      1 | multi_top.rof1_0__core/fe.bp_fe_pc_gen_1.genblk1_branch_prediction_1.btb_1.read_valid_o$_DFF_P_/D
      600 |       0 |     584 |        2 |      0 |    13 |    +0.1% |   -3.166 |       -3.2 |      1 | multi_top.rof1_0__core/fe.bp_fe_pc_gen_1.genblk1_branch_prediction_1.btb_1.read_valid_o$_DFF_P_/D
      610 |       0 |     594 |        2 |      0 |    13 |    +0.1% |   -3.154 |       -3.2 |      1 | multi_top.rof1_0__core/fe.bp_fe_pc_gen_1.genblk1_branch_prediction_1.btb_1.read_valid_o$_DFF_P_/D
      620 |       0 |     604 |        2 |      0 |    13 |    +0.1% |   -3.143 |       -3.1 |      1 | multi_top.rof1_0__core/fe.bp_fe_pc_gen_1.genblk1_branch_prediction_1.btb_1.read_valid_o$_DFF_P_/D
      630 |       0 |     614 |        2 |      0 |    13 |    +0.1% |   -3.133 |       -3.1 |      1 | multi_top.rof1_0__core/fe.bp_fe_pc_gen_1.genblk1_branch_prediction_1.btb_1.read_valid_o$_DFF_P_/D
      640 |       0 |     624 |        2 |      0 |    13 |    +0.1% |   -3.126 |       -3.1 |      1 | multi_top.rof1_0__core/fe.bp_fe_pc_gen_1.genblk1_branch_prediction_1.btb_1.read_valid_o$_DFF_P_/D
      650 |       0 |     634 |        2 |      0 |    13 |    +0.1% |   -3.114 |       -3.1 |      1 | multi_top.rof1_0__core/fe.bp_fe_pc_gen_1.genblk1_branch_prediction_1.btb_1.read_valid_o$_DFF_P_/D
      660 |       0 |     644 |        2 |      0 |    13 |    +0.1% |   -3.101 |       -3.1 |      1 | multi_top.rof1_0__core/fe.bp_fe_pc_gen_1.genblk1_branch_prediction_1.btb_1.read_valid_o$_DFF_P_/D
      670 |       0 |     654 |        2 |      0 |    13 |    +0.1% |   -3.091 |       -3.1 |      1 | multi_top.rof1_0__core/fe.bp_fe_pc_gen_1.genblk1_branch_prediction_1.btb_1.read_valid_o$_DFF_P_/D
      680 |       0 |     664 |        2 |      0 |    13 |    +0.1% |   -3.077 |       -3.1 |      1 | multi_top.rof1_0__core/fe.bp_fe_pc_gen_1.genblk1_branch_prediction_1.btb_1.read_valid_o$_DFF_P_/D
      690 |       0 |     674 |        2 |      0 |    13 |    +0.1% |   -3.066 |       -3.1 |      1 | multi_top.rof1_0__core/fe.bp_fe_pc_gen_1.genblk1_branch_prediction_1.btb_1.read_valid_o$_DFF_P_/D
      700 |       0 |     684 |        2 |      0 |    13 |    +0.1% |   -3.056 |       -3.1 |      1 | multi_top.rof1_0__core/fe.bp_fe_pc_gen_1.genblk1_branch_prediction_1.btb_1.read_valid_o$_DFF_P_/D
      710 |       0 |     693 |        2 |      0 |    14 |    +0.1% |   -3.052 |       -3.1 |      1 | multi_top.rof1_0__core/fe.bp_fe_pc_gen_1.genblk1_branch_prediction_1.btb_1.read_valid_o$_DFF_P_/D
      720 |       0 |     703 |        2 |      0 |    14 |    +0.1% |   -3.042 |       -3.0 |      1 | multi_top.rof1_0__core/fe.bp_fe_pc_gen_1.genblk1_branch_prediction_1.btb_1.read_valid_o$_DFF_P_/D
      730 |       0 |     712 |        2 |      0 |    15 |    +0.1% |   -3.034 |       -3.0 |      1 | multi_top.rof1_0__core/fe.bp_fe_pc_gen_1.genblk1_branch_prediction_1.btb_1.read_valid_o$_DFF_P_/D
      740 |       0 |     721 |        2 |      0 |    16 |    +0.1% |   -3.028 |       -3.0 |      1 | multi_top.rof1_0__core/fe.bp_fe_pc_gen_1.genblk1_branch_prediction_1.btb_1.read_valid_o$_DFF_P_/D
      750 |       0 |     731 |        2 |      0 |    16 |    +0.1% |   -3.018 |       -3.0 |      1 | multi_top.rof1_0__core/fe.bp_fe_pc_gen_1.genblk1_branch_prediction_1.btb_1.read_valid_o$_DFF_P_/D
      760 |       0 |     741 |        2 |      0 |    16 |    +0.1% |   -3.009 |       -3.0 |      1 | multi_top.rof1_0__core/fe.bp_fe_pc_gen_1.genblk1_branch_prediction_1.btb_1.read_valid_o$_DFF_P_/D
      770 |       0 |     751 |        2 |      0 |    16 |    +0.1% |   -2.998 |       -3.0 |      1 | multi_top.rof1_0__core/fe.bp_fe_pc_gen_1.genblk1_branch_prediction_1.btb_1.read_valid_o$_DFF_P_/D
      780 |       0 |     761 |        2 |      0 |    16 |    +0.1% |   -2.985 |       -3.0 |      1 | multi_top.rof1_0__core/fe.bp_fe_pc_gen_1.genblk1_branch_prediction_1.btb_1.read_valid_o$_DFF_P_/D
      790 |       0 |     771 |        2 |      0 |    16 |    +0.1% |   -2.975 |       -3.0 |      1 | multi_top.rof1_0__core/fe.bp_fe_pc_gen_1.genblk1_branch_prediction_1.btb_1.read_valid_o$_DFF_P_/D
      800 |       0 |     781 |        2 |      0 |    16 |    +0.1% |   -2.963 |       -3.0 |      1 | multi_top.rof1_0__core/fe.bp_fe_pc_gen_1.genblk1_branch_prediction_1.btb_1.read_valid_o$_DFF_P_/D
      810 |       0 |     791 |        2 |      0 |    16 |    +0.1% |   -2.951 |       -3.0 |      1 | multi_top.rof1_0__core/fe.bp_fe_pc_gen_1.genblk1_branch_prediction_1.btb_1.read_valid_o$_DFF_P_/D
      820 |       0 |     801 |        2 |      0 |    16 |    +0.1% |   -2.941 |       -2.9 |      1 | multi_top.rof1_0__core/fe.bp_fe_pc_gen_1.genblk1_branch_prediction_1.btb_1.read_valid_o$_DFF_P_/D
      830 |       0 |     811 |        2 |      0 |    16 |    +0.1% |   -2.929 |       -2.9 |      1 | multi_top.rof1_0__core/fe.bp_fe_pc_gen_1.genblk1_branch_prediction_1.btb_1.read_valid_o$_DFF_P_/D
      840 |       0 |     821 |        2 |      0 |    16 |    +0.1% |   -2.918 |       -2.9 |      1 | multi_top.rof1_0__core/fe.bp_fe_pc_gen_1.genblk1_branch_prediction_1.btb_1.read_valid_o$_DFF_P_/D
      850 |       0 |     831 |        2 |      0 |    16 |    +0.1% |   -2.909 |       -2.9 |      1 | multi_top.rof1_0__core/fe.bp_fe_pc_gen_1.genblk1_branch_prediction_1.btb_1.read_valid_o$_DFF_P_/D
      860 |       0 |     841 |        2 |      0 |    16 |    +0.1% |   -2.898 |       -2.9 |      1 | multi_top.rof1_0__core/fe.bp_fe_pc_gen_1.genblk1_branch_prediction_1.btb_1.read_valid_o$_DFF_P_/D
      870 |       0 |     851 |        2 |      0 |    16 |    +0.1% |   -2.889 |       -2.9 |      1 | multi_top.rof1_0__core/fe.bp_fe_pc_gen_1.genblk1_branch_prediction_1.btb_1.read_valid_o$_DFF_P_/D
      880 |       0 |     861 |        2 |      0 |    16 |    +0.1% |   -2.878 |       -2.9 |      1 | multi_top.rof1_0__core/fe.bp_fe_pc_gen_1.genblk1_branch_prediction_1.btb_1.read_valid_o$_DFF_P_/D
      890 |       0 |     871 |        2 |      0 |    16 |    +0.1% |   -2.867 |       -2.9 |      1 | multi_top.rof1_0__core/fe.bp_fe_pc_gen_1.genblk1_branch_prediction_1.btb_1.read_valid_o$_DFF_P_/D
      900 |       0 |     881 |        2 |      0 |    16 |    +0.1% |   -2.859 |       -2.9 |      1 | multi_top.rof1_0__core/fe.bp_fe_pc_gen_1.genblk1_branch_prediction_1.btb_1.read_valid_o$_DFF_P_/D
      910 |       0 |     891 |        2 |      0 |    16 |    +0.1% |   -2.850 |       -2.8 |      1 | multi_top.rof1_0__core/fe.bp_fe_pc_gen_1.genblk1_branch_prediction_1.btb_1.read_valid_o$_DFF_P_/D
      920 |       0 |     901 |        2 |      0 |    16 |    +0.1% |   -2.838 |       -2.8 |      1 | multi_top.rof1_0__core/fe.bp_fe_pc_gen_1.genblk1_branch_prediction_1.btb_1.read_valid_o$_DFF_P_/D
      930 |       0 |     911 |        2 |      0 |    16 |    +0.1% |   -2.830 |       -2.8 |      1 | multi_top.rof1_0__core/fe.bp_fe_pc_gen_1.genblk1_branch_prediction_1.btb_1.read_valid_o$_DFF_P_/D
      940 |       0 |     921 |        2 |      0 |    16 |    +0.1% |   -2.821 |       -2.8 |      1 | multi_top.rof1_0__core/fe.bp_fe_pc_gen_1.genblk1_branch_prediction_1.btb_1.read_valid_o$_DFF_P_/D
      950 |       0 |     931 |        2 |      0 |    16 |    +0.1% |   -2.810 |       -2.8 |      1 | multi_top.rof1_0__core/fe.bp_fe_pc_gen_1.genblk1_branch_prediction_1.btb_1.read_valid_o$_DFF_P_/D
      960 |       0 |     941 |        2 |      0 |    16 |    +0.1% |   -2.801 |       -2.8 |      1 | multi_top.rof1_0__core/fe.bp_fe_pc_gen_1.genblk1_branch_prediction_1.btb_1.read_valid_o$_DFF_P_/D
      970 |       0 |     951 |        2 |      0 |    16 |    +0.1% |   -2.792 |       -2.8 |      1 | multi_top.rof1_0__core/fe.bp_fe_pc_gen_1.genblk1_branch_prediction_1.btb_1.read_valid_o$_DFF_P_/D
      980 |       0 |     961 |        2 |      0 |    16 |    +0.1% |   -2.784 |       -2.8 |      1 | multi_top.rof1_0__core/fe.bp_fe_pc_gen_1.genblk1_branch_prediction_1.btb_1.read_valid_o$_DFF_P_/D
      990 |       0 |     971 |        2 |      0 |    16 |    +0.1% |   -2.775 |       -2.8 |      1 | multi_top.rof1_0__core/fe.bp_fe_pc_gen_1.genblk1_branch_prediction_1.btb_1.read_valid_o$_DFF_P_/D
     1000 |       0 |     981 |        2 |      0 |    16 |    +0.1% |   -2.763 |       -2.8 |      1 | multi_top.rof1_0__core/fe.bp_fe_pc_gen_1.genblk1_branch_prediction_1.btb_1.read_valid_o$_DFF_P_/D
     1010 |       0 |     991 |        2 |      0 |    16 |    +0.1% |   -2.753 |       -2.8 |      1 | multi_top.rof1_0__core/fe.bp_fe_pc_gen_1.genblk1_branch_prediction_1.btb_1.read_valid_o$_DFF_P_/D
     1020 |       0 |    1001 |        2 |      0 |    16 |    +0.1% |   -2.745 |       -2.7 |      1 | multi_top.rof1_0__core/fe.bp_fe_pc_gen_1.genblk1_branch_prediction_1.btb_1.read_valid_o$_DFF_P_/D
     1030 |       0 |    1011 |        2 |      0 |    16 |    +0.1% |   -2.737 |       -2.7 |      1 | multi_top.rof1_0__core/fe.bp_fe_pc_gen_1.genblk1_branch_prediction_1.btb_1.read_valid_o$_DFF_P_/D
     1040 |       0 |    1021 |        2 |      0 |    16 |    +0.1% |   -2.730 |       -2.7 |      1 | multi_top.rof1_0__core/fe.bp_fe_pc_gen_1.genblk1_branch_prediction_1.btb_1.read_valid_o$_DFF_P_/D
     1050 |       0 |    1031 |        2 |      0 |    16 |    +0.1% |   -2.716 |       -2.7 |      1 | multi_top.rof1_0__core/fe.bp_fe_pc_gen_1.genblk1_branch_prediction_1.btb_1.read_valid_o$_DFF_P_/D
     1060 |       0 |    1041 |        2 |      0 |    16 |    +0.1% |   -2.706 |       -2.7 |      1 | multi_top.rof1_0__core/fe.bp_fe_pc_gen_1.genblk1_branch_prediction_1.btb_1.read_valid_o$_DFF_P_/D
     1070 |       0 |    1051 |        2 |      0 |    16 |    +0.1% |   -2.697 |       -2.7 |      1 | multi_top.rof1_0__core/fe.bp_fe_pc_gen_1.genblk1_branch_prediction_1.btb_1.read_valid_o$_DFF_P_/D
     1080 |       0 |    1061 |        2 |      0 |    16 |    +0.1% |   -2.685 |       -2.7 |      1 | multi_top.rof1_0__core/fe.bp_fe_pc_gen_1.genblk1_branch_prediction_1.btb_1.read_valid_o$_DFF_P_/D
     1090 |       0 |    1071 |        2 |      0 |    16 |    +0.1% |   -2.676 |       -2.7 |      1 | multi_top.rof1_0__core/fe.bp_fe_pc_gen_1.genblk1_branch_prediction_1.btb_1.read_valid_o$_DFF_P_/D
     1100 |       0 |    1081 |        2 |      0 |    16 |    +0.1% |   -2.670 |       -2.7 |      1 | multi_top.rof1_0__core/fe.bp_fe_pc_gen_1.genblk1_branch_prediction_1.btb_1.read_valid_o$_DFF_P_/D
     1110 |       0 |    1091 |        2 |      0 |    16 |    +0.1% |   -2.661 |       -2.7 |      1 | multi_top.rof1_0__core/fe.bp_fe_pc_gen_1.genblk1_branch_prediction_1.btb_1.read_valid_o$_DFF_P_/D
     1120 |       0 |    1101 |        2 |      0 |    16 |    +0.1% |   -2.655 |       -2.7 |      1 | multi_top.rof1_0__core/fe.bp_fe_pc_gen_1.genblk1_branch_prediction_1.btb_1.read_valid_o$_DFF_P_/D
     1130 |       0 |    1110 |        2 |      0 |    17 |    +0.1% |   -2.640 |       -2.6 |      1 | multi_top.rof1_0__core/fe.bp_fe_pc_gen_1.genblk1_branch_prediction_1.btb_1.read_valid_o$_DFF_P_/D
     1140 |       0 |    1120 |        2 |      0 |    17 |    +0.1% |   -2.631 |       -2.6 |      1 | multi_top.rof1_0__core/fe.bp_fe_pc_gen_1.genblk1_branch_prediction_1.btb_1.read_valid_o$_DFF_P_/D
     1150 |       0 |    1130 |        2 |      0 |    17 |    +0.1% |   -2.624 |       -2.6 |      1 | multi_top.rof1_0__core/fe.bp_fe_pc_gen_1.genblk1_branch_prediction_1.btb_1.read_valid_o$_DFF_P_/D
     1160 |       0 |    1139 |        2 |      0 |    18 |    +0.1% |   -2.620 |       -2.6 |      1 | multi_top.rof1_0__core/fe.bp_fe_pc_gen_1.genblk1_branch_prediction_1.btb_1.read_valid_o$_DFF_P_/D
     1170 |       0 |    1149 |        2 |      0 |    18 |    +0.1% |   -2.610 |       -2.6 |      1 | multi_top.rof1_0__core/fe.bp_fe_pc_gen_1.genblk1_branch_prediction_1.btb_1.read_valid_o$_DFF_P_/D
     1180 |       0 |    1159 |        2 |      0 |    18 |    +0.1% |   -2.602 |       -2.6 |      1 | multi_top.rof1_0__core/fe.bp_fe_pc_gen_1.genblk1_branch_prediction_1.btb_1.read_valid_o$_DFF_P_/D
     1190 |       0 |    1168 |        2 |      0 |    19 |    +0.1% |   -2.594 |       -2.6 |      1 | multi_top.rof1_0__core/fe.bp_fe_pc_gen_1.genblk1_branch_prediction_1.btb_1.read_valid_o$_DFF_P_/D
     1200 |       0 |    1176 |        2 |      0 |    21 |    +0.1% |   -2.593 |       -2.6 |      1 | multi_top.rof1_0__core/fe.bp_fe_pc_gen_1.genblk1_branch_prediction_1.btb_1.read_valid_o$_DFF_P_/D
     1210 |       0 |    1184 |        3 |      0 |    22 |    +0.1% |   -2.584 |       -2.6 |      1 | multi_top.rof1_0__core/fe.bp_fe_pc_gen_1.genblk1_branch_prediction_1.btb_1.read_valid_o$_DFF_P_/D
     1220 |       0 |    1190 |        5 |      0 |    24 |    +0.1% |   -2.590 |       -2.6 |      1 | multi_top.rof1_0__core/fe.bp_fe_pc_gen_1.genblk1_branch_prediction_1.btb_1.read_valid_o$_DFF_P_/D
     1230 |       0 |    1197 |        7 |      0 |    25 |    +0.1% |   -2.584 |       -2.6 |      1 | multi_top.rof1_0__core/fe.bp_fe_pc_gen_1.genblk1_branch_prediction_1.btb_1.read_valid_o$_DFF_P_/D
     1234 |       0 |    1201 |        7 |      0 |    25 |    +0.1% |   -2.580 |       -2.6 |      1 | multi_top.rof1_0__core/fe.bp_fe_pc_gen_1.genblk1_branch_prediction_1.btb_1.read_valid_o$_DFF_P_/D
    1235* |       0 |    1201 |        7 |      0 |    25 |    +0.1% |   -2.580 |       -2.6 |      1 | multi_top.rof1_0__core/fe.bp_fe_pc_gen_1.genblk1_branch_prediction_1.btb_1.read_valid_o$_DFF_P_/D
    final |       0 |    1201 |        7 |      0 |    25 |    +0.1% |   -2.580 |       -2.6 |      1 | multi_top.rof1_0__core/fe.bp_fe_pc_gen_1.genblk1_branch_prediction_1.btb_1.read_valid_o$_DFF_P_/D
--------------------------------------------------------------------------------------------------------------
[INFO RSZ-0040] Inserted 7 buffers.
[INFO RSZ-0051] Resized 1201 instances: 1201 up, 0 up match, 0 down, 0 VT
[INFO RSZ-0043] Swapped pins on 25 instances.
[WARNING RSZ-0062] Unable to repair all setup violations.
[INFO RSZ-0046] Found 101 endpoints with hold violations.
Iteration | Resized | Buffers | Cloned Gates |   Area   |   WNS   |   TNS   | Endpoint
--------------------------------------------------------------------------------------
        0 |       0 |       0 |            0 |    +0.0% |  -0.007 |  -0.165 | multi_top.me.genblk1_0__bp_cce_top.bp_cce/pc_inst_ram.cce_inst_ram.macro_mem/mem/wd_in[15]
       10 |       0 |      18 |            0 |    +0.0% |  -0.006 |  -0.107 | multi_top.me.genblk1_0__bp_cce_top.bp_cce/pc_inst_ram.cce_inst_ram.macro_mem/mem/wd_in[29]
       20 |       0 |      38 |            0 |    +0.0% |  -0.005 |  -0.054 | multi_top.me.genblk1_0__bp_cce_top.bp_cce/pc_inst_ram.cce_inst_ram.macro_mem/mem/wd_in[61]
       30 |       0 |      58 |            0 |    +0.0% |  -0.003 |  -0.012 | multi_top.me.genblk1_0__bp_cce_top.bp_cce/pc_inst_ram.cce_inst_ram.macro_mem/mem/wd_in[58]
       40 |       0 |      78 |            0 |    +0.0% |   0.000 |   0.000 | multi_top.me.genblk1_0__bp_cce_top.bp_cce/pc_inst_ram.cce_inst_ram.macro_mem/mem/wd_in[44]
       50 |       0 |      98 |            0 |    +0.0% |   0.001 |   0.000 | multi_top.me.genblk1_0__bp_cce_top.bp_cce/pc_inst_ram.cce_inst_ram.macro_mem/mem/wd_in[81]
       60 |       0 |     118 |            0 |    +0.0% |   0.003 |   0.000 | multi_top.me.genblk1_0__bp_cce_top.bp_cce/pc_inst_ram.cce_inst_ram.macro_mem/mem/wd_in[70]
       70 |       0 |     131 |            0 |    +0.0% |   0.012 |   0.000 | multi_top.me.genblk1_0__bp_cce_top.bp_cce/pc_inst_ram.cce_inst_ram.macro_mem/mem/wd_in[27]
       80 |       0 |     141 |            0 |    +0.0% |   0.018 |   0.000 | multi_top.me.genblk1_0__bp_cce_top.bp_cce/pc_inst_ram.cce_inst_ram.macro_mem/mem/wd_in[19]
       90 |       0 |     151 |            0 |    +0.0% |   0.020 |   0.000 | multi_top.me.genblk1_0__bp_cce_top.bp_cce/pc_inst_ram.cce_inst_ram.macro_mem/mem/wd_in[87]
      100 |       0 |     161 |            0 |    +0.0% |   0.028 |   0.000 | multi_top.me.genblk1_0__bp_cce_top.bp_cce/pc_inst_ram.cce_inst_ram.macro_mem/mem/wd_in[91]
    final |       0 |     163 |            0 |    +0.0% |   0.030 |   0.000 | multi_top.me.genblk1_0__bp_cce_top.bp_cce/pc_inst_ram.cce_inst_ram.macro_mem/mem/addr_in[5]
--------------------------------------------------------------------------------------
[INFO RSZ-0032] Inserted 163 hold buffers.
Took 29 seconds: repair_timing -setup_margin 0 -hold_margin 0.03 -repair_tns 100 -verbose
Repair timing output passed lec test
Placement Analysis
---------------------------------
total displacement        590.4 u
average displacement        0.0 u
max displacement            2.1 u
original HPWL         5763444.6 u
legalized HPWL        5763928.5 u
delta HPWL                    0 %

Report metrics stage 4, cts final...

==========================================================================
cts final report_design_area
--------------------------------------------------------------------------
Design area 686213 um^2 40% utilization.
write_db ./results/nangate45/bp/base/4_1_cts.odb
write_sdc -no_timestamp ./results/nangate45/bp/base/4_cts.sdc
Elapsed time: 2:13.79[h:]min:sec. CPU time: user 242.99 sys 151.92 (295%). Peak memory: 1834432KB.
Log                        Elapsed/s Peak Memory/MB  sha1sum .odb [0:20)
4_1_cts                          133           1791 5b3a5037e5f11d28c73a
