OpenROAD 6975124cf258e3be0db86bd2e59246b7f0e9f0c7 
Features included (+) or not (-): +GPU +GUI +Python
This program is licensed under the BSD-3 license. See the LICENSE file for details.
Components of this program may be licensed under more restrictive licenses which must be honored.
[INFO ORD-0030] Using 28 thread(s).
read_liberty -corner slow /home/nanocoh/dev/ORFS-K/OpenROAD-flow-scripts-KF/flow/platforms/ihp-sg13g2/lib/sg13g2_stdcell_slow_1p08V_125C.lib
read_liberty -corner typ /home/nanocoh/dev/ORFS-K/OpenROAD-flow-scripts-KF/flow/platforms/ihp-sg13g2/lib/sg13g2_stdcell_typ_1p20V_25C.lib
read_liberty -corner fast /home/nanocoh/dev/ORFS-K/OpenROAD-flow-scripts-KF/flow/platforms/ihp-sg13g2/lib/sg13g2_stdcell_fast_1p32V_m40C.lib
read_db ./results/ihp-sg13g2/i2c-gpio-expander_I2cDeviceCtrl/base/3_2_place_iop.odb
source /home/nanocoh/dev/ORFS-K/OpenROAD-flow-scripts-KF/flow/platforms/ihp-sg13g2/setRC.tcl
[INFO RSZ-0026] Removed 39 buffers.
Perform port buffering...
[INFO RSZ-0027] Inserted 53 sg13g2_buf_1 input buffers.
[INFO RSZ-0028] Inserted 13 sg13g2_buf_1 output buffers.
global_placement -density 0.75 -pad_left 0 -pad_right 0 -routability_driven -timing_driven -force_center_initial_place -min_phi_coef 0.95 -max_phi_coef 1.05
[INFO GPL-0001] ---- Initialize GPL Main Data Structures
[INFO GPL-0002] DBU: 1000
[INFO GPL-0003] SiteSize: (  0.480  3.780 ) um
[INFO GPL-0004] CoreBBox: ( 18.720 18.900 ) ( 128.640 128.520 ) um
[INFO GPL-0036] Movable instances area:       8453.290 um^2
[INFO GPL-0037] Total instances area:         8453.290 um^2
[INFO GPL-0035] Pin density area adjust:       707.982 um^2
[INFO GPL-0032] ---- Initialize Region: Top-level
[INFO GPL-0006] Number of instances:               554
[INFO GPL-0007] Movable instances:                 554
[INFO GPL-0008] Fixed instances:                     0
[INFO GPL-0009] Dummy instances:                     0
[INFO GPL-0010] Number of nets:                    609
[INFO GPL-0011] Number of pins:                   1804
[INFO GPL-0012] Die BBox:  (  0.000  0.000 ) ( 147.840 147.420 ) um
[INFO GPL-0013] Core BBox: ( 18.720 18.900 ) ( 128.640 128.520 ) um
[INFO GPL-0016] Core area:                   12049.430 um^2
[INFO GPL-0014] Region name: top-level.
[INFO GPL-0015] Region area:                 12049.430 um^2
[INFO GPL-0017] Fixed instances area:            0.000 um^2
[INFO GPL-0018] Movable instances area:       9161.272 um^2
[INFO GPL-0019] Utilization:                    76.031 %
[INFO GPL-0020] Standard cells area:          9161.272 um^2
[INFO GPL-0021] Large instances area:            0.000 um^2
[INFO GPL-0005] ---- Execute Conjugate Gradient Initial Placement.
[INFO GPL-0051] Source of initial instance position counters:
	Odb location = 0	Core center = 554	Region center = 0
[InitialPlace]  Iter: 1 conjugate gradient residual: 0.00000011 HPWL: 13177204
[InitialPlace]  Iter: 2 conjugate gradient residual: 0.00000011 HPWL: 12704429
[InitialPlace]  Iter: 3 conjugate gradient residual: 0.00000010 HPWL: 12008647
[InitialPlace]  Iter: 4 conjugate gradient residual: 0.00000006 HPWL: 11460363
[InitialPlace]  Iter: 5 conjugate gradient residual: 0.00000011 HPWL: 11214407
[INFO GPL-0033] ---- Initialize Nesterov Region: Top-level
[WARNING GPL-0302] Target density 0.7500 is too low for the available free area.
Automatically adjusting to uniform density 0.7700.
[INFO GPL-0023] Placement target density:       0.7700
[INFO GPL-0024] Movable insts average area:     16.537 um^2
[INFO GPL-0025] Ideal bin area:                 21.476 um^2
[INFO GPL-0026] Ideal bin count:                   561
[INFO GPL-0027] Total bin area:              12049.430 um^2
[INFO GPL-0028] Bin count (X, Y):          16 ,     16
[INFO GPL-0029] Bin size (W * H):       6.870 *  6.851 um
[INFO GPL-0030] Number of bins:                    256
[INFO GPL-0007] ---- Execute Nesterov Global Placement.
[INFO GPL-0031] HPWL: Half-Perimeter Wirelength
Iteration | Overflow |     HPWL (um) |  HPWL(%) |   Penalty | Group
---------------------------------------------------------------
        0 |   0.6671 |  5.947165e+03 |   +0.00% |  1.96e-13 |      
[INFO GPL-0100] Timing-driven iteration 1/2, virtual: false.
[INFO GPL-0101]    Iter: 4, overflow: 0.630, keep resizer changes at: 1, HPWL: 6208759
Iteration |   Area    | Resized | Buffers | Nets repaired | Remaining
---------------------------------------------------------------------
        0 |     +0.0% |       0 |       0 |             0 |       609
    final |     +1.9% |       0 |      22 |            13 |         0
---------------------------------------------------------------------
[INFO RSZ-0035] Found 13 fanout violations.
[INFO RSZ-0038] Inserted 22 buffers in 13 nets.
   Iter   |    Area   | Removed | Inserted |   Pins
          |           | Buffers | Buffers  | Remaining
-------------------------------------------------------
        0 |     +0.0% |       0 |        0 |       475
       47 |     +0.0% |       0 |        0 |       428
       94 |     +0.0% |       0 |        0 |       381
      141 |     -0.2% |       5 |        3 |       334
      188 |     -0.1% |       8 |        7 |       287
      235 |     -0.1% |       9 |        8 |       240
      282 |     -0.1% |       9 |        8 |       193
      329 |     -0.2% |      11 |        9 |       146
      376 |     -0.2% |      12 |       10 |        99
      423 |     -0.2% |      18 |       16 |        52
      470 |     -0.3% |      22 |       18 |         5
    final |     -0.3% |      22 |       18 |         0
-------------------------------------------------------
[INFO GPL-0106] Timing-driven: worst slack 1.1e-08
[INFO GPL-0107] Timing-driven: repair_design delta area: 130.637 um^2 (+1.43%)
[INFO GPL-0108] Timing-driven: repair_design, gpl delta gcells: 18 (+3.25%)
[INFO GPL-0109] Timing-driven: repair_design, gcells created: 40, deleted: 22
[INFO GPL-0110] Timing-driven: new target density: 0.78084177
Iteration | Overflow |     HPWL (um) |  HPWL(%) |   Penalty | Group
---------------------------------------------------------------
       10 |   0.6105 |  6.531480e+03 |   +9.83% |  3.19e-13 |      
[INFO GPL-0038] Routability snapshot saved at iter = 20
       19 |   0.5991 |  6.524547e+03 |          |           |      
       20 |   0.5977 |  6.527178e+03 |   -0.07% |  5.20e-13 |      
       30 |   0.5920 |  6.534706e+03 |   +0.12% |  8.47e-13 |      
       40 |   0.5894 |  6.536124e+03 |   +0.02% |  1.38e-12 |      
       50 |   0.5909 |  6.538752e+03 |   +0.04% |  2.25e-12 |      
       60 |   0.5940 |  6.542270e+03 |   +0.05% |  3.66e-12 |      
       70 |   0.5928 |  6.544337e+03 |   +0.03% |  5.96e-12 |      
       80 |   0.5910 |  6.542834e+03 |   -0.02% |  9.71e-12 |      
       90 |   0.5898 |  6.541032e+03 |   -0.03% |  1.58e-11 |      
      100 |   0.5896 |  6.540307e+03 |   -0.01% |  2.58e-11 |      
      110 |   0.5890 |  6.540913e+03 |   +0.01% |  4.20e-11 |      
      120 |   0.5879 |  6.543895e+03 |   +0.05% |  6.84e-11 |      
      130 |   0.5855 |  6.550370e+03 |   +0.10% |  1.11e-10 |      
      140 |   0.5818 |  6.562574e+03 |   +0.19% |  1.81e-10 |      
      150 |   0.5740 |  6.583561e+03 |   +0.32% |  2.95e-10 |      
      160 |   0.5566 |  6.614563e+03 |   +0.47% |  4.81e-10 |      
      170 |   0.5360 |  6.664600e+03 |   +0.76% |  7.84e-10 |      
      180 |   0.5073 |  6.740240e+03 |   +1.13% |  1.28e-09 |      
      190 |   0.4774 |  6.844080e+03 |   +1.54% |  2.08e-09 |      
      200 |   0.4538 |  6.967832e+03 |   +1.81% |  3.39e-09 |      
      210 |   0.4214 |  7.108411e+03 |   +2.02% |  5.52e-09 |      
      220 |   0.3795 |  7.218633e+03 |   +1.55% |  8.99e-09 |      
      230 |   0.3374 |  7.311118e+03 |   +1.28% |  1.43e-08 |      
      240 |   0.3061 |  7.387155e+03 |   +1.04% |  2.11e-08 |      
[INFO GPL-0040] Routability iteration: 1
[INFO GPL-0041] Total routing overflow: 0.0000
[INFO GPL-0042] Number of overflowed tiles: 0 (0.00%)
[INFO GPL-0043] Average top 0.5% routing congestion: 0.6663
[INFO GPL-0044] Average top 1.0% routing congestion: 0.6251
[INFO GPL-0045] Average top 2.0% routing congestion: 0.5720
[INFO GPL-0046] Average top 5.0% routing congestion: 0.4960
[INFO GPL-0047] Routability iteration weighted routing congestion: 0.6457
[INFO GPL-0050] Weighted routing congestion is lower than target routing congestion(1.0100), end routability optimization.
[INFO GPL-0090] Routability finished. Target routing congestion achieved succesfully.
Iteration | Overflow |     HPWL (um) |  HPWL(%) |   Penalty | Group
---------------------------------------------------------------
      250 |   0.2794 |  7.455171e+03 |   +0.92% |  3.11e-08 |      
      260 |   0.2513 |  7.521899e+03 |   +0.90% |  4.59e-08 |      
      270 |   0.2254 |  7.587339e+03 |   +0.87% |  6.76e-08 |      
      280 |   0.1970 |  7.636327e+03 |   +0.65% |  9.95e-08 |      
[INFO GPL-0100] Timing-driven iteration 2/2, virtual: false.
[INFO GPL-0101]    Iter: 282, overflow: 0.194, keep resizer changes at: 1, HPWL: 7640097
Iteration |   Area    | Resized | Buffers | Nets repaired | Remaining
---------------------------------------------------------------------
        0 |     +0.0% |       0 |       0 |             0 |       627
    final |     +0.0% |       0 |       0 |             0 |         0
---------------------------------------------------------------------
   Iter   |    Area   | Removed | Inserted |   Pins
          |           | Buffers | Buffers  | Remaining
-------------------------------------------------------
        0 |     +0.0% |       0 |        0 |       475
       47 |     +0.0% |       0 |        0 |       428
       94 |     +0.0% |       0 |        0 |       381
      141 |     +0.0% |       3 |        3 |       334
      188 |     -0.1% |       7 |        6 |       287
      235 |     -0.1% |       8 |        7 |       240
      282 |     -0.1% |       8 |        7 |       193
      329 |     -0.1% |       9 |        8 |       146
      376 |     -0.1% |      10 |        9 |        99
      423 |     -0.2% |      16 |       14 |        52
      470 |     -0.2% |      18 |       16 |         5
    final |     -0.2% |      18 |       16 |         0
-------------------------------------------------------
[INFO GPL-0106] Timing-driven: worst slack 1.11e-08
[INFO GPL-0107] Timing-driven: repair_design delta area: -14.515 um^2 (-0.16%)
[INFO GPL-0108] Timing-driven: repair_design, gpl delta gcells: -2 (-0.35%)
[INFO GPL-0109] Timing-driven: repair_design, gcells created: 16, deleted: 18
[INFO GPL-0110] Timing-driven: new target density: 0.7796371
Iteration | Overflow |     HPWL (um) |  HPWL(%) |   Penalty | Group
---------------------------------------------------------------
      290 |   0.1699 |  7.644667e+03 |   +0.11% |  1.47e-07 |      
      300 |   0.1431 |  7.643191e+03 |   -0.02% |  2.16e-07 |      
      310 |   0.1214 |  7.682548e+03 |   +0.51% |  3.18e-07 |      
      320 |   0.1042 |  7.762723e+03 |   +1.04% |  4.69e-07 |      
      323 |   0.0998 |  7.774198e+03 |          |  5.47e-07 |      
---------------------------------------------------------------
[INFO GPL-1001] Global placement finished at iteration 323
[INFO GPL-1003] Routability mode iteration count: 223
[INFO GPL-1005] Routability final weighted congestion: 0.5521
[INFO GPL-1002] Placed Cell Area             9277.3934
[INFO GPL-1003] Available Free Area         12049.4304
[INFO GPL-1004] Minimum Feasible Density        0.7700 (cell_area / free_area)
[INFO GPL-1006]   Suggested Target Densities:
[INFO GPL-1007]     - For 90% usage of free space: 0.8555
[INFO GPL-1008]     - For 80% usage of free space: 0.9624
[INFO GPL-1011] Original area (um^2): 9161.27
[INFO GPL-1012] Total routability artificial inflation: 0.00 (+0.00%)
[INFO GPL-1013] Total timing-driven delta area: 116.12 (+1.27%)
[INFO GPL-1014] Final placement area: 9277.39 (+1.27%)
estimate_parasitics -placement
Report metrics stage 3, global place...

==========================================================================
global place report_design_area
--------------------------------------------------------------------------
Design area 8569 um^2 71% utilization.
write_db ./results/ihp-sg13g2/i2c-gpio-expander_I2cDeviceCtrl/base/3_3_place_gp.odb
Elapsed time: 0:00.88[h:]min:sec. CPU time: user 4.92 sys 0.44 (607%). Peak memory: 188748KB.
Log                        Elapsed/s Peak Memory/MB  sha1sum .odb [0:20)
3_3_place_gp                       0            184 65db6f7777e6c5261585
