OpenROAD 6975124cf258e3be0db86bd2e59246b7f0e9f0c7 
Features included (+) or not (-): +GPU +GUI +Python
This program is licensed under the BSD-3 license. See the LICENSE file for details.
Components of this program may be licensed under more restrictive licenses which must be honored.
[INFO ORD-0030] Using 28 thread(s).
read_liberty -corner slow /home/nanocoh/dev/ORFS-K/OpenROAD-flow-scripts-KF/flow/platforms/ihp-sg13g2/lib/sg13g2_stdcell_slow_1p08V_125C.lib
read_liberty -corner typ /home/nanocoh/dev/ORFS-K/OpenROAD-flow-scripts-KF/flow/platforms/ihp-sg13g2/lib/sg13g2_stdcell_typ_1p20V_25C.lib
read_liberty -corner fast /home/nanocoh/dev/ORFS-K/OpenROAD-flow-scripts-KF/flow/platforms/ihp-sg13g2/lib/sg13g2_stdcell_fast_1p32V_m40C.lib
read_db ./results/ihp-sg13g2/i2c-gpio-expander_I2cDeviceCtrl/base/3_4_place_resized.odb
source /home/nanocoh/dev/ORFS-K/OpenROAD-flow-scripts-KF/flow/platforms/ihp-sg13g2/setRC.tcl
Placement Analysis
---------------------------------
total displacement       1767.7 u
average displacement        3.1 u
max displacement           10.6 u
original HPWL            7812.3 u
legalized HPWL           9375.1 u
delta HPWL                   20 %

Detailed placement improvement.
[INFO DPL-0401] Setting random seed to 1.
[INFO DPL-0402] Setting maximum displacement 5 1 to 18900 3780 units.
[INFO DPL-0320] Collected 70 fixed cells.
[INFO DPL-0318] Collected 570 single height cells.
[INFO DPL-0321] Collected 0 wide cells.
[INFO DPL-0322] Image (18720, 18900) - (128640, 128520)
[INFO DPL-0310] Assigned 570 cells into segments.  Movement in X-direction is 0.000000, movement in Y-direction is 0.000000.
[INFO DPL-0313] Found 0 cells in wrong regions.
[INFO DPL-0315] Found 0 row alignment problems.
[INFO DPL-0314] Found 0 site alignment problems.
[INFO DPL-0311] Found 0 overlaps between adjacent cells.
[INFO DPL-0312] Found 0 edge spacing violations and 0 padding violations.
[INFO DPL-0303] Running algorithm for independent set matching.
[INFO DPL-0300] Set matching objective is wirelength.
[INFO DPL-0301] Pass   1 of matching; objective is 9.386308e+06.
[INFO DPL-0302] End of matching; objective is 9.330987e+06, improvement is 0.59 percent.
[INFO DPL-0303] Running algorithm for global swaps.
[INFO DPL-0306] Pass   1 of global swaps; hpwl is 9.095761e+06.
[INFO DPL-0306] Pass   2 of global swaps; hpwl is 9.058343e+06.
[INFO DPL-0307] End of global swaps; objective is 9.058343e+06, improvement is 2.92 percent.
[INFO DPL-0303] Running algorithm for vertical swaps.
[INFO DPL-0308] Pass   1 of vertical swaps; hpwl is 9.014333e+06.
[INFO DPL-0309] End of vertical swaps; objective is 9.014333e+06, improvement is 0.49 percent.
[INFO DPL-0303] Running algorithm for reordering.
[INFO DPL-0304] Pass   1 of reordering; objective is 8.986955e+06.
[INFO DPL-0305] End of reordering; objective is 8.986955e+06, improvement is 0.30 percent.
[INFO DPL-0303] Running algorithm for random improvement.
[INFO DPL-0324] Random improver is using random generator.
[INFO DPL-0325] Random improver is using hpwl objective.
[INFO DPL-0326] Random improver cost string is (a).
[INFO DPL-0332] End of pass, Generator random called 11400 times.
[INFO DPL-0335] Generator random, Cumulative attempts 11400, swaps 2410, moves  2418 since last reset.
[INFO DPL-0333] End of pass, Objective hpwl, Initial cost 8.986955e+06, Scratch cost 8.859945e+06, Incremental cost 8.859945e+06, Mismatch? N
[INFO DPL-0338] End of pass, Total cost is 8.859945e+06.
[INFO DPL-0327] Pass   1 of random improver; improvement in cost is 1.41 percent.
[INFO DPL-0332] End of pass, Generator random called 11400 times.
[INFO DPL-0335] Generator random, Cumulative attempts 22800, swaps 4779, moves  4793 since last reset.
[INFO DPL-0333] End of pass, Objective hpwl, Initial cost 8.859945e+06, Scratch cost 8.821570e+06, Incremental cost 8.821570e+06, Mismatch? N
[INFO DPL-0338] End of pass, Total cost is 8.821570e+06.
[INFO DPL-0327] Pass   2 of random improver; improvement in cost is 0.43 percent.
[INFO DPL-0328] End of random improver; improvement is 1.840278 percent.
[INFO DPL-0380] Cell flipping.
[INFO DPL-0382] Changed 0 cell orientations for row compatibility.
[INFO DPL-0383] Performed 153 cell flips.
[INFO DPL-0384] End of flipping; objective is 8.588933e+06, improvement is 2.64 percent.
[INFO DPL-0313] Found 0 cells in wrong regions.
[INFO DPL-0315] Found 0 row alignment problems.
[INFO DPL-0314] Found 0 site alignment problems.
[INFO DPL-0311] Found 0 overlaps between adjacent cells.
[INFO DPL-0312] Found 0 edge spacing violations and 0 padding violations.
Detailed Improvement Results
------------------------------------------
Original HPWL             9375.1 u (    4771.2,     4603.8)
Final HPWL                8575.4 u (    4276.6,     4298.8)
Delta HPWL                  -8.5 % (     -10.4,       -6.6)

[INFO DPL-0020] Mirrored 22 instances
[INFO DPL-0021] HPWL before            8575.4 u
[INFO DPL-0022] HPWL after             8569.6 u
[INFO DPL-0023] HPWL delta               -0.1 %
[INFO FLW-0012] Placement violations .
estimate_parasitics -placement
Report metrics stage 3, detailed place...

==========================================================================
detailed place report_design_area
--------------------------------------------------------------------------
Design area 8569 um^2 71% utilization.
write_db ./results/ihp-sg13g2/i2c-gpio-expander_I2cDeviceCtrl/base/3_5_place_dp.odb
Elapsed time: 0:00.51[h:]min:sec. CPU time: user 0.57 sys 0.18 (148%). Peak memory: 107748KB.
Log                        Elapsed/s Peak Memory/MB  sha1sum .odb [0:20)
3_5_place_dp                       0            105 3628e7136a5228247a9a
