OpenROAD 6975124cf258e3be0db86bd2e59246b7f0e9f0c7 
Features included (+) or not (-): +GPU +GUI +Python
This program is licensed under the BSD-3 license. See the LICENSE file for details.
Components of this program may be licensed under more restrictive licenses which must be honored.
[INFO ORD-0030] Using 28 thread(s).
read_liberty -corner slow /home/nanocoh/dev/ORFS-K/OpenROAD-flow-scripts-KF/flow/platforms/ihp-sg13g2/lib/sg13g2_stdcell_slow_1p08V_125C.lib
read_liberty -corner typ /home/nanocoh/dev/ORFS-K/OpenROAD-flow-scripts-KF/flow/platforms/ihp-sg13g2/lib/sg13g2_stdcell_typ_1p20V_25C.lib
read_liberty -corner fast /home/nanocoh/dev/ORFS-K/OpenROAD-flow-scripts-KF/flow/platforms/ihp-sg13g2/lib/sg13g2_stdcell_fast_1p32V_m40C.lib
read_db ./results/ihp-sg13g2/i2c-gpio-expander_I2cDeviceCtrl/base/5_1_grt.odb
source /home/nanocoh/dev/ORFS-K/OpenROAD-flow-scripts-KF/flow/platforms/ihp-sg13g2/setRC.tcl
detailed_route -output_drc ./reports/ihp-sg13g2/i2c-gpio-expander_I2cDeviceCtrl/base/5_route_drc.rpt -output_maze ./results/ihp-sg13g2/i2c-gpio-expander_I2cDeviceCtrl/base/maze.log -droute_end_iter 64 -verbose 1 -drc_report_iter_step 5
[INFO DRT-0149] Reading tech and libs.
[WARNING DRT-0349] LEF58_ENCLOSURE with no CUTCLASS is not supported. Skipping for layer Cont
[WARNING DRT-0349] LEF58_ENCLOSURE with no CUTCLASS is not supported. Skipping for layer Via1
[WARNING DRT-0349] LEF58_ENCLOSURE with no CUTCLASS is not supported. Skipping for layer Via1
[WARNING DRT-0349] LEF58_ENCLOSURE with no CUTCLASS is not supported. Skipping for layer Via2
[WARNING DRT-0349] LEF58_ENCLOSURE with no CUTCLASS is not supported. Skipping for layer Via3
[WARNING DRT-0349] LEF58_ENCLOSURE with no CUTCLASS is not supported. Skipping for layer Via4
[WARNING DRT-0349] LEF58_ENCLOSURE with no CUTCLASS is not supported. Skipping for layer TopVia1
[WARNING DRT-0349] LEF58_ENCLOSURE with no CUTCLASS is not supported. Skipping for layer TopVia1
[WARNING DRT-0349] LEF58_ENCLOSURE with no CUTCLASS is not supported. Skipping for layer TopVia2
[WARNING DRT-0349] LEF58_ENCLOSURE with no CUTCLASS is not supported. Skipping for layer TopVia2

Units:                1000
Number of layers:     15
Number of macros:     84
Number of vias:       77
Number of viarulegen: 6

[INFO DRT-0150] Reading design.

Design:                   I2cDeviceCtrl
Die area:                 ( 0 0 ) ( 147840 147420 )
Number of track patterns: 14
Number of DEF vias:       0
Number of components:     589
Number of terminals:      72
Number of snets:          4
Number of nets:           642

[INFO DRT-0167] List of default vias:
  Layer Via2
    default via: Via2_YX
  Layer Via3
    default via: Via3_XY
  Layer Via4
    default via: Via4_YX
  Layer TopVia1
    default via: TopVia1EWNS
  Layer TopVia2
    default via: TopVia2EWNS
[INFO DRT-0162] Library cell analysis.
[INFO DRT-0163] Instance analysis.
[INFO DRT-0164] Number of unique instances = 434.
[INFO DRT-0168] Init region query.
[INFO DRT-0024]   Complete GatPoly.
[INFO DRT-0024]   Complete Cont.
[INFO DRT-0024]   Complete Metal1.
[INFO DRT-0024]   Complete Via1.
[INFO DRT-0024]   Complete Metal2.
[INFO DRT-0024]   Complete Via2.
[INFO DRT-0024]   Complete Metal3.
[INFO DRT-0024]   Complete Via3.
[INFO DRT-0024]   Complete Metal4.
[INFO DRT-0024]   Complete Via4.
[INFO DRT-0024]   Complete Metal5.
[INFO DRT-0024]   Complete TopVia1.
[INFO DRT-0024]   Complete TopMetal1.
[INFO DRT-0024]   Complete TopVia2.
[INFO DRT-0024]   Complete TopMetal2.
[INFO DRT-0033] GatPoly shape region query size = 0.
[INFO DRT-0033] Cont shape region query size = 0.
[INFO DRT-0033] Metal1 shape region query size = 15237.
[INFO DRT-0033] Via1 shape region query size = 180.
[INFO DRT-0033] Metal2 shape region query size = 121.
[INFO DRT-0033] Via2 shape region query size = 180.
[INFO DRT-0033] Metal3 shape region query size = 129.
[INFO DRT-0033] Via3 shape region query size = 180.
[INFO DRT-0033] Metal4 shape region query size = 84.
[INFO DRT-0033] Via4 shape region query size = 656.
[INFO DRT-0033] Metal5 shape region query size = 39.
[INFO DRT-0033] TopVia1 shape region query size = 0.
[INFO DRT-0033] TopMetal1 shape region query size = 0.
[INFO DRT-0033] TopVia2 shape region query size = 0.
[INFO DRT-0033] TopMetal2 shape region query size = 0.
[INFO DRT-0165] Start pin access.
[INFO DRT-0076]   Complete 1000 pins.
[INFO DRT-0076]   Complete 2000 pins.
[INFO DRT-0078]   Complete 2259 pins.
[INFO DRT-0079]   Complete 100 unique inst patterns.
[INFO DRT-0079]   Complete 200 unique inst patterns.
[INFO DRT-0079]   Complete 300 unique inst patterns.
[INFO DRT-0079]   Complete 400 unique inst patterns.
[INFO DRT-0081]   Complete 434 unique inst patterns.
[INFO DRT-0084]   Complete 292 groups.
#scanned instances     = 589
#unique  instances     = 434
#stdCellGenAp          = 19317
#stdCellValidPlanarAp  = 0
#stdCellValidViaAp     = 12070
#stdCellPinNoAp        = 0
#stdCellPinCnt         = 1802
#instTermValidViaApCnt = 0
#macroGenAp            = 0
#macroValidPlanarAp    = 0
#macroValidViaAp       = 0
#macroNoAp             = 0
[INFO DRT-0166] Complete pin access.
[INFO DRT-0267] cpu time = 00:01:34, elapsed time = 00:00:05, memory = 170.78 (MB), peak = 170.78 (MB)

[INFO DRT-0157] Number of guides:     3878

[INFO DRT-0169] Post process guides.
[INFO DRT-0176] GCELLGRID X 0 DO 23 STEP 6300 ;
[INFO DRT-0177] GCELLGRID Y 0 DO 23 STEP 6300 ;
[INFO DRT-0028]   Complete GatPoly.
[INFO DRT-0028]   Complete Cont.
[INFO DRT-0028]   Complete Metal1.
[INFO DRT-0028]   Complete Via1.
[INFO DRT-0028]   Complete Metal2.
[INFO DRT-0028]   Complete Via2.
[INFO DRT-0028]   Complete Metal3.
[INFO DRT-0028]   Complete Via3.
[INFO DRT-0028]   Complete Metal4.
[INFO DRT-0028]   Complete Via4.
[INFO DRT-0028]   Complete Metal5.
[INFO DRT-0028]   Complete TopVia1.
[INFO DRT-0028]   Complete TopMetal1.
[INFO DRT-0028]   Complete TopVia2.
[INFO DRT-0028]   Complete TopMetal2.
[INFO DRT-0178] Init guide query.
[INFO DRT-0035]   Complete GatPoly (guide).
[INFO DRT-0035]   Complete Cont (guide).
[INFO DRT-0035]   Complete Metal1 (guide).
[INFO DRT-0035]   Complete Via1 (guide).
[INFO DRT-0035]   Complete Metal2 (guide).
[INFO DRT-0035]   Complete Via2 (guide).
[INFO DRT-0035]   Complete Metal3 (guide).
[INFO DRT-0035]   Complete Via3 (guide).
[INFO DRT-0035]   Complete Metal4 (guide).
[INFO DRT-0035]   Complete Via4 (guide).
[INFO DRT-0035]   Complete Metal5 (guide).
[INFO DRT-0035]   Complete TopVia1 (guide).
[INFO DRT-0035]   Complete TopMetal1 (guide).
[INFO DRT-0035]   Complete TopVia2 (guide).
[INFO DRT-0035]   Complete TopMetal2 (guide).
[INFO DRT-0036] GatPoly guide region query size = 0.
[INFO DRT-0036] Cont guide region query size = 0.
[INFO DRT-0036] Metal1 guide region query size = 1486.
[INFO DRT-0036] Via1 guide region query size = 0.
[INFO DRT-0036] Metal2 guide region query size = 1187.
[INFO DRT-0036] Via2 guide region query size = 0.
[INFO DRT-0036] Metal3 guide region query size = 556.
[INFO DRT-0036] Via3 guide region query size = 0.
[INFO DRT-0036] Metal4 guide region query size = 1.
[INFO DRT-0036] Via4 guide region query size = 0.
[INFO DRT-0036] Metal5 guide region query size = 0.
[INFO DRT-0036] TopVia1 guide region query size = 0.
[INFO DRT-0036] TopMetal1 guide region query size = 0.
[INFO DRT-0036] TopVia2 guide region query size = 0.
[INFO DRT-0036] TopMetal2 guide region query size = 0.
[INFO DRT-0179] Init gr pin query.
[INFO DRT-0267] cpu time = 00:00:00, elapsed time = 00:00:00, memory = 170.78 (MB), peak = 170.78 (MB)
[INFO DRT-0245] skipped writing guide updates to database.
[INFO DRT-0185] Post process initialize RPin region query.
[INFO DRT-0181] Start track assignment.
[INFO DRT-0184] Done with 1188 vertical wires in 1 frboxes and 2042 horizontal wires in 1 frboxes.
[INFO DRT-0186] Done with 221 vertical wires in 1 frboxes and 195 horizontal wires in 1 frboxes.
[INFO DRT-0182] Complete track assignment.
[INFO DRT-0267] cpu time = 00:00:00, elapsed time = 00:00:00, memory = 176.37 (MB), peak = 176.37 (MB)
[INFO DRT-0187] Start routing data preparation.
[INFO DRT-0267] cpu time = 00:00:00, elapsed time = 00:00:00, memory = 176.37 (MB), peak = 176.37 (MB)
[INFO DRT-0194] Start detail routing.
[INFO DRT-0195] Start 0th optimization iteration.
    Completing 10% with 0 violations.
    elapsed time = 00:00:00, memory = 239.39 (MB).
    Completing 20% with 0 violations.
    elapsed time = 00:00:01, memory = 213.75 (MB).
    Completing 30% with 65 violations.
    elapsed time = 00:00:01, memory = 220.75 (MB).
    Completing 40% with 65 violations.
    elapsed time = 00:00:02, memory = 250.06 (MB).
    Completing 50% with 65 violations.
    elapsed time = 00:00:03, memory = 259.25 (MB).
    Completing 60% with 98 violations.
    elapsed time = 00:00:03, memory = 309.12 (MB).
    Completing 70% with 98 violations.
    elapsed time = 00:00:04, memory = 307.54 (MB).
    Completing 80% with 148 violations.
    elapsed time = 00:00:04, memory = 308.41 (MB).
    Completing 90% with 148 violations.
    elapsed time = 00:00:04, memory = 311.47 (MB).
    Completing 100% with 173 violations.
    elapsed time = 00:00:07, memory = 339.45 (MB).
[INFO DRT-0199]   Number of violations = 220.
Viol/Layer      Metal1 Metal2 Metal3
Metal Spacing        4    145      2
Recheck              0     38      9
Short                0     22      0
[INFO DRT-0267] cpu time = 00:00:11, elapsed time = 00:00:07, memory = 716.57 (MB), peak = 716.57 (MB)
Total wire length = 11348 um.
Total wire length on LAYER Metal1 = 0 um.
Total wire length on LAYER Metal2 = 6146 um.
Total wire length on LAYER Metal3 = 5150 um.
Total wire length on LAYER Metal4 = 51 um.
Total wire length on LAYER Metal5 = 0 um.
Total wire length on LAYER TopMetal1 = 0 um.
Total wire length on LAYER TopMetal2 = 0 um.
Total number of vias = 3130.
Up-via summary (total 3130):

------------------
   GatPoly       0
    Metal1    1810
    Metal2    1311
    Metal3       9
    Metal4       0
    Metal5       0
 TopMetal1       0
------------------
          3130


[INFO DRT-0195] Start 1st optimization iteration.
    Completing 10% with 220 violations.
    elapsed time = 00:00:00, memory = 763.17 (MB).
    Completing 20% with 220 violations.
    elapsed time = 00:00:02, memory = 748.36 (MB).
    Completing 30% with 163 violations.
    elapsed time = 00:00:02, memory = 758.20 (MB).
    Completing 40% with 163 violations.
    elapsed time = 00:00:02, memory = 759.95 (MB).
    Completing 50% with 163 violations.
    elapsed time = 00:00:03, memory = 773.95 (MB).
    Completing 60% with 119 violations.
    elapsed time = 00:00:04, memory = 822.07 (MB).
    Completing 70% with 119 violations.
    elapsed time = 00:00:06, memory = 814.03 (MB).
    Completing 80% with 123 violations.
    elapsed time = 00:00:06, memory = 511.91 (MB).
    Completing 90% with 123 violations.
    elapsed time = 00:00:06, memory = 513.66 (MB).
    Completing 100% with 85 violations.
    elapsed time = 00:00:08, memory = 513.66 (MB).
[INFO DRT-0199]   Number of violations = 85.
Viol/Layer      Metal1 Metal2 Metal3
Metal Spacing        3     50      1
Short                0     31      0
[INFO DRT-0267] cpu time = 00:00:11, elapsed time = 00:00:08, memory = 822.75 (MB), peak = 853.14 (MB)
Total wire length = 11276 um.
Total wire length on LAYER Metal1 = 0 um.
Total wire length on LAYER Metal2 = 6090 um.
Total wire length on LAYER Metal3 = 5097 um.
Total wire length on LAYER Metal4 = 87 um.
Total wire length on LAYER Metal5 = 0 um.
Total wire length on LAYER TopMetal1 = 0 um.
Total wire length on LAYER TopMetal2 = 0 um.
Total number of vias = 3123.
Up-via summary (total 3123):

------------------
   GatPoly       0
    Metal1    1811
    Metal2    1296
    Metal3      16
    Metal4       0
    Metal5       0
 TopMetal1       0
------------------
          3123


[INFO DRT-0195] Start 2nd optimization iteration.
    Completing 10% with 85 violations.
    elapsed time = 00:00:00, memory = 822.75 (MB).
    Completing 20% with 85 violations.
    elapsed time = 00:00:01, memory = 822.75 (MB).
    Completing 30% with 102 violations.
    elapsed time = 00:00:01, memory = 822.75 (MB).
    Completing 40% with 102 violations.
    elapsed time = 00:00:02, memory = 901.29 (MB).
    Completing 50% with 102 violations.
    elapsed time = 00:00:03, memory = 882.78 (MB).
    Completing 60% with 101 violations.
    elapsed time = 00:00:03, memory = 882.78 (MB).
    Completing 70% with 101 violations.
    elapsed time = 00:00:05, memory = 946.66 (MB).
    Completing 80% with 85 violations.
    elapsed time = 00:00:05, memory = 879.83 (MB).
    Completing 90% with 85 violations.
    elapsed time = 00:00:05, memory = 941.30 (MB).
    Completing 100% with 74 violations.
    elapsed time = 00:00:05, memory = 941.30 (MB).
[INFO DRT-0199]   Number of violations = 74.
Viol/Layer      Metal1 Metal2 Metal3 Metal4
Metal Spacing        2     47      3      1
Short                0     21      0      0
[INFO DRT-0267] cpu time = 00:00:09, elapsed time = 00:00:05, memory = 1008.24 (MB), peak = 1008.24 (MB)
Total wire length = 11309 um.
Total wire length on LAYER Metal1 = 0 um.
Total wire length on LAYER Metal2 = 6089 um.
Total wire length on LAYER Metal3 = 5107 um.
Total wire length on LAYER Metal4 = 112 um.
Total wire length on LAYER Metal5 = 0 um.
Total wire length on LAYER TopMetal1 = 0 um.
Total wire length on LAYER TopMetal2 = 0 um.
Total number of vias = 3126.
Up-via summary (total 3126):

------------------
   GatPoly       0
    Metal1    1810
    Metal2    1297
    Metal3      19
    Metal4       0
    Metal5       0
 TopMetal1       0
------------------
          3126


[INFO DRT-0195] Start 3rd guides tiles iteration.
    Completing 10% with 74 violations.
    elapsed time = 00:00:20, memory = 1008.24 (MB).
    Completing 20% with 2 violations.
    elapsed time = 00:00:20, memory = 1008.24 (MB).
    Completing 30% with 2 violations.
    elapsed time = 00:00:20, memory = 1008.24 (MB).
    Completing 40% with 2 violations.
    elapsed time = 00:00:20, memory = 1008.24 (MB).
    Completing 50% with 2 violations.
    elapsed time = 00:00:20, memory = 1008.24 (MB).
    Completing 60% with 2 violations.
    elapsed time = 00:00:20, memory = 1011.96 (MB).
    Completing 70% with 0 violations.
    elapsed time = 00:00:20, memory = 1011.96 (MB).
    Completing 80% with 0 violations.
    elapsed time = 00:00:20, memory = 1011.96 (MB).
    Completing 90% with 0 violations.
    elapsed time = 00:00:20, memory = 1011.96 (MB).
    Completing 100% with 0 violations.
    elapsed time = 00:00:20, memory = 1011.96 (MB).
[INFO DRT-0199]   Number of violations = 0.
[INFO DRT-0267] cpu time = 00:00:21, elapsed time = 00:00:20, memory = 1014.80 (MB), peak = 1107.99 (MB)
Total wire length = 11253 um.
Total wire length on LAYER Metal1 = 0 um.
Total wire length on LAYER Metal2 = 5709 um.
Total wire length on LAYER Metal3 = 5132 um.
Total wire length on LAYER Metal4 = 411 um.
Total wire length on LAYER Metal5 = 0 um.
Total wire length on LAYER TopMetal1 = 0 um.
Total wire length on LAYER TopMetal2 = 0 um.
Total number of vias = 3171.
Up-via summary (total 3171):

------------------
   GatPoly       0
    Metal1    1809
    Metal2    1301
    Metal3      61
    Metal4       0
    Metal5       0
 TopMetal1       0
------------------
          3171


[INFO DRT-0198] Complete detail routing.
Total wire length = 11253 um.
Total wire length on LAYER Metal1 = 0 um.
Total wire length on LAYER Metal2 = 5709 um.
Total wire length on LAYER Metal3 = 5132 um.
Total wire length on LAYER Metal4 = 411 um.
Total wire length on LAYER Metal5 = 0 um.
Total wire length on LAYER TopMetal1 = 0 um.
Total wire length on LAYER TopMetal2 = 0 um.
Total number of vias = 3171.
Up-via summary (total 3171):

------------------
   GatPoly       0
    Metal1    1809
    Metal2    1301
    Metal3      61
    Metal4       0
    Metal5       0
 TopMetal1       0
------------------
          3171


[INFO DRT-0267] cpu time = 00:00:54, elapsed time = 00:00:42, memory = 1015.02 (MB), peak = 1107.99 (MB)

[INFO DRT-0180] Post processing.
Took 48 seconds: detailed_route -output_drc ./reports/ihp-sg13g2/i2c-gpio-expander_I2cDeviceCtrl/base/5_route_drc.rpt -output_maze ./results/ihp-sg13g2/i2c-gpio-expander_I2cDeviceCtrl/base/maze.log -droute_end_iter 64 -verbose 1 -drc_report_iter_step 5
[INFO GRT-0012] Found 0 antenna violations.
[INFO ANT-0002] Found 0 net violations.
[INFO ANT-0001] Found 0 pin violations.
[INFO ANT-0002] Found 0 net violations.
[INFO ANT-0001] Found 0 pin violations.
write_db ./results/ihp-sg13g2/i2c-gpio-expander_I2cDeviceCtrl/base/5_2_route.odb
Elapsed time: 0:48.42[h:]min:sec. CPU time: user 149.67 sys 0.49 (310%). Peak memory: 1134580KB.
Log                        Elapsed/s Peak Memory/MB  sha1sum .odb [0:20)
5_2_route                         48           1107 c37025e9821b3afb92a6
