OpenROAD 6975124cf258e3be0db86bd2e59246b7f0e9f0c7 
Features included (+) or not (-): +GPU +GUI +Python
This program is licensed under the BSD-3 license. See the LICENSE file for details.
Components of this program may be licensed under more restrictive licenses which must be honored.
[INFO ORD-0030] Using 28 thread(s).
read_liberty -corner slow /home/nanocoh/dev/ORFS-K/OpenROAD-flow-scripts-KF/flow/platforms/ihp-sg13g2/lib/sg13g2_stdcell_slow_1p08V_125C.lib
read_liberty -corner slow ./results/ihp-sg13g2/i2c-gpio-expander_I2cDeviceCtrl/base/I2cDeviceCtrl_slow.lib
read_liberty -corner slow /home/nanocoh/dev/ORFS-K/OpenROAD-flow-scripts-KF/flow/platforms/ihp-sg13g2/lib/sg13g2_io_slow_1p08V_3p0V_125C.lib
read_liberty -corner fast /home/nanocoh/dev/ORFS-K/OpenROAD-flow-scripts-KF/flow/platforms/ihp-sg13g2/lib/sg13g2_stdcell_fast_1p32V_m40C.lib
read_liberty -corner fast ./results/ihp-sg13g2/i2c-gpio-expander_I2cDeviceCtrl/base/I2cDeviceCtrl_fast.lib
[WARNING STA-1140] ./results/ihp-sg13g2/i2c-gpio-expander_I2cDeviceCtrl/base/I2cDeviceCtrl_fast.lib line 1, library I2cDeviceCtrl already exists.
read_liberty -corner fast /home/nanocoh/dev/ORFS-K/OpenROAD-flow-scripts-KF/flow/platforms/ihp-sg13g2/lib/sg13g2_io_fast_1p32V_3p6V_m40C.lib
read_db ./results/ihp-sg13g2/i2c-gpio-expander/base/3_2_place_iop.odb
source /home/nanocoh/dev/ORFS-K/OpenROAD-flow-scripts-KF/flow/platforms/ihp-sg13g2/setRC.tcl
[INFO RSZ-0026] Removed 55 buffers.
Perform port buffering...
[INFO RSZ-0027] Inserted 0 sg13g2_buf_1 input buffers.
[INFO RSZ-0028] Inserted 0 sg13g2_buf_1 output buffers.
global_placement -density 0.75 -pad_left 0 -pad_right 0 -routability_driven -timing_driven -force_center_initial_place -min_phi_coef 0.95 -max_phi_coef 1.05
[INFO GPL-0001] ---- Initialize GPL Main Data Structures
[INFO GPL-0002] DBU: 1000
[INFO GPL-0003] SiteSize: (  0.480  3.780 ) um
[INFO GPL-0004] CoreBBox: ( 351.360 351.540 ) ( 699.840 699.300 ) um
[INFO GPL-0036] Movable instances area:      11922.422 um^2
[INFO GPL-0037] Total instances area:        34348.406 um^2
[INFO GPL-0035] Pin density area adjust:      1322.098 um^2
[INFO GPL-0032] ---- Initialize Region: Top-level
[INFO GPL-0006] Number of instances:               897
[INFO GPL-0007] Movable instances:                 806
[INFO GPL-0008] Fixed instances:                     1
[INFO GPL-0009] Dummy instances:                    90
[INFO GPL-0010] Number of nets:                    852
[INFO GPL-0011] Number of pins:                   2692
[INFO GPL-0012] Die BBox:  (  0.000  0.000 ) ( 1050.240 1050.840 ) um
[INFO GPL-0013] Core BBox: ( 351.360 351.540 ) ( 699.840 699.300 ) um
[INFO GPL-0016] Core area:                  121187.405 um^2
[INFO GPL-0014] Region name: top-level.
[INFO GPL-0015] Region area:                121187.405 um^2
[INFO GPL-0017] Fixed instances area:        35652.960 um^2
[INFO GPL-0018] Movable instances area:      13244.520 um^2
[INFO GPL-0019] Utilization:                    15.484 %
[INFO GPL-0020] Standard cells area:         13244.520 um^2
[INFO GPL-0021] Large instances area:            0.000 um^2
[INFO GPL-0005] ---- Execute Conjugate Gradient Initial Placement.
[INFO GPL-0051] Source of initial instance position counters:
	Odb location = 0	Core center = 806	Region center = 0
[InitialPlace]  Iter: 1 conjugate gradient residual: 0.00002410 HPWL: 58282840
[InitialPlace]  Iter: 2 conjugate gradient residual: 0.00000011 HPWL: 51869638
[InitialPlace]  Iter: 3 conjugate gradient residual: 0.00000010 HPWL: 51706792
[InitialPlace]  Iter: 4 conjugate gradient residual: 0.00000007 HPWL: 51659480
[InitialPlace]  Iter: 5 conjugate gradient residual: 0.00000007 HPWL: 51629686
[INFO GPL-0033] ---- Initialize Nesterov Region: Top-level
[INFO GPL-0023] Placement target density:       0.7500
[INFO GPL-0024] Movable insts average area:     16.432 um^2
[INFO GPL-0025] Ideal bin area:                 21.910 um^2
[INFO GPL-0026] Ideal bin count:                  5531
[INFO GPL-0027] Total bin area:             121187.405 um^2
[INFO GPL-0028] Bin count (X, Y):          64 ,     64
[INFO GPL-0029] Bin size (W * H):       5.445 *  5.434 um
[INFO GPL-0030] Number of bins:                   4096
[INFO GPL-0007] ---- Execute Nesterov Global Placement.
[INFO GPL-0031] HPWL: Half-Perimeter Wirelength
Iteration | Overflow |     HPWL (um) |  HPWL(%) |   Penalty | Group
---------------------------------------------------------------
        0 |   0.9744 |  1.763231e+04 |   +0.00% |  3.58e-15 |      
       10 |   0.8481 |  2.194544e+04 |  +24.46% |  5.83e-15 |      
       20 |   0.8022 |  2.197609e+04 |   +0.14% |  9.50e-15 |      
       30 |   0.7841 |  2.174192e+04 |   -1.07% |  1.55e-14 |      
       40 |   0.7677 |  2.165413e+04 |   -0.40% |  2.52e-14 |      
       50 |   0.7538 |  2.154160e+04 |   -0.52% |  4.11e-14 |      
       60 |   0.7584 |  2.151870e+04 |   -0.11% |  6.69e-14 |      
       70 |   0.7657 |  2.157921e+04 |   +0.28% |  1.09e-13 |      
       80 |   0.7686 |  2.156624e+04 |   -0.06% |  1.77e-13 |      
       90 |   0.7713 |  2.154475e+04 |   -0.10% |  2.89e-13 |      
      100 |   0.7679 |  2.156802e+04 |   +0.11% |  4.71e-13 |      
      110 |   0.7681 |  2.157623e+04 |   +0.04% |  7.67e-13 |      
      120 |   0.7661 |  2.160332e+04 |   +0.13% |  1.25e-12 |      
      130 |   0.7645 |  2.161810e+04 |   +0.07% |  2.03e-12 |      
      140 |   0.7645 |  2.167665e+04 |   +0.27% |  3.31e-12 |      
      150 |   0.7646 |  2.180695e+04 |   +0.60% |  5.40e-12 |      
      160 |   0.7619 |  2.201363e+04 |   +0.95% |  8.79e-12 |      
      170 |   0.7536 |  2.229287e+04 |   +1.27% |  1.43e-11 |      
      180 |   0.7441 |  2.256323e+04 |   +1.21% |  2.33e-11 |      
      190 |   0.7312 |  2.272340e+04 |   +0.71% |  3.80e-11 |      
      200 |   0.7223 |  2.259222e+04 |   -0.58% |  6.19e-11 |      
      210 |   0.7059 |  2.293257e+04 |   +1.51% |  1.01e-10 |      
      220 |   0.6881 |  2.350183e+04 |   +2.48% |  1.64e-10 |      
      230 |   0.6624 |  2.310872e+04 |   -1.67% |  2.67e-10 |      
[INFO GPL-0100] Timing-driven iteration 1/2, virtual: false.
[INFO GPL-0101]    Iter: 240, overflow: 0.634, keep resizer changes at: 1, HPWL: 23142344
Iteration |   Area    | Resized | Buffers | Nets repaired | Remaining
---------------------------------------------------------------------
        0 |     +0.0% |       0 |       0 |             0 |       863
    final |     +1.3% |       0 |      62 |            29 |         0
---------------------------------------------------------------------
[INFO RSZ-0035] Found 29 fanout violations.
[INFO RSZ-0038] Inserted 62 buffers in 29 nets.
   Iter   |    Area   | Removed | Inserted |   Pins
          |           | Buffers | Buffers  | Remaining
-------------------------------------------------------
        0 |     +0.0% |       0 |        0 |       675
       67 |     +0.0% |       0 |        0 |       608
      134 |     +0.0% |       0 |        0 |       541
      201 |     +0.0% |       0 |        0 |       474
      268 |     +0.0% |       0 |        0 |       407
      335 |     +0.0% |       0 |        0 |       340
      402 |     -0.0% |      15 |       15 |       273
      469 |     -0.0% |      17 |       17 |       206
      536 |     -0.1% |      32 |       28 |       139
      603 |     -0.1% |      38 |       33 |        72
      670 |     -0.2% |      62 |       54 |         5
    final |     -0.2% |      62 |       54 |         0
-------------------------------------------------------
[INFO GPL-0106] Timing-driven: worst slack 7.93e-09
[INFO GPL-0107] Timing-driven: repair_design delta area: 391.910 um^2 (+2.96%)
[INFO GPL-0108] Timing-driven: repair_design, gpl delta gcells: 54 (+6.70%)
[INFO GPL-0109] Timing-driven: repair_design, gcells created: 116, deleted: 62
[INFO GPL-0110] Timing-driven: new target density: 0.75458187
Iteration | Overflow |     HPWL (um) |  HPWL(%) |   Penalty | Group
---------------------------------------------------------------
      240 |   0.6382 |  2.381223e+04 |   +3.04% |  4.36e-10 |      
[INFO GPL-0038] Routability snapshot saved at iter = 248
      247 |   0.5918 |  2.385682e+04 |          |           |      
      250 |   0.5733 |  2.384011e+04 |   +0.12% |  7.10e-10 |      
      260 |   0.5689 |  2.404570e+04 |   +0.86% |  1.16e-09 |      
      270 |   0.5219 |  2.392574e+04 |   -0.50% |  1.88e-09 |      
      280 |   0.4729 |  2.415440e+04 |   +0.96% |  3.07e-09 |      
      290 |   0.4208 |  2.424844e+04 |   +0.39% |  4.99e-09 |      
      300 |   0.3729 |  2.457230e+04 |   +1.34% |  8.14e-09 |      
      310 |   0.3263 |  2.485122e+04 |   +1.14% |  1.27e-08 |      
[INFO GPL-0040] Routability iteration: 1
[INFO GPL-0041] Total routing overflow: 0.6762
[INFO GPL-0042] Number of overflowed tiles: 95 (0.34%)
[INFO GPL-0043] Average top 0.5% routing congestion: 1.0049
[INFO GPL-0044] Average top 1.0% routing congestion: 1.0024
[INFO GPL-0045] Average top 2.0% routing congestion: 1.0012
[INFO GPL-0046] Average top 5.0% routing congestion: 1.0005
[INFO GPL-0047] Routability iteration weighted routing congestion: 1.0037
[INFO GPL-0050] Weighted routing congestion is lower than target routing congestion(1.0100), end routability optimization.
[INFO GPL-0090] Routability finished. Target routing congestion achieved succesfully.
Iteration | Overflow |     HPWL (um) |  HPWL(%) |   Penalty | Group
---------------------------------------------------------------
      320 |   0.2834 |  2.504443e+04 |   +0.78% |  1.88e-08 |      
      330 |   0.2547 |  2.520166e+04 |   +0.63% |  2.76e-08 |      
      340 |   0.2266 |  2.535674e+04 |   +0.62% |  4.07e-08 |      
      350 |   0.1964 |  2.546223e+04 |   +0.42% |  5.99e-08 |      
[INFO GPL-0100] Timing-driven iteration 2/2, virtual: false.
[INFO GPL-0101]    Iter: 352, overflow: 0.195, keep resizer changes at: 1, HPWL: 25464515
Iteration |   Area    | Resized | Buffers | Nets repaired | Remaining
---------------------------------------------------------------------
        0 |     +0.0% |       0 |       0 |             0 |       917
    final |     +0.0% |       0 |       0 |             0 |         0
---------------------------------------------------------------------
   Iter   |    Area   | Removed | Inserted |   Pins
          |           | Buffers | Buffers  | Remaining
-------------------------------------------------------
        0 |     +0.0% |       0 |        0 |       675
       67 |     +0.0% |       0 |        0 |       608
      134 |     +0.0% |       0 |        0 |       541
      201 |     +0.0% |       0 |        0 |       474
      268 |     +0.0% |       0 |        0 |       407
      335 |     +0.0% |       0 |        0 |       340
      402 |     +0.0% |      15 |       15 |       273
      469 |     +0.0% |      17 |       17 |       206
      536 |     -0.0% |      28 |       27 |       139
      603 |     -0.0% |      33 |       32 |        72
      670 |     +0.0% |      54 |       54 |         5
    final |     +0.0% |      54 |       54 |         0
-------------------------------------------------------
[INFO GPL-0106] Timing-driven: worst slack 7.93e-09
[INFO GPL-0107] Timing-driven: repair_design delta area: 0.000 um^2 (+0.00%)
[INFO GPL-0108] Timing-driven: repair_design, gpl delta gcells: 0 (+0.00%)
[INFO GPL-0109] Timing-driven: repair_design, gcells created: 54, deleted: 54
[INFO GPL-0110] Timing-driven: new target density: 0.75458187
Iteration | Overflow |     HPWL (um) |  HPWL(%) |   Penalty | Group
---------------------------------------------------------------
      360 |   0.1834 |  2.567995e+04 |   +0.86% |  8.83e-08 |      
      370 |   0.1599 |  2.560469e+04 |   -0.29% |  1.30e-07 |      
      380 |   0.1421 |  2.559483e+04 |   -0.04% |  1.92e-07 |      
      390 |   0.1235 |  2.564264e+04 |   +0.19% |  2.82e-07 |      
      400 |   0.1096 |  2.572871e+04 |   +0.34% |  4.16e-07 |      
      407 |   0.0982 |  2.588644e+04 |          |  5.67e-07 |      
---------------------------------------------------------------
[INFO GPL-1001] Global placement finished at iteration 407
[INFO GPL-1003] Routability mode iteration count: 69
[INFO GPL-1005] Routability final weighted congestion: 1.0035
[INFO GPL-1002] Placed Cell Area            13636.4304
[INFO GPL-1003] Available Free Area         85534.4448
[INFO GPL-1004] Minimum Feasible Density        0.1600 (cell_area / free_area)
[INFO GPL-1006]   Suggested Target Densities:
[INFO GPL-1007]     - For 90% usage of free space: 0.1771
[INFO GPL-1008]     - For 80% usage of free space: 0.1993
[INFO GPL-1009]     - For 50% usage of free space: 0.3189
[INFO GPL-1011] Original area (um^2): 13244.52
[INFO GPL-1012] Total routability artificial inflation: 0.00 (+0.00%)
[INFO GPL-1013] Total timing-driven delta area: 391.91 (+2.96%)
[INFO GPL-1014] Final placement area: 13636.43 (+2.96%)
estimate_parasitics -placement
Report metrics stage 3, global place...

==========================================================================
global place report_design_area
--------------------------------------------------------------------------
Design area 34109 um^2 28% utilization.
write_db ./results/ihp-sg13g2/i2c-gpio-expander/base/3_3_place_gp.odb
Elapsed time: 0:01.25[h:]min:sec. CPU time: user 12.94 sys 0.49 (1069%). Peak memory: 248376KB.
Log                        Elapsed/s Peak Memory/MB  sha1sum .odb [0:20)
3_3_place_gp                       1            242 d85671a7efadd7ccba8a
