OpenROAD 701085d1e57df45a6aee387c04309628e0233ba8 
Features included (+) or not (-): +GPU +GUI +Python
This program is licensed under the BSD-3 license. See the LICENSE file for details.
Components of this program may be licensed under more restrictive licenses which must be honored.
[INFO ORD-0030] Using 28 thread(s).
read_liberty /home/nanocoh/dev/ORFS-K/try/OpenROAD-flow-scripts-KF/flow/platforms/sky130hd/lib/sky130_fd_sc_hd__tt_025C_1v80.lib
read_db ./results/sky130hd/gcd/base/1_synth.odb
source /home/nanocoh/dev/ORFS-K/try/OpenROAD-flow-scripts-KF/flow/platforms/sky130hd/setRC.tcl
Master sky130_ef_sc_hd__decap_12 is loaded but not used in the design

==========================================================================
Floorplan check_setup
--------------------------------------------------------------------------
number instances in verilog is 242
[WARNING IFP-0028] Core area lower left (1.000, 1.000) snapped to (1.380, 2.720).
[INFO IFP-0001] Added 27 rows of 167 site unithd.
source /home/nanocoh/dev/ORFS-K/try/OpenROAD-flow-scripts-KF/flow/platforms/sky130hd/make_tracks.tcl
source /home/nanocoh/dev/ORFS-K/try/OpenROAD-flow-scripts-KF/flow/platforms/sky130hd/fastroute.tcl
Repair tie lo fanout...
Repair tie hi fanout...
repair_timing -setup_margin 0 -hold_margin 0 -repair_tns 100 -match_cell_footprint -setup -skip_last_gasp -sequence unbuffer,sizeup,swap,buffer,vt_swap -verbose
[WARNING EST-0027] no estimated parasitics. Using wire load models.
[INFO RSZ-0100] Repair move sequence: UnbufferMove SizeUpMove SwapPinsMove BufferMove 
[INFO RSZ-0094] Found 55 endpoints with setup violations.
[INFO RSZ-0099] Repairing 55 out of 55 (100.00%) violating endpoints...
   Iter   | Removed | Resized | Inserted | Cloned |  Pin  |   Area   |    WNS   |   TNS      |  Viol  | Worst
          | Buffers |  Gates  | Buffers  |  Gates | Swaps |          |          |            | Endpts | Endpt
--------------------------------------------------------------------------------------------------------------
        0 |       0 |       0 |        0 |      0 |     0 |    +0.0% |   -2.376 |      -88.7 |     55 | dpath.b_reg.out[0]$_DFFE_PP_/DE
[WARNING RSZ-0075] makeBufferedNet failed for driver _271_/Y
[WARNING RSZ-0075] makeBufferedNet failed for driver _271_/Y
[WARNING RSZ-0075] makeBufferedNet failed for driver _271_/Y
[WARNING RSZ-0075] makeBufferedNet failed for driver _274_/Y
[WARNING RSZ-0075] makeBufferedNet failed for driver _271_/Y
[WARNING RSZ-0075] makeBufferedNet failed for driver _274_/Y
[WARNING RSZ-0075] makeBufferedNet failed for driver _254_/Y
[WARNING RSZ-0075] makeBufferedNet failed for driver _271_/Y
[WARNING RSZ-0075] makeBufferedNet failed for driver _274_/Y
[WARNING RSZ-0075] makeBufferedNet failed for driver _254_/Y
[WARNING RSZ-0075] makeBufferedNet failed for driver _187_/Y
[WARNING RSZ-0075] makeBufferedNet failed for driver dpath.b_reg.out\[0\]$_DFFE_PP_/Q
[WARNING RSZ-0075] makeBufferedNet failed for driver _271_/Y
[WARNING RSZ-0075] makeBufferedNet failed for driver _274_/Y
[WARNING RSZ-0075] makeBufferedNet failed for driver _254_/Y
[WARNING RSZ-0075] makeBufferedNet failed for driver _187_/Y
[WARNING RSZ-0075] makeBufferedNet failed for driver dpath.b_reg.out\[0\]$_DFFE_PP_/Q
[WARNING RSZ-0075] makeBufferedNet failed for driver _277_/X
[WARNING RSZ-0075] makeBufferedNet failed for driver _275_/X
       10 |       0 |       4 |        0 |      0 |     5 |    +1.0% |   -2.081 |      -81.5 |     55 | dpath.b_reg.out[0]$_DFFE_PP_/DE
[WARNING RSZ-0075] makeBufferedNet failed for driver _254_/Y
[WARNING RSZ-0075] makeBufferedNet failed for driver _271_/Y
[WARNING RSZ-0075] makeBufferedNet failed for driver _274_/Y
[WARNING RSZ-0075] makeBufferedNet failed for driver _187_/Y
[WARNING RSZ-0075] makeBufferedNet failed for driver dpath.b_reg.out\[0\]$_DFFE_PP_/Q
[WARNING RSZ-0075] makeBufferedNet failed for driver _277_/X
[WARNING RSZ-0075] makeBufferedNet failed for driver _275_/X
[WARNING RSZ-0075] makeBufferedNet failed for driver _254_/Y
[WARNING RSZ-0075] makeBufferedNet failed for driver _271_/Y
[WARNING RSZ-0075] makeBufferedNet failed for driver _274_/Y
[WARNING RSZ-0075] makeBufferedNet failed for driver _187_/Y
[WARNING RSZ-0075] makeBufferedNet failed for driver dpath.b_reg.out\[0\]$_DFFE_PP_/Q
[WARNING RSZ-0075] makeBufferedNet failed for driver _277_/X
[WARNING RSZ-0075] makeBufferedNet failed for driver _275_/X
[WARNING RSZ-0075] makeBufferedNet failed for driver _254_/Y
[WARNING RSZ-0075] makeBufferedNet failed for driver _271_/Y
[WARNING RSZ-0075] makeBufferedNet failed for driver _274_/Y
[WARNING RSZ-0075] makeBufferedNet failed for driver _187_/Y
[WARNING RSZ-0075] makeBufferedNet failed for driver dpath.b_reg.out\[0\]$_DFFE_PP_/Q
[WARNING RSZ-0075] makeBufferedNet failed for driver _277_/X
[WARNING RSZ-0075] makeBufferedNet failed for driver _275_/X
[WARNING RSZ-0075] makeBufferedNet failed for driver _207_/Y
[WARNING RSZ-0075] makeBufferedNet failed for driver _174_/Y
[WARNING RSZ-0075] makeBufferedNet failed for driver _254_/Y
[WARNING RSZ-0075] makeBufferedNet failed for driver _271_/Y
[WARNING RSZ-0075] makeBufferedNet failed for driver _274_/Y
[WARNING RSZ-0075] makeBufferedNet failed for driver _187_/Y
[WARNING RSZ-0075] makeBufferedNet failed for driver dpath.b_reg.out\[0\]$_DFFE_PP_/Q
[WARNING RSZ-0075] makeBufferedNet failed for driver _277_/X
[WARNING RSZ-0075] makeBufferedNet failed for driver _275_/X
[WARNING RSZ-0075] makeBufferedNet failed for driver _207_/Y
[WARNING RSZ-0075] makeBufferedNet failed for driver _174_/Y
[WARNING RSZ-0075] makeBufferedNet failed for driver _185_/X
[WARNING RSZ-0075] makeBufferedNet failed for driver _260_/Y
[WARNING RSZ-0075] makeBufferedNet failed for driver _254_/Y
[WARNING RSZ-0075] makeBufferedNet failed for driver _271_/Y
[WARNING RSZ-0075] makeBufferedNet failed for driver _274_/Y
[WARNING RSZ-0075] makeBufferedNet failed for driver _187_/Y
[WARNING RSZ-0075] makeBufferedNet failed for driver dpath.b_reg.out\[0\]$_DFFE_PP_/Q
[WARNING RSZ-0075] makeBufferedNet failed for driver _277_/X
[WARNING RSZ-0075] makeBufferedNet failed for driver _275_/X
[WARNING RSZ-0075] makeBufferedNet failed for driver _207_/Y
[WARNING RSZ-0075] makeBufferedNet failed for driver _185_/X
[WARNING RSZ-0075] makeBufferedNet failed for driver _174_/Y
[WARNING RSZ-0075] makeBufferedNet failed for driver _178_/X
[WARNING RSZ-0075] makeBufferedNet failed for driver _260_/Y
       14 |       0 |       4 |        0 |      0 |     9 |    +1.0% |   -2.041 |      -79.9 |     55 | dpath.b_reg.out[0]$_DFFE_PP_/DE
[WARNING RSZ-0075] makeBufferedNet failed for driver _254_/Y
[WARNING RSZ-0075] makeBufferedNet failed for driver _271_/Y
[WARNING RSZ-0075] makeBufferedNet failed for driver _274_/Y
[WARNING RSZ-0075] makeBufferedNet failed for driver _187_/Y
[WARNING RSZ-0075] makeBufferedNet failed for driver dpath.b_reg.out\[0\]$_DFFE_PP_/Q
[WARNING RSZ-0075] makeBufferedNet failed for driver _277_/X
[WARNING RSZ-0075] makeBufferedNet failed for driver _275_/X
[WARNING RSZ-0075] makeBufferedNet failed for driver _207_/Y
[WARNING RSZ-0075] makeBufferedNet failed for driver _185_/X
[WARNING RSZ-0075] makeBufferedNet failed for driver _174_/Y
[WARNING RSZ-0075] makeBufferedNet failed for driver _178_/X
[WARNING RSZ-0075] makeBufferedNet failed for driver _260_/Y
       15 |       0 |       4 |        0 |      0 |     9 |    +1.0% |   -2.041 |      -79.9 |     55 | dpath.b_reg.out[0]$_DFFE_PP_/DE
[WARNING RSZ-0075] makeBufferedNet failed for driver _254_/Y
[WARNING RSZ-0075] makeBufferedNet failed for driver _271_/Y
[WARNING RSZ-0075] makeBufferedNet failed for driver _274_/Y
[WARNING RSZ-0075] makeBufferedNet failed for driver _187_/Y
[WARNING RSZ-0075] makeBufferedNet failed for driver dpath.b_reg.out\[0\]$_DFFE_PP_/Q
[WARNING RSZ-0075] makeBufferedNet failed for driver _277_/X
[WARNING RSZ-0075] makeBufferedNet failed for driver _275_/X
[WARNING RSZ-0075] makeBufferedNet failed for driver _207_/Y
[WARNING RSZ-0075] makeBufferedNet failed for driver _185_/X
[WARNING RSZ-0075] makeBufferedNet failed for driver _174_/Y
[WARNING RSZ-0075] makeBufferedNet failed for driver _178_/X
[WARNING RSZ-0075] makeBufferedNet failed for driver _260_/Y
       16 |       0 |       4 |        0 |      0 |     9 |    +1.0% |   -2.041 |      -79.9 |     55 | dpath.b_reg.out[0]$_DFFE_PP_/DE
[WARNING RSZ-0075] makeBufferedNet failed for driver _254_/Y
[WARNING RSZ-0075] makeBufferedNet failed for driver _271_/Y
[WARNING RSZ-0075] makeBufferedNet failed for driver _274_/Y
[WARNING RSZ-0075] makeBufferedNet failed for driver _187_/Y
[WARNING RSZ-0075] makeBufferedNet failed for driver dpath.b_reg.out\[0\]$_DFFE_PP_/Q
[WARNING RSZ-0075] makeBufferedNet failed for driver _277_/X
[WARNING RSZ-0075] makeBufferedNet failed for driver _275_/X
[WARNING RSZ-0075] makeBufferedNet failed for driver _207_/Y
[WARNING RSZ-0075] makeBufferedNet failed for driver _185_/X
[WARNING RSZ-0075] makeBufferedNet failed for driver _174_/Y
[WARNING RSZ-0075] makeBufferedNet failed for driver _178_/X
[WARNING RSZ-0075] makeBufferedNet failed for driver _260_/Y
       17 |       0 |       4 |        0 |      0 |     9 |    +1.0% |   -2.041 |      -79.9 |     55 | dpath.b_reg.out[0]$_DFFE_PP_/DE
[WARNING RSZ-0075] makeBufferedNet failed for driver _254_/Y
[WARNING RSZ-0075] makeBufferedNet failed for driver _271_/Y
[WARNING RSZ-0075] makeBufferedNet failed for driver _274_/Y
[WARNING RSZ-0075] makeBufferedNet failed for driver _187_/Y
[WARNING RSZ-0075] makeBufferedNet failed for driver dpath.b_reg.out\[0\]$_DFFE_PP_/Q
[WARNING RSZ-0075] makeBufferedNet failed for driver _277_/X
[WARNING RSZ-0075] makeBufferedNet failed for driver _275_/X
[WARNING RSZ-0075] makeBufferedNet failed for driver _207_/Y
[WARNING RSZ-0075] makeBufferedNet failed for driver _185_/X
[WARNING RSZ-0075] makeBufferedNet failed for driver _174_/Y
[WARNING RSZ-0075] makeBufferedNet failed for driver _178_/X
[WARNING RSZ-0075] makeBufferedNet failed for driver _260_/Y
       18 |       0 |       4 |        0 |      0 |     9 |    +1.0% |   -2.041 |      -79.9 |     55 | dpath.b_reg.out[0]$_DFFE_PP_/DE
[WARNING RSZ-0075] makeBufferedNet failed for driver _254_/Y
[WARNING RSZ-0075] makeBufferedNet failed for driver _271_/Y
[WARNING RSZ-0075] makeBufferedNet failed for driver _274_/Y
[WARNING RSZ-0075] makeBufferedNet failed for driver _187_/Y
[WARNING RSZ-0075] makeBufferedNet failed for driver dpath.b_reg.out\[0\]$_DFFE_PP_/Q
[WARNING RSZ-0075] makeBufferedNet failed for driver _277_/X
[WARNING RSZ-0075] makeBufferedNet failed for driver _275_/X
[WARNING RSZ-0075] makeBufferedNet failed for driver _207_/Y
[WARNING RSZ-0075] makeBufferedNet failed for driver _185_/X
[WARNING RSZ-0075] makeBufferedNet failed for driver _174_/Y
[WARNING RSZ-0075] makeBufferedNet failed for driver _178_/X
[WARNING RSZ-0075] makeBufferedNet failed for driver _260_/Y
       19 |       0 |       4 |        0 |      0 |     9 |    +1.0% |   -2.041 |      -79.9 |     55 | dpath.b_reg.out[0]$_DFFE_PP_/DE
       20 |       0 |       4 |        0 |      0 |     9 |    +1.0% |   -2.041 |      -79.9 |     55 | dpath.b_reg.out[0]$_DFFE_PP_/DE
[WARNING RSZ-0075] makeBufferedNet failed for driver _254_/Y
[WARNING RSZ-0075] makeBufferedNet failed for driver _271_/Y
[WARNING RSZ-0075] makeBufferedNet failed for driver _274_/Y
[WARNING RSZ-0075] makeBufferedNet failed for driver _187_/Y
[WARNING RSZ-0075] makeBufferedNet failed for driver dpath.b_reg.out\[0\]$_DFFE_PP_/Q
[WARNING RSZ-0075] makeBufferedNet failed for driver _277_/X
[WARNING RSZ-0075] makeBufferedNet failed for driver _275_/X
[WARNING RSZ-0075] makeBufferedNet failed for driver _207_/Y
[WARNING RSZ-0075] makeBufferedNet failed for driver _185_/X
[WARNING RSZ-0075] makeBufferedNet failed for driver _174_/Y
[WARNING RSZ-0075] makeBufferedNet failed for driver _178_/X
[WARNING RSZ-0075] makeBufferedNet failed for driver _260_/Y
       20 |       0 |       4 |        0 |      0 |     9 |    +1.0% |   -2.041 |      -79.9 |     55 | dpath.b_reg.out[0]$_DFFE_PP_/DE
[WARNING RSZ-0075] makeBufferedNet failed for driver _254_/Y
[WARNING RSZ-0075] makeBufferedNet failed for driver _271_/Y
[WARNING RSZ-0075] makeBufferedNet failed for driver _274_/Y
[WARNING RSZ-0075] makeBufferedNet failed for driver _187_/Y
[WARNING RSZ-0075] makeBufferedNet failed for driver dpath.b_reg.out\[0\]$_DFFE_PP_/Q
[WARNING RSZ-0075] makeBufferedNet failed for driver _277_/X
[WARNING RSZ-0075] makeBufferedNet failed for driver _275_/X
[WARNING RSZ-0075] makeBufferedNet failed for driver _207_/Y
[WARNING RSZ-0075] makeBufferedNet failed for driver _185_/X
[WARNING RSZ-0075] makeBufferedNet failed for driver _174_/Y
[WARNING RSZ-0075] makeBufferedNet failed for driver _178_/X
[WARNING RSZ-0075] makeBufferedNet failed for driver _260_/Y
       21 |       0 |       4 |        0 |      0 |     9 |    +1.0% |   -2.041 |      -79.9 |     55 | dpath.b_reg.out[0]$_DFFE_PP_/DE
[WARNING RSZ-0075] makeBufferedNet failed for driver _254_/Y
[WARNING RSZ-0075] makeBufferedNet failed for driver _271_/Y
[WARNING RSZ-0075] makeBufferedNet failed for driver _274_/Y
[WARNING RSZ-0075] makeBufferedNet failed for driver _187_/Y
[WARNING RSZ-0075] makeBufferedNet failed for driver dpath.b_reg.out\[0\]$_DFFE_PP_/Q
[WARNING RSZ-0075] makeBufferedNet failed for driver _277_/X
[WARNING RSZ-0075] makeBufferedNet failed for driver _275_/X
[WARNING RSZ-0075] makeBufferedNet failed for driver _207_/Y
[WARNING RSZ-0075] makeBufferedNet failed for driver _185_/X
[WARNING RSZ-0075] makeBufferedNet failed for driver _174_/Y
[WARNING RSZ-0075] makeBufferedNet failed for driver _178_/X
[WARNING RSZ-0075] makeBufferedNet failed for driver _260_/Y
       22 |       0 |       4 |        0 |      0 |     9 |    +1.0% |   -2.041 |      -79.9 |     55 | dpath.b_reg.out[0]$_DFFE_PP_/DE
[WARNING RSZ-0075] makeBufferedNet failed for driver _254_/Y
[WARNING RSZ-0075] makeBufferedNet failed for driver _271_/Y
[WARNING RSZ-0075] makeBufferedNet failed for driver _274_/Y
[WARNING RSZ-0075] makeBufferedNet failed for driver _187_/Y
[WARNING RSZ-0075] makeBufferedNet failed for driver dpath.b_reg.out\[0\]$_DFFE_PP_/Q
[WARNING RSZ-0075] makeBufferedNet failed for driver _277_/X
[WARNING RSZ-0075] makeBufferedNet failed for driver _275_/X
[WARNING RSZ-0075] makeBufferedNet failed for driver _207_/Y
[WARNING RSZ-0075] makeBufferedNet failed for driver _185_/X
[WARNING RSZ-0075] makeBufferedNet failed for driver _174_/Y
[WARNING RSZ-0075] makeBufferedNet failed for driver _178_/X
[WARNING RSZ-0075] makeBufferedNet failed for driver _260_/Y
       23 |       0 |       4 |        0 |      0 |     9 |    +1.0% |   -2.041 |      -79.9 |     55 | dpath.b_reg.out[0]$_DFFE_PP_/DE
[WARNING RSZ-0075] makeBufferedNet failed for driver _254_/Y
[WARNING RSZ-0075] makeBufferedNet failed for driver _271_/Y
[WARNING RSZ-0075] makeBufferedNet failed for driver _274_/Y
[WARNING RSZ-0075] makeBufferedNet failed for driver _187_/Y
[WARNING RSZ-0075] makeBufferedNet failed for driver dpath.b_reg.out\[0\]$_DFFE_PP_/Q
[WARNING RSZ-0075] makeBufferedNet failed for driver _277_/X
[WARNING RSZ-0075] makeBufferedNet failed for driver _275_/X
[WARNING RSZ-0075] makeBufferedNet failed for driver _207_/Y
[WARNING RSZ-0075] makeBufferedNet failed for driver _185_/X
[WARNING RSZ-0075] makeBufferedNet failed for driver _174_/Y
[WARNING RSZ-0075] makeBufferedNet failed for driver _178_/X
[WARNING RSZ-0075] makeBufferedNet failed for driver _260_/Y
       24 |       0 |       4 |        0 |      0 |     9 |    +1.0% |   -2.041 |      -79.9 |     55 | dpath.b_reg.out[0]$_DFFE_PP_/DE
[WARNING RSZ-0075] makeBufferedNet failed for driver _254_/Y
[WARNING RSZ-0075] makeBufferedNet failed for driver _271_/Y
[WARNING RSZ-0075] makeBufferedNet failed for driver _274_/Y
[WARNING RSZ-0075] makeBufferedNet failed for driver _187_/Y
[WARNING RSZ-0075] makeBufferedNet failed for driver dpath.b_reg.out\[0\]$_DFFE_PP_/Q
[WARNING RSZ-0075] makeBufferedNet failed for driver _277_/X
[WARNING RSZ-0075] makeBufferedNet failed for driver _275_/X
[WARNING RSZ-0075] makeBufferedNet failed for driver _207_/Y
[WARNING RSZ-0075] makeBufferedNet failed for driver _185_/X
[WARNING RSZ-0075] makeBufferedNet failed for driver _174_/Y
[WARNING RSZ-0075] makeBufferedNet failed for driver _178_/X
[WARNING RSZ-0075] makeBufferedNet failed for driver _260_/Y
       25 |       0 |       4 |        0 |      0 |     9 |    +1.0% |   -2.041 |      -79.9 |     55 | dpath.b_reg.out[0]$_DFFE_PP_/DE
[WARNING RSZ-0075] makeBufferedNet failed for driver _254_/Y
[WARNING RSZ-0075] makeBufferedNet failed for driver _271_/Y
[WARNING RSZ-0075] makeBufferedNet failed for driver _274_/Y
[WARNING RSZ-0075] makeBufferedNet failed for driver _187_/Y
[WARNING RSZ-0075] makeBufferedNet failed for driver dpath.b_reg.out\[0\]$_DFFE_PP_/Q
[WARNING RSZ-0075] makeBufferedNet failed for driver _277_/X
[WARNING RSZ-0075] makeBufferedNet failed for driver _275_/X
[WARNING RSZ-0075] makeBufferedNet failed for driver _207_/Y
[WARNING RSZ-0075] makeBufferedNet failed for driver _185_/X
[WARNING RSZ-0075] makeBufferedNet failed for driver _174_/Y
[WARNING RSZ-0075] makeBufferedNet failed for driver _178_/X
[WARNING RSZ-0075] makeBufferedNet failed for driver _260_/Y
       26 |       0 |       4 |        0 |      0 |     9 |    +1.0% |   -2.041 |      -79.9 |     55 | dpath.b_reg.out[0]$_DFFE_PP_/DE
[WARNING RSZ-0075] makeBufferedNet failed for driver _254_/Y
[WARNING RSZ-0075] makeBufferedNet failed for driver _271_/Y
[WARNING RSZ-0075] makeBufferedNet failed for driver _274_/Y
[WARNING RSZ-0075] makeBufferedNet failed for driver _187_/Y
[WARNING RSZ-0075] makeBufferedNet failed for driver dpath.b_reg.out\[0\]$_DFFE_PP_/Q
[WARNING RSZ-0075] makeBufferedNet failed for driver _277_/X
[WARNING RSZ-0075] makeBufferedNet failed for driver _275_/X
[WARNING RSZ-0075] makeBufferedNet failed for driver _207_/Y
[WARNING RSZ-0075] makeBufferedNet failed for driver _185_/X
[WARNING RSZ-0075] makeBufferedNet failed for driver _174_/Y
[WARNING RSZ-0075] makeBufferedNet failed for driver _178_/X
[WARNING RSZ-0075] makeBufferedNet failed for driver _260_/Y
       27 |       0 |       4 |        0 |      0 |     9 |    +1.0% |   -2.041 |      -79.9 |     55 | dpath.b_reg.out[0]$_DFFE_PP_/DE
[WARNING RSZ-0075] makeBufferedNet failed for driver _254_/Y
[WARNING RSZ-0075] makeBufferedNet failed for driver _271_/Y
[WARNING RSZ-0075] makeBufferedNet failed for driver _274_/Y
[WARNING RSZ-0075] makeBufferedNet failed for driver _187_/Y
[WARNING RSZ-0075] makeBufferedNet failed for driver dpath.b_reg.out\[0\]$_DFFE_PP_/Q
[WARNING RSZ-0075] makeBufferedNet failed for driver _277_/X
[WARNING RSZ-0075] makeBufferedNet failed for driver _275_/X
[WARNING RSZ-0075] makeBufferedNet failed for driver _207_/Y
[WARNING RSZ-0075] makeBufferedNet failed for driver _185_/X
[WARNING RSZ-0075] makeBufferedNet failed for driver _174_/Y
[WARNING RSZ-0075] makeBufferedNet failed for driver _178_/X
[WARNING RSZ-0075] makeBufferedNet failed for driver _260_/Y
       28 |       0 |       4 |        0 |      0 |     9 |    +1.0% |   -2.041 |      -79.9 |     55 | dpath.b_reg.out[0]$_DFFE_PP_/DE
[WARNING RSZ-0075] makeBufferedNet failed for driver _254_/Y
[WARNING RSZ-0075] makeBufferedNet failed for driver _271_/Y
[WARNING RSZ-0075] makeBufferedNet failed for driver _274_/Y
[WARNING RSZ-0075] makeBufferedNet failed for driver _187_/Y
[WARNING RSZ-0075] makeBufferedNet failed for driver dpath.b_reg.out\[0\]$_DFFE_PP_/Q
[WARNING RSZ-0075] makeBufferedNet failed for driver _277_/X
[WARNING RSZ-0075] makeBufferedNet failed for driver _275_/X
[WARNING RSZ-0075] makeBufferedNet failed for driver _207_/Y
[WARNING RSZ-0075] makeBufferedNet failed for driver _185_/X
[WARNING RSZ-0075] makeBufferedNet failed for driver _174_/Y
[WARNING RSZ-0075] makeBufferedNet failed for driver _178_/X
[WARNING RSZ-0075] makeBufferedNet failed for driver _260_/Y
       29 |       0 |       4 |        0 |      0 |     9 |    +1.0% |   -2.041 |      -79.9 |     55 | dpath.b_reg.out[0]$_DFFE_PP_/DE
       30 |       0 |       4 |        0 |      0 |     9 |    +1.0% |   -2.041 |      -79.9 |     55 | dpath.b_reg.out[0]$_DFFE_PP_/DE
[WARNING RSZ-0075] makeBufferedNet failed for driver _254_/Y
[WARNING RSZ-0075] makeBufferedNet failed for driver _271_/Y
[WARNING RSZ-0075] makeBufferedNet failed for driver _274_/Y
[WARNING RSZ-0075] makeBufferedNet failed for driver _187_/Y
[WARNING RSZ-0075] makeBufferedNet failed for driver dpath.b_reg.out\[0\]$_DFFE_PP_/Q
[WARNING RSZ-0075] makeBufferedNet failed for driver _275_/X
[WARNING RSZ-0075] makeBufferedNet failed for driver _207_/Y
[WARNING RSZ-0075] makeBufferedNet failed for driver _185_/X
[WARNING RSZ-0075] makeBufferedNet failed for driver _174_/Y
[WARNING RSZ-0075] makeBufferedNet failed for driver _178_/X
[WARNING RSZ-0075] makeBufferedNet failed for driver _260_/Y
[WARNING RSZ-0075] makeBufferedNet failed for driver _254_/Y
[WARNING RSZ-0075] makeBufferedNet failed for driver _271_/Y
[WARNING RSZ-0075] makeBufferedNet failed for driver _274_/Y
[WARNING RSZ-0075] makeBufferedNet failed for driver _187_/Y
[WARNING RSZ-0075] makeBufferedNet failed for driver dpath.b_reg.out\[0\]$_DFFE_PP_/Q
[WARNING RSZ-0075] makeBufferedNet failed for driver _275_/X
[WARNING RSZ-0075] makeBufferedNet failed for driver _207_/Y
[WARNING RSZ-0075] makeBufferedNet failed for driver _185_/X
[WARNING RSZ-0075] makeBufferedNet failed for driver _174_/Y
[WARNING RSZ-0075] makeBufferedNet failed for driver _178_/X
[WARNING RSZ-0075] makeBufferedNet failed for driver _260_/Y
       31 |       0 |       4 |        0 |      0 |    10 |    +1.0% |   -2.041 |      -79.9 |     55 | dpath.b_reg.out[0]$_DFFE_PP_/DE
[WARNING RSZ-0075] makeBufferedNet failed for driver _254_/Y
[WARNING RSZ-0075] makeBufferedNet failed for driver _271_/Y
[WARNING RSZ-0075] makeBufferedNet failed for driver _274_/Y
[WARNING RSZ-0075] makeBufferedNet failed for driver _187_/Y
[WARNING RSZ-0075] makeBufferedNet failed for driver dpath.b_reg.out\[0\]$_DFFE_PP_/Q
[WARNING RSZ-0075] makeBufferedNet failed for driver _275_/X
[WARNING RSZ-0075] makeBufferedNet failed for driver _207_/Y
[WARNING RSZ-0075] makeBufferedNet failed for driver _185_/X
[WARNING RSZ-0075] makeBufferedNet failed for driver _174_/Y
[WARNING RSZ-0075] makeBufferedNet failed for driver _178_/X
[WARNING RSZ-0075] makeBufferedNet failed for driver _260_/Y
[WARNING RSZ-0075] makeBufferedNet failed for driver _254_/Y
[WARNING RSZ-0075] makeBufferedNet failed for driver _271_/Y
[WARNING RSZ-0075] makeBufferedNet failed for driver _274_/Y
[WARNING RSZ-0075] makeBufferedNet failed for driver _187_/Y
[WARNING RSZ-0075] makeBufferedNet failed for driver dpath.b_reg.out\[0\]$_DFFE_PP_/Q
[WARNING RSZ-0075] makeBufferedNet failed for driver _275_/X
[WARNING RSZ-0075] makeBufferedNet failed for driver _207_/Y
[WARNING RSZ-0075] makeBufferedNet failed for driver _185_/X
[WARNING RSZ-0075] makeBufferedNet failed for driver _174_/Y
[WARNING RSZ-0075] makeBufferedNet failed for driver _178_/X
[WARNING RSZ-0075] makeBufferedNet failed for driver _260_/Y
       33 |       0 |       4 |        0 |      0 |    11 |    +1.0% |   -2.041 |      -79.9 |     55 | dpath.b_reg.out[0]$_DFFE_PP_/DE
[WARNING RSZ-0075] makeBufferedNet failed for driver _254_/Y
[WARNING RSZ-0075] makeBufferedNet failed for driver _271_/Y
[WARNING RSZ-0075] makeBufferedNet failed for driver _274_/Y
[WARNING RSZ-0075] makeBufferedNet failed for driver _187_/Y
[WARNING RSZ-0075] makeBufferedNet failed for driver dpath.b_reg.out\[0\]$_DFFE_PP_/Q
[WARNING RSZ-0075] makeBufferedNet failed for driver _275_/X
[WARNING RSZ-0075] makeBufferedNet failed for driver _207_/Y
[WARNING RSZ-0075] makeBufferedNet failed for driver _185_/X
[WARNING RSZ-0075] makeBufferedNet failed for driver _174_/Y
[WARNING RSZ-0075] makeBufferedNet failed for driver _178_/X
[WARNING RSZ-0075] makeBufferedNet failed for driver _260_/Y
[WARNING RSZ-0075] makeBufferedNet failed for driver _254_/Y
[WARNING RSZ-0075] makeBufferedNet failed for driver _271_/Y
[WARNING RSZ-0075] makeBufferedNet failed for driver _274_/Y
[WARNING RSZ-0075] makeBufferedNet failed for driver _187_/Y
[WARNING RSZ-0075] makeBufferedNet failed for driver dpath.b_reg.out\[0\]$_DFFE_PP_/Q
[WARNING RSZ-0075] makeBufferedNet failed for driver _275_/X
[WARNING RSZ-0075] makeBufferedNet failed for driver _207_/Y
[WARNING RSZ-0075] makeBufferedNet failed for driver _185_/X
[WARNING RSZ-0075] makeBufferedNet failed for driver _174_/Y
[WARNING RSZ-0075] makeBufferedNet failed for driver _178_/X
[WARNING RSZ-0075] makeBufferedNet failed for driver _260_/Y
       35 |       0 |       4 |        0 |      0 |    12 |    +1.0% |   -2.041 |      -79.9 |     55 | dpath.b_reg.out[0]$_DFFE_PP_/DE
[WARNING RSZ-0075] makeBufferedNet failed for driver _254_/Y
[WARNING RSZ-0075] makeBufferedNet failed for driver _271_/Y
[WARNING RSZ-0075] makeBufferedNet failed for driver _274_/Y
[WARNING RSZ-0075] makeBufferedNet failed for driver _187_/Y
[WARNING RSZ-0075] makeBufferedNet failed for driver dpath.b_reg.out\[0\]$_DFFE_PP_/Q
[WARNING RSZ-0075] makeBufferedNet failed for driver _275_/X
[WARNING RSZ-0075] makeBufferedNet failed for driver _207_/Y
[WARNING RSZ-0075] makeBufferedNet failed for driver _185_/X
[WARNING RSZ-0075] makeBufferedNet failed for driver _174_/Y
[WARNING RSZ-0075] makeBufferedNet failed for driver _178_/X
[WARNING RSZ-0075] makeBufferedNet failed for driver _260_/Y
[WARNING RSZ-0075] makeBufferedNet failed for driver _254_/Y
[WARNING RSZ-0075] makeBufferedNet failed for driver _271_/Y
[WARNING RSZ-0075] makeBufferedNet failed for driver _274_/Y
[WARNING RSZ-0075] makeBufferedNet failed for driver _187_/Y
[WARNING RSZ-0075] makeBufferedNet failed for driver dpath.b_reg.out\[0\]$_DFFE_PP_/Q
[WARNING RSZ-0075] makeBufferedNet failed for driver _275_/X
[WARNING RSZ-0075] makeBufferedNet failed for driver _207_/Y
[WARNING RSZ-0075] makeBufferedNet failed for driver _185_/X
[WARNING RSZ-0075] makeBufferedNet failed for driver _174_/Y
[WARNING RSZ-0075] makeBufferedNet failed for driver _178_/X
[WARNING RSZ-0075] makeBufferedNet failed for driver _260_/Y
       37 |       0 |       4 |        0 |      0 |    13 |    +1.0% |   -2.041 |      -79.8 |     55 | dpath.b_reg.out[0]$_DFFE_PP_/DE
[WARNING RSZ-0075] makeBufferedNet failed for driver _254_/Y
[WARNING RSZ-0075] makeBufferedNet failed for driver _271_/Y
[WARNING RSZ-0075] makeBufferedNet failed for driver _274_/Y
[WARNING RSZ-0075] makeBufferedNet failed for driver _187_/Y
[WARNING RSZ-0075] makeBufferedNet failed for driver dpath.b_reg.out\[0\]$_DFFE_PP_/Q
[WARNING RSZ-0075] makeBufferedNet failed for driver _275_/X
[WARNING RSZ-0075] makeBufferedNet failed for driver _207_/Y
[WARNING RSZ-0075] makeBufferedNet failed for driver _185_/X
[WARNING RSZ-0075] makeBufferedNet failed for driver _174_/Y
[WARNING RSZ-0075] makeBufferedNet failed for driver _178_/X
[WARNING RSZ-0075] makeBufferedNet failed for driver _260_/Y
       38 |       0 |       4 |        0 |      0 |    13 |    +1.0% |   -2.041 |      -79.8 |     55 | dpath.b_reg.out[0]$_DFFE_PP_/DE
[WARNING RSZ-0075] makeBufferedNet failed for driver _254_/Y
[WARNING RSZ-0075] makeBufferedNet failed for driver _271_/Y
[WARNING RSZ-0075] makeBufferedNet failed for driver _274_/Y
[WARNING RSZ-0075] makeBufferedNet failed for driver _187_/Y
[WARNING RSZ-0075] makeBufferedNet failed for driver dpath.b_reg.out\[0\]$_DFFE_PP_/Q
[WARNING RSZ-0075] makeBufferedNet failed for driver _275_/X
[WARNING RSZ-0075] makeBufferedNet failed for driver _207_/Y
[WARNING RSZ-0075] makeBufferedNet failed for driver _185_/X
[WARNING RSZ-0075] makeBufferedNet failed for driver _174_/Y
[WARNING RSZ-0075] makeBufferedNet failed for driver _178_/X
[WARNING RSZ-0075] makeBufferedNet failed for driver _260_/Y
       40 |       0 |       4 |        0 |      0 |    14 |    +1.0% |   -2.041 |      -79.9 |     55 | dpath.b_reg.out[0]$_DFFE_PP_/DE
[WARNING RSZ-0075] makeBufferedNet failed for driver _254_/Y
[WARNING RSZ-0075] makeBufferedNet failed for driver _271_/Y
[WARNING RSZ-0075] makeBufferedNet failed for driver _274_/Y
[WARNING RSZ-0075] makeBufferedNet failed for driver _187_/Y
[WARNING RSZ-0075] makeBufferedNet failed for driver dpath.b_reg.out\[0\]$_DFFE_PP_/Q
[WARNING RSZ-0075] makeBufferedNet failed for driver _275_/X
[WARNING RSZ-0075] makeBufferedNet failed for driver _207_/Y
[WARNING RSZ-0075] makeBufferedNet failed for driver _185_/X
[WARNING RSZ-0075] makeBufferedNet failed for driver _174_/Y
[WARNING RSZ-0075] makeBufferedNet failed for driver _178_/X
[WARNING RSZ-0075] makeBufferedNet failed for driver _260_/Y
[WARNING RSZ-0075] makeBufferedNet failed for driver _254_/Y
[WARNING RSZ-0075] makeBufferedNet failed for driver _271_/Y
[WARNING RSZ-0075] makeBufferedNet failed for driver _274_/Y
[WARNING RSZ-0075] makeBufferedNet failed for driver _187_/Y
[WARNING RSZ-0075] makeBufferedNet failed for driver dpath.b_reg.out\[0\]$_DFFE_PP_/Q
[WARNING RSZ-0075] makeBufferedNet failed for driver _275_/X
[WARNING RSZ-0075] makeBufferedNet failed for driver _207_/Y
[WARNING RSZ-0075] makeBufferedNet failed for driver _185_/X
[WARNING RSZ-0075] makeBufferedNet failed for driver _174_/Y
[WARNING RSZ-0075] makeBufferedNet failed for driver _178_/X
[WARNING RSZ-0075] makeBufferedNet failed for driver _260_/Y
       41 |       0 |       4 |        0 |      0 |    15 |    +1.0% |   -2.041 |      -79.9 |     55 | dpath.b_reg.out[0]$_DFFE_PP_/DE
[WARNING RSZ-0075] makeBufferedNet failed for driver _254_/Y
[WARNING RSZ-0075] makeBufferedNet failed for driver _271_/Y
[WARNING RSZ-0075] makeBufferedNet failed for driver _274_/Y
[WARNING RSZ-0075] makeBufferedNet failed for driver _187_/Y
[WARNING RSZ-0075] makeBufferedNet failed for driver dpath.b_reg.out\[0\]$_DFFE_PP_/Q
[WARNING RSZ-0075] makeBufferedNet failed for driver _275_/X
[WARNING RSZ-0075] makeBufferedNet failed for driver _207_/Y
[WARNING RSZ-0075] makeBufferedNet failed for driver _185_/X
[WARNING RSZ-0075] makeBufferedNet failed for driver _174_/Y
[WARNING RSZ-0075] makeBufferedNet failed for driver _178_/X
[WARNING RSZ-0075] makeBufferedNet failed for driver _260_/Y
[WARNING RSZ-0075] makeBufferedNet failed for driver _254_/Y
[WARNING RSZ-0075] makeBufferedNet failed for driver _271_/Y
[WARNING RSZ-0075] makeBufferedNet failed for driver _274_/Y
[WARNING RSZ-0075] makeBufferedNet failed for driver _187_/Y
[WARNING RSZ-0075] makeBufferedNet failed for driver dpath.b_reg.out\[0\]$_DFFE_PP_/Q
[WARNING RSZ-0075] makeBufferedNet failed for driver _275_/X
[WARNING RSZ-0075] makeBufferedNet failed for driver _207_/Y
[WARNING RSZ-0075] makeBufferedNet failed for driver _185_/X
[WARNING RSZ-0075] makeBufferedNet failed for driver _174_/Y
[WARNING RSZ-0075] makeBufferedNet failed for driver _178_/X
[WARNING RSZ-0075] makeBufferedNet failed for driver _260_/Y
[WARNING RSZ-0075] makeBufferedNet failed for driver _254_/Y
[WARNING RSZ-0075] makeBufferedNet failed for driver _271_/Y
[WARNING RSZ-0075] makeBufferedNet failed for driver _274_/Y
[WARNING RSZ-0075] makeBufferedNet failed for driver _187_/Y
[WARNING RSZ-0075] makeBufferedNet failed for driver dpath.b_reg.out\[0\]$_DFFE_PP_/Q
[WARNING RSZ-0075] makeBufferedNet failed for driver _275_/X
[WARNING RSZ-0075] makeBufferedNet failed for driver _207_/Y
[WARNING RSZ-0075] makeBufferedNet failed for driver _185_/X
[WARNING RSZ-0075] makeBufferedNet failed for driver _174_/Y
[WARNING RSZ-0075] makeBufferedNet failed for driver _178_/X
[WARNING RSZ-0075] makeBufferedNet failed for driver _260_/Y
       45 |       0 |       4 |        0 |      0 |    15 |    +1.0% |   -2.041 |      -79.9 |     55 | dpath.b_reg.out[0]$_DFFE_PP_/DE
[WARNING RSZ-0075] makeBufferedNet failed for driver _254_/Y
[WARNING RSZ-0075] makeBufferedNet failed for driver _271_/Y
[WARNING RSZ-0075] makeBufferedNet failed for driver _274_/Y
[WARNING RSZ-0075] makeBufferedNet failed for driver _187_/Y
[WARNING RSZ-0075] makeBufferedNet failed for driver dpath.b_reg.out\[0\]$_DFFE_PP_/Q
[WARNING RSZ-0075] makeBufferedNet failed for driver _275_/X
[WARNING RSZ-0075] makeBufferedNet failed for driver _207_/Y
[WARNING RSZ-0075] makeBufferedNet failed for driver _185_/X
[WARNING RSZ-0075] makeBufferedNet failed for driver _174_/Y
[WARNING RSZ-0075] makeBufferedNet failed for driver _178_/X
[WARNING RSZ-0075] makeBufferedNet failed for driver _260_/Y
[WARNING RSZ-0075] makeBufferedNet failed for driver _254_/Y
[WARNING RSZ-0075] makeBufferedNet failed for driver _271_/Y
[WARNING RSZ-0075] makeBufferedNet failed for driver _274_/Y
[WARNING RSZ-0075] makeBufferedNet failed for driver _187_/Y
[WARNING RSZ-0075] makeBufferedNet failed for driver dpath.b_reg.out\[0\]$_DFFE_PP_/Q
[WARNING RSZ-0075] makeBufferedNet failed for driver _275_/X
[WARNING RSZ-0075] makeBufferedNet failed for driver _207_/Y
[WARNING RSZ-0075] makeBufferedNet failed for driver _185_/X
[WARNING RSZ-0075] makeBufferedNet failed for driver _174_/Y
[WARNING RSZ-0075] makeBufferedNet failed for driver _178_/X
[WARNING RSZ-0075] makeBufferedNet failed for driver _260_/Y
[WARNING RSZ-0075] makeBufferedNet failed for driver _254_/Y
[WARNING RSZ-0075] makeBufferedNet failed for driver _271_/Y
[WARNING RSZ-0075] makeBufferedNet failed for driver _274_/Y
[WARNING RSZ-0075] makeBufferedNet failed for driver _187_/Y
[WARNING RSZ-0075] makeBufferedNet failed for driver dpath.b_reg.out\[0\]$_DFFE_PP_/Q
[WARNING RSZ-0075] makeBufferedNet failed for driver _275_/X
[WARNING RSZ-0075] makeBufferedNet failed for driver _207_/Y
[WARNING RSZ-0075] makeBufferedNet failed for driver _185_/X
[WARNING RSZ-0075] makeBufferedNet failed for driver _174_/Y
[WARNING RSZ-0075] makeBufferedNet failed for driver _178_/X
[WARNING RSZ-0075] makeBufferedNet failed for driver _260_/Y
       48 |       0 |       4 |        0 |      0 |    17 |    +1.0% |   -2.041 |      -79.9 |     55 | dpath.b_reg.out[0]$_DFFE_PP_/DE
[WARNING RSZ-0075] makeBufferedNet failed for driver _254_/Y
[WARNING RSZ-0075] makeBufferedNet failed for driver _271_/Y
[WARNING RSZ-0075] makeBufferedNet failed for driver _274_/Y
[WARNING RSZ-0075] makeBufferedNet failed for driver _187_/Y
[WARNING RSZ-0075] makeBufferedNet failed for driver dpath.b_reg.out\[0\]$_DFFE_PP_/Q
[WARNING RSZ-0075] makeBufferedNet failed for driver _275_/X
[WARNING RSZ-0075] makeBufferedNet failed for driver _207_/Y
[WARNING RSZ-0075] makeBufferedNet failed for driver _185_/X
[WARNING RSZ-0075] makeBufferedNet failed for driver _174_/Y
[WARNING RSZ-0075] makeBufferedNet failed for driver _178_/X
[WARNING RSZ-0075] makeBufferedNet failed for driver _260_/Y
       50 |       0 |       4 |        0 |      0 |    18 |    +1.0% |   -2.041 |      -79.9 |     55 | dpath.b_reg.out[0]$_DFFE_PP_/DE
[WARNING RSZ-0075] makeBufferedNet failed for driver _254_/Y
[WARNING RSZ-0075] makeBufferedNet failed for driver _271_/Y
[WARNING RSZ-0075] makeBufferedNet failed for driver _274_/Y
[WARNING RSZ-0075] makeBufferedNet failed for driver _187_/Y
[WARNING RSZ-0075] makeBufferedNet failed for driver dpath.b_reg.out\[0\]$_DFFE_PP_/Q
[WARNING RSZ-0075] makeBufferedNet failed for driver _275_/X
[WARNING RSZ-0075] makeBufferedNet failed for driver _207_/Y
[WARNING RSZ-0075] makeBufferedNet failed for driver _185_/X
[WARNING RSZ-0075] makeBufferedNet failed for driver _174_/Y
[WARNING RSZ-0075] makeBufferedNet failed for driver _178_/X
[WARNING RSZ-0075] makeBufferedNet failed for driver _260_/Y
       50 |       0 |       4 |        0 |      0 |    17 |    +1.0% |   -2.041 |      -79.9 |     55 | dpath.b_reg.out[0]$_DFFE_PP_/DE
[WARNING RSZ-0075] makeBufferedNet failed for driver _254_/Y
[WARNING RSZ-0075] makeBufferedNet failed for driver _271_/Y
[WARNING RSZ-0075] makeBufferedNet failed for driver _274_/Y
[WARNING RSZ-0075] makeBufferedNet failed for driver _187_/Y
[WARNING RSZ-0075] makeBufferedNet failed for driver dpath.b_reg.out\[0\]$_DFFE_PP_/Q
[WARNING RSZ-0075] makeBufferedNet failed for driver _207_/Y
[WARNING RSZ-0075] makeBufferedNet failed for driver _185_/X
[WARNING RSZ-0075] makeBufferedNet failed for driver _174_/Y
[WARNING RSZ-0075] makeBufferedNet failed for driver _178_/X
[WARNING RSZ-0075] makeBufferedNet failed for driver _260_/Y
[WARNING RSZ-0075] makeBufferedNet failed for driver _254_/Y
[WARNING RSZ-0075] makeBufferedNet failed for driver _271_/Y
[WARNING RSZ-0075] makeBufferedNet failed for driver _274_/Y
[WARNING RSZ-0075] makeBufferedNet failed for driver _187_/Y
[WARNING RSZ-0075] makeBufferedNet failed for driver dpath.b_reg.out\[0\]$_DFFE_PP_/Q
[WARNING RSZ-0075] makeBufferedNet failed for driver _207_/Y
[WARNING RSZ-0075] makeBufferedNet failed for driver _185_/X
[WARNING RSZ-0075] makeBufferedNet failed for driver _174_/Y
[WARNING RSZ-0075] makeBufferedNet failed for driver _178_/X
[WARNING RSZ-0075] makeBufferedNet failed for driver _260_/Y
[WARNING RSZ-0075] makeBufferedNet failed for driver _254_/Y
[WARNING RSZ-0075] makeBufferedNet failed for driver _271_/Y
[WARNING RSZ-0075] makeBufferedNet failed for driver _274_/Y
[WARNING RSZ-0075] makeBufferedNet failed for driver _187_/Y
[WARNING RSZ-0075] makeBufferedNet failed for driver dpath.b_reg.out\[0\]$_DFFE_PP_/Q
[WARNING RSZ-0075] makeBufferedNet failed for driver _207_/Y
[WARNING RSZ-0075] makeBufferedNet failed for driver _185_/X
[WARNING RSZ-0075] makeBufferedNet failed for driver _174_/Y
[WARNING RSZ-0075] makeBufferedNet failed for driver _178_/X
[WARNING RSZ-0075] makeBufferedNet failed for driver _260_/Y
       53 |       0 |       5 |        0 |      0 |    17 |    +1.0% |   -2.041 |      -79.9 |     55 | dpath.b_reg.out[0]$_DFFE_PP_/DE
[WARNING RSZ-0075] makeBufferedNet failed for driver _254_/Y
[WARNING RSZ-0075] makeBufferedNet failed for driver _271_/Y
[WARNING RSZ-0075] makeBufferedNet failed for driver _274_/Y
[WARNING RSZ-0075] makeBufferedNet failed for driver _187_/Y
[WARNING RSZ-0075] makeBufferedNet failed for driver dpath.b_reg.out\[0\]$_DFFE_PP_/Q
[WARNING RSZ-0075] makeBufferedNet failed for driver _207_/Y
[WARNING RSZ-0075] makeBufferedNet failed for driver _185_/X
[WARNING RSZ-0075] makeBufferedNet failed for driver _174_/Y
[WARNING RSZ-0075] makeBufferedNet failed for driver _178_/X
[WARNING RSZ-0075] makeBufferedNet failed for driver _260_/Y
[WARNING RSZ-0075] makeBufferedNet failed for driver _254_/Y
[WARNING RSZ-0075] makeBufferedNet failed for driver _271_/Y
[WARNING RSZ-0075] makeBufferedNet failed for driver _274_/Y
[WARNING RSZ-0075] makeBufferedNet failed for driver _187_/Y
[WARNING RSZ-0075] makeBufferedNet failed for driver dpath.b_reg.out\[0\]$_DFFE_PP_/Q
[WARNING RSZ-0075] makeBufferedNet failed for driver _207_/Y
[WARNING RSZ-0075] makeBufferedNet failed for driver _185_/X
[WARNING RSZ-0075] makeBufferedNet failed for driver _174_/Y
[WARNING RSZ-0075] makeBufferedNet failed for driver _178_/X
[WARNING RSZ-0075] makeBufferedNet failed for driver _260_/Y
[WARNING RSZ-0075] makeBufferedNet failed for driver _254_/Y
[WARNING RSZ-0075] makeBufferedNet failed for driver _271_/Y
[WARNING RSZ-0075] makeBufferedNet failed for driver _274_/Y
[WARNING RSZ-0075] makeBufferedNet failed for driver _187_/Y
[WARNING RSZ-0075] makeBufferedNet failed for driver dpath.b_reg.out\[0\]$_DFFE_PP_/Q
[WARNING RSZ-0075] makeBufferedNet failed for driver _207_/Y
[WARNING RSZ-0075] makeBufferedNet failed for driver _185_/X
[WARNING RSZ-0075] makeBufferedNet failed for driver _174_/Y
[WARNING RSZ-0075] makeBufferedNet failed for driver _178_/X
[WARNING RSZ-0075] makeBufferedNet failed for driver _260_/Y
       56 |       0 |       6 |        0 |      0 |    17 |    +1.0% |   -2.041 |      -79.9 |     55 | dpath.b_reg.out[0]$_DFFE_PP_/DE
[WARNING RSZ-0075] makeBufferedNet failed for driver _254_/Y
[WARNING RSZ-0075] makeBufferedNet failed for driver _271_/Y
[WARNING RSZ-0075] makeBufferedNet failed for driver _274_/Y
[WARNING RSZ-0075] makeBufferedNet failed for driver _187_/Y
[WARNING RSZ-0075] makeBufferedNet failed for driver dpath.b_reg.out\[0\]$_DFFE_PP_/Q
[WARNING RSZ-0075] makeBufferedNet failed for driver _207_/Y
[WARNING RSZ-0075] makeBufferedNet failed for driver _185_/X
[WARNING RSZ-0075] makeBufferedNet failed for driver _174_/Y
[WARNING RSZ-0075] makeBufferedNet failed for driver _178_/X
[WARNING RSZ-0075] makeBufferedNet failed for driver _260_/Y
[WARNING RSZ-0075] makeBufferedNet failed for driver _254_/Y
[WARNING RSZ-0075] makeBufferedNet failed for driver _271_/Y
[WARNING RSZ-0075] makeBufferedNet failed for driver _274_/Y
[WARNING RSZ-0075] makeBufferedNet failed for driver _187_/Y
[WARNING RSZ-0075] makeBufferedNet failed for driver dpath.b_reg.out\[0\]$_DFFE_PP_/Q
[WARNING RSZ-0075] makeBufferedNet failed for driver _207_/Y
[WARNING RSZ-0075] makeBufferedNet failed for driver _185_/X
[WARNING RSZ-0075] makeBufferedNet failed for driver _174_/Y
[WARNING RSZ-0075] makeBufferedNet failed for driver _178_/X
[WARNING RSZ-0075] makeBufferedNet failed for driver _260_/Y
[WARNING RSZ-0075] makeBufferedNet failed for driver _254_/Y
[WARNING RSZ-0075] makeBufferedNet failed for driver _271_/Y
[WARNING RSZ-0075] makeBufferedNet failed for driver _274_/Y
[WARNING RSZ-0075] makeBufferedNet failed for driver _187_/Y
[WARNING RSZ-0075] makeBufferedNet failed for driver dpath.b_reg.out\[0\]$_DFFE_PP_/Q
[WARNING RSZ-0075] makeBufferedNet failed for driver _207_/Y
[WARNING RSZ-0075] makeBufferedNet failed for driver _185_/X
[WARNING RSZ-0075] makeBufferedNet failed for driver _174_/Y
[WARNING RSZ-0075] makeBufferedNet failed for driver _178_/X
[WARNING RSZ-0075] makeBufferedNet failed for driver _260_/Y
       59 |       0 |       7 |        0 |      0 |    17 |    +1.0% |   -2.041 |      -79.9 |     55 | dpath.b_reg.out[0]$_DFFE_PP_/DE
       60 |       0 |       7 |        0 |      0 |    17 |    +1.0% |   -2.041 |      -79.9 |     55 | dpath.b_reg.out[0]$_DFFE_PP_/DE
[WARNING RSZ-0075] makeBufferedNet failed for driver _254_/Y
[WARNING RSZ-0075] makeBufferedNet failed for driver _271_/Y
[WARNING RSZ-0075] makeBufferedNet failed for driver _274_/Y
[WARNING RSZ-0075] makeBufferedNet failed for driver _187_/Y
[WARNING RSZ-0075] makeBufferedNet failed for driver dpath.b_reg.out\[0\]$_DFFE_PP_/Q
[WARNING RSZ-0075] makeBufferedNet failed for driver _207_/Y
[WARNING RSZ-0075] makeBufferedNet failed for driver _185_/X
[WARNING RSZ-0075] makeBufferedNet failed for driver _174_/Y
[WARNING RSZ-0075] makeBufferedNet failed for driver _178_/X
[WARNING RSZ-0075] makeBufferedNet failed for driver _260_/Y
[WARNING RSZ-0075] makeBufferedNet failed for driver _254_/Y
[WARNING RSZ-0075] makeBufferedNet failed for driver _271_/Y
[WARNING RSZ-0075] makeBufferedNet failed for driver _274_/Y
[WARNING RSZ-0075] makeBufferedNet failed for driver _187_/Y
[WARNING RSZ-0075] makeBufferedNet failed for driver dpath.b_reg.out\[0\]$_DFFE_PP_/Q
[WARNING RSZ-0075] makeBufferedNet failed for driver _207_/Y
[WARNING RSZ-0075] makeBufferedNet failed for driver _185_/X
[WARNING RSZ-0075] makeBufferedNet failed for driver _174_/Y
[WARNING RSZ-0075] makeBufferedNet failed for driver _178_/X
[WARNING RSZ-0075] makeBufferedNet failed for driver _260_/Y
[WARNING RSZ-0075] makeBufferedNet failed for driver _254_/Y
[WARNING RSZ-0075] makeBufferedNet failed for driver _271_/Y
[WARNING RSZ-0075] makeBufferedNet failed for driver _274_/Y
[WARNING RSZ-0075] makeBufferedNet failed for driver _187_/Y
[WARNING RSZ-0075] makeBufferedNet failed for driver dpath.b_reg.out\[0\]$_DFFE_PP_/Q
[WARNING RSZ-0075] makeBufferedNet failed for driver _207_/Y
[WARNING RSZ-0075] makeBufferedNet failed for driver _185_/X
[WARNING RSZ-0075] makeBufferedNet failed for driver _174_/Y
[WARNING RSZ-0075] makeBufferedNet failed for driver _178_/X
[WARNING RSZ-0075] makeBufferedNet failed for driver _260_/Y
       62 |       0 |       8 |        0 |      0 |    17 |    +1.0% |   -2.041 |      -79.9 |     55 | dpath.b_reg.out[0]$_DFFE_PP_/DE
[WARNING RSZ-0075] makeBufferedNet failed for driver _254_/Y
[WARNING RSZ-0075] makeBufferedNet failed for driver _271_/Y
[WARNING RSZ-0075] makeBufferedNet failed for driver _274_/Y
[WARNING RSZ-0075] makeBufferedNet failed for driver _187_/Y
[WARNING RSZ-0075] makeBufferedNet failed for driver dpath.b_reg.out\[0\]$_DFFE_PP_/Q
[WARNING RSZ-0075] makeBufferedNet failed for driver _207_/Y
[WARNING RSZ-0075] makeBufferedNet failed for driver _185_/X
[WARNING RSZ-0075] makeBufferedNet failed for driver _174_/Y
[WARNING RSZ-0075] makeBufferedNet failed for driver _178_/X
[WARNING RSZ-0075] makeBufferedNet failed for driver _260_/Y
[WARNING RSZ-0075] makeBufferedNet failed for driver _254_/Y
[WARNING RSZ-0075] makeBufferedNet failed for driver _271_/Y
[WARNING RSZ-0075] makeBufferedNet failed for driver _274_/Y
[WARNING RSZ-0075] makeBufferedNet failed for driver _187_/Y
[WARNING RSZ-0075] makeBufferedNet failed for driver dpath.b_reg.out\[0\]$_DFFE_PP_/Q
[WARNING RSZ-0075] makeBufferedNet failed for driver _207_/Y
[WARNING RSZ-0075] makeBufferedNet failed for driver _185_/X
[WARNING RSZ-0075] makeBufferedNet failed for driver _174_/Y
[WARNING RSZ-0075] makeBufferedNet failed for driver _178_/X
[WARNING RSZ-0075] makeBufferedNet failed for driver _260_/Y
[WARNING RSZ-0075] makeBufferedNet failed for driver _254_/Y
[WARNING RSZ-0075] makeBufferedNet failed for driver _271_/Y
[WARNING RSZ-0075] makeBufferedNet failed for driver _274_/Y
[WARNING RSZ-0075] makeBufferedNet failed for driver _187_/Y
[WARNING RSZ-0075] makeBufferedNet failed for driver dpath.b_reg.out\[0\]$_DFFE_PP_/Q
[WARNING RSZ-0075] makeBufferedNet failed for driver _207_/Y
[WARNING RSZ-0075] makeBufferedNet failed for driver _185_/X
[WARNING RSZ-0075] makeBufferedNet failed for driver _174_/Y
[WARNING RSZ-0075] makeBufferedNet failed for driver _178_/X
[WARNING RSZ-0075] makeBufferedNet failed for driver _260_/Y
       65 |       0 |       9 |        0 |      0 |    17 |    +1.0% |   -2.041 |      -79.9 |     55 | dpath.b_reg.out[0]$_DFFE_PP_/DE
[WARNING RSZ-0075] makeBufferedNet failed for driver _254_/Y
[WARNING RSZ-0075] makeBufferedNet failed for driver _271_/Y
[WARNING RSZ-0075] makeBufferedNet failed for driver _274_/Y
[WARNING RSZ-0075] makeBufferedNet failed for driver _187_/Y
[WARNING RSZ-0075] makeBufferedNet failed for driver dpath.b_reg.out\[0\]$_DFFE_PP_/Q
[WARNING RSZ-0075] makeBufferedNet failed for driver _207_/Y
[WARNING RSZ-0075] makeBufferedNet failed for driver _185_/X
[WARNING RSZ-0075] makeBufferedNet failed for driver _174_/Y
[WARNING RSZ-0075] makeBufferedNet failed for driver _178_/X
[WARNING RSZ-0075] makeBufferedNet failed for driver _260_/Y
[WARNING RSZ-0075] makeBufferedNet failed for driver _254_/Y
[WARNING RSZ-0075] makeBufferedNet failed for driver _271_/Y
[WARNING RSZ-0075] makeBufferedNet failed for driver _274_/Y
[WARNING RSZ-0075] makeBufferedNet failed for driver _187_/Y
[WARNING RSZ-0075] makeBufferedNet failed for driver dpath.b_reg.out\[0\]$_DFFE_PP_/Q
[WARNING RSZ-0075] makeBufferedNet failed for driver _207_/Y
[WARNING RSZ-0075] makeBufferedNet failed for driver _185_/X
[WARNING RSZ-0075] makeBufferedNet failed for driver _174_/Y
[WARNING RSZ-0075] makeBufferedNet failed for driver _178_/X
[WARNING RSZ-0075] makeBufferedNet failed for driver _260_/Y
[WARNING RSZ-0075] makeBufferedNet failed for driver _254_/Y
[WARNING RSZ-0075] makeBufferedNet failed for driver _271_/Y
[WARNING RSZ-0075] makeBufferedNet failed for driver _274_/Y
[WARNING RSZ-0075] makeBufferedNet failed for driver _187_/Y
[WARNING RSZ-0075] makeBufferedNet failed for driver dpath.b_reg.out\[0\]$_DFFE_PP_/Q
[WARNING RSZ-0075] makeBufferedNet failed for driver _207_/Y
[WARNING RSZ-0075] makeBufferedNet failed for driver _185_/X
[WARNING RSZ-0075] makeBufferedNet failed for driver _174_/Y
[WARNING RSZ-0075] makeBufferedNet failed for driver _178_/X
[WARNING RSZ-0075] makeBufferedNet failed for driver _260_/Y
       68 |       0 |      10 |        0 |      0 |    17 |    +1.0% |   -2.041 |      -79.9 |     55 | dpath.b_reg.out[0]$_DFFE_PP_/DE
[WARNING RSZ-0075] makeBufferedNet failed for driver _254_/Y
[WARNING RSZ-0075] makeBufferedNet failed for driver _271_/Y
[WARNING RSZ-0075] makeBufferedNet failed for driver _187_/Y
       70 |       0 |      11 |        0 |      0 |    17 |    +1.0% |   -2.050 |      -80.1 |     55 | dpath.b_reg.out[0]$_DFFE_PP_/DE
[WARNING RSZ-0075] makeBufferedNet failed for driver _254_/Y
[WARNING RSZ-0075] makeBufferedNet failed for driver _271_/Y
[WARNING RSZ-0075] makeBufferedNet failed for driver _187_/Y
[WARNING RSZ-0075] makeBufferedNet failed for driver dpath.b_reg.out\[0\]$_DFFE_PP_/Q
[WARNING RSZ-0075] makeBufferedNet failed for driver _254_/Y
[WARNING RSZ-0075] makeBufferedNet failed for driver _271_/Y
[WARNING RSZ-0075] makeBufferedNet failed for driver _187_/Y
[WARNING RSZ-0075] makeBufferedNet failed for driver dpath.b_reg.out\[0\]$_DFFE_PP_/Q
[WARNING RSZ-0075] makeBufferedNet failed for driver _207_/Y
[WARNING RSZ-0075] makeBufferedNet failed for driver _185_/X
[WARNING RSZ-0075] makeBufferedNet failed for driver _174_/Y
[WARNING RSZ-0075] makeBufferedNet failed for driver _178_/X
[WARNING RSZ-0075] makeBufferedNet failed for driver _260_/Y
[WARNING RSZ-0075] makeBufferedNet failed for driver _254_/Y
[WARNING RSZ-0075] makeBufferedNet failed for driver _271_/Y
[WARNING RSZ-0075] makeBufferedNet failed for driver _187_/Y
[WARNING RSZ-0075] makeBufferedNet failed for driver dpath.b_reg.out\[0\]$_DFFE_PP_/Q
[WARNING RSZ-0075] makeBufferedNet failed for driver _207_/Y
[WARNING RSZ-0075] makeBufferedNet failed for driver _185_/X
[WARNING RSZ-0075] makeBufferedNet failed for driver _174_/Y
[WARNING RSZ-0075] makeBufferedNet failed for driver _178_/X
[WARNING RSZ-0075] makeBufferedNet failed for driver _260_/Y
[WARNING RSZ-0075] makeBufferedNet failed for driver _254_/Y
[WARNING RSZ-0075] makeBufferedNet failed for driver _271_/Y
[WARNING RSZ-0075] makeBufferedNet failed for driver _187_/Y
[WARNING RSZ-0075] makeBufferedNet failed for driver dpath.b_reg.out\[0\]$_DFFE_PP_/Q
[WARNING RSZ-0075] makeBufferedNet failed for driver _207_/Y
[WARNING RSZ-0075] makeBufferedNet failed for driver _185_/X
[WARNING RSZ-0075] makeBufferedNet failed for driver _174_/Y
[WARNING RSZ-0075] makeBufferedNet failed for driver _178_/X
[WARNING RSZ-0075] makeBufferedNet failed for driver _260_/Y
       73 |       0 |      10 |        0 |      0 |    17 |    +1.0% |   -2.041 |      -79.9 |     55 | dpath.b_reg.out[0]$_DFFE_PP_/DE
[WARNING RSZ-0075] makeBufferedNet failed for driver _212_/Y
[WARNING RSZ-0075] makeBufferedNet failed for driver _187_/Y
[WARNING RSZ-0075] makeBufferedNet failed for driver _212_/Y
[WARNING RSZ-0075] makeBufferedNet failed for driver _187_/Y
[WARNING RSZ-0075] makeBufferedNet failed for driver _248_/Y
[WARNING RSZ-0075] makeBufferedNet failed for driver dpath.b_reg.out\[0\]$_DFFE_PP_/Q
[WARNING RSZ-0075] makeBufferedNet failed for driver _212_/Y
[WARNING RSZ-0075] makeBufferedNet failed for driver _187_/Y
[WARNING RSZ-0075] makeBufferedNet failed for driver dpath.b_reg.out\[0\]$_DFFE_PP_/Q
[WARNING RSZ-0075] makeBufferedNet failed for driver _248_/Y
       80 |       0 |      14 |        0 |      0 |    19 |    +1.8% |   -2.048 |      -79.7 |     55 | dpath.b_reg.out[0]$_DFFE_PP_/DE
[WARNING RSZ-0075] makeBufferedNet failed for driver _212_/Y
[WARNING RSZ-0075] makeBufferedNet failed for driver _187_/Y
[WARNING RSZ-0075] makeBufferedNet failed for driver dpath.b_reg.out\[0\]$_DFFE_PP_/Q
[WARNING RSZ-0075] makeBufferedNet failed for driver _248_/Y
[WARNING RSZ-0075] makeBufferedNet failed for driver _212_/Y
[WARNING RSZ-0075] makeBufferedNet failed for driver _187_/Y
[WARNING RSZ-0075] makeBufferedNet failed for driver dpath.b_reg.out\[0\]$_DFFE_PP_/Q
[WARNING RSZ-0075] makeBufferedNet failed for driver _248_/Y
[WARNING RSZ-0075] makeBufferedNet failed for driver _243_/Y
[WARNING RSZ-0075] makeBufferedNet failed for driver _212_/Y
[WARNING RSZ-0075] makeBufferedNet failed for driver _187_/Y
[WARNING RSZ-0075] makeBufferedNet failed for driver dpath.b_reg.out\[0\]$_DFFE_PP_/Q
[WARNING RSZ-0075] makeBufferedNet failed for driver _248_/Y
[WARNING RSZ-0075] makeBufferedNet failed for driver _243_/Y
[WARNING RSZ-0075] makeBufferedNet failed for driver _207_/Y
[WARNING RSZ-0075] makeBufferedNet failed for driver _185_/X
[WARNING RSZ-0075] makeBufferedNet failed for driver _174_/Y
[WARNING RSZ-0075] makeBufferedNet failed for driver _178_/X
[WARNING RSZ-0075] makeBufferedNet failed for driver _212_/Y
[WARNING RSZ-0075] makeBufferedNet failed for driver _187_/Y
[WARNING RSZ-0075] makeBufferedNet failed for driver dpath.b_reg.out\[0\]$_DFFE_PP_/Q
[WARNING RSZ-0075] makeBufferedNet failed for driver _248_/Y
[WARNING RSZ-0075] makeBufferedNet failed for driver _243_/Y
[WARNING RSZ-0075] makeBufferedNet failed for driver _207_/Y
[WARNING RSZ-0075] makeBufferedNet failed for driver _185_/X
[WARNING RSZ-0075] makeBufferedNet failed for driver _174_/Y
[WARNING RSZ-0075] makeBufferedNet failed for driver _178_/X
       83 |       0 |      10 |        0 |      0 |    17 |    +1.0% |   -2.041 |      -79.9 |     55 | dpath.b_reg.out[0]$_DFFE_PP_/DE
[WARNING RSZ-0075] makeBufferedNet failed for driver _254_/Y
[WARNING RSZ-0075] makeBufferedNet failed for driver _271_/Y
[WARNING RSZ-0075] makeBufferedNet failed for driver _187_/Y
[WARNING RSZ-0075] makeBufferedNet failed for driver dpath.b_reg.out\[0\]$_DFFE_PP_/Q
[WARNING RSZ-0075] makeBufferedNet failed for driver _254_/Y
[WARNING RSZ-0075] makeBufferedNet failed for driver _271_/Y
[WARNING RSZ-0075] makeBufferedNet failed for driver _187_/Y
[WARNING RSZ-0075] makeBufferedNet failed for driver dpath.b_reg.out\[0\]$_DFFE_PP_/Q
[WARNING RSZ-0075] makeBufferedNet failed for driver _207_/Y
[WARNING RSZ-0075] makeBufferedNet failed for driver _185_/X
[WARNING RSZ-0075] makeBufferedNet failed for driver _174_/Y
[WARNING RSZ-0075] makeBufferedNet failed for driver _178_/X
[WARNING RSZ-0075] makeBufferedNet failed for driver _260_/Y
[WARNING RSZ-0075] makeBufferedNet failed for driver _254_/Y
[WARNING RSZ-0075] makeBufferedNet failed for driver _271_/Y
[WARNING RSZ-0075] makeBufferedNet failed for driver _187_/Y
[WARNING RSZ-0075] makeBufferedNet failed for driver dpath.b_reg.out\[0\]$_DFFE_PP_/Q
[WARNING RSZ-0075] makeBufferedNet failed for driver _207_/Y
[WARNING RSZ-0075] makeBufferedNet failed for driver _185_/X
[WARNING RSZ-0075] makeBufferedNet failed for driver _174_/Y
[WARNING RSZ-0075] makeBufferedNet failed for driver _178_/X
[WARNING RSZ-0075] makeBufferedNet failed for driver _260_/Y
       86 |       0 |      10 |        0 |      0 |    19 |    +1.0% |   -2.040 |      -79.9 |     55 | dpath.b_reg.out[0]$_DFFE_PP_/DE
[WARNING RSZ-0075] makeBufferedNet failed for driver _254_/Y
[WARNING RSZ-0075] makeBufferedNet failed for driver _254_/Y
[WARNING RSZ-0075] makeBufferedNet failed for driver _187_/Y
[WARNING RSZ-0075] makeBufferedNet failed for driver dpath.b_reg.out\[0\]$_DFFE_PP_/Q
[WARNING RSZ-0075] makeBufferedNet failed for driver _254_/Y
       90 |       0 |      12 |        0 |      0 |    20 |    +1.8% |   -2.089 |      -81.4 |     55 | dpath.b_reg.out[0]$_DFFE_PP_/DE
[WARNING RSZ-0075] makeBufferedNet failed for driver _254_/Y
[WARNING RSZ-0075] makeBufferedNet failed for driver _187_/Y
[WARNING RSZ-0075] makeBufferedNet failed for driver dpath.b_reg.out\[0\]$_DFFE_PP_/Q
[WARNING RSZ-0075] makeBufferedNet failed for driver _207_/Y
[WARNING RSZ-0075] makeBufferedNet failed for driver _260_/Y
[WARNING RSZ-0075] makeBufferedNet failed for driver _185_/X
[WARNING RSZ-0075] makeBufferedNet failed for driver _174_/Y
[WARNING RSZ-0075] makeBufferedNet failed for driver _178_/X
[WARNING RSZ-0075] makeBufferedNet failed for driver _254_/Y
[WARNING RSZ-0075] makeBufferedNet failed for driver _187_/Y
[WARNING RSZ-0075] makeBufferedNet failed for driver dpath.b_reg.out\[0\]$_DFFE_PP_/Q
[WARNING RSZ-0075] makeBufferedNet failed for driver _207_/Y
[WARNING RSZ-0075] makeBufferedNet failed for driver _260_/Y
[WARNING RSZ-0075] makeBufferedNet failed for driver _185_/X
[WARNING RSZ-0075] makeBufferedNet failed for driver _174_/Y
[WARNING RSZ-0075] makeBufferedNet failed for driver _178_/X
       91 |       0 |      10 |        0 |      0 |    20 |    +1.0% |   -2.040 |      -79.8 |     55 | dpath.b_reg.out[0]$_DFFE_PP_/DE
[WARNING RSZ-0075] makeBufferedNet failed for driver _212_/Y
[WARNING RSZ-0075] makeBufferedNet failed for driver _187_/Y
[WARNING RSZ-0075] makeBufferedNet failed for driver _212_/Y
[WARNING RSZ-0075] makeBufferedNet failed for driver _187_/Y
[WARNING RSZ-0075] makeBufferedNet failed for driver dpath.b_reg.out\[0\]$_DFFE_PP_/Q
[WARNING RSZ-0075] makeBufferedNet failed for driver _212_/Y
[WARNING RSZ-0075] makeBufferedNet failed for driver _187_/Y
[WARNING RSZ-0075] makeBufferedNet failed for driver dpath.b_reg.out\[0\]$_DFFE_PP_/Q
[WARNING RSZ-0075] makeBufferedNet failed for driver _187_/Y
[WARNING RSZ-0075] makeBufferedNet failed for driver _212_/Y
[WARNING RSZ-0075] makeBufferedNet failed for driver dpath.b_reg.out\[0\]$_DFFE_PP_/Q
[WARNING RSZ-0075] makeBufferedNet failed for driver _207_/Y
[WARNING RSZ-0075] makeBufferedNet failed for driver _185_/X
[WARNING RSZ-0075] makeBufferedNet failed for driver _174_/Y
[WARNING RSZ-0075] makeBufferedNet failed for driver _187_/Y
[WARNING RSZ-0075] makeBufferedNet failed for driver _212_/Y
[WARNING RSZ-0075] makeBufferedNet failed for driver dpath.b_reg.out\[0\]$_DFFE_PP_/Q
[WARNING RSZ-0075] makeBufferedNet failed for driver _207_/Y
[WARNING RSZ-0075] makeBufferedNet failed for driver _185_/X
[WARNING RSZ-0075] makeBufferedNet failed for driver _174_/Y
[WARNING RSZ-0075] makeBufferedNet failed for driver _187_/Y
[WARNING RSZ-0075] makeBufferedNet failed for driver _212_/Y
[WARNING RSZ-0075] makeBufferedNet failed for driver dpath.b_reg.out\[0\]$_DFFE_PP_/Q
[WARNING RSZ-0075] makeBufferedNet failed for driver _207_/Y
[WARNING RSZ-0075] makeBufferedNet failed for driver _185_/X
[WARNING RSZ-0075] makeBufferedNet failed for driver _174_/Y
[WARNING RSZ-0075] makeBufferedNet failed for driver _218_/Y
[WARNING RSZ-0075] makeBufferedNet failed for driver _178_/X
       99 |       0 |      10 |        0 |      0 |    20 |    +1.0% |   -2.040 |      -79.8 |     55 | dpath.b_reg.out[0]$_DFFE_PP_/DE
      100 |       0 |      10 |        0 |      0 |    20 |    +1.0% |   -2.040 |      -79.8 |     55 | dpath.b_reg.out[0]$_DFFE_PP_/DE
[WARNING RSZ-0075] makeBufferedNet failed for driver _233_/Y
[WARNING RSZ-0075] makeBufferedNet failed for driver _212_/Y
[WARNING RSZ-0075] makeBufferedNet failed for driver _187_/Y
[WARNING RSZ-0075] makeBufferedNet failed for driver dpath.b_reg.out\[0\]$_DFFE_PP_/Q
[WARNING RSZ-0075] makeBufferedNet failed for driver _187_/Y
[WARNING RSZ-0075] makeBufferedNet failed for driver _212_/Y
[WARNING RSZ-0075] makeBufferedNet failed for driver dpath.b_reg.out\[0\]$_DFFE_PP_/Q
[WARNING RSZ-0075] makeBufferedNet failed for driver _233_/Y
[WARNING RSZ-0075] makeBufferedNet failed for driver _207_/Y
[WARNING RSZ-0075] makeBufferedNet failed for driver _187_/Y
[WARNING RSZ-0075] makeBufferedNet failed for driver _212_/Y
[WARNING RSZ-0075] makeBufferedNet failed for driver dpath.b_reg.out\[0\]$_DFFE_PP_/Q
[WARNING RSZ-0075] makeBufferedNet failed for driver _233_/Y
[WARNING RSZ-0075] makeBufferedNet failed for driver _207_/Y
[WARNING RSZ-0075] makeBufferedNet failed for driver _185_/X
[WARNING RSZ-0075] makeBufferedNet failed for driver _174_/Y
[WARNING RSZ-0075] makeBufferedNet failed for driver _178_/X
[WARNING RSZ-0075] makeBufferedNet failed for driver _187_/Y
[WARNING RSZ-0075] makeBufferedNet failed for driver _212_/Y
[WARNING RSZ-0075] makeBufferedNet failed for driver dpath.b_reg.out\[0\]$_DFFE_PP_/Q
[WARNING RSZ-0075] makeBufferedNet failed for driver _233_/Y
[WARNING RSZ-0075] makeBufferedNet failed for driver _207_/Y
[WARNING RSZ-0075] makeBufferedNet failed for driver _185_/X
[WARNING RSZ-0075] makeBufferedNet failed for driver _174_/Y
[WARNING RSZ-0075] makeBufferedNet failed for driver _178_/X
      107 |       0 |      10 |        0 |      0 |    20 |    +1.0% |   -2.040 |      -79.8 |     55 | dpath.b_reg.out[0]$_DFFE_PP_/DE
[WARNING RSZ-0075] makeBufferedNet failed for driver _212_/Y
[WARNING RSZ-0075] makeBufferedNet failed for driver _187_/Y
      110 |       0 |      12 |        0 |      0 |    20 |    +1.2% |   -2.045 |      -79.4 |     55 | dpath.b_reg.out[0]$_DFFE_PP_/DE
[WARNING RSZ-0075] makeBufferedNet failed for driver _212_/Y
[WARNING RSZ-0075] makeBufferedNet failed for driver _187_/Y
[WARNING RSZ-0075] makeBufferedNet failed for driver dpath.b_reg.out\[0\]$_DFFE_PP_/Q
[WARNING RSZ-0075] makeBufferedNet failed for driver _187_/Y
[WARNING RSZ-0075] makeBufferedNet failed for driver _212_/Y
[WARNING RSZ-0075] makeBufferedNet failed for driver dpath.b_reg.out\[0\]$_DFFE_PP_/Q
[WARNING RSZ-0075] makeBufferedNet failed for driver _207_/Y
[WARNING RSZ-0075] makeBufferedNet failed for driver _185_/X
[WARNING RSZ-0075] makeBufferedNet failed for driver _174_/Y
[WARNING RSZ-0075] makeBufferedNet failed for driver _218_/Y
[WARNING RSZ-0075] makeBufferedNet failed for driver _178_/X
[WARNING RSZ-0075] makeBufferedNet failed for driver _187_/Y
[WARNING RSZ-0075] makeBufferedNet failed for driver _212_/Y
[WARNING RSZ-0075] makeBufferedNet failed for driver dpath.b_reg.out\[0\]$_DFFE_PP_/Q
[WARNING RSZ-0075] makeBufferedNet failed for driver _207_/Y
[WARNING RSZ-0075] makeBufferedNet failed for driver _185_/X
[WARNING RSZ-0075] makeBufferedNet failed for driver _174_/Y
[WARNING RSZ-0075] makeBufferedNet failed for driver _218_/Y
[WARNING RSZ-0075] makeBufferedNet failed for driver _178_/X
      113 |       0 |      10 |        0 |      0 |    20 |    +1.0% |   -2.040 |      -79.8 |     55 | dpath.b_reg.out[0]$_DFFE_PP_/DE
[WARNING RSZ-0075] makeBufferedNet failed for driver _212_/Y
[WARNING RSZ-0075] makeBufferedNet failed for driver _187_/Y
[WARNING RSZ-0075] makeBufferedNet failed for driver dpath.b_reg.out\[0\]$_DFFE_PP_/Q
[WARNING RSZ-0075] makeBufferedNet failed for driver _187_/Y
[WARNING RSZ-0075] makeBufferedNet failed for driver _212_/Y
[WARNING RSZ-0075] makeBufferedNet failed for driver dpath.b_reg.out\[0\]$_DFFE_PP_/Q
[WARNING RSZ-0075] makeBufferedNet failed for driver _207_/Y
[WARNING RSZ-0075] makeBufferedNet failed for driver _187_/Y
[WARNING RSZ-0075] makeBufferedNet failed for driver _212_/Y
[WARNING RSZ-0075] makeBufferedNet failed for driver dpath.b_reg.out\[0\]$_DFFE_PP_/Q
[WARNING RSZ-0075] makeBufferedNet failed for driver _207_/Y
[WARNING RSZ-0075] makeBufferedNet failed for driver _243_/Y
[WARNING RSZ-0075] makeBufferedNet failed for driver _185_/X
[WARNING RSZ-0075] makeBufferedNet failed for driver _174_/Y
[WARNING RSZ-0075] makeBufferedNet failed for driver _178_/X
      118 |       0 |      10 |        0 |      0 |    20 |    +1.0% |   -2.040 |      -79.8 |     55 | dpath.b_reg.out[0]$_DFFE_PP_/DE
      120 |       0 |      11 |        0 |      0 |    20 |    +1.0% |   -2.040 |      -79.7 |     55 | dpath.b_reg.out[0]$_DFFE_PP_/DE
[WARNING RSZ-0075] makeBufferedNet failed for driver _187_/Y
[WARNING RSZ-0075] makeBufferedNet failed for driver dpath.b_reg.out\[0\]$_DFFE_PP_/Q
[WARNING RSZ-0075] makeBufferedNet failed for driver _187_/Y
[WARNING RSZ-0075] makeBufferedNet failed for driver dpath.b_reg.out\[0\]$_DFFE_PP_/Q
[WARNING RSZ-0075] makeBufferedNet failed for driver _195_/Y
[WARNING RSZ-0075] makeBufferedNet failed for driver _187_/Y
[WARNING RSZ-0075] makeBufferedNet failed for driver _195_/Y
[WARNING RSZ-0075] makeBufferedNet failed for driver dpath.b_reg.out\[0\]$_DFFE_PP_/Q
[WARNING RSZ-0075] makeBufferedNet failed for driver _187_/Y
[WARNING RSZ-0075] makeBufferedNet failed for driver _195_/Y
[WARNING RSZ-0075] makeBufferedNet failed for driver dpath.b_reg.out\[0\]$_DFFE_PP_/Q
[WARNING RSZ-0075] makeBufferedNet failed for driver _185_/X
[WARNING RSZ-0075] makeBufferedNet failed for driver _174_/Y
[WARNING RSZ-0075] makeBufferedNet failed for driver _187_/Y
[WARNING RSZ-0075] makeBufferedNet failed for driver _195_/Y
[WARNING RSZ-0075] makeBufferedNet failed for driver dpath.b_reg.out\[0\]$_DFFE_PP_/Q
[WARNING RSZ-0075] makeBufferedNet failed for driver _185_/X
[WARNING RSZ-0075] makeBufferedNet failed for driver _174_/Y
[WARNING RSZ-0075] makeBufferedNet failed for driver _178_/X
[WARNING RSZ-0075] makeBufferedNet failed for driver _187_/Y
[WARNING RSZ-0075] makeBufferedNet failed for driver _195_/Y
[WARNING RSZ-0075] makeBufferedNet failed for driver dpath.b_reg.out\[0\]$_DFFE_PP_/Q
[WARNING RSZ-0075] makeBufferedNet failed for driver _185_/X
[WARNING RSZ-0075] makeBufferedNet failed for driver _174_/Y
[WARNING RSZ-0075] makeBufferedNet failed for driver _178_/X
      125 |       0 |      12 |        0 |      0 |    24 |    +1.0% |   -2.040 |      -79.7 |     55 | dpath.b_reg.out[0]$_DFFE_PP_/DE
[WARNING RSZ-0075] makeBufferedNet failed for driver _212_/Y
[WARNING RSZ-0075] makeBufferedNet failed for driver _187_/Y
[WARNING RSZ-0075] makeBufferedNet failed for driver dpath.b_reg.out\[0\]$_DFFE_PP_/Q
[WARNING RSZ-0075] makeBufferedNet failed for driver _207_/Y
[WARNING RSZ-0075] makeBufferedNet failed for driver _185_/X
[WARNING RSZ-0075] makeBufferedNet failed for driver _174_/Y
[WARNING RSZ-0075] makeBufferedNet failed for driver _212_/Y
[WARNING RSZ-0075] makeBufferedNet failed for driver _187_/Y
[WARNING RSZ-0075] makeBufferedNet failed for driver dpath.b_reg.out\[0\]$_DFFE_PP_/Q
[WARNING RSZ-0075] makeBufferedNet failed for driver _207_/Y
[WARNING RSZ-0075] makeBufferedNet failed for driver _185_/X
[WARNING RSZ-0075] makeBufferedNet failed for driver _174_/Y
[WARNING RSZ-0075] makeBufferedNet failed for driver _178_/X
      128 |       0 |      12 |        0 |      0 |    24 |    +1.0% |   -2.040 |      -79.7 |     55 | dpath.b_reg.out[0]$_DFFE_PP_/DE
[WARNING RSZ-0075] makeBufferedNet failed for driver _187_/Y
[WARNING RSZ-0075] makeBufferedNet failed for driver _195_/Y
[WARNING RSZ-0075] makeBufferedNet failed for driver dpath.b_reg.out\[0\]$_DFFE_PP_/Q
      130 |       0 |      12 |        0 |      0 |    25 |    +1.0% |   -2.040 |      -79.7 |     55 | dpath.b_reg.out[0]$_DFFE_PP_/DE
[WARNING RSZ-0075] makeBufferedNet failed for driver _187_/Y
[WARNING RSZ-0075] makeBufferedNet failed for driver _195_/Y
[WARNING RSZ-0075] makeBufferedNet failed for driver dpath.b_reg.out\[0\]$_DFFE_PP_/Q
[WARNING RSZ-0075] makeBufferedNet failed for driver _185_/X
[WARNING RSZ-0075] makeBufferedNet failed for driver _174_/Y
[WARNING RSZ-0075] makeBufferedNet failed for driver _178_/X
      130 |       0 |      12 |        0 |      0 |    25 |    +1.0% |   -2.040 |      -79.7 |     55 | dpath.b_reg.out[0]$_DFFE_PP_/DE
[WARNING RSZ-0075] makeBufferedNet failed for driver _187_/Y
[WARNING RSZ-0075] makeBufferedNet failed for driver dpath.b_reg.out\[0\]$_DFFE_PP_/Q
[WARNING RSZ-0075] makeBufferedNet failed for driver _187_/Y
[WARNING RSZ-0075] makeBufferedNet failed for driver dpath.b_reg.out\[0\]$_DFFE_PP_/Q
[WARNING RSZ-0075] makeBufferedNet failed for driver _207_/Y
[WARNING RSZ-0075] makeBufferedNet failed for driver _185_/X
[WARNING RSZ-0075] makeBufferedNet failed for driver _174_/Y
[WARNING RSZ-0075] makeBufferedNet failed for driver _178_/X
      132 |       0 |      12 |        0 |      0 |    25 |    +1.0% |   -2.040 |      -79.7 |     55 | dpath.b_reg.out[0]$_DFFE_PP_/DE
[WARNING RSZ-0075] makeBufferedNet failed for driver _187_/Y
[WARNING RSZ-0075] makeBufferedNet failed for driver dpath.b_reg.out\[0\]$_DFFE_PP_/Q
[WARNING RSZ-0075] makeBufferedNet failed for driver _187_/Y
[WARNING RSZ-0075] makeBufferedNet failed for driver dpath.b_reg.out\[0\]$_DFFE_PP_/Q
[WARNING RSZ-0075] makeBufferedNet failed for driver _185_/X
[WARNING RSZ-0075] makeBufferedNet failed for driver _174_/Y
[WARNING RSZ-0075] makeBufferedNet failed for driver _178_/X
      134 |       0 |      12 |        0 |      0 |    26 |    +1.0% |   -2.040 |      -79.7 |     55 | dpath.b_reg.out[0]$_DFFE_PP_/DE
[WARNING RSZ-0075] makeBufferedNet failed for driver dpath.b_reg.out\[0\]$_DFFE_PP_/Q
[WARNING RSZ-0075] makeBufferedNet failed for driver _185_/X
[WARNING RSZ-0075] makeBufferedNet failed for driver _174_/Y
[WARNING RSZ-0075] makeBufferedNet failed for driver dpath.b_reg.out\[0\]$_DFFE_PP_/Q
[WARNING RSZ-0075] makeBufferedNet failed for driver _174_/Y
[WARNING RSZ-0075] makeBufferedNet failed for driver _185_/X
[WARNING RSZ-0075] makeBufferedNet failed for driver _178_/X
      136 |       0 |      12 |        0 |      0 |    27 |    +1.0% |   -2.039 |      -79.7 |     55 | dpath.b_reg.out[0]$_DFFE_PP_/DE
      140 |       0 |      15 |        0 |      0 |    27 |    +1.5% |   -2.039 |      -78.7 |     55 | dpath.b_reg.out[0]$_DFFE_PP_/DE
      141 |       0 |      16 |        0 |      0 |    27 |    +1.5% |   -2.039 |      -78.6 |     53 | dpath.b_reg.out[0]$_DFFE_PP_/DE
      142 |       0 |      16 |        0 |      0 |    27 |    +1.5% |   -2.039 |      -78.6 |     52 | dpath.b_reg.out[0]$_DFFE_PP_/DE
      143 |       0 |      16 |        0 |      0 |    27 |    +1.5% |   -2.039 |      -78.6 |     51 | dpath.b_reg.out[0]$_DFFE_PP_/DE
      144 |       0 |      16 |        0 |      0 |    27 |    +1.5% |   -2.039 |      -78.6 |     50 | dpath.b_reg.out[0]$_DFFE_PP_/DE
      145 |       0 |      16 |        0 |      0 |    27 |    +1.5% |   -2.039 |      -78.6 |     49 | dpath.b_reg.out[0]$_DFFE_PP_/DE
      146 |       0 |      16 |        0 |      0 |    27 |    +1.5% |   -2.039 |      -78.6 |     48 | dpath.b_reg.out[0]$_DFFE_PP_/DE
[WARNING RSZ-0075] makeBufferedNet failed for driver dpath.b_reg.out\[7\]$_DFFE_PP_/Q
[WARNING RSZ-0075] makeBufferedNet failed for driver dpath.b_reg.out\[14\]$_DFFE_PP_/Q
[WARNING RSZ-0075] makeBufferedNet failed for driver dpath.b_reg.out\[12\]$_DFFE_PP_/Q
      150 |       0 |      16 |        0 |      0 |    30 |    +1.5% |   -2.040 |      -78.6 |     48 | dpath.b_reg.out[0]$_DFFE_PP_/DE
[WARNING RSZ-0075] makeBufferedNet failed for driver dpath.b_reg.out\[4\]$_DFFE_PP_/Q
[WARNING RSZ-0075] makeBufferedNet failed for driver dpath.b_reg.out\[9\]$_DFFE_PP_/Q
[WARNING RSZ-0075] makeBufferedNet failed for driver dpath.b_reg.out\[4\]$_DFFE_PP_/Q
[WARNING RSZ-0075] makeBufferedNet failed for driver _161_/Y
[WARNING RSZ-0075] makeBufferedNet failed for driver dpath.b_reg.out\[4\]$_DFFE_PP_/Q
[WARNING RSZ-0075] makeBufferedNet failed for driver _161_/Y
[WARNING RSZ-0075] makeBufferedNet failed for driver dpath.b_reg.out\[4\]$_DFFE_PP_/Q
[WARNING RSZ-0075] makeBufferedNet failed for driver _161_/Y
      154 |       0 |      16 |        0 |      0 |    27 |    +1.5% |   -2.039 |      -78.6 |     48 | dpath.b_reg.out[0]$_DFFE_PP_/DE
[WARNING RSZ-0075] makeBufferedNet failed for driver dpath.b_reg.out\[0\]$_DFFE_PP_/Q
[WARNING RSZ-0075] makeBufferedNet failed for driver _174_/Y
[WARNING RSZ-0075] makeBufferedNet failed for driver dpath.b_reg.out\[0\]$_DFFE_PP_/Q
[WARNING RSZ-0075] makeBufferedNet failed for driver _174_/Y
[WARNING RSZ-0075] makeBufferedNet failed for driver _178_/X
      156 |       0 |      16 |        0 |      0 |    27 |    +1.5% |   -2.039 |      -78.6 |     48 | dpath.b_reg.out[0]$_DFFE_PP_/DE
[WARNING RSZ-0075] makeBufferedNet failed for driver dpath.b_reg.out\[7\]$_DFFE_PP_/Q
[WARNING RSZ-0075] makeBufferedNet failed for driver _161_/Y
[WARNING RSZ-0075] makeBufferedNet failed for driver dpath.b_reg.out\[7\]$_DFFE_PP_/Q
[WARNING RSZ-0075] makeBufferedNet failed for driver _161_/Y
[WARNING RSZ-0075] makeBufferedNet failed for driver dpath.b_reg.out\[7\]$_DFFE_PP_/Q
[WARNING RSZ-0075] makeBufferedNet failed for driver _161_/Y
      159 |       0 |      16 |        0 |      0 |    27 |    +1.5% |   -2.039 |      -78.6 |     48 | dpath.b_reg.out[0]$_DFFE_PP_/DE
      160 |       0 |      16 |        0 |      0 |    27 |    +1.5% |   -2.039 |      -78.6 |     48 | dpath.b_reg.out[0]$_DFFE_PP_/DE
      161 |       0 |      17 |        0 |      0 |    27 |    +1.6% |   -2.039 |      -78.6 |     46 | dpath.b_reg.out[0]$_DFFE_PP_/DE
    final |       0 |      17 |        0 |      0 |    27 |    +1.6% |   -2.039 |      -78.6 |     46 | dpath.b_reg.out[0]$_DFFE_PP_/DE
--------------------------------------------------------------------------------------------------------------
[INFO RSZ-0051] Resized 17 instances: 17 up, 0 up match, 0 down, 0 VT
[INFO RSZ-0043] Swapped pins on 27 instances.
[WARNING RSZ-0062] Unable to repair all setup violations.
Default units for flow
 time 1ns
 capacitance 1pF
 resistance 1kohm
 voltage 1v
 current 1mA
 power 1nW
 distance 1um
Report metrics stage 2, floorplan final...

==========================================================================
floorplan final report_design_area
--------------------------------------------------------------------------
Design area 2441 um^2 43% utilization.
write_db ./results/sky130hd/gcd/base/2_1_floorplan.odb
write_sdc -no_timestamp ./results/sky130hd/gcd/base/2_1_floorplan.sdc
Elapsed time: 0:00.46[h:]min:sec. CPU time: user 0.44 sys 0.11 (120%). Peak memory: 136356KB.
Log                        Elapsed/s Peak Memory/MB  sha1sum .odb [0:20)
2_1_floorplan                      0            133 1c532bdf5515bd69e4f7
