OpenROAD 701085d1e57df45a6aee387c04309628e0233ba8 
Features included (+) or not (-): +GPU +GUI +Python
This program is licensed under the BSD-3 license. See the LICENSE file for details.
Components of this program may be licensed under more restrictive licenses which must be honored.
[INFO ORD-0030] Using 28 thread(s).
read_liberty /home/nanocoh/dev/ORFS-K/try/OpenROAD-flow-scripts-KF/flow/platforms/sky130hd/lib/sky130_fd_sc_hd__tt_025C_1v80.lib
read_db ./results/sky130hd/gcd/base/3_2_place_iop.odb
source /home/nanocoh/dev/ORFS-K/try/OpenROAD-flow-scripts-KF/flow/platforms/sky130hd/setRC.tcl
[INFO RSZ-0026] Removed 7 buffers.
Perform port buffering...
[INFO RSZ-0027] Inserted 35 sky130_fd_sc_hd__clkdlybuf4s50_1 input buffers.
[INFO RSZ-0028] Inserted 18 sky130_fd_sc_hd__clkdlybuf4s50_1 output buffers.
global_placement -density 0.6 -pad_left 0 -pad_right 0 -routability_driven -timing_driven -min_phi_coef 0.95 -max_phi_coef 1.05
[INFO GPL-0005] Execute conjugate gradient initial placement.
[INFO GPL-0002] DBU: 1000
[INFO GPL-0003] SiteSize: (  0.460  2.720 ) um
[INFO GPL-0004] CoreBBox: (  1.380  2.720 ) ( 78.200 76.160 ) um
[INFO GPL-0032] Initializing region: Top-level
[INFO GPL-0006] Number of instances:               360
[INFO GPL-0007] Movable instances:                 288
[INFO GPL-0008] Fixed instances:                    72
[INFO GPL-0009] Dummy instances:                     0
[INFO GPL-0010] Number of nets:                    324
[INFO GPL-0011] Number of pins:                   1001
[INFO GPL-0012] Die BBox:  (  0.000  0.000 ) ( 79.495 79.495 ) um
[INFO GPL-0013] Core BBox: (  1.380  2.720 ) ( 78.200 76.160 ) um
[INFO GPL-0016] Core area:                    5641.661 um^2
[INFO GPL-0014] Region name: top-level.
[INFO GPL-0015] Region area:                  5641.661 um^2
[INFO GPL-0017] Fixed instances area:           90.086 um^2
[INFO GPL-0018] Movable instances area:       3158.940 um^2
[INFO GPL-0019] Utilization:                    56.902 %
[INFO GPL-0020] Standard cells area:          3158.940 um^2
[INFO GPL-0021] Large instances area:            0.000 um^2
[InitialPlace]  Iter: 1 conjugate gradient residual: 0.00000010 HPWL: 5844142
[InitialPlace]  Iter: 2 conjugate gradient residual: 0.00000008 HPWL: 5122515
[InitialPlace]  Iter: 3 conjugate gradient residual: 0.00000008 HPWL: 5064755
[InitialPlace]  Iter: 4 conjugate gradient residual: 0.00000009 HPWL: 5023303
[InitialPlace]  Iter: 5 conjugate gradient residual: 0.00000011 HPWL: 4984344
[INFO GPL-0033] Initializing Nesterov region: Top-level
[INFO GPL-0023] Placement target density:       0.6000
[INFO GPL-0024] Movable insts average area:     10.969 um^2
[INFO GPL-0025] Ideal bin area:                 18.281 um^2
[INFO GPL-0026] Ideal bin count:                   308
[INFO GPL-0027] Total bin area:               5641.661 um^2
[INFO GPL-0028] Bin count (X, Y):          16 ,     16
[INFO GPL-0029] Bin size (W * H):       4.801 *  4.590 um
[INFO GPL-0030] Number of bins:                    256
[INFO GPL-0007] Execute nesterov global placement.
[INFO GPL-0031] HPWL: Half-Perimeter Wirelength
Iteration | Overflow |     HPWL (um) |  HPWL(%) |   Penalty | Group
---------------------------------------------------------------
        0 |   0.6653 |  2.934319e+03 |   +0.00% |  1.46e-13 |      
[INFO GPL-0100] Timing-driven iteration 1/2, virtual: false.
[INFO GPL-0101]    Iter: 2, overflow: 0.634, keep resizer changes at: 1, HPWL: 3061092
Iteration |   Area    | Resized | Buffers | Nets repaired | Remaining
---------------------------------------------------------------------
        0 |     +0.0% |       0 |       0 |             0 |       324
    final |     +0.0% |       0 |       0 |             0 |         0
---------------------------------------------------------------------
   Iter   |    Area   | Removed | Inserted |   Pins
          |           | Buffers | Buffers  | Remaining
-------------------------------------------------------
        0 |     +0.0% |       0 |        0 |       288
       28 |     +0.0% |       0 |        0 |       260
       56 |     +1.5% |       0 |        4 |       232
       84 |     +3.8% |       0 |       13 |       204
      112 |     +5.0% |       0 |       18 |       176
      140 |     +5.3% |       0 |       19 |       148
      168 |     +6.1% |       0 |       22 |       120
      196 |     +7.9% |       0 |       29 |        92
      224 |    +10.7% |       0 |       40 |        64
      252 |    +17.8% |       0 |       66 |        36
      280 |    +18.0% |       0 |       67 |         8
    final |    +18.0% |       0 |       67 |         0
-------------------------------------------------------
[INFO GPL-0106] Timing-driven: worst slack -2.07e-09
[INFO GPL-0107] Timing-driven: repair_design delta area: 528.006 um^2 (+16.71%)
[INFO GPL-0108] Timing-driven: repair_design, gpl delta gcells: 67 (+23.26%)
[INFO GPL-0109] Timing-driven: repair_design, gcells created: 67, deleted: 0
[INFO GPL-0110] Timing-driven: new target density: 0.6951093
Iteration | Overflow |     HPWL (um) |  HPWL(%) |   Penalty | Group
---------------------------------------------------------------
       10 |   0.6193 |  3.481604e+03 |  +18.65% |  2.37e-13 |      
       20 |   0.6133 |  3.516654e+03 |   +1.01% |  3.86e-13 |      
       30 |   0.6095 |  3.526788e+03 |   +0.29% |  6.29e-13 |      
       40 |   0.6101 |  3.526270e+03 |   -0.01% |  1.02e-12 |      
       50 |   0.6104 |  3.526438e+03 |   +0.00% |  1.67e-12 |      
       60 |   0.6097 |  3.528812e+03 |   +0.07% |  2.72e-12 |      
       70 |   0.6088 |  3.530573e+03 |   +0.05% |  4.43e-12 |      
       80 |   0.6083 |  3.530616e+03 |   +0.00% |  7.21e-12 |      
       90 |   0.6082 |  3.529896e+03 |   -0.02% |  1.18e-11 |      
      100 |   0.6081 |  3.528959e+03 |   -0.03% |  1.91e-11 |      
      110 |   0.6074 |  3.527800e+03 |   -0.03% |  3.12e-11 |      
      120 |   0.6059 |  3.527243e+03 |   -0.02% |  5.08e-11 |      
      130 |   0.6033 |  3.527882e+03 |   +0.02% |  8.27e-11 |      
[INFO GPL-0038] Routability snapshot saved at iter = 140
      139 |   0.5995 |  3.529601e+03 |          |           |      
      140 |   0.5991 |  3.529387e+03 |   +0.04% |  1.35e-10 |      
      150 |   0.5929 |  3.531294e+03 |   +0.05% |  2.20e-10 |      
      160 |   0.5829 |  3.533670e+03 |   +0.07% |  3.58e-10 |      
      170 |   0.5700 |  3.537581e+03 |   +0.11% |  5.82e-10 |      
      180 |   0.5534 |  3.544835e+03 |   +0.21% |  9.49e-10 |      
      190 |   0.5348 |  3.556457e+03 |   +0.33% |  1.55e-09 |      
      200 |   0.5081 |  3.574208e+03 |   +0.50% |  2.52e-09 |      
      210 |   0.4721 |  3.591089e+03 |   +0.47% |  4.10e-09 |      
      220 |   0.4281 |  3.611597e+03 |   +0.57% |  6.68e-09 |      
      230 |   0.3858 |  3.638317e+03 |   +0.74% |  1.09e-08 |      
      240 |   0.3573 |  3.726520e+03 |   +2.42% |  1.77e-08 |      
      250 |   0.3215 |  3.795333e+03 |   +1.85% |  2.69e-08 |      
[INFO GPL-0040] Routability iteration: 1
[INFO GPL-0041] Total routing overflow: 0.0000
[INFO GPL-0042] Number of overflowed tiles: 0 (0.00%)
[INFO GPL-0043] Average top 0.5% routing congestion: 0.8561
[INFO GPL-0044] Average top 1.0% routing congestion: 0.8542
[INFO GPL-0045] Average top 2.0% routing congestion: 0.8479
[INFO GPL-0046] Average top 5.0% routing congestion: 0.8314
[INFO GPL-0047] Routability iteration weighted routing congestion: 0.8552
[INFO GPL-0050] Weighted routing congestion is lower than target routing congestion(1.0100), end routability optimization.
[INFO GPL-0090] Routability finished. Target routing congestion achieved succesfully.
Iteration | Overflow |     HPWL (um) |  HPWL(%) |   Penalty | Group
---------------------------------------------------------------
      260 |   0.2955 |  3.842944e+03 |   +1.25% |  3.96e-08 |      
      270 |   0.2659 |  3.909151e+03 |   +1.72% |  5.84e-08 |      
      280 |   0.2380 |  3.962641e+03 |   +1.37% |  8.60e-08 |      
      290 |   0.2131 |  4.020259e+03 |   +1.45% |  1.27e-07 |      
[INFO GPL-0100] Timing-driven iteration 2/2, virtual: false.
[INFO GPL-0101]    Iter: 298, overflow: 0.194, keep resizer changes at: 1, HPWL: 4058594
Iteration |   Area    | Resized | Buffers | Nets repaired | Remaining
---------------------------------------------------------------------
        0 |     +0.0% |       0 |       0 |             0 |       391
    final |     +0.0% |       0 |       0 |             0 |         0
---------------------------------------------------------------------
   Iter   |    Area   | Removed | Inserted |   Pins
          |           | Buffers | Buffers  | Remaining
-------------------------------------------------------
        0 |     +0.0% |       0 |        0 |       288
       28 |     +0.0% |       0 |        0 |       260
       56 |     +0.3% |       4 |        7 |       232
       84 |     -0.1% |      13 |       14 |       204
      112 |     -0.8% |      18 |       16 |       176
      140 |     -0.6% |      19 |       18 |       148
      168 |     -0.6% |      22 |       21 |       120
      196 |     +0.9% |      29 |       35 |        92
      224 |     +2.2% |      40 |       52 |        64
      252 |     +1.9% |      66 |       78 |        36
      280 |     +2.1% |      67 |       80 |         8
    final |     +2.1% |      67 |       80 |         0
-------------------------------------------------------
[INFO GPL-0106] Timing-driven: worst slack -2.14e-09
[INFO GPL-0107] Timing-driven: repair_design delta area: 72.570 um^2 (+1.97%)
[INFO GPL-0108] Timing-driven: repair_design, gpl delta gcells: 13 (+3.66%)
[INFO GPL-0109] Timing-driven: repair_design, gcells created: 80, deleted: 67
[INFO GPL-0110] Timing-driven: new target density: 0.7081812
Iteration | Overflow |     HPWL (um) |  HPWL(%) |   Penalty | Group
---------------------------------------------------------------
      300 |   0.1918 |  4.236906e+03 |   +5.39% |  1.87e-07 |      
      310 |   0.1648 |  4.318298e+03 |   +1.92% |  2.75e-07 |      
      320 |   0.1560 |  4.273402e+03 |   -1.04% |  4.05e-07 |      
      330 |   0.1227 |  4.270612e+03 |   -0.07% |  5.97e-07 |      
      340 |   0.1090 |  4.300060e+03 |   +0.69% |  8.79e-07 |      
      345 |   0.0998 |  4.313289e+03 |          |  1.11e-06 |      
---------------------------------------------------------------
[INFO GPL-1001] Global placement finished at iteration 345
[INFO GPL-1003] Routability mode iteration count: 119
[INFO GPL-1005] Routability final weighted congestion: 0.8449
[INFO GPL-1002] Placed Cell Area             3759.5159
[INFO GPL-1003] Available Free Area          5551.5744
[INFO GPL-1004] Minimum Feasible Density        0.5700 (cell_area / free_area)
[INFO GPL-1006]   Suggested Target Densities:
[INFO GPL-1007]     - For 90% usage of free space: 0.7524
[INFO GPL-1008]     - For 80% usage of free space: 0.8465
[INFO GPL-1011] Original area (um^2): 3158.94
[INFO GPL-1012] Total routability artificial inflation: 528.01 (+16.71%)
[INFO GPL-1013] Total timing-driven delta area: 600.58 (+19.01%)
[INFO GPL-1014] Final placement area: 3759.52 (+19.01%)
estimate_parasitics -placement
Report metrics stage 3, global place...

==========================================================================
global place report_design_area
--------------------------------------------------------------------------
Design area 3528 um^2 63% utilization.
write_db ./results/sky130hd/gcd/base/3_3_place_gp.odb
Elapsed time: 0:00.51[h:]min:sec. CPU time: user 2.71 sys 0.08 (547%). Peak memory: 223664KB.
Log                        Elapsed/s Peak Memory/MB  sha1sum .odb [0:20)
3_3_place_gp                       0            218 b96d345e6bff36e1cb35
