OpenROAD 701085d1e57df45a6aee387c04309628e0233ba8 
Features included (+) or not (-): +GPU +GUI +Python
This program is licensed under the BSD-3 license. See the LICENSE file for details.
Components of this program may be licensed under more restrictive licenses which must be honored.
[INFO ORD-0030] Using 28 thread(s).
read_liberty /home/nanocoh/dev/ORFS-K/try/OpenROAD-flow-scripts-KF/flow/platforms/sky130hd/lib/sky130_fd_sc_hd__tt_025C_1v80.lib
read_db ./results/sky130hd/gcd/base/3_4_place_resized.odb
source /home/nanocoh/dev/ORFS-K/try/OpenROAD-flow-scripts-KF/flow/platforms/sky130hd/setRC.tcl
Placement Analysis
---------------------------------
total displacement        824.1 u
average displacement        1.9 u
max displacement            6.6 u
original HPWL            4330.8 u
legalized HPWL           5022.3 u
delta HPWL                   16 %

Detailed placement improvement.
[INFO DPL-0401] Setting random seed to 1.
[INFO DPL-0402] Setting maximum displacement 5 1 to 13600 2720 units.
[INFO DPL-0320] Collected 126 fixed cells.
[INFO DPL-0318] Collected 368 single height cells.
[INFO DPL-0321] Collected 0 wide cells.
[INFO DPL-0322] Image (1380, 2720) - (78200, 76160)
[INFO DPL-0310] Assigned 368 cells into segments.  Movement in X-direction is 0.000000, movement in Y-direction is 0.000000.
[INFO DPL-0313] Found 0 cells in wrong regions.
[INFO DPL-0315] Found 0 row alignment problems.
[INFO DPL-0314] Found 0 site alignment problems.
[INFO DPL-0311] Found 0 overlaps between adjacent cells.
[INFO DPL-0312] Found 0 edge spacing violations and 0 padding violations.
[INFO DPL-0303] Running algorithm for independent set matching.
[INFO DPL-0300] Set matching objective is wirelength.
[INFO DPL-0301] Pass   1 of matching; objective is 5.017751e+06.
[INFO DPL-0302] End of matching; objective is 5.010499e+06, improvement is 0.14 percent.
[INFO DPL-0303] Running algorithm for global swaps.
[INFO DPL-0306] Pass   1 of global swaps; hpwl is 4.908178e+06.
[INFO DPL-0306] Pass   2 of global swaps; hpwl is 4.883456e+06.
[INFO DPL-0307] End of global swaps; objective is 4.883456e+06, improvement is 2.54 percent.
[INFO DPL-0303] Running algorithm for vertical swaps.
[INFO DPL-0308] Pass   1 of vertical swaps; hpwl is 4.874281e+06.
[INFO DPL-0309] End of vertical swaps; objective is 4.874281e+06, improvement is 0.19 percent.
[INFO DPL-0303] Running algorithm for reordering.
[INFO DPL-0304] Pass   1 of reordering; objective is 4.854157e+06.
[INFO DPL-0305] End of reordering; objective is 4.854157e+06, improvement is 0.41 percent.
[INFO DPL-0303] Running algorithm for random improvement.
[INFO DPL-0324] Random improver is using random generator.
[INFO DPL-0325] Random improver is using hpwl objective.
[INFO DPL-0326] Random improver cost string is (a).
[INFO DPL-0332] End of pass, Generator random called 7360 times.
[INFO DPL-0335] Generator random, Cumulative attempts 7360, swaps 1460, moves  1596 since last reset.
[INFO DPL-0333] End of pass, Objective hpwl, Initial cost 4.854157e+06, Scratch cost 4.741084e+06, Incremental cost 4.741084e+06, Mismatch? N
[INFO DPL-0338] End of pass, Total cost is 4.741084e+06.
[INFO DPL-0327] Pass   1 of random improver; improvement in cost is 2.33 percent.
[INFO DPL-0332] End of pass, Generator random called 7360 times.
[INFO DPL-0335] Generator random, Cumulative attempts 14720, swaps 2905, moves  3110 since last reset.
[INFO DPL-0333] End of pass, Objective hpwl, Initial cost 4.741084e+06, Scratch cost 4.714902e+06, Incremental cost 4.714902e+06, Mismatch? N
[INFO DPL-0338] End of pass, Total cost is 4.714902e+06.
[INFO DPL-0327] Pass   2 of random improver; improvement in cost is 0.55 percent.
[INFO DPL-0328] End of random improver; improvement is 2.868778 percent.
[INFO DPL-0380] Cell flipping.
[INFO DPL-0382] Changed 0 cell orientations for row compatibility.
[INFO DPL-0383] Performed 130 cell flips.
[INFO DPL-0384] End of flipping; objective is 4.467554e+06, improvement is 5.25 percent.
[INFO DPL-0313] Found 0 cells in wrong regions.
[INFO DPL-0315] Found 0 row alignment problems.
[INFO DPL-0314] Found 0 site alignment problems.
[INFO DPL-0311] Found 0 overlaps between adjacent cells.
[INFO DPL-0312] Found 0 edge spacing violations and 0 padding violations.
Detailed Improvement Results
------------------------------------------
Original HPWL             5022.3 u (    2659.5,     2362.8)
Final HPWL                4473.2 u (    2299.2,     2174.0)
Delta HPWL                 -10.9 % (     -13.5,       -8.0)

[INFO DPL-0020] Mirrored 11 instances
[INFO DPL-0021] HPWL before            4473.2 u
[INFO DPL-0022] HPWL after             4471.6 u
[INFO DPL-0023] HPWL delta               -0.0 %
[INFO FLW-0012] Placement violations .
estimate_parasitics -placement
Report metrics stage 3, detailed place...

==========================================================================
detailed place report_design_area
--------------------------------------------------------------------------
Design area 3528 um^2 63% utilization.
write_db ./results/sky130hd/gcd/base/3_5_place_dp.odb
Elapsed time: 0:00.34[h:]min:sec. CPU time: user 0.33 sys 0.05 (113%). Peak memory: 118360KB.
Log                        Elapsed/s Peak Memory/MB  sha1sum .odb [0:20)
3_5_place_dp                       0            115 7eb39bdc4a8f5738d941
