OpenROAD 701085d1e57df45a6aee387c04309628e0233ba8 
Features included (+) or not (-): +GPU +GUI +Python
This program is licensed under the BSD-3 license. See the LICENSE file for details.
Components of this program may be licensed under more restrictive licenses which must be honored.
[INFO ORD-0030] Using 28 thread(s).
read_liberty /home/nanocoh/dev/ORFS-K/try/OpenROAD-flow-scripts-KF/flow/platforms/sky130hd/lib/sky130_fd_sc_hd__tt_025C_1v80.lib
read_db ./results/sky130hd/gcd/base/4_cts.odb
source /home/nanocoh/dev/ORFS-K/try/OpenROAD-flow-scripts-KF/flow/platforms/sky130hd/setRC.tcl
pin_access
[INFO DRT-0149] Reading tech and libs.
[WARNING DRT-0349] LEF58_ENCLOSURE with no CUTCLASS is not supported. Skipping for layer mcon
[WARNING DRT-0349] LEF58_ENCLOSURE with no CUTCLASS is not supported. Skipping for layer mcon
[WARNING DRT-0349] LEF58_ENCLOSURE with no CUTCLASS is not supported. Skipping for layer via
[WARNING DRT-0349] LEF58_ENCLOSURE with no CUTCLASS is not supported. Skipping for layer via
[WARNING DRT-0349] LEF58_ENCLOSURE with no CUTCLASS is not supported. Skipping for layer via2
[WARNING DRT-0349] LEF58_ENCLOSURE with no CUTCLASS is not supported. Skipping for layer via2
[WARNING DRT-0349] LEF58_ENCLOSURE with no CUTCLASS is not supported. Skipping for layer via3
[WARNING DRT-0349] LEF58_ENCLOSURE with no CUTCLASS is not supported. Skipping for layer via3
[WARNING DRT-0349] LEF58_ENCLOSURE with no CUTCLASS is not supported. Skipping for layer via4
[WARNING DRT-0349] LEF58_ENCLOSURE with no CUTCLASS is not supported. Skipping for layer via4

Units:                1000
Number of layers:     13
Number of macros:     441
Number of vias:       29
Number of viarulegen: 25

[INFO DRT-0150] Reading design.

Design:                   gcd
Die area:                 ( 0 0 ) ( 79495 79495 )
Number of track patterns: 12
Number of DEF vias:       0
Number of components:     468
Number of terminals:      56
Number of snets:          2
Number of nets:           429

[INFO DRT-0167] List of default vias:
  Layer via
    default via: M1M2_PR
  Layer via2
    default via: M2M3_PR
  Layer via3
    default via: M3M4_PR
  Layer via4
    default via: M4M5_PR
[INFO DRT-0162] Library cell analysis.
[INFO DRT-0163] Instance analysis.
[INFO DRT-0164] Number of unique instances = 91.
[INFO DRT-0168] Init region query.
[INFO DRT-0024]   Complete FR_MASTERSLICE.
[INFO DRT-0024]   Complete Fr_VIA.
[INFO DRT-0024]   Complete li1.
[INFO DRT-0024]   Complete mcon.
[INFO DRT-0024]   Complete met1.
[INFO DRT-0024]   Complete via.
[INFO DRT-0024]   Complete met2.
[INFO DRT-0024]   Complete via2.
[INFO DRT-0024]   Complete met3.
[INFO DRT-0024]   Complete via3.
[INFO DRT-0024]   Complete met4.
[INFO DRT-0024]   Complete via4.
[INFO DRT-0024]   Complete met5.
[INFO DRT-0033] FR_MASTERSLICE shape region query size = 0.
[INFO DRT-0033] FR_VIA shape region query size = 0.
[INFO DRT-0033] li1 shape region query size = 11153.
[INFO DRT-0033] mcon shape region query size = 7048.
[INFO DRT-0033] met1 shape region query size = 1547.
[INFO DRT-0033] via shape region query size = 350.
[INFO DRT-0033] met2 shape region query size = 235.
[INFO DRT-0033] via2 shape region query size = 280.
[INFO DRT-0033] met3 shape region query size = 239.
[INFO DRT-0033] via3 shape region query size = 280.
[INFO DRT-0033] met4 shape region query size = 88.
[INFO DRT-0033] via4 shape region query size = 13.
[INFO DRT-0033] met5 shape region query size = 23.
[INFO DRT-0165] Start pin access.
[INFO DRT-0078]   Complete 672 pins.
[INFO DRT-0081]   Complete 91 unique inst patterns.
[INFO DRT-0084]   Complete 196 groups.
#scanned instances     = 468
#unique  instances     = 91
#stdCellGenAp          = 2535
#stdCellValidPlanarAp  = 7
#stdCellValidViaAp     = 1856
#stdCellPinNoAp        = 0
#stdCellPinCnt         = 1165
#instTermValidViaApCnt = 0
#macroGenAp            = 0
#macroValidPlanarAp    = 0
#macroValidViaAp       = 0
#macroNoAp             = 0
[INFO DRT-0166] Complete pin access.
[INFO DRT-0267] cpu time = 00:00:24, elapsed time = 00:00:02, memory = 125.29 (MB), peak = 125.29 (MB)
global_route -congestion_report_file ./reports/sky130hd/gcd/base/congestion.rpt -congestion_iterations 30 -congestion_report_iter_step 5 -verbose
[INFO GRT-0020] Min routing layer: met1
[INFO GRT-0021] Max routing layer: met5
[INFO GRT-0022] Global adjustment: 0%
[INFO GRT-0023] Grid origin: (0, 0)
[INFO GRT-0088] Layer li1     Track-Pitch = 0.4600  line-2-Via Pitch: 0.3400
[INFO GRT-0088] Layer met1    Track-Pitch = 0.3400  line-2-Via Pitch: 0.3400
[INFO GRT-0088] Layer met2    Track-Pitch = 0.4600  line-2-Via Pitch: 0.3500
[INFO GRT-0088] Layer met3    Track-Pitch = 0.6800  line-2-Via Pitch: 0.6150
[INFO GRT-0088] Layer met4    Track-Pitch = 0.9200  line-2-Via Pitch: 1.0400
[INFO GRT-0088] Layer met5    Track-Pitch = 3.4000  line-2-Via Pitch: 3.1100
[INFO GRT-0003] Macros: 0
[INFO GRT-0004] Blockages: 806
[INFO GRT-0019] Found 6 clock nets.
[INFO GRT-0001] Minimum degree: 2
[INFO GRT-0002] Maximum degree: 17

[INFO GRT-0053] Routing resources analysis:
          Routing      Original      Derated      Resource
Layer     Direction    Resources     Resources    Reduction (%)
---------------------------------------------------------------
li1        Vertical            0             0          0.00%
met1       Horizontal       1476          1137          22.97%
met2       Vertical         1510          1170          22.52%
met3       Horizontal       1102           862          21.78%
met4       Vertical          730           550          24.66%
met5       Horizontal        180           110          38.89%
---------------------------------------------------------------

[INFO GRT-0197] Via related to pin nodes: 1890
[INFO GRT-0198] Via related Steiner nodes: 25
[INFO GRT-0199] Via filling finished.
[INFO GRT-0111] Final number of vias: 2354
[INFO GRT-0112] Final usage 3D: 8005

[INFO GRT-0096] Final congestion report:
Layer         Resource        Demand        Usage (%)    Max H / Max V / Total Overflow
---------------------------------------------------------------------------------------
li1                  0             0            0.00%             0 /  0 /  0
met1              1137           455           40.02%             0 /  0 /  0
met2              1170           424           36.24%             0 /  0 /  0
met3               862            48            5.57%             0 /  0 /  0
met4               550            16            2.91%             0 /  0 /  0
met5               110             0            0.00%             0 /  0 /  0
---------------------------------------------------------------------------------------
Total             3829           943           24.63%             0 /  0 /  0

[INFO GRT-0018] Total wirelength: 11364 um
[INFO GRT-0014] Routed nets: 429
estimate_parasitics -global_routing
Perform buffer insertion and gate resizing...
repair_design -verbose
Iteration |   Area    | Resized | Buffers | Nets repaired | Remaining
---------------------------------------------------------------------
        0 |     +0.0% |       0 |       0 |             0 |       432
       10 |     +0.0% |       0 |       0 |             0 |       422
       20 |     +0.0% |       0 |       0 |             0 |       412
       30 |     +0.0% |       0 |       0 |             0 |       402
       40 |     +0.0% |       0 |       0 |             0 |       392
       50 |     +0.0% |       0 |       0 |             0 |       382
       60 |     +0.0% |       0 |       0 |             0 |       372
       70 |     +0.0% |       0 |       0 |             0 |       362
       80 |     +0.0% |       0 |       0 |             0 |       352
       90 |     +0.0% |       0 |       0 |             0 |       342
      100 |     +0.0% |       0 |       0 |             0 |       332
      110 |     +0.0% |       0 |       0 |             0 |       322
      120 |     +0.0% |       0 |       0 |             0 |       312
      130 |     +0.0% |       0 |       0 |             0 |       302
      140 |     +0.0% |       0 |       0 |             0 |       292
      150 |     +0.0% |       0 |       0 |             0 |       282
      160 |     +0.0% |       0 |       0 |             0 |       272
      170 |     +0.0% |       0 |       0 |             0 |       262
      180 |     +0.0% |       0 |       0 |             0 |       252
      190 |     +0.0% |       0 |       0 |             0 |       242
      200 |     +0.0% |       0 |       0 |             0 |       232
      210 |     +0.0% |       0 |       0 |             0 |       222
      220 |     +0.0% |       0 |       0 |             0 |       212
      230 |     +0.0% |       0 |       0 |             0 |       202
      240 |     +0.0% |       0 |       0 |             0 |       192
      250 |     +0.0% |       0 |       0 |             0 |       182
      260 |     +0.0% |       0 |       0 |             0 |       172
      270 |     +0.0% |       0 |       0 |             0 |       162
      280 |     +0.0% |       0 |       0 |             0 |       152
      290 |     +0.0% |       0 |       0 |             0 |       142
      300 |     +0.0% |       0 |       0 |             0 |       132
      310 |     +0.0% |       0 |       0 |             0 |       122
      320 |     +0.0% |       0 |       0 |             0 |       112
      330 |     +0.0% |       0 |       0 |             0 |       102
      340 |     +0.0% |       0 |       0 |             0 |        92
      350 |     +0.0% |       0 |       0 |             0 |        82
      360 |     +0.0% |       0 |       0 |             0 |        72
      370 |     +0.0% |       0 |       0 |             0 |        62
      380 |     +0.0% |       0 |       0 |             0 |        52
      390 |     +0.0% |       0 |       0 |             0 |        42
      400 |     +0.0% |       0 |       0 |             0 |        32
      410 |     +0.0% |       0 |       0 |             0 |        22
      420 |     +0.0% |       0 |       0 |             0 |        12
      430 |     +0.0% |       0 |       0 |             0 |         2
    final |     +0.0% |       0 |       0 |             0 |         0
---------------------------------------------------------------------
global_route -start_incremental
detailed_placement
Placement Analysis
---------------------------------
total displacement          0.0 u
average displacement        0.0 u
max displacement            0.0 u
original HPWL            6033.0 u
legalized HPWL           6033.0 u
delta HPWL                    0 %

global_route -end_incremental -congestion_report_file ./reports/sky130hd/gcd/base/congestion_post_repair_design.rpt
Repair setup and hold violations...
estimate_parasitics -global_routing
repair_timing -setup_margin 0 -hold_margin 0 -repair_tns 100 -verbose
[INFO RSZ-0100] Repair move sequence: UnbufferMove SizeUpMove SwapPinsMove BufferMove CloneMove SplitLoadMove 
[INFO RSZ-0094] Found 63 endpoints with setup violations.
[INFO RSZ-0099] Repairing 63 out of 63 (100.00%) violating endpoints...
   Iter   | Removed | Resized | Inserted | Cloned |  Pin  |   Area   |    WNS   |   TNS      |  Viol  | Worst
          | Buffers |  Gates  | Buffers  |  Gates | Swaps |          |          |            | Endpts | Endpt
--------------------------------------------------------------------------------------------------------------
        0 |       0 |       0 |        0 |      0 |     0 |    +0.0% |   -2.481 |     -104.2 |     63 | dpath.a_reg.out[11]$_DFFE_PP_/D
       10 |       0 |       2 |        3 |      0 |     4 |    +1.0% |   -2.363 |     -100.9 |     63 | dpath.a_reg.out[3]$_DFFE_PP_/D
       20 |       0 |       7 |        5 |      0 |     7 |    +2.0% |   -2.348 |      -99.4 |     63 | dpath.a_reg.out[0]$_DFFE_PP_/D
       25 |       0 |       7 |        5 |      0 |     6 |    +2.0% |   -2.311 |      -99.3 |     63 | dpath.a_reg.out[0]$_DFFE_PP_/D
       29 |       0 |       7 |        5 |      0 |     6 |    +2.0% |   -2.311 |      -99.3 |     63 | dpath.a_reg.out[0]$_DFFE_PP_/D
       30 |       0 |       7 |        5 |      0 |     6 |    +2.0% |   -2.311 |      -99.3 |     63 | dpath.a_reg.out[0]$_DFFE_PP_/D
       32 |       0 |       7 |        6 |      0 |     7 |    +2.2% |   -2.297 |      -98.8 |     63 | dpath.a_reg.out[0]$_DFFE_PP_/D
       34 |       0 |       7 |        6 |      0 |     8 |    +2.2% |   -2.297 |      -98.8 |     63 | dpath.a_reg.out[0]$_DFFE_PP_/D
       39 |       0 |       8 |        6 |      0 |     8 |    +2.3% |   -2.297 |      -98.8 |     63 | dpath.a_reg.out[0]$_DFFE_PP_/D
       40 |       0 |       8 |        6 |      0 |     8 |    +2.3% |   -2.297 |      -98.8 |     63 | dpath.a_reg.out[0]$_DFFE_PP_/D
       40 |       0 |       8 |        6 |      0 |     8 |    +2.3% |   -2.297 |      -98.8 |     63 | dpath.a_reg.out[0]$_DFFE_PP_/D
       44 |       0 |       8 |        6 |      0 |     8 |    +2.3% |   -2.297 |      -98.8 |     63 | dpath.a_reg.out[0]$_DFFE_PP_/D
       47 |       0 |       8 |        6 |      0 |     8 |    +2.3% |   -2.297 |      -98.8 |     63 | dpath.a_reg.out[0]$_DFFE_PP_/D
       49 |       0 |       8 |        6 |      0 |     9 |    +2.3% |   -2.297 |      -98.8 |     63 | dpath.a_reg.out[0]$_DFFE_PP_/D
       50 |       0 |       8 |        6 |      0 |     9 |    +2.3% |   -2.297 |      -98.8 |     63 | dpath.a_reg.out[0]$_DFFE_PP_/D
       51 |       0 |       8 |        6 |      0 |     9 |    +2.3% |   -2.297 |      -98.8 |     63 | dpath.a_reg.out[0]$_DFFE_PP_/D
       53 |       0 |       8 |        6 |      0 |     9 |    +2.3% |   -2.297 |      -98.8 |     63 | dpath.a_reg.out[0]$_DFFE_PP_/D
       55 |       0 |       8 |        6 |      0 |     9 |    +2.3% |   -2.297 |      -98.8 |     63 | dpath.a_reg.out[0]$_DFFE_PP_/D
       57 |       0 |       8 |        6 |      0 |    10 |    +2.3% |   -2.297 |      -98.8 |     63 | dpath.a_reg.out[0]$_DFFE_PP_/D
       59 |       0 |       8 |        6 |      0 |    10 |    +2.3% |   -2.297 |      -98.8 |     63 | dpath.a_reg.out[0]$_DFFE_PP_/D
       60 |       0 |       8 |        6 |      0 |    10 |    +2.3% |   -2.297 |      -98.8 |     63 | dpath.a_reg.out[0]$_DFFE_PP_/D
       61 |       0 |       8 |        6 |      0 |    10 |    +2.3% |   -2.297 |      -98.8 |     63 | dpath.a_reg.out[0]$_DFFE_PP_/D
       64 |       0 |       8 |        7 |      0 |    10 |    +2.4% |   -2.297 |      -99.7 |     63 | dpath.a_reg.out[0]$_DFFE_PP_/D
       70 |       0 |       9 |        8 |      0 |    13 |    +2.8% |   -2.297 |      -99.6 |     63 | dpath.a_reg.out[0]$_DFFE_PP_/D
       74 |       1 |      10 |        9 |      0 |    13 |    +2.9% |   -2.297 |      -99.4 |     63 | dpath.a_reg.out[0]$_DFFE_PP_/D
       76 |       1 |      10 |        9 |      0 |    14 |    +2.9% |   -2.297 |      -99.2 |     63 | dpath.a_reg.out[0]$_DFFE_PP_/D
       77 |       1 |      10 |        9 |      0 |    14 |    +2.9% |   -2.297 |      -99.2 |     63 | dpath.a_reg.out[0]$_DFFE_PP_/D
       78 |       1 |      10 |        9 |      0 |    14 |    +2.9% |   -2.297 |      -99.2 |     63 | dpath.a_reg.out[0]$_DFFE_PP_/D
       79 |       1 |      10 |        9 |      0 |    14 |    +2.9% |   -2.297 |      -99.2 |     63 | dpath.a_reg.out[0]$_DFFE_PP_/D
       80 |       1 |      10 |        9 |      0 |    14 |    +2.9% |   -2.297 |      -99.2 |     63 | dpath.a_reg.out[0]$_DFFE_PP_/D
       80 |       1 |      10 |        9 |      0 |    14 |    +2.9% |   -2.297 |      -99.2 |     63 | dpath.a_reg.out[0]$_DFFE_PP_/D
       81 |       1 |      10 |        9 |      0 |    14 |    +2.9% |   -2.297 |      -99.2 |     63 | dpath.a_reg.out[0]$_DFFE_PP_/D
       82 |       1 |      10 |        9 |      0 |    14 |    +2.9% |   -2.297 |      -99.2 |     63 | dpath.a_reg.out[0]$_DFFE_PP_/D
       83 |       1 |      10 |        9 |      0 |    14 |    +2.9% |   -2.297 |      -99.2 |     63 | dpath.a_reg.out[0]$_DFFE_PP_/D
       90 |       1 |      13 |       10 |      0 |    16 |    +3.3% |   -2.301 |      -99.4 |     63 | dpath.a_reg.out[0]$_DFFE_PP_/D
       91 |       1 |      12 |       10 |      0 |    16 |    +3.2% |   -2.295 |      -99.3 |     63 | dpath.a_reg.out[0]$_DFFE_PP_/D
       93 |       1 |      12 |       10 |      0 |    16 |    +3.2% |   -2.295 |      -99.3 |     63 | dpath.a_reg.out[0]$_DFFE_PP_/D
       94 |       1 |      12 |       10 |      0 |    16 |    +3.2% |   -2.295 |      -99.3 |     63 | dpath.a_reg.out[0]$_DFFE_PP_/D
       95 |       1 |      12 |       10 |      0 |    16 |    +3.2% |   -2.295 |      -99.3 |     63 | dpath.a_reg.out[0]$_DFFE_PP_/D
       96 |       1 |      12 |       10 |      0 |    16 |    +3.2% |   -2.295 |      -99.3 |     63 | dpath.a_reg.out[0]$_DFFE_PP_/D
       97 |       1 |      12 |       10 |      0 |    16 |    +3.2% |   -2.295 |      -99.3 |     63 | dpath.a_reg.out[0]$_DFFE_PP_/D
       98 |       1 |      12 |       10 |      0 |    16 |    +3.2% |   -2.295 |      -99.3 |     63 | dpath.a_reg.out[0]$_DFFE_PP_/D
       99 |       1 |      12 |       10 |      0 |    16 |    +3.2% |   -2.295 |      -99.3 |     63 | dpath.a_reg.out[0]$_DFFE_PP_/D
      100 |       1 |      12 |       10 |      0 |    16 |    +3.2% |   -2.295 |      -99.3 |     63 | dpath.a_reg.out[0]$_DFFE_PP_/D
      100 |       1 |      12 |       10 |      0 |    16 |    +3.2% |   -2.295 |      -99.3 |     63 | dpath.a_reg.out[0]$_DFFE_PP_/D
      104 |       1 |      13 |       10 |      0 |    16 |    +3.4% |   -2.295 |      -99.3 |     63 | dpath.a_reg.out[0]$_DFFE_PP_/D
      109 |       1 |      13 |       10 |      0 |    17 |    +3.4% |   -2.295 |      -99.3 |     63 | dpath.a_reg.out[0]$_DFFE_PP_/D
      110 |       1 |      13 |       10 |      0 |    17 |    +3.4% |   -2.295 |      -99.3 |     63 | dpath.a_reg.out[0]$_DFFE_PP_/D
      112 |       1 |      14 |       10 |      0 |    18 |    +3.5% |   -2.295 |      -99.2 |     63 | dpath.a_reg.out[0]$_DFFE_PP_/D
      118 |       1 |      14 |       10 |      0 |    19 |    +3.5% |   -2.295 |      -99.2 |     63 | dpath.a_reg.out[0]$_DFFE_PP_/D
      120 |       1 |      15 |       10 |      0 |    19 |    +3.5% |   -2.295 |      -99.0 |     63 | dpath.a_reg.out[0]$_DFFE_PP_/D
      130 |       3 |      20 |       11 |      0 |    21 |    +3.6% |   -2.309 |      -99.0 |     63 | dpath.a_reg.out[0]$_DFFE_PP_/D
      132 |       1 |      15 |       10 |      0 |    19 |    +3.5% |   -2.295 |      -99.0 |     63 | dpath.a_reg.out[0]$_DFFE_PP_/D
      140 |       3 |      17 |       12 |      0 |    20 |    +3.7% |   -2.309 |      -99.2 |     63 | dpath.a_reg.out[0]$_DFFE_PP_/D
      143 |       1 |      16 |       10 |      0 |    20 |    +3.6% |   -2.295 |      -99.0 |     63 | dpath.a_reg.out[0]$_DFFE_PP_/D
      148 |       2 |      17 |       11 |      0 |    21 |    +3.6% |   -2.295 |      -99.0 |     63 | dpath.a_reg.out[0]$_DFFE_PP_/D
      150 |       2 |      17 |       11 |      0 |    22 |    +3.6% |   -2.295 |      -99.0 |     63 | dpath.a_reg.out[0]$_DFFE_PP_/D
      150 |       2 |      17 |       11 |      0 |    21 |    +3.6% |   -2.295 |      -99.0 |     63 | dpath.a_reg.out[0]$_DFFE_PP_/D
      160 |       3 |      21 |       14 |      0 |    22 |    +4.5% |   -2.295 |      -99.0 |     63 | dpath.a_reg.out[0]$_DFFE_PP_/D
      168 |       3 |      19 |       12 |      0 |    22 |    +3.9% |   -2.295 |      -98.8 |     63 | dpath.a_reg.out[0]$_DFFE_PP_/D
      170 |       3 |      20 |       12 |      0 |    22 |    +4.0% |   -2.309 |      -99.4 |     63 | dpath.a_reg.out[0]$_DFFE_PP_/D
      179 |       3 |      19 |       12 |      0 |    22 |    +3.9% |   -2.295 |      -98.8 |     63 | dpath.a_reg.out[0]$_DFFE_PP_/D
      180 |       3 |      19 |       12 |      0 |    22 |    +3.9% |   -2.295 |      -98.8 |     63 | dpath.a_reg.out[0]$_DFFE_PP_/D
      185 |       3 |      21 |       12 |      0 |    23 |    +3.8% |   -2.295 |      -98.8 |     63 | dpath.a_reg.out[0]$_DFFE_PP_/D
      190 |       3 |      23 |       13 |      0 |    24 |    +4.3% |   -2.295 |      -98.7 |     63 | dpath.a_reg.out[0]$_DFFE_PP_/D
      194 |       3 |      24 |       13 |      0 |    24 |    +4.2% |   -2.295 |      -98.7 |     63 | dpath.a_reg.out[0]$_DFFE_PP_/D
      200 |       3 |      26 |       14 |      0 |    26 |    +4.8% |   -2.295 |      -98.8 |     63 | dpath.a_reg.out[0]$_DFFE_PP_/D
      205 |       5 |      27 |       15 |      0 |    26 |    +4.7% |   -2.295 |      -98.5 |     63 | dpath.a_reg.out[0]$_DFFE_PP_/D
      210 |       5 |      27 |       17 |      0 |    28 |    +5.1% |   -2.295 |      -98.8 |     63 | dpath.a_reg.out[0]$_DFFE_PP_/D
      216 |       5 |      27 |       15 |      0 |    26 |    +4.7% |   -2.295 |      -98.5 |     63 | dpath.a_reg.out[0]$_DFFE_PP_/D
      220 |       6 |      27 |       16 |      0 |    27 |    +4.7% |   -2.295 |      -98.7 |     63 | dpath.a_reg.out[0]$_DFFE_PP_/D
      224 |       7 |      27 |       16 |      0 |    27 |    +4.6% |   -2.295 |      -98.4 |     63 | dpath.a_reg.out[0]$_DFFE_PP_/D
      230 |       8 |      28 |       17 |      0 |    29 |    +4.6% |   -2.295 |      -98.4 |     63 | dpath.a_reg.out[0]$_DFFE_PP_/D
      230 |       7 |      27 |       16 |      0 |    27 |    +4.6% |   -2.295 |      -98.4 |     63 | dpath.a_reg.out[0]$_DFFE_PP_/D
      235 |       7 |      27 |       17 |      0 |    28 |    +4.7% |   -2.295 |      -98.4 |     63 | dpath.a_reg.out[0]$_DFFE_PP_/D
      240 |       7 |      30 |       19 |      0 |    28 |    +5.4% |   -2.295 |      -99.4 |     63 | dpath.a_reg.out[0]$_DFFE_PP_/D
      241 |       7 |      27 |       17 |      0 |    28 |    +4.7% |   -2.295 |      -98.4 |     63 | dpath.a_reg.out[0]$_DFFE_PP_/D
      246 |       7 |      27 |       17 |      0 |    28 |    +4.7% |   -2.295 |      -98.4 |     63 | dpath.a_reg.out[0]$_DFFE_PP_/D
      250 |       7 |      29 |       19 |      0 |    28 |    +5.3% |   -2.295 |      -99.4 |     63 | dpath.a_reg.out[0]$_DFFE_PP_/D
      252 |       7 |      27 |       17 |      0 |    28 |    +4.7% |   -2.295 |      -98.4 |     63 | dpath.a_reg.out[0]$_DFFE_PP_/D
      260 |       7 |      33 |       19 |      0 |    28 |    +5.6% |   -2.295 |      -99.6 |     63 | dpath.a_reg.out[0]$_DFFE_PP_/D
      262 |       7 |      29 |       17 |      0 |    28 |    +4.8% |   -2.295 |      -98.4 |     63 | dpath.a_reg.out[0]$_DFFE_PP_/D
      268 |       7 |      29 |       17 |      0 |    28 |    +4.8% |   -2.295 |      -98.4 |     63 | dpath.a_reg.out[0]$_DFFE_PP_/D
      270 |       7 |      29 |       19 |      0 |    28 |    +5.2% |   -2.295 |      -99.8 |     63 | dpath.a_reg.out[0]$_DFFE_PP_/D
      274 |       7 |      29 |       17 |      0 |    28 |    +4.8% |   -2.295 |      -98.4 |     63 | dpath.a_reg.out[0]$_DFFE_PP_/D
      280 |       7 |      32 |       20 |      0 |    28 |    +5.7% |   -2.295 |      -99.5 |     63 | dpath.a_reg.out[0]$_DFFE_PP_/D
      280 |       7 |      29 |       17 |      0 |    28 |    +4.8% |   -2.295 |      -98.4 |     63 | dpath.a_reg.out[0]$_DFFE_PP_/D
      288 |       7 |      30 |       17 |      0 |    28 |    +4.8% |   -2.295 |      -98.4 |     63 | dpath.a_reg.out[0]$_DFFE_PP_/D
      290 |       7 |      31 |       17 |      0 |    28 |    +4.8% |   -2.295 |      -98.3 |     63 | dpath.a_reg.out[0]$_DFFE_PP_/D
      295 |       7 |      31 |       17 |      0 |    28 |    +4.8% |   -2.295 |      -98.3 |     63 | dpath.a_reg.out[0]$_DFFE_PP_/D
      300 |       7 |      34 |       19 |      0 |    28 |    +5.4% |   -2.295 |      -99.6 |     63 | dpath.a_reg.out[0]$_DFFE_PP_/D
      302 |       7 |      31 |       17 |      0 |    28 |    +4.8% |   -2.295 |      -98.3 |     63 | dpath.a_reg.out[0]$_DFFE_PP_/D
      304 |       7 |      32 |       17 |      0 |    28 |    +4.8% |   -2.295 |      -98.3 |     61 | dpath.a_reg.out[0]$_DFFE_PP_/D
      308 |       7 |      32 |       17 |      0 |    28 |    +4.8% |   -2.295 |      -98.3 |     61 | dpath.a_reg.out[0]$_DFFE_PP_/D
     309* |       7 |      32 |       17 |      0 |    28 |    +4.8% |   -2.295 |      -98.3 |     63 | dpath.a_reg.out[0]$_DFFE_PP_/D
     310* |       7 |      32 |       17 |      0 |    28 |    +4.8% |   -2.295 |      -98.3 |     63 | dpath.a_reg.out[0]$_DFFE_PP_/D
     310* |       7 |      32 |       17 |      0 |    28 |    +4.8% |   -2.295 |      -98.3 |     63 | dpath.a_reg.out[0]$_DFFE_PP_/D
     311* |       7 |      32 |       17 |      0 |    28 |    +4.8% |   -2.295 |      -98.3 |     63 | dpath.a_reg.out[0]$_DFFE_PP_/D
     312* |       7 |      32 |       17 |      0 |    28 |    +4.8% |   -2.295 |      -98.3 |     63 | dpath.a_reg.out[0]$_DFFE_PP_/D
     313* |       7 |      32 |       17 |      0 |    28 |    +4.8% |   -2.295 |      -98.3 |     63 | dpath.a_reg.out[0]$_DFFE_PP_/D
     314* |       7 |      32 |       17 |      0 |    28 |    +4.8% |   -2.295 |      -98.3 |     63 | dpath.a_reg.out[0]$_DFFE_PP_/D
     315* |       7 |      32 |       17 |      0 |    28 |    +4.8% |   -2.295 |      -98.3 |     63 | dpath.a_reg.out[0]$_DFFE_PP_/D
     316* |       7 |      32 |       17 |      0 |    28 |    +4.8% |   -2.295 |      -98.3 |     63 | dpath.a_reg.out[0]$_DFFE_PP_/D
     317* |       7 |      32 |       17 |      0 |    28 |    +4.8% |   -2.295 |      -98.3 |     63 | dpath.a_reg.out[0]$_DFFE_PP_/D
     318* |       7 |      32 |       17 |      0 |    28 |    +4.8% |   -2.295 |      -98.3 |     63 | dpath.a_reg.out[0]$_DFFE_PP_/D
     319* |       7 |      32 |       17 |      0 |    28 |    +4.8% |   -2.295 |      -98.3 |     63 | dpath.a_reg.out[0]$_DFFE_PP_/D
     320* |       7 |      32 |       17 |      0 |    28 |    +4.8% |   -2.295 |      -98.3 |     63 | dpath.a_reg.out[0]$_DFFE_PP_/D
     320* |       7 |      32 |       17 |      0 |    28 |    +4.8% |   -2.295 |      -98.3 |     63 | dpath.a_reg.out[0]$_DFFE_PP_/D
     321* |       7 |      32 |       17 |      0 |    28 |    +4.8% |   -2.295 |      -98.3 |     63 | dpath.a_reg.out[0]$_DFFE_PP_/D
     322* |       7 |      32 |       17 |      0 |    28 |    +4.8% |   -2.295 |      -98.3 |     63 | dpath.a_reg.out[0]$_DFFE_PP_/D
     323* |       7 |      32 |       17 |      0 |    28 |    +4.8% |   -2.295 |      -98.3 |     63 | dpath.a_reg.out[0]$_DFFE_PP_/D
     324* |       7 |      32 |       17 |      0 |    28 |    +4.8% |   -2.295 |      -98.3 |     63 | dpath.a_reg.out[0]$_DFFE_PP_/D
     325* |       7 |      32 |       17 |      0 |    28 |    +4.8% |   -2.295 |      -98.3 |     63 | dpath.a_reg.out[0]$_DFFE_PP_/D
     326* |       7 |      32 |       17 |      0 |    28 |    +4.8% |   -2.295 |      -98.3 |     63 | dpath.a_reg.out[0]$_DFFE_PP_/D
     327* |       7 |      32 |       17 |      0 |    28 |    +4.8% |   -2.295 |      -98.3 |     63 | dpath.a_reg.out[0]$_DFFE_PP_/D
     328* |       7 |      32 |       17 |      0 |    28 |    +4.8% |   -2.295 |      -98.3 |     63 | dpath.a_reg.out[0]$_DFFE_PP_/D
     329* |       7 |      32 |       17 |      0 |    28 |    +4.8% |   -2.295 |      -98.3 |     63 | dpath.a_reg.out[0]$_DFFE_PP_/D
     330* |       7 |      32 |       17 |      0 |    28 |    +4.8% |   -2.295 |      -98.3 |     63 | dpath.a_reg.out[0]$_DFFE_PP_/D
     330* |       7 |      32 |       17 |      0 |    28 |    +4.8% |   -2.295 |      -98.3 |     63 | dpath.a_reg.out[0]$_DFFE_PP_/D
     331* |       7 |      32 |       17 |      0 |    28 |    +4.8% |   -2.295 |      -98.3 |     63 | dpath.a_reg.out[0]$_DFFE_PP_/D
     332* |       7 |      32 |       17 |      0 |    28 |    +4.8% |   -2.295 |      -98.3 |     63 | dpath.a_reg.out[0]$_DFFE_PP_/D
     333* |       7 |      32 |       17 |      0 |    28 |    +4.8% |   -2.295 |      -98.3 |     63 | dpath.a_reg.out[0]$_DFFE_PP_/D
     334* |       7 |      32 |       17 |      0 |    28 |    +4.8% |   -2.295 |      -98.3 |     63 | dpath.a_reg.out[0]$_DFFE_PP_/D
     335* |       7 |      32 |       17 |      0 |    28 |    +4.8% |   -2.295 |      -98.3 |     63 | dpath.a_reg.out[0]$_DFFE_PP_/D
     336* |       7 |      32 |       17 |      0 |    28 |    +4.8% |   -2.295 |      -98.3 |     63 | dpath.a_reg.out[0]$_DFFE_PP_/D
     337* |       7 |      32 |       17 |      0 |    28 |    +4.8% |   -2.295 |      -98.3 |     63 | dpath.a_reg.out[0]$_DFFE_PP_/D
     338* |       7 |      32 |       17 |      0 |    28 |    +4.8% |   -2.295 |      -98.3 |     63 | dpath.a_reg.out[0]$_DFFE_PP_/D
     339* |       7 |      32 |       17 |      0 |    28 |    +4.8% |   -2.295 |      -98.3 |     63 | dpath.a_reg.out[0]$_DFFE_PP_/D
     340* |       7 |      32 |       17 |      0 |    28 |    +4.8% |   -2.295 |      -98.3 |     63 | dpath.a_reg.out[0]$_DFFE_PP_/D
     340* |       7 |      32 |       17 |      0 |    28 |    +4.8% |   -2.295 |      -98.3 |     63 | dpath.a_reg.out[0]$_DFFE_PP_/D
     341* |       7 |      32 |       17 |      0 |    28 |    +4.8% |   -2.295 |      -98.3 |     63 | dpath.a_reg.out[0]$_DFFE_PP_/D
     342* |       7 |      32 |       17 |      0 |    28 |    +4.8% |   -2.295 |      -98.3 |     63 | dpath.a_reg.out[0]$_DFFE_PP_/D
     343* |       7 |      32 |       17 |      0 |    28 |    +4.8% |   -2.295 |      -98.3 |     63 | dpath.a_reg.out[0]$_DFFE_PP_/D
     344* |       7 |      32 |       17 |      0 |    28 |    +4.8% |   -2.295 |      -98.3 |     63 | dpath.a_reg.out[0]$_DFFE_PP_/D
     345* |       7 |      32 |       17 |      0 |    28 |    +4.8% |   -2.295 |      -98.3 |     63 | dpath.a_reg.out[0]$_DFFE_PP_/D
     346* |       7 |      32 |       17 |      0 |    28 |    +4.8% |   -2.295 |      -98.3 |     63 | dpath.a_reg.out[0]$_DFFE_PP_/D
     348* |       7 |      33 |       17 |      0 |    28 |    +5.0% |   -2.295 |      -98.3 |     63 | dpath.a_reg.out[0]$_DFFE_PP_/D
     349* |       7 |      33 |       17 |      0 |    28 |    +5.0% |   -2.295 |      -98.3 |     63 | dpath.a_reg.out[0]$_DFFE_PP_/D
     350* |       7 |      33 |       17 |      0 |    28 |    +5.0% |   -2.295 |      -98.3 |     63 | dpath.a_reg.out[0]$_DFFE_PP_/D
     350* |       7 |      33 |       17 |      0 |    28 |    +5.0% |   -2.295 |      -98.3 |     63 | dpath.a_reg.out[0]$_DFFE_PP_/D
     351* |       7 |      33 |       17 |      0 |    28 |    +5.0% |   -2.295 |      -98.3 |     63 | dpath.a_reg.out[0]$_DFFE_PP_/D
     352* |       7 |      33 |       17 |      0 |    28 |    +5.0% |   -2.295 |      -98.3 |     63 | dpath.a_reg.out[0]$_DFFE_PP_/D
     353* |       7 |      33 |       17 |      0 |    28 |    +5.0% |   -2.295 |      -98.3 |     63 | dpath.a_reg.out[0]$_DFFE_PP_/D
     354* |       7 |      33 |       17 |      0 |    28 |    +5.0% |   -2.295 |      -98.3 |     63 | dpath.a_reg.out[0]$_DFFE_PP_/D
     355* |       7 |      33 |       17 |      0 |    28 |    +5.0% |   -2.295 |      -98.3 |     63 | dpath.a_reg.out[0]$_DFFE_PP_/D
     356* |       7 |      33 |       17 |      0 |    28 |    +5.0% |   -2.295 |      -98.3 |     63 | dpath.a_reg.out[0]$_DFFE_PP_/D
     357* |       7 |      33 |       17 |      0 |    28 |    +5.0% |   -2.295 |      -98.3 |     63 | dpath.a_reg.out[0]$_DFFE_PP_/D
     358* |       7 |      33 |       17 |      0 |    28 |    +5.0% |   -2.295 |      -98.3 |     63 | dpath.a_reg.out[0]$_DFFE_PP_/D
     359* |       7 |      33 |       17 |      0 |    28 |    +5.0% |   -2.295 |      -98.3 |     63 | dpath.a_reg.out[0]$_DFFE_PP_/D
     360* |       7 |      33 |       17 |      0 |    28 |    +5.0% |   -2.295 |      -98.3 |     63 | dpath.a_reg.out[0]$_DFFE_PP_/D
     360* |       7 |      33 |       17 |      0 |    28 |    +5.0% |   -2.295 |      -98.3 |     63 | dpath.a_reg.out[0]$_DFFE_PP_/D
     361* |       7 |      33 |       17 |      0 |    28 |    +5.0% |   -2.295 |      -98.3 |     63 | dpath.a_reg.out[0]$_DFFE_PP_/D
     362* |       7 |      33 |       17 |      0 |    28 |    +5.0% |   -2.295 |      -98.3 |     63 | dpath.a_reg.out[0]$_DFFE_PP_/D
     363* |       7 |      33 |       17 |      0 |    28 |    +5.0% |   -2.295 |      -98.3 |     63 | dpath.a_reg.out[0]$_DFFE_PP_/D
     364* |       7 |      33 |       17 |      0 |    28 |    +5.0% |   -2.295 |      -98.3 |     63 | dpath.a_reg.out[0]$_DFFE_PP_/D
     365* |       7 |      33 |       17 |      0 |    28 |    +5.0% |   -2.295 |      -98.3 |     63 | dpath.a_reg.out[0]$_DFFE_PP_/D
     366* |       7 |      33 |       17 |      0 |    28 |    +5.0% |   -2.295 |      -98.3 |     63 | dpath.a_reg.out[0]$_DFFE_PP_/D
     368* |       7 |      34 |       17 |      0 |    28 |    +5.1% |   -2.295 |      -98.3 |     63 | dpath.a_reg.out[0]$_DFFE_PP_/D
     370* |       7 |      35 |       17 |      0 |    28 |    +5.1% |   -2.295 |      -98.3 |     63 | dpath.a_reg.out[0]$_DFFE_PP_/D
     371* |       7 |      36 |       17 |      0 |    28 |    +5.1% |   -2.295 |      -98.3 |     63 | dpath.a_reg.out[0]$_DFFE_PP_/D
     374* |       7 |      38 |       17 |      0 |    28 |    +5.3% |   -2.295 |      -98.2 |     63 | dpath.a_reg.out[0]$_DFFE_PP_/D
     376* |       7 |      39 |       17 |      0 |    28 |    +5.4% |   -2.295 |      -98.2 |     63 | dpath.a_reg.out[0]$_DFFE_PP_/D
     377* |       7 |      39 |       17 |      0 |    28 |    +5.4% |   -2.295 |      -98.2 |     63 | dpath.a_reg.out[0]$_DFFE_PP_/D
     379* |       7 |      39 |       17 |      0 |    29 |    +5.4% |   -2.295 |      -98.2 |     61 | dpath.a_reg.out[0]$_DFFE_PP_/D
    final |       7 |      39 |       17 |      0 |    29 |    +5.4% |   -2.295 |      -98.2 |     61 | dpath.a_reg.out[0]$_DFFE_PP_/D
--------------------------------------------------------------------------------------------------------------
[INFO RSZ-0059] Removed 7 buffers.
[INFO RSZ-0040] Inserted 17 buffers.
[INFO RSZ-0051] Resized 39 instances: 39 up, 0 up match, 0 down, 0 VT
[INFO RSZ-0043] Swapped pins on 29 instances.
[WARNING RSZ-0062] Unable to repair all setup violations.
[INFO RSZ-0033] No hold violations found.
Took 6 seconds: repair_timing -setup_margin 0 -hold_margin 0 -repair_tns 100 -verbose
global_route -start_incremental
detailed_placement
Placement Analysis
---------------------------------
total displacement        483.3 u
average displacement        1.0 u
max displacement           11.5 u
original HPWL            6071.6 u
legalized HPWL           6521.2 u
delta HPWL                    7 %

global_route -end_incremental -congestion_report_file ./reports/sky130hd/gcd/base/congestion_post_repair_timing.rpt
global_route -start_incremental
global_route -end_incremental -congestion_report_file ./reports/sky130hd/gcd/base/congestion_post_recover_power.rpt
Repair antennas...
[INFO GRT-0012] Found 0 antenna violations.
[INFO ANT-0002] Found 0 net violations.
[INFO ANT-0001] Found 0 pin violations.
Estimate parasitics...
estimate_parasitics -global_routing
Report metrics stage 5, global route...

==========================================================================
global route report_design_area
--------------------------------------------------------------------------
Design area 4312 um^2 76% utilization.
[INFO FLW-0007] clock core_clock period 1.100000
[INFO FLW-0008] Clock core_clock period 3.346
[INFO FLW-0009] Clock core_clock slack -2.422
[INFO FLW-0011] Path endpoint path count 88
write_db ./results/sky130hd/gcd/base/5_1_grt.odb
write_sdc -no_timestamp ./results/sky130hd/gcd/base/5_1_grt.sdc
Elapsed time: 0:09.80[h:]min:sec. CPU time: user 89.44 sys 0.23 (914%). Peak memory: 238864KB.
Log                        Elapsed/s Peak Memory/MB  sha1sum .odb [0:20)
5_1_grt                            9            233 44b07a4bd44274ae5614
